mode: atomic
github.com/sofq/jira-cli/cmd/batch.go:61.13,65.2 3 1
github.com/sofq/jira-cli/cmd/batch.go:67.56,70.16 2 6
github.com/sofq/jira-cli/cmd/batch.go:70.16,78.3 3 0
github.com/sofq/jira-cli/cmd/batch.go:81.2,84.21 3 6
github.com/sofq/jira-cli/cmd/batch.go:84.21,86.17 2 2
github.com/sofq/jira-cli/cmd/batch.go:86.17,94.4 3 1
github.com/sofq/jira-cli/cmd/batch.go:95.8,98.59 2 4
github.com/sofq/jira-cli/cmd/batch.go:98.59,106.4 3 0
github.com/sofq/jira-cli/cmd/batch.go:107.3,108.17 2 4
github.com/sofq/jira-cli/cmd/batch.go:108.17,116.4 3 0
github.com/sofq/jira-cli/cmd/batch.go:120.2,121.56 2 5
github.com/sofq/jira-cli/cmd/batch.go:121.56,129.3 3 0
github.com/sofq/jira-cli/cmd/batch.go:132.2,132.16 1 5
github.com/sofq/jira-cli/cmd/batch.go:132.16,140.3 3 0
github.com/sofq/jira-cli/cmd/batch.go:143.2,144.41 2 5
github.com/sofq/jira-cli/cmd/batch.go:144.41,152.3 3 0
github.com/sofq/jira-cli/cmd/batch.go:155.2,161.28 6 5
github.com/sofq/jira-cli/cmd/batch.go:161.28,164.3 2 3165
github.com/sofq/jira-cli/cmd/batch.go:167.2,169.26 2 5
github.com/sofq/jira-cli/cmd/batch.go:169.26,172.3 2 4
github.com/sofq/jira-cli/cmd/batch.go:175.2,178.44 4 5
github.com/sofq/jira-cli/cmd/batch.go:178.44,186.3 3 0
github.com/sofq/jira-cli/cmd/batch.go:188.2,191.31 2 5
github.com/sofq/jira-cli/cmd/batch.go:191.31,193.17 2 1
github.com/sofq/jira-cli/cmd/batch.go:193.17,201.4 3 0
github.com/sofq/jira-cli/cmd/batch.go:202.3,202.20 1 1
github.com/sofq/jira-cli/cmd/batch.go:206.2,206.23 1 5
github.com/sofq/jira-cli/cmd/batch.go:206.23,208.3 1 1
github.com/sofq/jira-cli/cmd/batch.go:210.2,214.28 3 5
github.com/sofq/jira-cli/cmd/batch.go:214.28,215.27 1 4
github.com/sofq/jira-cli/cmd/batch.go:215.27,217.4 1 1
github.com/sofq/jira-cli/cmd/batch.go:219.2,219.18 1 5
github.com/sofq/jira-cli/cmd/batch.go:219.18,221.3 1 1
github.com/sofq/jira-cli/cmd/batch.go:223.2,223.12 1 4
github.com/sofq/jira-cli/cmd/batch.go:233.15,236.9 2 15
github.com/sofq/jira-cli/cmd/batch.go:236.9,239.3 2 1
github.com/sofq/jira-cli/cmd/batch.go:242.2,242.30 1 14
github.com/sofq/jira-cli/cmd/batch.go:242.30,243.62 1 0
github.com/sofq/jira-cli/cmd/batch.go:243.62,254.4 3 0
github.com/sofq/jira-cli/cmd/batch.go:258.2,280.49 4 14
github.com/sofq/jira-cli/cmd/batch.go:280.49,283.3 2 0
github.com/sofq/jira-cli/cmd/batch.go:284.2,284.49 1 14
github.com/sofq/jira-cli/cmd/batch.go:284.49,287.3 2 0
github.com/sofq/jira-cli/cmd/batch.go:288.2,288.32 1 14
github.com/sofq/jira-cli/cmd/batch.go:288.32,291.3 2 0
github.com/sofq/jira-cli/cmd/batch.go:294.2,295.38 2 14
github.com/sofq/jira-cli/cmd/batch.go:295.38,296.24 1 57
github.com/sofq/jira-cli/cmd/batch.go:296.24,298.63 2 12
github.com/sofq/jira-cli/cmd/batch.go:298.63,300.5 1 10
github.com/sofq/jira-cli/cmd/batch.go:300.10,300.67 1 2
github.com/sofq/jira-cli/cmd/batch.go:300.67,303.5 2 2
github.com/sofq/jira-cli/cmd/batch.go:308.2,309.38 2 12
github.com/sofq/jira-cli/cmd/batch.go:309.38,310.25 1 55
github.com/sofq/jira-cli/cmd/batch.go:310.25,311.50 1 44
github.com/sofq/jira-cli/cmd/batch.go:311.50,313.5 1 3
github.com/sofq/jira-cli/cmd/batch.go:320.2,320.51 1 12
github.com/sofq/jira-cli/cmd/batch.go:320.51,322.3 1 1
github.com/sofq/jira-cli/cmd/batch.go:325.2,326.66 2 12
github.com/sofq/jira-cli/cmd/batch.go:326.66,328.3 1 1
github.com/sofq/jira-cli/cmd/batch.go:330.2,332.86 2 12
github.com/sofq/jira-cli/cmd/batch.go:336.65,343.2 3 25
github.com/sofq/jira-cli/cmd/batch.go:346.83,347.21 1 22
github.com/sofq/jira-cli/cmd/batch.go:348.25,349.44 1 3
github.com/sofq/jira-cli/cmd/batch.go:350.23,352.17 2 3
github.com/sofq/jira-cli/cmd/batch.go:352.17,354.4 1 1
github.com/sofq/jira-cli/cmd/batch.go:355.3,356.15 2 2
github.com/sofq/jira-cli/cmd/batch.go:356.15,358.4 1 1
github.com/sofq/jira-cli/cmd/batch.go:359.3,360.21 2 1
github.com/sofq/jira-cli/cmd/batch.go:360.21,362.4 1 1
github.com/sofq/jira-cli/cmd/batch.go:363.3,363.47 1 0
github.com/sofq/jira-cli/cmd/batch.go:366.2,367.20 2 16
github.com/sofq/jira-cli/cmd/batch.go:367.20,369.3 1 5
github.com/sofq/jira-cli/cmd/batch.go:371.2,371.21 1 11
github.com/sofq/jira-cli/cmd/batch.go:372.29,374.15 2 1
github.com/sofq/jira-cli/cmd/batch.go:374.15,376.4 1 0
github.com/sofq/jira-cli/cmd/batch.go:377.3,377.47 1 1
github.com/sofq/jira-cli/cmd/batch.go:378.23,380.15 2 2
github.com/sofq/jira-cli/cmd/batch.go:380.15,382.4 1 1
github.com/sofq/jira-cli/cmd/batch.go:383.3,383.61 1 1
github.com/sofq/jira-cli/cmd/batch.go:384.25,386.15 2 1
github.com/sofq/jira-cli/cmd/batch.go:386.15,388.4 1 0
github.com/sofq/jira-cli/cmd/batch.go:389.3,389.43 1 1
github.com/sofq/jira-cli/cmd/batch.go:390.26,392.17 2 2
github.com/sofq/jira-cli/cmd/batch.go:392.17,394.4 1 1
github.com/sofq/jira-cli/cmd/batch.go:395.3,395.46 1 1
github.com/sofq/jira-cli/cmd/batch.go:396.27,398.20 2 2
github.com/sofq/jira-cli/cmd/batch.go:398.20,400.4 1 1
github.com/sofq/jira-cli/cmd/batch.go:401.3,401.70 1 1
github.com/sofq/jira-cli/cmd/batch.go:402.25,404.15 2 2
github.com/sofq/jira-cli/cmd/batch.go:404.15,406.4 1 1
github.com/sofq/jira-cli/cmd/batch.go:407.3,407.43 1 1
github.com/sofq/jira-cli/cmd/batch.go:408.10,409.90 1 1
github.com/sofq/jira-cli/cmd/batch.go:414.92,415.14 1 14
github.com/sofq/jira-cli/cmd/batch.go:415.14,422.3 2 4
github.com/sofq/jira-cli/cmd/batch.go:424.2,425.29 2 10
github.com/sofq/jira-cli/cmd/batch.go:425.29,427.3 1 4
github.com/sofq/jira-cli/cmd/batch.go:429.2,433.29 3 6
github.com/sofq/jira-cli/cmd/batch.go:433.29,435.3 1 1
github.com/sofq/jira-cli/cmd/batch.go:437.2,442.27 2 5
github.com/sofq/jira-cli/cmd/batch.go:446.94,447.14 1 6
github.com/sofq/jira-cli/cmd/batch.go:447.14,453.19 2 3
github.com/sofq/jira-cli/cmd/batch.go:453.19,455.4 1 1
github.com/sofq/jira-cli/cmd/batch.go:456.3,457.28 2 3
github.com/sofq/jira-cli/cmd/batch.go:460.2,461.29 2 3
github.com/sofq/jira-cli/cmd/batch.go:461.29,463.3 1 0
github.com/sofq/jira-cli/cmd/batch.go:465.2,469.29 3 3
github.com/sofq/jira-cli/cmd/batch.go:469.29,471.3 1 0
github.com/sofq/jira-cli/cmd/batch.go:473.2,479.18 2 3
github.com/sofq/jira-cli/cmd/batch.go:479.18,481.30 2 2
github.com/sofq/jira-cli/cmd/batch.go:481.30,483.4 1 0
github.com/sofq/jira-cli/cmd/batch.go:485.3,485.17 1 2
github.com/sofq/jira-cli/cmd/batch.go:485.17,490.31 3 1
github.com/sofq/jira-cli/cmd/batch.go:490.31,492.5 1 0
github.com/sofq/jira-cli/cmd/batch.go:493.4,493.37 1 1
github.com/sofq/jira-cli/cmd/batch.go:494.9,499.31 3 1
github.com/sofq/jira-cli/cmd/batch.go:499.31,501.5 1 0
github.com/sofq/jira-cli/cmd/batch.go:502.4,502.31 1 1
github.com/sofq/jira-cli/cmd/batch.go:506.2,507.27 2 3
github.com/sofq/jira-cli/cmd/batch.go:511.82,512.14 1 19
github.com/sofq/jira-cli/cmd/batch.go:512.14,519.3 2 4
github.com/sofq/jira-cli/cmd/batch.go:521.2,522.29 2 15
github.com/sofq/jira-cli/cmd/batch.go:522.29,524.3 1 6
github.com/sofq/jira-cli/cmd/batch.go:526.2,526.16 1 9
github.com/sofq/jira-cli/cmd/batch.go:526.16,531.30 3 3
github.com/sofq/jira-cli/cmd/batch.go:531.30,533.4 1 1
github.com/sofq/jira-cli/cmd/batch.go:534.3,535.28 2 2
github.com/sofq/jira-cli/cmd/batch.go:538.2,542.29 3 6
github.com/sofq/jira-cli/cmd/batch.go:542.29,544.3 1 1
github.com/sofq/jira-cli/cmd/batch.go:546.2,547.27 2 5
github.com/sofq/jira-cli/cmd/batch.go:551.85,552.14 1 3
github.com/sofq/jira-cli/cmd/batch.go:552.14,559.3 2 2
github.com/sofq/jira-cli/cmd/batch.go:561.2,565.29 3 1
github.com/sofq/jira-cli/cmd/batch.go:565.29,567.3 1 0
github.com/sofq/jira-cli/cmd/batch.go:569.2,573.27 2 1
github.com/sofq/jira-cli/cmd/batch.go:577.86,578.14 1 2
github.com/sofq/jira-cli/cmd/batch.go:578.14,585.3 2 1
github.com/sofq/jira-cli/cmd/batch.go:587.2,588.29 2 1
github.com/sofq/jira-cli/cmd/batch.go:588.29,590.3 1 0
github.com/sofq/jira-cli/cmd/batch.go:592.2,598.29 3 1
github.com/sofq/jira-cli/cmd/batch.go:598.29,600.3 1 0
github.com/sofq/jira-cli/cmd/batch.go:602.2,608.27 2 1
github.com/sofq/jira-cli/cmd/batch.go:612.90,614.19 2 9
github.com/sofq/jira-cli/cmd/batch.go:614.19,616.3 1 2
github.com/sofq/jira-cli/cmd/batch.go:617.2,618.21 2 7
github.com/sofq/jira-cli/cmd/batch.go:618.21,620.3 1 2
github.com/sofq/jira-cli/cmd/batch.go:621.2,622.19 2 5
github.com/sofq/jira-cli/cmd/batch.go:622.19,624.3 1 2
github.com/sofq/jira-cli/cmd/batch.go:626.2,631.59 2 3
github.com/sofq/jira-cli/cmd/batch.go:631.59,633.3 1 1
github.com/sofq/jira-cli/cmd/batch.go:634.2,634.50 1 3
github.com/sofq/jira-cli/cmd/batch.go:634.50,636.3 1 1
github.com/sofq/jira-cli/cmd/batch.go:637.2,637.44 1 3
github.com/sofq/jira-cli/cmd/batch.go:637.44,639.3 1 1
github.com/sofq/jira-cli/cmd/batch.go:640.2,640.44 1 3
github.com/sofq/jira-cli/cmd/batch.go:640.44,642.3 1 0
github.com/sofq/jira-cli/cmd/batch.go:644.2,644.14 1 3
github.com/sofq/jira-cli/cmd/batch.go:644.14,652.3 3 1
github.com/sofq/jira-cli/cmd/batch.go:654.2,654.44 1 2
github.com/sofq/jira-cli/cmd/batch.go:654.44,656.30 2 1
github.com/sofq/jira-cli/cmd/batch.go:656.30,658.4 1 0
github.com/sofq/jira-cli/cmd/batch.go:659.3,659.18 1 1
github.com/sofq/jira-cli/cmd/batch.go:659.18,661.4 1 1
github.com/sofq/jira-cli/cmd/batch.go:664.2,666.29 3 2
github.com/sofq/jira-cli/cmd/batch.go:666.29,668.3 1 0
github.com/sofq/jira-cli/cmd/batch.go:670.2,670.32 1 2
github.com/sofq/jira-cli/cmd/batch.go:674.90,675.14 1 3
github.com/sofq/jira-cli/cmd/batch.go:675.14,682.3 2 2
github.com/sofq/jira-cli/cmd/batch.go:684.2,685.29 2 1
github.com/sofq/jira-cli/cmd/batch.go:685.29,687.3 1 0
github.com/sofq/jira-cli/cmd/batch.go:689.2,693.29 3 1
github.com/sofq/jira-cli/cmd/batch.go:693.29,695.3 1 0
github.com/sofq/jira-cli/cmd/batch.go:697.2,702.27 2 1
github.com/sofq/jira-cli/cmd/batch.go:706.97,708.16 2 4
github.com/sofq/jira-cli/cmd/batch.go:708.16,710.3 1 1
github.com/sofq/jira-cli/cmd/batch.go:712.2,712.14 1 3
github.com/sofq/jira-cli/cmd/batch.go:712.14,719.3 2 2
github.com/sofq/jira-cli/cmd/batch.go:721.2,724.19 2 1
github.com/sofq/jira-cli/cmd/batch.go:724.19,726.3 1 1
github.com/sofq/jira-cli/cmd/batch.go:728.2,732.29 3 1
github.com/sofq/jira-cli/cmd/batch.go:732.29,734.3 1 0
github.com/sofq/jira-cli/cmd/batch.go:736.2,741.27 2 1
github.com/sofq/jira-cli/cmd/batch.go:747.48,749.73 2 4
github.com/sofq/jira-cli/cmd/batch.go:749.73,750.17 1 10
github.com/sofq/jira-cli/cmd/batch.go:750.17,751.12 1 0
github.com/sofq/jira-cli/cmd/batch.go:753.3,754.51 2 10
github.com/sofq/jira-cli/cmd/batch.go:754.51,755.86 1 9
github.com/sofq/jira-cli/cmd/batch.go:755.86,757.13 2 7
github.com/sofq/jira-cli/cmd/batch.go:760.3,760.40 1 3
github.com/sofq/jira-cli/cmd/batch.go:762.2,762.39 1 4
github.com/sofq/jira-cli/cmd/batch.go:767.55,768.35 1 7
github.com/sofq/jira-cli/cmd/batch.go:768.35,770.3 1 4
github.com/sofq/jira-cli/cmd/batch.go:771.2,772.20 2 3
github.com/sofq/jira-cli/cmd/batch.go:772.20,775.30 3 1
github.com/sofq/jira-cli/cmd/batch.go:775.30,777.18 2 2
github.com/sofq/jira-cli/cmd/batch.go:777.18,778.13 1 0
github.com/sofq/jira-cli/cmd/batch.go:780.4,780.32 1 2
github.com/sofq/jira-cli/cmd/batch.go:780.32,782.5 1 2
github.com/sofq/jira-cli/cmd/batch.go:782.10,784.10 2 0
github.com/sofq/jira-cli/cmd/batch.go:787.3,787.38 1 1
github.com/sofq/jira-cli/cmd/batch.go:787.38,789.4 1 0
github.com/sofq/jira-cli/cmd/batch.go:790.3,790.37 1 1
github.com/sofq/jira-cli/cmd/batch.go:790.37,793.4 2 1
github.com/sofq/jira-cli/cmd/batch.go:795.2,796.33 2 2
github.com/sofq/jira-cli/cmd/batch.go:802.109,805.32 2 21
github.com/sofq/jira-cli/cmd/batch.go:805.32,807.3 1 4
github.com/sofq/jira-cli/cmd/batch.go:809.2,809.33 1 21
github.com/sofq/jira-cli/cmd/batch.go:809.33,815.3 1 7
github.com/sofq/jira-cli/cmd/batch.go:817.2,819.48 3 14
github.com/sofq/jira-cli/cmd/batch.go:819.48,821.3 1 10
github.com/sofq/jira-cli/cmd/batch.go:821.8,821.25 1 4
github.com/sofq/jira-cli/cmd/batch.go:821.25,824.3 2 1
github.com/sofq/jira-cli/cmd/batch.go:826.2,830.3 1 14
github.com/sofq/jira-cli/cmd/batch.go:834.83,835.21 1 2
github.com/sofq/jira-cli/cmd/batch.go:836.24,837.46 1 1
github.com/sofq/jira-cli/cmd/batch.go:838.10,839.135 1 1
github.com/sofq/jira-cli/cmd/batch.go:844.92,846.24 2 6
github.com/sofq/jira-cli/cmd/batch.go:846.24,848.3 1 2
github.com/sofq/jira-cli/cmd/batch.go:849.2,850.19 2 4
github.com/sofq/jira-cli/cmd/batch.go:850.19,852.3 1 1
github.com/sofq/jira-cli/cmd/batch.go:854.2,855.16 2 3
github.com/sofq/jira-cli/cmd/batch.go:855.16,859.3 3 0
github.com/sofq/jira-cli/cmd/batch.go:860.2,860.9 1 3
github.com/sofq/jira-cli/cmd/batch.go:860.9,867.3 3 1
github.com/sofq/jira-cli/cmd/batch.go:870.2,871.25 2 2
github.com/sofq/jira-cli/cmd/batch.go:871.25,872.53 1 6
github.com/sofq/jira-cli/cmd/batch.go:872.53,874.4 1 2
github.com/sofq/jira-cli/cmd/batch.go:877.2,878.16 2 2
github.com/sofq/jira-cli/cmd/batch.go:878.16,880.3 1 0
github.com/sofq/jira-cli/cmd/batch.go:882.2,886.38 2 2
github.com/sofq/jira-cli/cmd/batch.go:886.38,888.3 1 2
github.com/sofq/jira-cli/cmd/batch.go:889.2,889.42 1 2
github.com/sofq/jira-cli/cmd/batch.go:889.42,891.3 1 0
github.com/sofq/jira-cli/cmd/batch.go:892.2,892.39 1 2
github.com/sofq/jira-cli/cmd/batch.go:892.39,894.3 1 0
github.com/sofq/jira-cli/cmd/batch.go:895.2,895.37 1 2
github.com/sofq/jira-cli/cmd/batch.go:895.37,897.3 1 0
github.com/sofq/jira-cli/cmd/batch.go:898.2,898.44 1 2
github.com/sofq/jira-cli/cmd/batch.go:898.44,900.3 1 0
github.com/sofq/jira-cli/cmd/batch.go:902.2,902.14 1 2
github.com/sofq/jira-cli/cmd/batch.go:902.14,911.3 3 1
github.com/sofq/jira-cli/cmd/batch.go:913.2,913.44 1 1
github.com/sofq/jira-cli/cmd/batch.go:913.44,915.30 2 0
github.com/sofq/jira-cli/cmd/batch.go:915.30,917.4 1 0
github.com/sofq/jira-cli/cmd/batch.go:918.3,918.18 1 0
github.com/sofq/jira-cli/cmd/batch.go:918.18,920.4 1 0
github.com/sofq/jira-cli/cmd/batch.go:923.2,925.29 3 1
github.com/sofq/jira-cli/cmd/batch.go:925.29,927.3 1 0
github.com/sofq/jira-cli/cmd/batch.go:928.2,928.32 1 1
github.com/sofq/jira-cli/cmd/batch.go:932.79,934.20 2 2
github.com/sofq/jira-cli/cmd/batch.go:934.20,936.3 1 1
github.com/sofq/jira-cli/cmd/batch.go:938.2,940.14 2 1
github.com/sofq/jira-cli/cmd/batch.go:940.14,947.3 2 1
github.com/sofq/jira-cli/cmd/batch.go:949.2,950.33 2 0
github.com/sofq/jira-cli/cmd/batch.go:950.33,952.3 1 0
github.com/sofq/jira-cli/cmd/batch.go:954.2,960.16 3 0
github.com/sofq/jira-cli/cmd/batch.go:960.16,967.3 3 0
github.com/sofq/jira-cli/cmd/batch.go:969.2,970.27 2 0
github.com/sofq/jira-cli/cmd/batch.go:974.76,986.2 3 3
github.com/sofq/jira-cli/cmd/configure.go:23.13,32.2 8 1
github.com/sofq/jira-cli/cmd/configure.go:34.60,43.19 8 20
github.com/sofq/jira-cli/cmd/configure.go:43.19,46.38 1 4
github.com/sofq/jira-cli/cmd/configure.go:46.38,53.4 3 1
github.com/sofq/jira-cli/cmd/configure.go:54.3,54.47 1 3
github.com/sofq/jira-cli/cmd/configure.go:58.2,58.42 1 16
github.com/sofq/jira-cli/cmd/configure.go:58.42,65.3 3 1
github.com/sofq/jira-cli/cmd/configure.go:69.2,70.14 2 15
github.com/sofq/jira-cli/cmd/configure.go:70.14,72.3 1 5
github.com/sofq/jira-cli/cmd/configure.go:75.2,75.38 1 10
github.com/sofq/jira-cli/cmd/configure.go:75.38,82.3 3 0
github.com/sofq/jira-cli/cmd/configure.go:83.2,83.36 1 10
github.com/sofq/jira-cli/cmd/configure.go:83.36,90.3 3 0
github.com/sofq/jira-cli/cmd/configure.go:93.2,93.37 1 10
github.com/sofq/jira-cli/cmd/configure.go:93.37,100.3 3 1
github.com/sofq/jira-cli/cmd/configure.go:101.2,106.26 2 9
github.com/sofq/jira-cli/cmd/configure.go:106.26,113.3 3 1
github.com/sofq/jira-cli/cmd/configure.go:116.2,118.14 2 8
github.com/sofq/jira-cli/cmd/configure.go:118.14,119.76 1 1
github.com/sofq/jira-cli/cmd/configure.go:119.76,127.4 3 1
github.com/sofq/jira-cli/cmd/configure.go:130.2,132.16 3 7
github.com/sofq/jira-cli/cmd/configure.go:132.16,140.3 3 0
github.com/sofq/jira-cli/cmd/configure.go:142.2,151.30 2 7
github.com/sofq/jira-cli/cmd/configure.go:151.30,153.3 1 7
github.com/sofq/jira-cli/cmd/configure.go:155.2,155.55 1 7
github.com/sofq/jira-cli/cmd/configure.go:155.55,163.3 3 0
github.com/sofq/jira-cli/cmd/configure.go:165.2,170.31 2 7
github.com/sofq/jira-cli/cmd/configure.go:175.94,178.16 3 5
github.com/sofq/jira-cli/cmd/configure.go:178.16,186.3 3 0
github.com/sofq/jira-cli/cmd/configure.go:190.2,191.43 2 5
github.com/sofq/jira-cli/cmd/configure.go:191.43,192.31 1 3
github.com/sofq/jira-cli/cmd/configure.go:192.31,194.4 1 3
github.com/sofq/jira-cli/cmd/configure.go:197.2,198.9 2 5
github.com/sofq/jira-cli/cmd/configure.go:198.9,200.31 2 1
github.com/sofq/jira-cli/cmd/configure.go:200.31,202.4 1 0
github.com/sofq/jira-cli/cmd/configure.go:203.3,209.68 4 1
github.com/sofq/jira-cli/cmd/configure.go:212.2,212.46 1 4
github.com/sofq/jira-cli/cmd/configure.go:212.46,219.3 3 1
github.com/sofq/jira-cli/cmd/configure.go:221.2,221.118 1 3
github.com/sofq/jira-cli/cmd/configure.go:221.118,229.3 3 0
github.com/sofq/jira-cli/cmd/configure.go:231.2,235.31 2 3
github.com/sofq/jira-cli/cmd/configure.go:239.65,242.16 3 3
github.com/sofq/jira-cli/cmd/configure.go:242.16,249.3 3 0
github.com/sofq/jira-cli/cmd/configure.go:251.2,251.38 1 3
github.com/sofq/jira-cli/cmd/configure.go:251.38,253.31 2 1
github.com/sofq/jira-cli/cmd/configure.go:253.31,255.4 1 2
github.com/sofq/jira-cli/cmd/configure.go:256.3,262.68 4 1
github.com/sofq/jira-cli/cmd/configure.go:265.2,266.32 2 2
github.com/sofq/jira-cli/cmd/configure.go:266.32,268.3 1 1
github.com/sofq/jira-cli/cmd/configure.go:270.2,270.55 1 2
github.com/sofq/jira-cli/cmd/configure.go:270.55,277.3 3 0
github.com/sofq/jira-cli/cmd/configure.go:279.2,284.31 2 2
github.com/sofq/jira-cli/cmd/configure.go:288.70,292.16 4 10
github.com/sofq/jira-cli/cmd/configure.go:292.16,294.3 1 0
github.com/sofq/jira-cli/cmd/configure.go:295.2,297.35 2 10
github.com/sofq/jira-cli/cmd/configure.go:298.16,299.51 1 1
github.com/sofq/jira-cli/cmd/configure.go:300.10,301.36 1 9
github.com/sofq/jira-cli/cmd/configure.go:304.2,306.16 3 10
github.com/sofq/jira-cli/cmd/configure.go:306.16,308.3 1 0
github.com/sofq/jira-cli/cmd/configure.go:309.2,311.28 2 10
github.com/sofq/jira-cli/cmd/configure.go:311.28,314.3 2 2
github.com/sofq/jira-cli/cmd/configure.go:315.2,315.12 1 8
github.com/sofq/jira-cli/cmd/diff.go:30.13,35.2 4 1
github.com/sofq/jira-cli/cmd/diff.go:37.55,39.16 2 6
github.com/sofq/jira-cli/cmd/diff.go:39.16,43.3 3 0
github.com/sofq/jira-cli/cmd/diff.go:45.2,51.14 5 6
github.com/sofq/jira-cli/cmd/diff.go:51.14,57.58 2 1
github.com/sofq/jira-cli/cmd/diff.go:57.58,59.4 1 0
github.com/sofq/jira-cli/cmd/diff.go:60.3,60.13 1 1
github.com/sofq/jira-cli/cmd/diff.go:63.2,64.33 2 5
github.com/sofq/jira-cli/cmd/diff.go:64.33,66.3 1 1
github.com/sofq/jira-cli/cmd/diff.go:68.2,74.16 3 4
github.com/sofq/jira-cli/cmd/diff.go:74.16,81.3 3 0
github.com/sofq/jira-cli/cmd/diff.go:83.2,84.65 2 4
github.com/sofq/jira-cli/cmd/diff.go:84.65,86.3 1 0
github.com/sofq/jira-cli/cmd/diff.go:87.2,87.12 1 4
github.com/sofq/jira-cli/cmd/diff_schema.go:6.43,22.2 1 6
github.com/sofq/jira-cli/cmd/preset.go:23.54,25.17 2 1
github.com/sofq/jira-cli/cmd/preset.go:25.17,32.4 3 0
github.com/sofq/jira-cli/cmd/preset.go:34.3,37.21 3 1
github.com/sofq/jira-cli/cmd/preset.go:37.21,39.18 2 0
github.com/sofq/jira-cli/cmd/preset.go:39.18,46.5 3 0
github.com/sofq/jira-cli/cmd/preset.go:47.4,47.19 1 0
github.com/sofq/jira-cli/cmd/preset.go:50.3,50.17 1 1
github.com/sofq/jira-cli/cmd/preset.go:50.17,52.4 1 0
github.com/sofq/jira-cli/cmd/preset.go:54.3,55.13 2 1
github.com/sofq/jira-cli/cmd/preset.go:59.13,62.2 2 1
github.com/sofq/jira-cli/cmd/raw.go:23.13,27.2 3 1
github.com/sofq/jira-cli/cmd/raw.go:40.54,45.31 3 14
github.com/sofq/jira-cli/cmd/raw.go:45.31,52.3 3 1
github.com/sofq/jira-cli/cmd/raw.go:54.2,55.16 2 13
github.com/sofq/jira-cli/cmd/raw.go:55.16,62.3 3 0
github.com/sofq/jira-cli/cmd/raw.go:67.2,68.21 2 13
github.com/sofq/jira-cli/cmd/raw.go:68.21,69.53 1 0
github.com/sofq/jira-cli/cmd/raw.go:69.53,77.4 3 0
github.com/sofq/jira-cli/cmd/raw.go:81.2,83.34 3 13
github.com/sofq/jira-cli/cmd/raw.go:83.34,85.40 2 5
github.com/sofq/jira-cli/cmd/raw.go:85.40,92.4 3 1
github.com/sofq/jira-cli/cmd/raw.go:93.3,93.28 1 4
github.com/sofq/jira-cli/cmd/raw.go:97.2,100.9 3 12
github.com/sofq/jira-cli/cmd/raw.go:101.23,103.24 1 0
github.com/sofq/jira-cli/cmd/raw.go:104.58,106.21 2 2
github.com/sofq/jira-cli/cmd/raw.go:106.21,113.4 3 1
github.com/sofq/jira-cli/cmd/raw.go:114.3,115.17 2 1
github.com/sofq/jira-cli/cmd/raw.go:115.17,122.4 3 1
github.com/sofq/jira-cli/cmd/raw.go:123.3,124.17 2 0
github.com/sofq/jira-cli/cmd/raw.go:125.22,126.43 1 2
github.com/sofq/jira-cli/cmd/raw.go:127.10,127.10 0 8
github.com/sofq/jira-cli/cmd/raw.go:133.2,133.48 1 10
github.com/sofq/jira-cli/cmd/raw.go:133.48,141.3 4 1
github.com/sofq/jira-cli/cmd/raw.go:145.2,145.63 1 10
github.com/sofq/jira-cli/cmd/raw.go:145.63,152.3 3 2
github.com/sofq/jira-cli/cmd/raw.go:154.2,155.29 2 8
github.com/sofq/jira-cli/cmd/raw.go:155.29,157.3 1 0
github.com/sofq/jira-cli/cmd/raw.go:158.2,158.12 1 8
github.com/sofq/jira-cli/cmd/root.go:37.67,40.31 2 1
github.com/sofq/jira-cli/cmd/root.go:40.31,42.4 1 0
github.com/sofq/jira-cli/cmd/root.go:44.3,44.69 1 1
github.com/sofq/jira-cli/cmd/root.go:44.69,46.4 1 1
github.com/sofq/jira-cli/cmd/root.go:49.3,67.23 15 0
github.com/sofq/jira-cli/cmd/root.go:67.23,69.24 2 0
github.com/sofq/jira-cli/cmd/root.go:69.24,76.5 3 0
github.com/sofq/jira-cli/cmd/root.go:77.4,77.11 1 0
github.com/sofq/jira-cli/cmd/root.go:77.11,84.5 3 0
github.com/sofq/jira-cli/cmd/root.go:85.4,85.63 1 0
github.com/sofq/jira-cli/cmd/root.go:85.63,87.5 1 0
github.com/sofq/jira-cli/cmd/root.go:88.4,88.55 1 0
github.com/sofq/jira-cli/cmd/root.go:88.55,90.5 1 0
github.com/sofq/jira-cli/cmd/root.go:93.3,101.17 3 0
github.com/sofq/jira-cli/cmd/root.go:101.17,109.4 3 0
github.com/sofq/jira-cli/cmd/root.go:111.3,111.29 1 0
github.com/sofq/jira-cli/cmd/root.go:111.29,119.4 3 0
github.com/sofq/jira-cli/cmd/root.go:122.3,123.20 2 0
github.com/sofq/jira-cli/cmd/root.go:123.20,130.4 3 0
github.com/sofq/jira-cli/cmd/root.go:133.3,139.48 3 0
github.com/sofq/jira-cli/cmd/root.go:139.48,140.47 1 0
github.com/sofq/jira-cli/cmd/root.go:140.47,148.5 3 0
github.com/sofq/jira-cli/cmd/root.go:152.3,157.19 5 0
github.com/sofq/jira-cli/cmd/root.go:157.19,158.23 1 0
github.com/sofq/jira-cli/cmd/root.go:158.23,160.5 1 0
github.com/sofq/jira-cli/cmd/root.go:161.4,163.23 3 0
github.com/sofq/jira-cli/cmd/root.go:163.23,171.5 3 0
github.com/sofq/jira-cli/cmd/root.go:174.3,194.13 3 0
github.com/sofq/jira-cli/cmd/root.go:198.13,237.62 27 1
github.com/sofq/jira-cli/cmd/root.go:237.62,238.21 1 0
github.com/sofq/jira-cli/cmd/root.go:238.21,249.4 6 0
github.com/sofq/jira-cli/cmd/root.go:251.3,252.25 2 0
github.com/sofq/jira-cli/cmd/root.go:257.35,259.2 1 0
github.com/sofq/jira-cli/cmd/root.go:262.20,263.42 1 0
github.com/sofq/jira-cli/cmd/root.go:263.42,264.56 1 0
github.com/sofq/jira-cli/cmd/root.go:264.56,266.4 1 0
github.com/sofq/jira-cli/cmd/root.go:267.3,273.28 4 0
github.com/sofq/jira-cli/cmd/root.go:275.2,275.24 1 0
github.com/sofq/jira-cli/cmd/root.go:281.50,282.25 1 0
github.com/sofq/jira-cli/cmd/root.go:282.25,284.3 1 0
github.com/sofq/jira-cli/cmd/root.go:285.2,285.56 1 0
github.com/sofq/jira-cli/cmd/root.go:285.56,287.3 1 0
github.com/sofq/jira-cli/cmd/root.go:288.2,288.19 1 0
github.com/sofq/jira-cli/cmd/root.go:294.68,297.36 2 2
github.com/sofq/jira-cli/cmd/root.go:297.36,298.23 1 152
github.com/sofq/jira-cli/cmd/root.go:298.23,301.47 2 2
github.com/sofq/jira-cli/cmd/root.go:301.47,303.5 1 0
github.com/sofq/jira-cli/cmd/root.go:304.4,304.37 1 2
github.com/sofq/jira-cli/cmd/root.go:304.37,305.34 1 29
github.com/sofq/jira-cli/cmd/root.go:305.34,307.6 1 29
github.com/sofq/jira-cli/cmd/root.go:309.4,310.9 2 2
github.com/sofq/jira-cli/cmd/root.go:313.2,313.30 1 2
github.com/sofq/jira-cli/cmd/schema_cmd.go:26.54,37.51 8 0
github.com/sofq/jira-cli/cmd/schema_cmd.go:37.51,40.4 2 0
github.com/sofq/jira-cli/cmd/schema_cmd.go:42.3,42.15 1 0
github.com/sofq/jira-cli/cmd/schema_cmd.go:42.15,46.32 3 0
github.com/sofq/jira-cli/cmd/schema_cmd.go:46.32,48.5 1 0
github.com/sofq/jira-cli/cmd/schema_cmd.go:49.4,49.30 1 0
github.com/sofq/jira-cli/cmd/schema_cmd.go:49.30,50.27 1 0
github.com/sofq/jira-cli/cmd/schema_cmd.go:50.27,53.6 2 0
github.com/sofq/jira-cli/cmd/schema_cmd.go:55.4,56.34 2 0
github.com/sofq/jira-cli/cmd/schema_cmd.go:59.3,61.21 2 0
github.com/sofq/jira-cli/cmd/schema_cmd.go:61.21,63.30 2 0
github.com/sofq/jira-cli/cmd/schema_cmd.go:63.30,64.32 1 0
github.com/sofq/jira-cli/cmd/schema_cmd.go:64.32,66.6 1 0
github.com/sofq/jira-cli/cmd/schema_cmd.go:68.4,68.26 1 0
github.com/sofq/jira-cli/cmd/schema_cmd.go:68.26,75.5 3 0
github.com/sofq/jira-cli/cmd/schema_cmd.go:76.4,77.34 2 0
github.com/sofq/jira-cli/cmd/schema_cmd.go:80.3,81.29 2 0
github.com/sofq/jira-cli/cmd/schema_cmd.go:81.29,82.50 1 0
github.com/sofq/jira-cli/cmd/schema_cmd.go:82.50,85.5 2 0
github.com/sofq/jira-cli/cmd/schema_cmd.go:87.3,92.68 3 0
github.com/sofq/jira-cli/cmd/schema_cmd.go:97.66,99.25 2 2
github.com/sofq/jira-cli/cmd/schema_cmd.go:99.25,101.3 1 3
github.com/sofq/jira-cli/cmd/schema_cmd.go:102.2,102.16 1 2
github.com/sofq/jira-cli/cmd/schema_cmd.go:106.45,110.38 4 89
github.com/sofq/jira-cli/cmd/schema_cmd.go:110.38,112.3 1 1
github.com/sofq/jira-cli/cmd/schema_cmd.go:113.2,113.48 1 88
github.com/sofq/jira-cli/cmd/schema_cmd.go:117.58,121.20 3 14
github.com/sofq/jira-cli/cmd/schema_cmd.go:121.20,123.17 2 3
github.com/sofq/jira-cli/cmd/schema_cmd.go:123.17,130.4 3 1
github.com/sofq/jira-cli/cmd/schema_cmd.go:131.3,131.18 1 2
github.com/sofq/jira-cli/cmd/schema_cmd.go:134.2,134.16 1 13
github.com/sofq/jira-cli/cmd/schema_cmd.go:134.16,136.3 1 1
github.com/sofq/jira-cli/cmd/schema_cmd.go:138.2,139.12 2 13
github.com/sofq/jira-cli/cmd/schema_cmd.go:142.13,146.2 3 1
github.com/sofq/jira-cli/cmd/template.go:54.13,68.2 11 1
github.com/sofq/jira-cli/cmd/template.go:70.63,72.16 2 1
github.com/sofq/jira-cli/cmd/template.go:72.16,79.3 3 0
github.com/sofq/jira-cli/cmd/template.go:81.2,84.20 3 1
github.com/sofq/jira-cli/cmd/template.go:84.20,86.17 2 0
github.com/sofq/jira-cli/cmd/template.go:86.17,93.4 3 0
github.com/sofq/jira-cli/cmd/template.go:94.3,94.18 1 0
github.com/sofq/jira-cli/cmd/template.go:97.2,97.16 1 1
github.com/sofq/jira-cli/cmd/template.go:97.16,99.3 1 0
github.com/sofq/jira-cli/cmd/template.go:101.2,102.12 2 1
github.com/sofq/jira-cli/cmd/template.go:105.63,109.16 3 2
github.com/sofq/jira-cli/cmd/template.go:109.16,116.3 3 0
github.com/sofq/jira-cli/cmd/template.go:117.2,117.9 1 2
github.com/sofq/jira-cli/cmd/template.go:117.9,124.3 3 1
github.com/sofq/jira-cli/cmd/template.go:126.2,131.20 4 1
github.com/sofq/jira-cli/cmd/template.go:131.20,133.17 2 0
github.com/sofq/jira-cli/cmd/template.go:133.17,140.4 3 0
github.com/sofq/jira-cli/cmd/template.go:141.3,141.18 1 0
github.com/sofq/jira-cli/cmd/template.go:144.2,144.16 1 1
github.com/sofq/jira-cli/cmd/template.go:144.16,146.3 1 0
github.com/sofq/jira-cli/cmd/template.go:148.2,149.12 2 1
github.com/sofq/jira-cli/cmd/template.go:153.62,155.29 2 6
github.com/sofq/jira-cli/cmd/template.go:155.29,157.22 2 6
github.com/sofq/jira-cli/cmd/template.go:157.22,159.4 1 1
github.com/sofq/jira-cli/cmd/template.go:160.3,160.28 1 5
github.com/sofq/jira-cli/cmd/template.go:162.2,162.18 1 5
github.com/sofq/jira-cli/cmd/template.go:165.64,167.16 2 3
github.com/sofq/jira-cli/cmd/template.go:167.16,171.3 3 0
github.com/sofq/jira-cli/cmd/template.go:173.2,179.16 6 3
github.com/sofq/jira-cli/cmd/template.go:179.16,186.3 3 0
github.com/sofq/jira-cli/cmd/template.go:187.2,187.9 1 3
github.com/sofq/jira-cli/cmd/template.go:187.9,194.3 3 0
github.com/sofq/jira-cli/cmd/template.go:196.2,197.16 2 3
github.com/sofq/jira-cli/cmd/template.go:197.16,204.3 3 0
github.com/sofq/jira-cli/cmd/template.go:206.2,207.16 2 3
github.com/sofq/jira-cli/cmd/template.go:207.16,214.3 3 1
github.com/sofq/jira-cli/cmd/template.go:217.2,222.38 2 2
github.com/sofq/jira-cli/cmd/template.go:222.38,224.3 1 2
github.com/sofq/jira-cli/cmd/template.go:225.2,225.42 1 2
github.com/sofq/jira-cli/cmd/template.go:225.42,227.3 1 0
github.com/sofq/jira-cli/cmd/template.go:228.2,228.39 1 2
github.com/sofq/jira-cli/cmd/template.go:228.39,230.3 1 0
github.com/sofq/jira-cli/cmd/template.go:231.2,231.37 1 2
github.com/sofq/jira-cli/cmd/template.go:231.37,233.3 1 0
github.com/sofq/jira-cli/cmd/template.go:235.2,235.44 1 2
github.com/sofq/jira-cli/cmd/template.go:235.44,237.3 1 0
github.com/sofq/jira-cli/cmd/template.go:240.2,240.14 1 2
github.com/sofq/jira-cli/cmd/template.go:240.14,248.58 3 1
github.com/sofq/jira-cli/cmd/template.go:248.58,250.4 1 0
github.com/sofq/jira-cli/cmd/template.go:251.3,251.13 1 1
github.com/sofq/jira-cli/cmd/template.go:255.2,255.18 1 1
github.com/sofq/jira-cli/cmd/template.go:255.18,256.36 1 1
github.com/sofq/jira-cli/cmd/template.go:256.36,258.4 1 0
github.com/sofq/jira-cli/cmd/template.go:260.2,260.18 1 1
github.com/sofq/jira-cli/cmd/template.go:260.18,262.34 2 0
github.com/sofq/jira-cli/cmd/template.go:262.34,264.4 1 0
github.com/sofq/jira-cli/cmd/template.go:265.3,265.18 1 0
github.com/sofq/jira-cli/cmd/template.go:265.18,267.4 1 0
github.com/sofq/jira-cli/cmd/template.go:270.2,272.33 3 1
github.com/sofq/jira-cli/cmd/template.go:272.33,274.3 1 0
github.com/sofq/jira-cli/cmd/template.go:276.2,276.70 1 1
github.com/sofq/jira-cli/cmd/template.go:276.70,278.3 1 0
github.com/sofq/jira-cli/cmd/template.go:279.2,279.12 1 1
github.com/sofq/jira-cli/cmd/template.go:282.65,287.56 4 2
github.com/sofq/jira-cli/cmd/template.go:287.56,294.3 3 0
github.com/sofq/jira-cli/cmd/template.go:296.2,296.21 1 2
github.com/sofq/jira-cli/cmd/template.go:296.21,311.17 3 1
github.com/sofq/jira-cli/cmd/template.go:311.17,314.55 3 0
github.com/sofq/jira-cli/cmd/template.go:314.55,317.5 2 0
github.com/sofq/jira-cli/cmd/template.go:318.4,323.56 3 0
github.com/sofq/jira-cli/cmd/template.go:326.3,332.13 3 1
github.com/sofq/jira-cli/cmd/template.go:336.2,337.16 2 1
github.com/sofq/jira-cli/cmd/template.go:337.16,341.3 3 0
github.com/sofq/jira-cli/cmd/template.go:343.2,343.14 1 1
github.com/sofq/jira-cli/cmd/template.go:343.14,349.58 2 0
github.com/sofq/jira-cli/cmd/template.go:349.58,351.4 1 0
github.com/sofq/jira-cli/cmd/template.go:352.3,352.13 1 0
github.com/sofq/jira-cli/cmd/template.go:355.2,357.33 2 1
github.com/sofq/jira-cli/cmd/template.go:357.33,359.3 1 0
github.com/sofq/jira-cli/cmd/template.go:361.2,362.16 2 1
github.com/sofq/jira-cli/cmd/template.go:362.16,369.3 3 0
github.com/sofq/jira-cli/cmd/template.go:371.2,372.16 2 1
github.com/sofq/jira-cli/cmd/template.go:372.16,375.54 3 0
github.com/sofq/jira-cli/cmd/template.go:375.54,378.4 2 0
github.com/sofq/jira-cli/cmd/template.go:379.3,384.55 3 0
github.com/sofq/jira-cli/cmd/template.go:387.2,394.12 3 1
github.com/sofq/jira-cli/cmd/template.go:398.79,415.58 2 1
github.com/sofq/jira-cli/cmd/template.go:415.58,417.3 1 0
github.com/sofq/jira-cli/cmd/template.go:419.2,431.83 2 1
github.com/sofq/jira-cli/cmd/template.go:431.83,437.3 2 1
github.com/sofq/jira-cli/cmd/template.go:439.2,439.38 1 1
github.com/sofq/jira-cli/cmd/template.go:439.38,446.3 2 1
github.com/sofq/jira-cli/cmd/template.go:448.2,448.34 1 1
github.com/sofq/jira-cli/cmd/template.go:448.34,450.3 1 1
github.com/sofq/jira-cli/cmd/template.go:452.2,452.35 1 1
github.com/sofq/jira-cli/cmd/template.go:452.35,458.3 2 0
github.com/sofq/jira-cli/cmd/template.go:460.2,460.15 1 1
github.com/sofq/jira-cli/cmd/template_schema.go:6.47,56.2 1 5
github.com/sofq/jira-cli/cmd/version.go:14.54,16.17 2 0
github.com/sofq/jira-cli/cmd/version.go:16.17,18.4 1 0
github.com/sofq/jira-cli/cmd/version.go:19.3,19.32 1 0
github.com/sofq/jira-cli/cmd/watch.go:29.13,35.2 5 1
github.com/sofq/jira-cli/cmd/watch.go:37.56,39.16 2 5
github.com/sofq/jira-cli/cmd/watch.go:39.16,43.3 3 1
github.com/sofq/jira-cli/cmd/watch.go:45.2,50.30 5 4
github.com/sofq/jira-cli/cmd/watch.go:50.30,57.3 3 1
github.com/sofq/jira-cli/cmd/watch.go:60.2,61.20 2 3
github.com/sofq/jira-cli/cmd/watch.go:61.20,63.3 1 1
github.com/sofq/jira-cli/cmd/watch.go:65.2,73.14 2 3
github.com/sofq/jira-cli/cmd/watch.go:73.14,76.3 2 2
github.com/sofq/jira-cli/cmd/watch.go:78.2,79.33 2 1
github.com/sofq/jira-cli/cmd/watch.go:79.33,81.3 1 1
github.com/sofq/jira-cli/cmd/watch.go:82.2,82.12 1 0
github.com/sofq/jira-cli/cmd/workflow.go:78.13,138.2 51 1
github.com/sofq/jira-cli/cmd/workflow.go:148.114,151.33 2 21
github.com/sofq/jira-cli/cmd/workflow.go:151.33,153.3 1 4
github.com/sofq/jira-cli/cmd/workflow.go:155.2,164.68 2 17
github.com/sofq/jira-cli/cmd/workflow.go:164.68,171.3 3 1
github.com/sofq/jira-cli/cmd/workflow.go:173.2,175.43 2 16
github.com/sofq/jira-cli/cmd/workflow.go:175.43,176.84 1 16
github.com/sofq/jira-cli/cmd/workflow.go:176.84,178.4 1 13
github.com/sofq/jira-cli/cmd/workflow.go:181.2,181.43 1 3
github.com/sofq/jira-cli/cmd/workflow.go:181.43,183.59 1 3
github.com/sofq/jira-cli/cmd/workflow.go:183.59,185.4 1 1
github.com/sofq/jira-cli/cmd/workflow.go:188.2,189.43 2 2
github.com/sofq/jira-cli/cmd/workflow.go:189.43,191.3 1 2
github.com/sofq/jira-cli/cmd/workflow.go:192.2,197.37 3 2
github.com/sofq/jira-cli/cmd/workflow.go:203.92,204.29 1 27
github.com/sofq/jira-cli/cmd/workflow.go:205.12,207.30 2 15
github.com/sofq/jira-cli/cmd/workflow.go:207.30,209.4 1 2
github.com/sofq/jira-cli/cmd/workflow.go:210.3,213.51 2 13
github.com/sofq/jira-cli/cmd/workflow.go:213.51,220.4 3 1
github.com/sofq/jira-cli/cmd/workflow.go:221.3,221.25 1 12
github.com/sofq/jira-cli/cmd/workflow.go:221.25,228.4 3 1
github.com/sofq/jira-cli/cmd/workflow.go:229.3,229.46 1 11
github.com/sofq/jira-cli/cmd/workflow.go:231.26,232.35 1 7
github.com/sofq/jira-cli/cmd/workflow.go:234.10,237.30 2 5
github.com/sofq/jira-cli/cmd/workflow.go:237.30,239.4 1 1
github.com/sofq/jira-cli/cmd/workflow.go:240.3,244.54 2 4
github.com/sofq/jira-cli/cmd/workflow.go:244.54,251.4 3 1
github.com/sofq/jira-cli/cmd/workflow.go:252.3,252.22 1 3
github.com/sofq/jira-cli/cmd/workflow.go:252.22,259.4 3 1
github.com/sofq/jira-cli/cmd/workflow.go:260.3,260.52 1 2
github.com/sofq/jira-cli/cmd/workflow.go:264.61,266.16 2 5
github.com/sofq/jira-cli/cmd/workflow.go:266.16,270.3 3 1
github.com/sofq/jira-cli/cmd/workflow.go:272.2,276.14 3 4
github.com/sofq/jira-cli/cmd/workflow.go:276.14,282.58 2 1
github.com/sofq/jira-cli/cmd/workflow.go:282.58,284.4 1 0
github.com/sofq/jira-cli/cmd/workflow.go:285.3,285.13 1 1
github.com/sofq/jira-cli/cmd/workflow.go:288.2,289.33 2 3
github.com/sofq/jira-cli/cmd/workflow.go:289.33,291.3 1 2
github.com/sofq/jira-cli/cmd/workflow.go:294.2,298.33 3 1
github.com/sofq/jira-cli/cmd/workflow.go:298.33,300.3 1 0
github.com/sofq/jira-cli/cmd/workflow.go:302.2,307.65 2 1
github.com/sofq/jira-cli/cmd/workflow.go:307.65,309.3 1 0
github.com/sofq/jira-cli/cmd/workflow.go:310.2,310.12 1 1
github.com/sofq/jira-cli/cmd/workflow.go:313.55,315.16 2 8
github.com/sofq/jira-cli/cmd/workflow.go:315.16,319.3 3 1
github.com/sofq/jira-cli/cmd/workflow.go:321.2,326.14 4 7
github.com/sofq/jira-cli/cmd/workflow.go:326.14,332.19 2 2
github.com/sofq/jira-cli/cmd/workflow.go:332.19,334.4 1 1
github.com/sofq/jira-cli/cmd/workflow.go:335.3,336.58 2 2
github.com/sofq/jira-cli/cmd/workflow.go:336.58,338.4 1 0
github.com/sofq/jira-cli/cmd/workflow.go:339.3,339.13 1 2
github.com/sofq/jira-cli/cmd/workflow.go:342.2,343.33 2 5
github.com/sofq/jira-cli/cmd/workflow.go:343.33,345.3 1 1
github.com/sofq/jira-cli/cmd/workflow.go:347.2,351.33 3 4
github.com/sofq/jira-cli/cmd/workflow.go:351.33,353.3 1 0
github.com/sofq/jira-cli/cmd/workflow.go:355.2,361.18 2 4
github.com/sofq/jira-cli/cmd/workflow.go:361.18,363.30 2 3
github.com/sofq/jira-cli/cmd/workflow.go:363.30,365.4 1 0
github.com/sofq/jira-cli/cmd/workflow.go:367.3,367.17 1 3
github.com/sofq/jira-cli/cmd/workflow.go:367.17,372.31 3 1
github.com/sofq/jira-cli/cmd/workflow.go:372.31,374.5 1 0
github.com/sofq/jira-cli/cmd/workflow.go:375.4,375.37 1 1
github.com/sofq/jira-cli/cmd/workflow.go:376.9,381.31 3 2
github.com/sofq/jira-cli/cmd/workflow.go:381.31,383.5 1 1
github.com/sofq/jira-cli/cmd/workflow.go:384.4,384.31 1 1
github.com/sofq/jira-cli/cmd/workflow.go:388.2,389.65 2 3
github.com/sofq/jira-cli/cmd/workflow.go:389.65,391.3 1 0
github.com/sofq/jira-cli/cmd/workflow.go:392.2,392.12 1 3
github.com/sofq/jira-cli/cmd/workflow.go:395.57,397.16 2 7
github.com/sofq/jira-cli/cmd/workflow.go:397.16,401.3 3 1
github.com/sofq/jira-cli/cmd/workflow.go:403.2,407.14 3 6
github.com/sofq/jira-cli/cmd/workflow.go:407.14,413.58 2 1
github.com/sofq/jira-cli/cmd/workflow.go:413.58,415.4 1 0
github.com/sofq/jira-cli/cmd/workflow.go:416.3,416.13 1 1
github.com/sofq/jira-cli/cmd/workflow.go:419.2,420.33 2 5
github.com/sofq/jira-cli/cmd/workflow.go:420.33,422.3 1 1
github.com/sofq/jira-cli/cmd/workflow.go:424.2,424.16 1 4
github.com/sofq/jira-cli/cmd/workflow.go:424.16,429.34 3 2
github.com/sofq/jira-cli/cmd/workflow.go:429.34,431.4 1 1
github.com/sofq/jira-cli/cmd/workflow.go:432.3,436.66 2 1
github.com/sofq/jira-cli/cmd/workflow.go:436.66,438.4 1 0
github.com/sofq/jira-cli/cmd/workflow.go:439.3,439.13 1 1
github.com/sofq/jira-cli/cmd/workflow.go:442.2,446.33 3 2
github.com/sofq/jira-cli/cmd/workflow.go:446.33,448.3 1 0
github.com/sofq/jira-cli/cmd/workflow.go:450.2,455.65 2 2
github.com/sofq/jira-cli/cmd/workflow.go:455.65,457.3 1 0
github.com/sofq/jira-cli/cmd/workflow.go:458.2,458.12 1 2
github.com/sofq/jira-cli/cmd/workflow.go:461.62,463.16 2 4
github.com/sofq/jira-cli/cmd/workflow.go:463.16,467.3 3 1
github.com/sofq/jira-cli/cmd/workflow.go:469.2,483.23 10 3
github.com/sofq/jira-cli/cmd/workflow.go:483.23,485.3 1 1
github.com/sofq/jira-cli/cmd/workflow.go:486.2,486.20 1 3
github.com/sofq/jira-cli/cmd/workflow.go:486.20,488.3 1 1
github.com/sofq/jira-cli/cmd/workflow.go:489.2,489.18 1 3
github.com/sofq/jira-cli/cmd/workflow.go:489.18,491.3 1 1
github.com/sofq/jira-cli/cmd/workflow.go:492.2,492.18 1 3
github.com/sofq/jira-cli/cmd/workflow.go:492.18,494.3 1 1
github.com/sofq/jira-cli/cmd/workflow.go:497.2,497.14 1 3
github.com/sofq/jira-cli/cmd/workflow.go:497.14,504.58 3 1
github.com/sofq/jira-cli/cmd/workflow.go:504.58,506.4 1 0
github.com/sofq/jira-cli/cmd/workflow.go:507.3,507.13 1 1
github.com/sofq/jira-cli/cmd/workflow.go:511.2,511.18 1 2
github.com/sofq/jira-cli/cmd/workflow.go:511.18,513.34 2 1
github.com/sofq/jira-cli/cmd/workflow.go:513.34,515.4 1 0
github.com/sofq/jira-cli/cmd/workflow.go:516.3,516.18 1 1
github.com/sofq/jira-cli/cmd/workflow.go:516.18,518.4 1 1
github.com/sofq/jira-cli/cmd/workflow.go:521.2,523.33 3 2
github.com/sofq/jira-cli/cmd/workflow.go:523.33,525.3 1 0
github.com/sofq/jira-cli/cmd/workflow.go:527.2,527.70 1 2
github.com/sofq/jira-cli/cmd/workflow.go:527.70,529.3 1 0
github.com/sofq/jira-cli/cmd/workflow.go:530.2,530.12 1 2
github.com/sofq/jira-cli/cmd/workflow.go:536.92,538.33 2 7
github.com/sofq/jira-cli/cmd/workflow.go:538.33,540.3 1 1
github.com/sofq/jira-cli/cmd/workflow.go:542.2,550.61 2 6
github.com/sofq/jira-cli/cmd/workflow.go:550.61,557.3 3 1
github.com/sofq/jira-cli/cmd/workflow.go:559.2,561.50 2 5
github.com/sofq/jira-cli/cmd/workflow.go:561.50,564.43 1 5
github.com/sofq/jira-cli/cmd/workflow.go:564.43,566.4 1 3
github.com/sofq/jira-cli/cmd/workflow.go:569.2,569.50 1 2
github.com/sofq/jira-cli/cmd/workflow.go:569.50,572.59 1 2
github.com/sofq/jira-cli/cmd/workflow.go:572.59,574.4 1 1
github.com/sofq/jira-cli/cmd/workflow.go:577.2,578.50 2 1
github.com/sofq/jira-cli/cmd/workflow.go:578.50,580.3 1 1
github.com/sofq/jira-cli/cmd/workflow.go:581.2,586.36 3 1
github.com/sofq/jira-cli/cmd/workflow.go:589.55,591.16 2 8
github.com/sofq/jira-cli/cmd/workflow.go:591.16,595.3 3 1
github.com/sofq/jira-cli/cmd/workflow.go:597.2,602.14 4 7
github.com/sofq/jira-cli/cmd/workflow.go:602.14,608.58 2 1
github.com/sofq/jira-cli/cmd/workflow.go:608.58,610.4 1 0
github.com/sofq/jira-cli/cmd/workflow.go:611.3,611.13 1 1
github.com/sofq/jira-cli/cmd/workflow.go:614.2,615.33 2 6
github.com/sofq/jira-cli/cmd/workflow.go:615.33,617.3 1 3
github.com/sofq/jira-cli/cmd/workflow.go:619.2,625.33 3 3
github.com/sofq/jira-cli/cmd/workflow.go:625.33,627.3 1 1
github.com/sofq/jira-cli/cmd/workflow.go:629.2,635.65 2 2
github.com/sofq/jira-cli/cmd/workflow.go:635.65,637.3 1 0
github.com/sofq/jira-cli/cmd/workflow.go:638.2,638.12 1 2
github.com/sofq/jira-cli/cmd/workflow.go:641.58,643.16 2 6
github.com/sofq/jira-cli/cmd/workflow.go:643.16,647.3 3 1
github.com/sofq/jira-cli/cmd/workflow.go:649.2,654.21 5 5
github.com/sofq/jira-cli/cmd/workflow.go:654.21,661.3 3 1
github.com/sofq/jira-cli/cmd/workflow.go:664.2,664.14 1 4
github.com/sofq/jira-cli/cmd/workflow.go:664.14,670.58 2 1
github.com/sofq/jira-cli/cmd/workflow.go:670.58,672.4 1 0
github.com/sofq/jira-cli/cmd/workflow.go:673.3,673.13 1 1
github.com/sofq/jira-cli/cmd/workflow.go:676.2,679.19 2 3
github.com/sofq/jira-cli/cmd/workflow.go:679.19,681.3 1 1
github.com/sofq/jira-cli/cmd/workflow.go:683.2,687.33 3 3
github.com/sofq/jira-cli/cmd/workflow.go:687.33,689.3 1 1
github.com/sofq/jira-cli/cmd/workflow.go:691.2,696.65 2 2
github.com/sofq/jira-cli/cmd/workflow.go:696.65,698.3 1 0
github.com/sofq/jira-cli/cmd/workflow.go:699.2,699.12 1 2
github.com/sofq/jira-cli/cmd/workflow.go:711.97,713.33 2 5
github.com/sofq/jira-cli/cmd/workflow.go:713.33,715.3 1 1
github.com/sofq/jira-cli/cmd/workflow.go:717.2,722.64 2 4
github.com/sofq/jira-cli/cmd/workflow.go:722.64,729.3 3 0
github.com/sofq/jira-cli/cmd/workflow.go:731.2,736.42 5 4
github.com/sofq/jira-cli/cmd/workflow.go:736.42,739.30 2 4
github.com/sofq/jira-cli/cmd/workflow.go:739.30,741.12 1 0
github.com/sofq/jira-cli/cmd/workflow.go:744.3,751.67 2 4
github.com/sofq/jira-cli/cmd/workflow.go:751.67,752.12 1 0
github.com/sofq/jira-cli/cmd/workflow.go:755.3,755.40 1 4
github.com/sofq/jira-cli/cmd/workflow.go:755.40,758.46 3 4
github.com/sofq/jira-cli/cmd/workflow.go:758.46,761.5 2 3
github.com/sofq/jira-cli/cmd/workflow.go:762.4,762.66 1 4
github.com/sofq/jira-cli/cmd/workflow.go:762.66,765.5 2 3
github.com/sofq/jira-cli/cmd/workflow.go:769.2,769.23 1 4
github.com/sofq/jira-cli/cmd/workflow.go:769.23,771.3 1 3
github.com/sofq/jira-cli/cmd/workflow.go:772.2,772.27 1 1
github.com/sofq/jira-cli/cmd/workflow.go:772.27,774.3 1 0
github.com/sofq/jira-cli/cmd/workflow.go:776.2,781.35 3 1
github.com/sofq/jira-cli/cmd/workflow.go:784.57,786.16 2 6
github.com/sofq/jira-cli/cmd/workflow.go:786.16,790.3 3 1
github.com/sofq/jira-cli/cmd/workflow.go:792.2,796.14 3 5
github.com/sofq/jira-cli/cmd/workflow.go:796.14,802.58 2 1
github.com/sofq/jira-cli/cmd/workflow.go:802.58,804.4 1 0
github.com/sofq/jira-cli/cmd/workflow.go:805.3,805.13 1 1
github.com/sofq/jira-cli/cmd/workflow.go:808.2,809.33 2 4
github.com/sofq/jira-cli/cmd/workflow.go:809.33,811.3 1 2
github.com/sofq/jira-cli/cmd/workflow.go:813.2,817.33 3 2
github.com/sofq/jira-cli/cmd/workflow.go:817.33,819.3 1 1
github.com/sofq/jira-cli/cmd/workflow.go:821.2,826.65 2 1
github.com/sofq/jira-cli/cmd/workflow.go:826.65,828.3 1 0
github.com/sofq/jira-cli/cmd/workflow.go:829.2,829.12 1 1
github.com/sofq/jira-cli/cmd/workflow.go:832.58,834.16 2 3
github.com/sofq/jira-cli/cmd/workflow.go:834.16,838.3 3 1
github.com/sofq/jira-cli/cmd/workflow.go:840.2,844.14 3 2
github.com/sofq/jira-cli/cmd/workflow.go:844.14,850.58 2 1
github.com/sofq/jira-cli/cmd/workflow.go:850.58,852.4 1 0
github.com/sofq/jira-cli/cmd/workflow.go:853.3,853.13 1 1
github.com/sofq/jira-cli/cmd/workflow.go:856.2,860.33 3 1
github.com/sofq/jira-cli/cmd/workflow.go:860.33,862.3 1 0
github.com/sofq/jira-cli/cmd/workflow.go:864.2,868.65 2 1
github.com/sofq/jira-cli/cmd/workflow.go:868.65,870.3 1 0
github.com/sofq/jira-cli/cmd/workflow.go:871.2,871.12 1 1
github.com/sofq/jira-cli/cmd/workflow_schema.go:8.50,116.2 1 13
github.com/sofq/jira-cli/cmd/workflow_schema.go:119.44,136.2 1 1
