mode: atomic
github.com/sofq/jira-cli/cmd/batch.go:61.13,65.2 3 1
github.com/sofq/jira-cli/cmd/batch.go:67.56,70.16 2 15
github.com/sofq/jira-cli/cmd/batch.go:70.16,78.3 3 1
github.com/sofq/jira-cli/cmd/batch.go:81.2,84.21 3 14
github.com/sofq/jira-cli/cmd/batch.go:84.21,86.17 2 10
github.com/sofq/jira-cli/cmd/batch.go:86.17,94.4 3 2
github.com/sofq/jira-cli/cmd/batch.go:95.8,98.59 2 4
github.com/sofq/jira-cli/cmd/batch.go:98.59,106.4 3 0
github.com/sofq/jira-cli/cmd/batch.go:107.3,108.17 2 4
github.com/sofq/jira-cli/cmd/batch.go:108.17,116.4 3 0
github.com/sofq/jira-cli/cmd/batch.go:120.2,121.56 2 12
github.com/sofq/jira-cli/cmd/batch.go:121.56,129.3 3 1
github.com/sofq/jira-cli/cmd/batch.go:132.2,132.16 1 11
github.com/sofq/jira-cli/cmd/batch.go:132.16,140.3 3 1
github.com/sofq/jira-cli/cmd/batch.go:143.2,144.41 2 10
github.com/sofq/jira-cli/cmd/batch.go:144.41,152.3 3 1
github.com/sofq/jira-cli/cmd/batch.go:155.2,161.28 6 9
github.com/sofq/jira-cli/cmd/batch.go:161.28,164.3 2 5697
github.com/sofq/jira-cli/cmd/batch.go:167.2,169.26 2 9
github.com/sofq/jira-cli/cmd/batch.go:169.26,172.3 2 7
github.com/sofq/jira-cli/cmd/batch.go:175.2,178.44 4 9
github.com/sofq/jira-cli/cmd/batch.go:178.44,186.3 3 0
github.com/sofq/jira-cli/cmd/batch.go:188.2,191.31 2 9
github.com/sofq/jira-cli/cmd/batch.go:191.31,193.17 2 2
github.com/sofq/jira-cli/cmd/batch.go:193.17,201.4 3 1
github.com/sofq/jira-cli/cmd/batch.go:202.3,202.20 1 1
github.com/sofq/jira-cli/cmd/batch.go:206.2,206.23 1 8
github.com/sofq/jira-cli/cmd/batch.go:206.23,208.3 1 2
github.com/sofq/jira-cli/cmd/batch.go:210.2,214.28 3 8
github.com/sofq/jira-cli/cmd/batch.go:214.28,215.27 1 6
github.com/sofq/jira-cli/cmd/batch.go:215.27,217.4 1 2
github.com/sofq/jira-cli/cmd/batch.go:219.2,219.18 1 8
github.com/sofq/jira-cli/cmd/batch.go:219.18,221.3 1 2
github.com/sofq/jira-cli/cmd/batch.go:223.2,223.12 1 6
github.com/sofq/jira-cli/cmd/batch.go:233.15,236.9 2 22
github.com/sofq/jira-cli/cmd/batch.go:236.9,239.3 2 1
github.com/sofq/jira-cli/cmd/batch.go:242.2,242.30 1 21
github.com/sofq/jira-cli/cmd/batch.go:242.30,243.62 1 1
github.com/sofq/jira-cli/cmd/batch.go:243.62,254.4 3 1
github.com/sofq/jira-cli/cmd/batch.go:258.2,280.49 4 20
github.com/sofq/jira-cli/cmd/batch.go:280.49,283.3 2 1
github.com/sofq/jira-cli/cmd/batch.go:284.2,284.49 1 19
github.com/sofq/jira-cli/cmd/batch.go:284.49,287.3 2 1
github.com/sofq/jira-cli/cmd/batch.go:288.2,288.32 1 18
github.com/sofq/jira-cli/cmd/batch.go:288.32,291.3 2 1
github.com/sofq/jira-cli/cmd/batch.go:294.2,295.38 2 17
github.com/sofq/jira-cli/cmd/batch.go:295.38,296.24 1 78
github.com/sofq/jira-cli/cmd/batch.go:296.24,298.63 2 15
github.com/sofq/jira-cli/cmd/batch.go:298.63,300.5 1 13
github.com/sofq/jira-cli/cmd/batch.go:300.10,300.67 1 2
github.com/sofq/jira-cli/cmd/batch.go:300.67,303.5 2 2
github.com/sofq/jira-cli/cmd/batch.go:308.2,309.38 2 15
github.com/sofq/jira-cli/cmd/batch.go:309.38,310.25 1 76
github.com/sofq/jira-cli/cmd/batch.go:310.25,311.50 1 62
github.com/sofq/jira-cli/cmd/batch.go:311.50,313.5 1 3
github.com/sofq/jira-cli/cmd/batch.go:320.2,320.51 1 15
github.com/sofq/jira-cli/cmd/batch.go:320.51,322.3 1 1
github.com/sofq/jira-cli/cmd/batch.go:325.2,326.66 2 15
github.com/sofq/jira-cli/cmd/batch.go:326.66,328.3 1 1
github.com/sofq/jira-cli/cmd/batch.go:330.2,332.86 2 15
github.com/sofq/jira-cli/cmd/batch.go:336.65,343.2 3 28
github.com/sofq/jira-cli/cmd/batch.go:346.83,347.21 1 27
github.com/sofq/jira-cli/cmd/batch.go:348.25,349.44 1 4
github.com/sofq/jira-cli/cmd/batch.go:350.23,352.17 2 4
github.com/sofq/jira-cli/cmd/batch.go:352.17,354.4 1 1
github.com/sofq/jira-cli/cmd/batch.go:355.3,356.15 2 3
github.com/sofq/jira-cli/cmd/batch.go:356.15,358.4 1 1
github.com/sofq/jira-cli/cmd/batch.go:359.3,360.21 2 2
github.com/sofq/jira-cli/cmd/batch.go:360.21,362.4 1 1
github.com/sofq/jira-cli/cmd/batch.go:363.3,363.47 1 1
github.com/sofq/jira-cli/cmd/batch.go:366.2,367.20 2 19
github.com/sofq/jira-cli/cmd/batch.go:367.20,369.3 1 5
github.com/sofq/jira-cli/cmd/batch.go:371.2,371.21 1 14
github.com/sofq/jira-cli/cmd/batch.go:372.29,374.15 2 3
github.com/sofq/jira-cli/cmd/batch.go:374.15,376.4 1 1
github.com/sofq/jira-cli/cmd/batch.go:377.3,377.47 1 2
github.com/sofq/jira-cli/cmd/batch.go:378.23,380.15 2 2
github.com/sofq/jira-cli/cmd/batch.go:380.15,382.4 1 1
github.com/sofq/jira-cli/cmd/batch.go:383.3,383.61 1 1
github.com/sofq/jira-cli/cmd/batch.go:384.25,386.15 2 2
github.com/sofq/jira-cli/cmd/batch.go:386.15,388.4 1 1
github.com/sofq/jira-cli/cmd/batch.go:389.3,389.43 1 1
github.com/sofq/jira-cli/cmd/batch.go:390.26,392.17 2 2
github.com/sofq/jira-cli/cmd/batch.go:392.17,394.4 1 1
github.com/sofq/jira-cli/cmd/batch.go:395.3,395.46 1 1
github.com/sofq/jira-cli/cmd/batch.go:396.27,398.20 2 2
github.com/sofq/jira-cli/cmd/batch.go:398.20,400.4 1 1
github.com/sofq/jira-cli/cmd/batch.go:401.3,401.70 1 1
github.com/sofq/jira-cli/cmd/batch.go:402.25,404.15 2 2
github.com/sofq/jira-cli/cmd/batch.go:404.15,406.4 1 1
github.com/sofq/jira-cli/cmd/batch.go:407.3,407.43 1 1
github.com/sofq/jira-cli/cmd/batch.go:408.10,409.90 1 1
github.com/sofq/jira-cli/cmd/batch.go:414.92,415.14 1 15
github.com/sofq/jira-cli/cmd/batch.go:415.14,422.3 2 5
github.com/sofq/jira-cli/cmd/batch.go:424.2,425.29 2 10
github.com/sofq/jira-cli/cmd/batch.go:425.29,427.3 1 4
github.com/sofq/jira-cli/cmd/batch.go:429.2,433.29 3 6
github.com/sofq/jira-cli/cmd/batch.go:433.29,435.3 1 1
github.com/sofq/jira-cli/cmd/batch.go:437.2,442.27 2 5
github.com/sofq/jira-cli/cmd/batch.go:446.94,447.14 1 12
github.com/sofq/jira-cli/cmd/batch.go:447.14,453.19 2 4
github.com/sofq/jira-cli/cmd/batch.go:453.19,455.4 1 2
github.com/sofq/jira-cli/cmd/batch.go:456.3,457.28 2 4
github.com/sofq/jira-cli/cmd/batch.go:460.2,461.29 2 8
github.com/sofq/jira-cli/cmd/batch.go:461.29,463.3 1 1
github.com/sofq/jira-cli/cmd/batch.go:465.2,469.29 3 7
github.com/sofq/jira-cli/cmd/batch.go:469.29,471.3 1 1
github.com/sofq/jira-cli/cmd/batch.go:473.2,479.18 2 6
github.com/sofq/jira-cli/cmd/batch.go:479.18,481.30 2 5
github.com/sofq/jira-cli/cmd/batch.go:481.30,483.4 1 1
github.com/sofq/jira-cli/cmd/batch.go:485.3,485.17 1 4
github.com/sofq/jira-cli/cmd/batch.go:485.17,490.31 3 2
github.com/sofq/jira-cli/cmd/batch.go:490.31,492.5 1 1
github.com/sofq/jira-cli/cmd/batch.go:493.4,493.37 1 1
github.com/sofq/jira-cli/cmd/batch.go:494.9,499.31 3 2
github.com/sofq/jira-cli/cmd/batch.go:499.31,501.5 1 1
github.com/sofq/jira-cli/cmd/batch.go:502.4,502.31 1 1
github.com/sofq/jira-cli/cmd/batch.go:506.2,507.27 2 3
github.com/sofq/jira-cli/cmd/batch.go:511.82,512.14 1 19
github.com/sofq/jira-cli/cmd/batch.go:512.14,519.3 2 4
github.com/sofq/jira-cli/cmd/batch.go:521.2,522.29 2 15
github.com/sofq/jira-cli/cmd/batch.go:522.29,524.3 1 6
github.com/sofq/jira-cli/cmd/batch.go:526.2,526.16 1 9
github.com/sofq/jira-cli/cmd/batch.go:526.16,531.30 3 3
github.com/sofq/jira-cli/cmd/batch.go:531.30,533.4 1 1
github.com/sofq/jira-cli/cmd/batch.go:534.3,535.28 2 2
github.com/sofq/jira-cli/cmd/batch.go:538.2,542.29 3 6
github.com/sofq/jira-cli/cmd/batch.go:542.29,544.3 1 1
github.com/sofq/jira-cli/cmd/batch.go:546.2,547.27 2 5
github.com/sofq/jira-cli/cmd/batch.go:551.85,552.14 1 4
github.com/sofq/jira-cli/cmd/batch.go:552.14,559.3 2 2
github.com/sofq/jira-cli/cmd/batch.go:561.2,565.29 3 2
github.com/sofq/jira-cli/cmd/batch.go:565.29,567.3 1 1
github.com/sofq/jira-cli/cmd/batch.go:569.2,573.27 2 1
github.com/sofq/jira-cli/cmd/batch.go:577.86,578.14 1 5
github.com/sofq/jira-cli/cmd/batch.go:578.14,585.3 2 1
github.com/sofq/jira-cli/cmd/batch.go:587.2,588.29 2 4
github.com/sofq/jira-cli/cmd/batch.go:588.29,590.3 1 1
github.com/sofq/jira-cli/cmd/batch.go:592.2,598.29 3 3
github.com/sofq/jira-cli/cmd/batch.go:598.29,600.3 1 1
github.com/sofq/jira-cli/cmd/batch.go:602.2,608.27 2 2
github.com/sofq/jira-cli/cmd/batch.go:612.90,614.19 2 12
github.com/sofq/jira-cli/cmd/batch.go:614.19,616.3 1 2
github.com/sofq/jira-cli/cmd/batch.go:617.2,618.21 2 10
github.com/sofq/jira-cli/cmd/batch.go:618.21,620.3 1 2
github.com/sofq/jira-cli/cmd/batch.go:621.2,622.19 2 8
github.com/sofq/jira-cli/cmd/batch.go:622.19,624.3 1 2
github.com/sofq/jira-cli/cmd/batch.go:626.2,631.59 2 6
github.com/sofq/jira-cli/cmd/batch.go:631.59,633.3 1 2
github.com/sofq/jira-cli/cmd/batch.go:634.2,634.50 1 6
github.com/sofq/jira-cli/cmd/batch.go:634.50,636.3 1 2
github.com/sofq/jira-cli/cmd/batch.go:637.2,637.44 1 6
github.com/sofq/jira-cli/cmd/batch.go:637.44,639.3 1 2
github.com/sofq/jira-cli/cmd/batch.go:640.2,640.44 1 6
github.com/sofq/jira-cli/cmd/batch.go:640.44,642.3 1 1
github.com/sofq/jira-cli/cmd/batch.go:644.2,644.14 1 6
github.com/sofq/jira-cli/cmd/batch.go:644.14,652.3 3 1
github.com/sofq/jira-cli/cmd/batch.go:654.2,654.44 1 5
github.com/sofq/jira-cli/cmd/batch.go:654.44,656.30 2 2
github.com/sofq/jira-cli/cmd/batch.go:656.30,658.4 1 1
github.com/sofq/jira-cli/cmd/batch.go:659.3,659.18 1 1
github.com/sofq/jira-cli/cmd/batch.go:659.18,661.4 1 1
github.com/sofq/jira-cli/cmd/batch.go:664.2,666.29 3 4
github.com/sofq/jira-cli/cmd/batch.go:666.29,668.3 1 1
github.com/sofq/jira-cli/cmd/batch.go:670.2,670.32 1 3
github.com/sofq/jira-cli/cmd/batch.go:674.90,675.14 1 5
github.com/sofq/jira-cli/cmd/batch.go:675.14,682.3 2 2
github.com/sofq/jira-cli/cmd/batch.go:684.2,685.29 2 3
github.com/sofq/jira-cli/cmd/batch.go:685.29,687.3 1 1
github.com/sofq/jira-cli/cmd/batch.go:689.2,693.29 3 2
github.com/sofq/jira-cli/cmd/batch.go:693.29,695.3 1 1
github.com/sofq/jira-cli/cmd/batch.go:697.2,702.27 2 1
github.com/sofq/jira-cli/cmd/batch.go:706.97,708.16 2 6
github.com/sofq/jira-cli/cmd/batch.go:708.16,710.3 1 1
github.com/sofq/jira-cli/cmd/batch.go:712.2,712.14 1 5
github.com/sofq/jira-cli/cmd/batch.go:712.14,719.3 2 2
github.com/sofq/jira-cli/cmd/batch.go:721.2,724.19 2 3
github.com/sofq/jira-cli/cmd/batch.go:724.19,726.3 1 3
github.com/sofq/jira-cli/cmd/batch.go:728.2,732.29 3 3
github.com/sofq/jira-cli/cmd/batch.go:732.29,734.3 1 1
github.com/sofq/jira-cli/cmd/batch.go:736.2,741.27 2 2
github.com/sofq/jira-cli/cmd/batch.go:747.48,749.73 2 7
github.com/sofq/jira-cli/cmd/batch.go:749.73,750.17 1 14
github.com/sofq/jira-cli/cmd/batch.go:750.17,751.12 1 1
github.com/sofq/jira-cli/cmd/batch.go:753.3,754.51 2 13
github.com/sofq/jira-cli/cmd/batch.go:754.51,755.86 1 10
github.com/sofq/jira-cli/cmd/batch.go:755.86,757.13 2 7
github.com/sofq/jira-cli/cmd/batch.go:760.3,760.40 1 6
github.com/sofq/jira-cli/cmd/batch.go:762.2,762.39 1 7
github.com/sofq/jira-cli/cmd/batch.go:767.55,768.35 1 13
github.com/sofq/jira-cli/cmd/batch.go:768.35,770.3 1 7
github.com/sofq/jira-cli/cmd/batch.go:771.2,772.20 2 6
github.com/sofq/jira-cli/cmd/batch.go:772.20,775.30 3 3
github.com/sofq/jira-cli/cmd/batch.go:775.30,777.18 2 6
github.com/sofq/jira-cli/cmd/batch.go:777.18,778.13 1 0
github.com/sofq/jira-cli/cmd/batch.go:780.4,780.32 1 6
github.com/sofq/jira-cli/cmd/batch.go:780.32,782.5 1 5
github.com/sofq/jira-cli/cmd/batch.go:782.10,784.10 2 1
github.com/sofq/jira-cli/cmd/batch.go:787.3,787.38 1 3
github.com/sofq/jira-cli/cmd/batch.go:787.38,789.4 1 0
github.com/sofq/jira-cli/cmd/batch.go:790.3,790.37 1 3
github.com/sofq/jira-cli/cmd/batch.go:790.37,793.4 2 2
github.com/sofq/jira-cli/cmd/batch.go:795.2,796.33 2 4
github.com/sofq/jira-cli/cmd/batch.go:802.109,805.32 2 27
github.com/sofq/jira-cli/cmd/batch.go:805.32,807.3 1 4
github.com/sofq/jira-cli/cmd/batch.go:809.2,809.33 1 27
github.com/sofq/jira-cli/cmd/batch.go:809.33,815.3 1 8
github.com/sofq/jira-cli/cmd/batch.go:817.2,819.48 3 19
github.com/sofq/jira-cli/cmd/batch.go:819.48,821.3 1 15
github.com/sofq/jira-cli/cmd/batch.go:821.8,821.25 1 4
github.com/sofq/jira-cli/cmd/batch.go:821.25,824.3 2 1
github.com/sofq/jira-cli/cmd/batch.go:826.2,830.3 1 19
github.com/sofq/jira-cli/cmd/batch.go:834.83,835.21 1 3
github.com/sofq/jira-cli/cmd/batch.go:836.24,837.46 1 2
github.com/sofq/jira-cli/cmd/batch.go:838.10,839.135 1 1
github.com/sofq/jira-cli/cmd/batch.go:844.92,846.24 2 15
github.com/sofq/jira-cli/cmd/batch.go:846.24,848.3 1 2
github.com/sofq/jira-cli/cmd/batch.go:849.2,850.19 2 13
github.com/sofq/jira-cli/cmd/batch.go:850.19,852.3 1 1
github.com/sofq/jira-cli/cmd/batch.go:854.2,855.16 2 12
github.com/sofq/jira-cli/cmd/batch.go:855.16,859.3 3 0
github.com/sofq/jira-cli/cmd/batch.go:860.2,860.9 1 12
github.com/sofq/jira-cli/cmd/batch.go:860.9,867.3 3 1
github.com/sofq/jira-cli/cmd/batch.go:870.2,871.25 2 11
github.com/sofq/jira-cli/cmd/batch.go:871.25,872.53 1 38
github.com/sofq/jira-cli/cmd/batch.go:872.53,874.4 1 13
github.com/sofq/jira-cli/cmd/batch.go:877.2,878.16 2 11
github.com/sofq/jira-cli/cmd/batch.go:878.16,880.3 1 1
github.com/sofq/jira-cli/cmd/batch.go:882.2,886.38 2 10
github.com/sofq/jira-cli/cmd/batch.go:886.38,888.3 1 10
github.com/sofq/jira-cli/cmd/batch.go:889.2,889.42 1 10
github.com/sofq/jira-cli/cmd/batch.go:889.42,891.3 1 1
github.com/sofq/jira-cli/cmd/batch.go:892.2,892.39 1 10
github.com/sofq/jira-cli/cmd/batch.go:892.39,894.3 1 1
github.com/sofq/jira-cli/cmd/batch.go:895.2,895.37 1 10
github.com/sofq/jira-cli/cmd/batch.go:895.37,897.3 1 1
github.com/sofq/jira-cli/cmd/batch.go:898.2,898.44 1 10
github.com/sofq/jira-cli/cmd/batch.go:898.44,900.3 1 1
github.com/sofq/jira-cli/cmd/batch.go:902.2,902.14 1 10
github.com/sofq/jira-cli/cmd/batch.go:902.14,911.3 3 2
github.com/sofq/jira-cli/cmd/batch.go:913.2,913.44 1 8
github.com/sofq/jira-cli/cmd/batch.go:913.44,915.30 2 3
github.com/sofq/jira-cli/cmd/batch.go:915.30,917.4 1 1
github.com/sofq/jira-cli/cmd/batch.go:918.3,918.18 1 2
github.com/sofq/jira-cli/cmd/batch.go:918.18,920.4 1 2
github.com/sofq/jira-cli/cmd/batch.go:923.2,925.29 3 7
github.com/sofq/jira-cli/cmd/batch.go:925.29,927.3 1 1
github.com/sofq/jira-cli/cmd/batch.go:928.2,928.32 1 6
github.com/sofq/jira-cli/cmd/batch.go:932.79,934.20 2 8
github.com/sofq/jira-cli/cmd/batch.go:934.20,936.3 1 1
github.com/sofq/jira-cli/cmd/batch.go:938.2,940.14 2 7
github.com/sofq/jira-cli/cmd/batch.go:940.14,947.3 2 2
github.com/sofq/jira-cli/cmd/batch.go:949.2,950.33 2 5
github.com/sofq/jira-cli/cmd/batch.go:950.33,952.3 1 1
github.com/sofq/jira-cli/cmd/batch.go:954.2,960.16 3 4
github.com/sofq/jira-cli/cmd/batch.go:960.16,967.3 3 1
github.com/sofq/jira-cli/cmd/batch.go:969.2,970.27 2 3
github.com/sofq/jira-cli/cmd/batch.go:974.76,986.2 3 4
github.com/sofq/jira-cli/cmd/configure.go:23.13,32.2 8 1
github.com/sofq/jira-cli/cmd/configure.go:34.60,43.19 8 28
github.com/sofq/jira-cli/cmd/configure.go:43.19,46.38 1 5
github.com/sofq/jira-cli/cmd/configure.go:46.38,53.4 3 1
github.com/sofq/jira-cli/cmd/configure.go:54.3,54.47 1 4
github.com/sofq/jira-cli/cmd/configure.go:58.2,58.42 1 23
github.com/sofq/jira-cli/cmd/configure.go:58.42,65.3 3 1
github.com/sofq/jira-cli/cmd/configure.go:69.2,70.14 2 22
github.com/sofq/jira-cli/cmd/configure.go:70.14,72.3 1 7
github.com/sofq/jira-cli/cmd/configure.go:75.2,75.38 1 15
github.com/sofq/jira-cli/cmd/configure.go:75.38,82.3 3 1
github.com/sofq/jira-cli/cmd/configure.go:83.2,83.36 1 14
github.com/sofq/jira-cli/cmd/configure.go:83.36,90.3 3 1
github.com/sofq/jira-cli/cmd/configure.go:93.2,93.37 1 13
github.com/sofq/jira-cli/cmd/configure.go:93.37,100.3 3 1
github.com/sofq/jira-cli/cmd/configure.go:101.2,106.26 2 12
github.com/sofq/jira-cli/cmd/configure.go:106.26,113.3 3 1
github.com/sofq/jira-cli/cmd/configure.go:116.2,118.14 2 11
github.com/sofq/jira-cli/cmd/configure.go:118.14,119.76 1 3
github.com/sofq/jira-cli/cmd/configure.go:119.76,127.4 3 2
github.com/sofq/jira-cli/cmd/configure.go:130.2,132.16 3 9
github.com/sofq/jira-cli/cmd/configure.go:132.16,140.3 3 1
github.com/sofq/jira-cli/cmd/configure.go:142.2,151.30 2 8
github.com/sofq/jira-cli/cmd/configure.go:151.30,153.3 1 8
github.com/sofq/jira-cli/cmd/configure.go:155.2,155.55 1 8
github.com/sofq/jira-cli/cmd/configure.go:155.55,163.3 3 0
github.com/sofq/jira-cli/cmd/configure.go:165.2,170.31 2 8
github.com/sofq/jira-cli/cmd/configure.go:175.94,178.16 3 7
github.com/sofq/jira-cli/cmd/configure.go:178.16,186.3 3 1
github.com/sofq/jira-cli/cmd/configure.go:190.2,191.43 2 6
github.com/sofq/jira-cli/cmd/configure.go:191.43,192.31 1 3
github.com/sofq/jira-cli/cmd/configure.go:192.31,194.4 1 3
github.com/sofq/jira-cli/cmd/configure.go:197.2,198.9 2 6
github.com/sofq/jira-cli/cmd/configure.go:198.9,200.31 2 1
github.com/sofq/jira-cli/cmd/configure.go:200.31,202.4 1 0
github.com/sofq/jira-cli/cmd/configure.go:203.3,209.68 4 1
github.com/sofq/jira-cli/cmd/configure.go:212.2,212.46 1 5
github.com/sofq/jira-cli/cmd/configure.go:212.46,219.3 3 1
github.com/sofq/jira-cli/cmd/configure.go:221.2,221.118 1 4
github.com/sofq/jira-cli/cmd/configure.go:221.118,229.3 3 1
github.com/sofq/jira-cli/cmd/configure.go:231.2,235.31 2 3
github.com/sofq/jira-cli/cmd/configure.go:239.65,242.16 3 4
github.com/sofq/jira-cli/cmd/configure.go:242.16,249.3 3 1
github.com/sofq/jira-cli/cmd/configure.go:251.2,251.38 1 3
github.com/sofq/jira-cli/cmd/configure.go:251.38,253.31 2 1
github.com/sofq/jira-cli/cmd/configure.go:253.31,255.4 1 2
github.com/sofq/jira-cli/cmd/configure.go:256.3,262.68 4 1
github.com/sofq/jira-cli/cmd/configure.go:265.2,266.32 2 2
github.com/sofq/jira-cli/cmd/configure.go:266.32,268.3 1 1
github.com/sofq/jira-cli/cmd/configure.go:270.2,270.55 1 2
github.com/sofq/jira-cli/cmd/configure.go:270.55,277.3 3 0
github.com/sofq/jira-cli/cmd/configure.go:279.2,284.31 2 2
github.com/sofq/jira-cli/cmd/configure.go:288.70,292.16 4 13
github.com/sofq/jira-cli/cmd/configure.go:292.16,294.3 1 0
github.com/sofq/jira-cli/cmd/configure.go:295.2,297.35 2 13
github.com/sofq/jira-cli/cmd/configure.go:298.16,299.51 1 1
github.com/sofq/jira-cli/cmd/configure.go:300.10,301.36 1 12
github.com/sofq/jira-cli/cmd/configure.go:304.2,306.16 3 13
github.com/sofq/jira-cli/cmd/configure.go:306.16,308.3 1 0
github.com/sofq/jira-cli/cmd/configure.go:309.2,311.28 2 13
github.com/sofq/jira-cli/cmd/configure.go:311.28,314.3 2 4
github.com/sofq/jira-cli/cmd/configure.go:315.2,315.12 1 9
github.com/sofq/jira-cli/cmd/diff.go:30.13,35.2 4 1
github.com/sofq/jira-cli/cmd/diff.go:37.55,39.16 2 10
github.com/sofq/jira-cli/cmd/diff.go:39.16,43.3 3 1
github.com/sofq/jira-cli/cmd/diff.go:45.2,51.14 5 9
github.com/sofq/jira-cli/cmd/diff.go:51.14,57.58 2 2
github.com/sofq/jira-cli/cmd/diff.go:57.58,59.4 1 1
github.com/sofq/jira-cli/cmd/diff.go:60.3,60.13 1 1
github.com/sofq/jira-cli/cmd/diff.go:63.2,64.33 2 7
github.com/sofq/jira-cli/cmd/diff.go:64.33,66.3 1 1
github.com/sofq/jira-cli/cmd/diff.go:68.2,74.16 3 6
github.com/sofq/jira-cli/cmd/diff.go:74.16,81.3 3 1
github.com/sofq/jira-cli/cmd/diff.go:83.2,84.65 2 5
github.com/sofq/jira-cli/cmd/diff.go:84.65,86.3 1 1
github.com/sofq/jira-cli/cmd/diff.go:87.2,87.12 1 4
github.com/sofq/jira-cli/cmd/diff_schema.go:6.43,22.2 1 13
github.com/sofq/jira-cli/cmd/preset.go:23.54,25.17 2 1
github.com/sofq/jira-cli/cmd/preset.go:25.17,32.4 3 0
github.com/sofq/jira-cli/cmd/preset.go:34.3,37.21 3 1
github.com/sofq/jira-cli/cmd/preset.go:37.21,39.18 2 0
github.com/sofq/jira-cli/cmd/preset.go:39.18,46.5 3 0
github.com/sofq/jira-cli/cmd/preset.go:47.4,47.19 1 0
github.com/sofq/jira-cli/cmd/preset.go:50.3,50.17 1 1
github.com/sofq/jira-cli/cmd/preset.go:50.17,52.4 1 0
github.com/sofq/jira-cli/cmd/preset.go:54.3,55.13 2 1
github.com/sofq/jira-cli/cmd/preset.go:59.13,62.2 2 1
github.com/sofq/jira-cli/cmd/raw.go:23.13,27.2 3 1
github.com/sofq/jira-cli/cmd/raw.go:40.54,45.31 3 16
github.com/sofq/jira-cli/cmd/raw.go:45.31,52.3 3 1
github.com/sofq/jira-cli/cmd/raw.go:54.2,55.16 2 15
github.com/sofq/jira-cli/cmd/raw.go:55.16,62.3 3 1
github.com/sofq/jira-cli/cmd/raw.go:67.2,68.21 2 14
github.com/sofq/jira-cli/cmd/raw.go:68.21,69.53 1 1
github.com/sofq/jira-cli/cmd/raw.go:69.53,77.4 3 1
github.com/sofq/jira-cli/cmd/raw.go:81.2,83.34 3 13
github.com/sofq/jira-cli/cmd/raw.go:83.34,85.40 2 5
github.com/sofq/jira-cli/cmd/raw.go:85.40,92.4 3 1
github.com/sofq/jira-cli/cmd/raw.go:93.3,93.28 1 4
github.com/sofq/jira-cli/cmd/raw.go:97.2,100.9 3 12
github.com/sofq/jira-cli/cmd/raw.go:101.23,103.24 1 0
github.com/sofq/jira-cli/cmd/raw.go:104.58,106.21 2 2
github.com/sofq/jira-cli/cmd/raw.go:106.21,113.4 3 1
github.com/sofq/jira-cli/cmd/raw.go:114.3,115.17 2 1
github.com/sofq/jira-cli/cmd/raw.go:115.17,122.4 3 1
github.com/sofq/jira-cli/cmd/raw.go:123.3,124.17 2 0
github.com/sofq/jira-cli/cmd/raw.go:125.22,126.43 1 2
github.com/sofq/jira-cli/cmd/raw.go:127.10,127.10 0 8
github.com/sofq/jira-cli/cmd/raw.go:133.2,133.48 1 10
github.com/sofq/jira-cli/cmd/raw.go:133.48,141.3 4 1
github.com/sofq/jira-cli/cmd/raw.go:145.2,145.63 1 10
github.com/sofq/jira-cli/cmd/raw.go:145.63,152.3 3 2
github.com/sofq/jira-cli/cmd/raw.go:154.2,155.29 2 8
github.com/sofq/jira-cli/cmd/raw.go:155.29,157.3 1 0
github.com/sofq/jira-cli/cmd/raw.go:158.2,158.12 1 8
github.com/sofq/jira-cli/cmd/root.go:37.67,40.31 2 1
github.com/sofq/jira-cli/cmd/root.go:40.31,42.4 1 0
github.com/sofq/jira-cli/cmd/root.go:44.3,44.69 1 1
github.com/sofq/jira-cli/cmd/root.go:44.69,46.4 1 1
github.com/sofq/jira-cli/cmd/root.go:49.3,67.23 15 0
github.com/sofq/jira-cli/cmd/root.go:67.23,69.24 2 0
github.com/sofq/jira-cli/cmd/root.go:69.24,76.5 3 0
github.com/sofq/jira-cli/cmd/root.go:77.4,77.11 1 0
github.com/sofq/jira-cli/cmd/root.go:77.11,84.5 3 0
github.com/sofq/jira-cli/cmd/root.go:85.4,85.63 1 0
github.com/sofq/jira-cli/cmd/root.go:85.63,87.5 1 0
github.com/sofq/jira-cli/cmd/root.go:88.4,88.55 1 0
github.com/sofq/jira-cli/cmd/root.go:88.55,90.5 1 0
github.com/sofq/jira-cli/cmd/root.go:93.3,101.17 3 0
github.com/sofq/jira-cli/cmd/root.go:101.17,109.4 3 0
github.com/sofq/jira-cli/cmd/root.go:111.3,111.29 1 0
github.com/sofq/jira-cli/cmd/root.go:111.29,119.4 3 0
github.com/sofq/jira-cli/cmd/root.go:122.3,123.20 2 0
github.com/sofq/jira-cli/cmd/root.go:123.20,130.4 3 0
github.com/sofq/jira-cli/cmd/root.go:133.3,139.48 3 0
github.com/sofq/jira-cli/cmd/root.go:139.48,140.47 1 0
github.com/sofq/jira-cli/cmd/root.go:140.47,148.5 3 0
github.com/sofq/jira-cli/cmd/root.go:152.3,157.19 5 0
github.com/sofq/jira-cli/cmd/root.go:157.19,158.23 1 0
github.com/sofq/jira-cli/cmd/root.go:158.23,160.5 1 0
github.com/sofq/jira-cli/cmd/root.go:161.4,163.23 3 0
github.com/sofq/jira-cli/cmd/root.go:163.23,171.5 3 0
github.com/sofq/jira-cli/cmd/root.go:174.3,194.13 3 0
github.com/sofq/jira-cli/cmd/root.go:198.13,237.62 27 1
github.com/sofq/jira-cli/cmd/root.go:237.62,238.21 1 0
github.com/sofq/jira-cli/cmd/root.go:238.21,249.4 6 0
github.com/sofq/jira-cli/cmd/root.go:251.3,252.25 2 0
github.com/sofq/jira-cli/cmd/root.go:257.35,259.2 1 1
github.com/sofq/jira-cli/cmd/root.go:262.20,263.42 1 0
github.com/sofq/jira-cli/cmd/root.go:263.42,264.56 1 0
github.com/sofq/jira-cli/cmd/root.go:264.56,266.4 1 0
github.com/sofq/jira-cli/cmd/root.go:267.3,273.28 4 0
github.com/sofq/jira-cli/cmd/root.go:275.2,275.24 1 0
github.com/sofq/jira-cli/cmd/root.go:281.50,282.25 1 3
github.com/sofq/jira-cli/cmd/root.go:282.25,284.3 1 1
github.com/sofq/jira-cli/cmd/root.go:285.2,285.56 1 2
github.com/sofq/jira-cli/cmd/root.go:285.56,287.3 1 1
github.com/sofq/jira-cli/cmd/root.go:288.2,288.19 1 1
github.com/sofq/jira-cli/cmd/root.go:294.68,297.36 2 5
github.com/sofq/jira-cli/cmd/root.go:297.36,298.23 1 154
github.com/sofq/jira-cli/cmd/root.go:298.23,301.47 2 4
github.com/sofq/jira-cli/cmd/root.go:301.47,303.5 1 2
github.com/sofq/jira-cli/cmd/root.go:304.4,304.37 1 4
github.com/sofq/jira-cli/cmd/root.go:304.37,305.34 1 31
github.com/sofq/jira-cli/cmd/root.go:305.34,307.6 1 30
github.com/sofq/jira-cli/cmd/root.go:309.4,310.9 2 4
github.com/sofq/jira-cli/cmd/root.go:313.2,313.30 1 5
github.com/sofq/jira-cli/cmd/schema_cmd.go:26.54,37.51 8 0
github.com/sofq/jira-cli/cmd/schema_cmd.go:37.51,40.4 2 0
github.com/sofq/jira-cli/cmd/schema_cmd.go:42.3,42.15 1 0
github.com/sofq/jira-cli/cmd/schema_cmd.go:42.15,46.32 3 0
github.com/sofq/jira-cli/cmd/schema_cmd.go:46.32,48.5 1 0
github.com/sofq/jira-cli/cmd/schema_cmd.go:49.4,49.30 1 0
github.com/sofq/jira-cli/cmd/schema_cmd.go:49.30,50.27 1 0
github.com/sofq/jira-cli/cmd/schema_cmd.go:50.27,53.6 2 0
github.com/sofq/jira-cli/cmd/schema_cmd.go:55.4,56.34 2 0
github.com/sofq/jira-cli/cmd/schema_cmd.go:59.3,61.21 2 0
github.com/sofq/jira-cli/cmd/schema_cmd.go:61.21,63.30 2 0
github.com/sofq/jira-cli/cmd/schema_cmd.go:63.30,64.32 1 0
github.com/sofq/jira-cli/cmd/schema_cmd.go:64.32,66.6 1 0
github.com/sofq/jira-cli/cmd/schema_cmd.go:68.4,68.26 1 0
github.com/sofq/jira-cli/cmd/schema_cmd.go:68.26,75.5 3 0
github.com/sofq/jira-cli/cmd/schema_cmd.go:76.4,77.34 2 0
github.com/sofq/jira-cli/cmd/schema_cmd.go:80.3,81.29 2 0
github.com/sofq/jira-cli/cmd/schema_cmd.go:81.29,82.50 1 0
github.com/sofq/jira-cli/cmd/schema_cmd.go:82.50,85.5 2 0
github.com/sofq/jira-cli/cmd/schema_cmd.go:87.3,92.68 3 0
github.com/sofq/jira-cli/cmd/schema_cmd.go:97.66,99.25 2 2
github.com/sofq/jira-cli/cmd/schema_cmd.go:99.25,101.3 1 3
github.com/sofq/jira-cli/cmd/schema_cmd.go:102.2,102.16 1 2
github.com/sofq/jira-cli/cmd/schema_cmd.go:106.45,110.38 4 128
github.com/sofq/jira-cli/cmd/schema_cmd.go:110.38,112.3 1 1
github.com/sofq/jira-cli/cmd/schema_cmd.go:113.2,113.48 1 127
github.com/sofq/jira-cli/cmd/schema_cmd.go:117.58,121.20 3 15
github.com/sofq/jira-cli/cmd/schema_cmd.go:121.20,123.17 2 3
github.com/sofq/jira-cli/cmd/schema_cmd.go:123.17,130.4 3 1
github.com/sofq/jira-cli/cmd/schema_cmd.go:131.3,131.18 1 2
github.com/sofq/jira-cli/cmd/schema_cmd.go:134.2,134.16 1 14
github.com/sofq/jira-cli/cmd/schema_cmd.go:134.16,136.3 1 1
github.com/sofq/jira-cli/cmd/schema_cmd.go:138.2,139.12 2 14
github.com/sofq/jira-cli/cmd/schema_cmd.go:142.13,146.2 3 1
github.com/sofq/jira-cli/cmd/template.go:54.13,68.2 11 1
github.com/sofq/jira-cli/cmd/template.go:70.63,72.16 2 5
github.com/sofq/jira-cli/cmd/template.go:72.16,79.3 3 1
github.com/sofq/jira-cli/cmd/template.go:81.2,84.20 3 4
github.com/sofq/jira-cli/cmd/template.go:84.20,86.17 2 2
github.com/sofq/jira-cli/cmd/template.go:86.17,93.4 3 1
github.com/sofq/jira-cli/cmd/template.go:94.3,94.18 1 1
github.com/sofq/jira-cli/cmd/template.go:97.2,97.16 1 3
github.com/sofq/jira-cli/cmd/template.go:97.16,99.3 1 1
github.com/sofq/jira-cli/cmd/template.go:101.2,102.12 2 3
github.com/sofq/jira-cli/cmd/template.go:105.63,109.16 3 6
github.com/sofq/jira-cli/cmd/template.go:109.16,116.3 3 1
github.com/sofq/jira-cli/cmd/template.go:117.2,117.9 1 5
github.com/sofq/jira-cli/cmd/template.go:117.9,124.3 3 1
github.com/sofq/jira-cli/cmd/template.go:126.2,131.20 4 4
github.com/sofq/jira-cli/cmd/template.go:131.20,133.17 2 2
github.com/sofq/jira-cli/cmd/template.go:133.17,140.4 3 1
github.com/sofq/jira-cli/cmd/template.go:141.3,141.18 1 1
github.com/sofq/jira-cli/cmd/template.go:144.2,144.16 1 3
github.com/sofq/jira-cli/cmd/template.go:144.16,146.3 1 1
github.com/sofq/jira-cli/cmd/template.go:148.2,149.12 2 3
github.com/sofq/jira-cli/cmd/template.go:153.62,155.29 2 9
github.com/sofq/jira-cli/cmd/template.go:155.29,157.22 2 9
github.com/sofq/jira-cli/cmd/template.go:157.22,159.4 1 2
github.com/sofq/jira-cli/cmd/template.go:160.3,160.28 1 7
github.com/sofq/jira-cli/cmd/template.go:162.2,162.18 1 7
github.com/sofq/jira-cli/cmd/template.go:165.64,167.16 2 9
github.com/sofq/jira-cli/cmd/template.go:167.16,171.3 3 1
github.com/sofq/jira-cli/cmd/template.go:173.2,179.16 6 8
github.com/sofq/jira-cli/cmd/template.go:179.16,186.3 3 1
github.com/sofq/jira-cli/cmd/template.go:187.2,187.9 1 7
github.com/sofq/jira-cli/cmd/template.go:187.9,194.3 3 1
github.com/sofq/jira-cli/cmd/template.go:196.2,197.16 2 6
github.com/sofq/jira-cli/cmd/template.go:197.16,204.3 3 1
github.com/sofq/jira-cli/cmd/template.go:206.2,207.16 2 5
github.com/sofq/jira-cli/cmd/template.go:207.16,214.3 3 1
github.com/sofq/jira-cli/cmd/template.go:217.2,222.38 2 4
github.com/sofq/jira-cli/cmd/template.go:222.38,224.3 1 4
github.com/sofq/jira-cli/cmd/template.go:225.2,225.42 1 4
github.com/sofq/jira-cli/cmd/template.go:225.42,227.3 1 0
github.com/sofq/jira-cli/cmd/template.go:228.2,228.39 1 4
github.com/sofq/jira-cli/cmd/template.go:228.39,230.3 1 0
github.com/sofq/jira-cli/cmd/template.go:231.2,231.37 1 4
github.com/sofq/jira-cli/cmd/template.go:231.37,233.3 1 0
github.com/sofq/jira-cli/cmd/template.go:235.2,235.44 1 4
github.com/sofq/jira-cli/cmd/template.go:235.44,237.3 1 0
github.com/sofq/jira-cli/cmd/template.go:240.2,240.14 1 4
github.com/sofq/jira-cli/cmd/template.go:240.14,248.58 3 1
github.com/sofq/jira-cli/cmd/template.go:248.58,250.4 1 0
github.com/sofq/jira-cli/cmd/template.go:251.3,251.13 1 1
github.com/sofq/jira-cli/cmd/template.go:255.2,255.18 1 3
github.com/sofq/jira-cli/cmd/template.go:255.18,256.36 1 2
github.com/sofq/jira-cli/cmd/template.go:256.36,258.4 1 0
github.com/sofq/jira-cli/cmd/template.go:260.2,260.18 1 3
github.com/sofq/jira-cli/cmd/template.go:260.18,262.34 2 1
github.com/sofq/jira-cli/cmd/template.go:262.34,264.4 1 0
github.com/sofq/jira-cli/cmd/template.go:265.3,265.18 1 1
github.com/sofq/jira-cli/cmd/template.go:265.18,267.4 1 1
github.com/sofq/jira-cli/cmd/template.go:270.2,272.33 3 3
github.com/sofq/jira-cli/cmd/template.go:272.33,274.3 1 1
github.com/sofq/jira-cli/cmd/template.go:276.2,276.70 1 2
github.com/sofq/jira-cli/cmd/template.go:276.70,278.3 1 0
github.com/sofq/jira-cli/cmd/template.go:279.2,279.12 1 2
github.com/sofq/jira-cli/cmd/template.go:282.65,287.56 4 12
github.com/sofq/jira-cli/cmd/template.go:287.56,294.3 3 1
github.com/sofq/jira-cli/cmd/template.go:296.2,296.21 1 11
github.com/sofq/jira-cli/cmd/template.go:296.21,311.17 3 4
github.com/sofq/jira-cli/cmd/template.go:311.17,314.55 3 1
github.com/sofq/jira-cli/cmd/template.go:314.55,317.5 2 1
github.com/sofq/jira-cli/cmd/template.go:318.4,323.56 3 1
github.com/sofq/jira-cli/cmd/template.go:326.3,332.13 3 3
github.com/sofq/jira-cli/cmd/template.go:336.2,337.16 2 7
github.com/sofq/jira-cli/cmd/template.go:337.16,341.3 3 1
github.com/sofq/jira-cli/cmd/template.go:343.2,343.14 1 6
github.com/sofq/jira-cli/cmd/template.go:343.14,349.58 2 1
github.com/sofq/jira-cli/cmd/template.go:349.58,351.4 1 0
github.com/sofq/jira-cli/cmd/template.go:352.3,352.13 1 1
github.com/sofq/jira-cli/cmd/template.go:355.2,357.33 2 5
github.com/sofq/jira-cli/cmd/template.go:357.33,359.3 1 1
github.com/sofq/jira-cli/cmd/template.go:361.2,362.16 2 4
github.com/sofq/jira-cli/cmd/template.go:362.16,369.3 3 1
github.com/sofq/jira-cli/cmd/template.go:371.2,372.16 2 3
github.com/sofq/jira-cli/cmd/template.go:372.16,375.54 3 1
github.com/sofq/jira-cli/cmd/template.go:375.54,378.4 2 1
github.com/sofq/jira-cli/cmd/template.go:379.3,384.55 3 1
github.com/sofq/jira-cli/cmd/template.go:387.2,394.12 3 2
github.com/sofq/jira-cli/cmd/template.go:398.79,415.58 2 6
github.com/sofq/jira-cli/cmd/template.go:415.58,417.3 1 2
github.com/sofq/jira-cli/cmd/template.go:419.2,431.83 2 4
github.com/sofq/jira-cli/cmd/template.go:431.83,437.3 2 1
github.com/sofq/jira-cli/cmd/template.go:439.2,439.38 1 4
github.com/sofq/jira-cli/cmd/template.go:439.38,446.3 2 1
github.com/sofq/jira-cli/cmd/template.go:448.2,448.34 1 4
github.com/sofq/jira-cli/cmd/template.go:448.34,450.3 1 1
github.com/sofq/jira-cli/cmd/template.go:452.2,452.35 1 4
github.com/sofq/jira-cli/cmd/template.go:452.35,458.3 2 1
github.com/sofq/jira-cli/cmd/template.go:460.2,460.15 1 4
github.com/sofq/jira-cli/cmd/template_schema.go:6.47,56.2 1 12
github.com/sofq/jira-cli/cmd/version.go:14.54,16.17 2 0
github.com/sofq/jira-cli/cmd/version.go:16.17,18.4 1 0
github.com/sofq/jira-cli/cmd/version.go:19.3,19.32 1 0
github.com/sofq/jira-cli/cmd/watch.go:29.13,35.2 5 1
github.com/sofq/jira-cli/cmd/watch.go:37.56,39.16 2 5
github.com/sofq/jira-cli/cmd/watch.go:39.16,43.3 3 1
github.com/sofq/jira-cli/cmd/watch.go:45.2,50.30 5 4
github.com/sofq/jira-cli/cmd/watch.go:50.30,57.3 3 1
github.com/sofq/jira-cli/cmd/watch.go:60.2,61.20 2 3
github.com/sofq/jira-cli/cmd/watch.go:61.20,63.3 1 1
github.com/sofq/jira-cli/cmd/watch.go:65.2,73.14 2 3
github.com/sofq/jira-cli/cmd/watch.go:73.14,76.3 2 2
github.com/sofq/jira-cli/cmd/watch.go:78.2,79.33 2 1
github.com/sofq/jira-cli/cmd/watch.go:79.33,81.3 1 1
github.com/sofq/jira-cli/cmd/watch.go:82.2,82.12 1 0
github.com/sofq/jira-cli/cmd/workflow.go:78.13,138.2 51 1
github.com/sofq/jira-cli/cmd/workflow.go:148.114,151.33 2 33
github.com/sofq/jira-cli/cmd/workflow.go:151.33,153.3 1 5
github.com/sofq/jira-cli/cmd/workflow.go:155.2,164.68 2 28
github.com/sofq/jira-cli/cmd/workflow.go:164.68,171.3 3 2
github.com/sofq/jira-cli/cmd/workflow.go:173.2,175.43 2 26
github.com/sofq/jira-cli/cmd/workflow.go:175.43,176.84 1 26
github.com/sofq/jira-cli/cmd/workflow.go:176.84,178.4 1 23
github.com/sofq/jira-cli/cmd/workflow.go:181.2,181.43 1 3
github.com/sofq/jira-cli/cmd/workflow.go:181.43,183.59 1 3
github.com/sofq/jira-cli/cmd/workflow.go:183.59,185.4 1 1
github.com/sofq/jira-cli/cmd/workflow.go:188.2,189.43 2 2
github.com/sofq/jira-cli/cmd/workflow.go:189.43,191.3 1 2
github.com/sofq/jira-cli/cmd/workflow.go:192.2,197.37 3 2
github.com/sofq/jira-cli/cmd/workflow.go:203.92,204.29 1 43
github.com/sofq/jira-cli/cmd/workflow.go:205.12,207.30 2 23
github.com/sofq/jira-cli/cmd/workflow.go:207.30,209.4 1 3
github.com/sofq/jira-cli/cmd/workflow.go:210.3,213.51 2 20
github.com/sofq/jira-cli/cmd/workflow.go:213.51,220.4 3 2
github.com/sofq/jira-cli/cmd/workflow.go:221.3,221.25 1 18
github.com/sofq/jira-cli/cmd/workflow.go:221.25,228.4 3 1
github.com/sofq/jira-cli/cmd/workflow.go:229.3,229.46 1 17
github.com/sofq/jira-cli/cmd/workflow.go:231.26,232.35 1 11
github.com/sofq/jira-cli/cmd/workflow.go:234.10,237.30 2 9
github.com/sofq/jira-cli/cmd/workflow.go:237.30,239.4 1 1
github.com/sofq/jira-cli/cmd/workflow.go:240.3,244.54 2 8
github.com/sofq/jira-cli/cmd/workflow.go:244.54,251.4 3 1
github.com/sofq/jira-cli/cmd/workflow.go:252.3,252.22 1 7
github.com/sofq/jira-cli/cmd/workflow.go:252.22,259.4 3 5
github.com/sofq/jira-cli/cmd/workflow.go:260.3,260.52 1 2
github.com/sofq/jira-cli/cmd/workflow.go:264.61,266.16 2 9
github.com/sofq/jira-cli/cmd/workflow.go:266.16,270.3 3 1
github.com/sofq/jira-cli/cmd/workflow.go:272.2,276.14 3 8
github.com/sofq/jira-cli/cmd/workflow.go:276.14,282.58 2 2
github.com/sofq/jira-cli/cmd/workflow.go:282.58,284.4 1 1
github.com/sofq/jira-cli/cmd/workflow.go:285.3,285.13 1 1
github.com/sofq/jira-cli/cmd/workflow.go:288.2,289.33 2 6
github.com/sofq/jira-cli/cmd/workflow.go:289.33,291.3 1 3
github.com/sofq/jira-cli/cmd/workflow.go:294.2,298.33 3 3
github.com/sofq/jira-cli/cmd/workflow.go:298.33,300.3 1 1
github.com/sofq/jira-cli/cmd/workflow.go:302.2,307.65 2 2
github.com/sofq/jira-cli/cmd/workflow.go:307.65,309.3 1 1
github.com/sofq/jira-cli/cmd/workflow.go:310.2,310.12 1 1
github.com/sofq/jira-cli/cmd/workflow.go:313.55,315.16 2 13
github.com/sofq/jira-cli/cmd/workflow.go:315.16,319.3 3 1
github.com/sofq/jira-cli/cmd/workflow.go:321.2,326.14 4 12
github.com/sofq/jira-cli/cmd/workflow.go:326.14,332.19 2 3
github.com/sofq/jira-cli/cmd/workflow.go:332.19,334.4 1 2
github.com/sofq/jira-cli/cmd/workflow.go:335.3,336.58 2 3
github.com/sofq/jira-cli/cmd/workflow.go:336.58,338.4 1 1
github.com/sofq/jira-cli/cmd/workflow.go:339.3,339.13 1 2
github.com/sofq/jira-cli/cmd/workflow.go:342.2,343.33 2 9
github.com/sofq/jira-cli/cmd/workflow.go:343.33,345.3 1 1
github.com/sofq/jira-cli/cmd/workflow.go:347.2,351.33 3 8
github.com/sofq/jira-cli/cmd/workflow.go:351.33,353.3 1 1
github.com/sofq/jira-cli/cmd/workflow.go:355.2,361.18 2 7
github.com/sofq/jira-cli/cmd/workflow.go:361.18,363.30 2 5
github.com/sofq/jira-cli/cmd/workflow.go:363.30,365.4 1 1
github.com/sofq/jira-cli/cmd/workflow.go:367.3,367.17 1 4
github.com/sofq/jira-cli/cmd/workflow.go:367.17,372.31 3 2
github.com/sofq/jira-cli/cmd/workflow.go:372.31,374.5 1 1
github.com/sofq/jira-cli/cmd/workflow.go:375.4,375.37 1 1
github.com/sofq/jira-cli/cmd/workflow.go:376.9,381.31 3 2
github.com/sofq/jira-cli/cmd/workflow.go:381.31,383.5 1 1
github.com/sofq/jira-cli/cmd/workflow.go:384.4,384.31 1 1
github.com/sofq/jira-cli/cmd/workflow.go:388.2,389.65 2 4
github.com/sofq/jira-cli/cmd/workflow.go:389.65,391.3 1 1
github.com/sofq/jira-cli/cmd/workflow.go:392.2,392.12 1 3
github.com/sofq/jira-cli/cmd/workflow.go:395.57,397.16 2 13
github.com/sofq/jira-cli/cmd/workflow.go:397.16,401.3 3 1
github.com/sofq/jira-cli/cmd/workflow.go:403.2,407.14 3 12
github.com/sofq/jira-cli/cmd/workflow.go:407.14,413.58 2 2
github.com/sofq/jira-cli/cmd/workflow.go:413.58,415.4 1 1
github.com/sofq/jira-cli/cmd/workflow.go:416.3,416.13 1 1
github.com/sofq/jira-cli/cmd/workflow.go:419.2,420.33 2 10
github.com/sofq/jira-cli/cmd/workflow.go:420.33,422.3 1 2
github.com/sofq/jira-cli/cmd/workflow.go:424.2,424.16 1 8
github.com/sofq/jira-cli/cmd/workflow.go:424.16,429.34 3 4
github.com/sofq/jira-cli/cmd/workflow.go:429.34,431.4 1 2
github.com/sofq/jira-cli/cmd/workflow.go:432.3,436.66 2 2
github.com/sofq/jira-cli/cmd/workflow.go:436.66,438.4 1 1
github.com/sofq/jira-cli/cmd/workflow.go:439.3,439.13 1 1
github.com/sofq/jira-cli/cmd/workflow.go:442.2,446.33 3 4
github.com/sofq/jira-cli/cmd/workflow.go:446.33,448.3 1 1
github.com/sofq/jira-cli/cmd/workflow.go:450.2,455.65 2 3
github.com/sofq/jira-cli/cmd/workflow.go:455.65,457.3 1 1
github.com/sofq/jira-cli/cmd/workflow.go:458.2,458.12 1 2
github.com/sofq/jira-cli/cmd/workflow.go:461.62,463.16 2 8
github.com/sofq/jira-cli/cmd/workflow.go:463.16,467.3 3 1
github.com/sofq/jira-cli/cmd/workflow.go:469.2,483.23 10 7
github.com/sofq/jira-cli/cmd/workflow.go:483.23,485.3 1 1
github.com/sofq/jira-cli/cmd/workflow.go:486.2,486.20 1 7
github.com/sofq/jira-cli/cmd/workflow.go:486.20,488.3 1 1
github.com/sofq/jira-cli/cmd/workflow.go:489.2,489.18 1 7
github.com/sofq/jira-cli/cmd/workflow.go:489.18,491.3 1 1
github.com/sofq/jira-cli/cmd/workflow.go:492.2,492.18 1 7
github.com/sofq/jira-cli/cmd/workflow.go:492.18,494.3 1 1
github.com/sofq/jira-cli/cmd/workflow.go:497.2,497.14 1 7
github.com/sofq/jira-cli/cmd/workflow.go:497.14,504.58 3 2
github.com/sofq/jira-cli/cmd/workflow.go:504.58,506.4 1 1
github.com/sofq/jira-cli/cmd/workflow.go:507.3,507.13 1 1
github.com/sofq/jira-cli/cmd/workflow.go:511.2,511.18 1 5
github.com/sofq/jira-cli/cmd/workflow.go:511.18,513.34 2 2
github.com/sofq/jira-cli/cmd/workflow.go:513.34,515.4 1 1
github.com/sofq/jira-cli/cmd/workflow.go:516.3,516.18 1 1
github.com/sofq/jira-cli/cmd/workflow.go:516.18,518.4 1 1
github.com/sofq/jira-cli/cmd/workflow.go:521.2,523.33 3 4
github.com/sofq/jira-cli/cmd/workflow.go:523.33,525.3 1 1
github.com/sofq/jira-cli/cmd/workflow.go:527.2,527.70 1 3
github.com/sofq/jira-cli/cmd/workflow.go:527.70,529.3 1 1
github.com/sofq/jira-cli/cmd/workflow.go:530.2,530.12 1 2
github.com/sofq/jira-cli/cmd/workflow.go:536.92,538.33 2 11
github.com/sofq/jira-cli/cmd/workflow.go:538.33,540.3 1 1
github.com/sofq/jira-cli/cmd/workflow.go:542.2,550.61 2 10
github.com/sofq/jira-cli/cmd/workflow.go:550.61,557.3 3 1
github.com/sofq/jira-cli/cmd/workflow.go:559.2,561.50 2 9
github.com/sofq/jira-cli/cmd/workflow.go:561.50,564.43 1 9
github.com/sofq/jira-cli/cmd/workflow.go:564.43,566.4 1 6
github.com/sofq/jira-cli/cmd/workflow.go:569.2,569.50 1 3
github.com/sofq/jira-cli/cmd/workflow.go:569.50,572.59 1 3
github.com/sofq/jira-cli/cmd/workflow.go:572.59,574.4 1 1
github.com/sofq/jira-cli/cmd/workflow.go:577.2,578.50 2 2
github.com/sofq/jira-cli/cmd/workflow.go:578.50,580.3 1 2
github.com/sofq/jira-cli/cmd/workflow.go:581.2,586.36 3 2
github.com/sofq/jira-cli/cmd/workflow.go:589.55,591.16 2 10
github.com/sofq/jira-cli/cmd/workflow.go:591.16,595.3 3 1
github.com/sofq/jira-cli/cmd/workflow.go:597.2,602.14 4 9
github.com/sofq/jira-cli/cmd/workflow.go:602.14,608.58 2 2
github.com/sofq/jira-cli/cmd/workflow.go:608.58,610.4 1 1
github.com/sofq/jira-cli/cmd/workflow.go:611.3,611.13 1 1
github.com/sofq/jira-cli/cmd/workflow.go:614.2,615.33 2 7
github.com/sofq/jira-cli/cmd/workflow.go:615.33,617.3 1 3
github.com/sofq/jira-cli/cmd/workflow.go:619.2,625.33 3 4
github.com/sofq/jira-cli/cmd/workflow.go:625.33,627.3 1 1
github.com/sofq/jira-cli/cmd/workflow.go:629.2,635.65 2 3
github.com/sofq/jira-cli/cmd/workflow.go:635.65,637.3 1 1
github.com/sofq/jira-cli/cmd/workflow.go:638.2,638.12 1 2
github.com/sofq/jira-cli/cmd/workflow.go:641.58,643.16 2 8
github.com/sofq/jira-cli/cmd/workflow.go:643.16,647.3 3 1
github.com/sofq/jira-cli/cmd/workflow.go:649.2,654.21 5 7
github.com/sofq/jira-cli/cmd/workflow.go:654.21,661.3 3 1
github.com/sofq/jira-cli/cmd/workflow.go:664.2,664.14 1 6
github.com/sofq/jira-cli/cmd/workflow.go:664.14,670.58 2 2
github.com/sofq/jira-cli/cmd/workflow.go:670.58,672.4 1 1
github.com/sofq/jira-cli/cmd/workflow.go:673.3,673.13 1 1
github.com/sofq/jira-cli/cmd/workflow.go:676.2,679.19 2 4
github.com/sofq/jira-cli/cmd/workflow.go:679.19,681.3 1 1
github.com/sofq/jira-cli/cmd/workflow.go:683.2,687.33 3 4
github.com/sofq/jira-cli/cmd/workflow.go:687.33,689.3 1 1
github.com/sofq/jira-cli/cmd/workflow.go:691.2,696.65 2 3
github.com/sofq/jira-cli/cmd/workflow.go:696.65,698.3 1 1
github.com/sofq/jira-cli/cmd/workflow.go:699.2,699.12 1 2
github.com/sofq/jira-cli/cmd/workflow.go:711.97,713.33 2 12
github.com/sofq/jira-cli/cmd/workflow.go:713.33,715.3 1 1
github.com/sofq/jira-cli/cmd/workflow.go:717.2,722.64 2 11
github.com/sofq/jira-cli/cmd/workflow.go:722.64,729.3 3 1
github.com/sofq/jira-cli/cmd/workflow.go:731.2,736.42 5 10
github.com/sofq/jira-cli/cmd/workflow.go:736.42,739.30 2 11
github.com/sofq/jira-cli/cmd/workflow.go:739.30,741.12 1 1
github.com/sofq/jira-cli/cmd/workflow.go:744.3,751.67 2 10
github.com/sofq/jira-cli/cmd/workflow.go:751.67,752.12 1 1
github.com/sofq/jira-cli/cmd/workflow.go:755.3,755.40 1 9
github.com/sofq/jira-cli/cmd/workflow.go:755.40,758.46 3 9
github.com/sofq/jira-cli/cmd/workflow.go:758.46,761.5 2 6
github.com/sofq/jira-cli/cmd/workflow.go:762.4,762.66 1 9
github.com/sofq/jira-cli/cmd/workflow.go:762.66,765.5 2 7
github.com/sofq/jira-cli/cmd/workflow.go:769.2,769.23 1 10
github.com/sofq/jira-cli/cmd/workflow.go:769.23,771.3 1 6
github.com/sofq/jira-cli/cmd/workflow.go:772.2,772.27 1 4
github.com/sofq/jira-cli/cmd/workflow.go:772.27,774.3 1 1
github.com/sofq/jira-cli/cmd/workflow.go:776.2,781.35 3 3
github.com/sofq/jira-cli/cmd/workflow.go:784.57,786.16 2 12
github.com/sofq/jira-cli/cmd/workflow.go:786.16,790.3 3 1
github.com/sofq/jira-cli/cmd/workflow.go:792.2,796.14 3 11
github.com/sofq/jira-cli/cmd/workflow.go:796.14,802.58 2 2
github.com/sofq/jira-cli/cmd/workflow.go:802.58,804.4 1 1
github.com/sofq/jira-cli/cmd/workflow.go:805.3,805.13 1 1
github.com/sofq/jira-cli/cmd/workflow.go:808.2,809.33 2 9
github.com/sofq/jira-cli/cmd/workflow.go:809.33,811.3 1 4
github.com/sofq/jira-cli/cmd/workflow.go:813.2,817.33 3 5
github.com/sofq/jira-cli/cmd/workflow.go:817.33,819.3 1 1
github.com/sofq/jira-cli/cmd/workflow.go:821.2,826.65 2 4
github.com/sofq/jira-cli/cmd/workflow.go:826.65,828.3 1 1
github.com/sofq/jira-cli/cmd/workflow.go:829.2,829.12 1 3
github.com/sofq/jira-cli/cmd/workflow.go:832.58,834.16 2 6
github.com/sofq/jira-cli/cmd/workflow.go:834.16,838.3 3 1
github.com/sofq/jira-cli/cmd/workflow.go:840.2,844.14 3 5
github.com/sofq/jira-cli/cmd/workflow.go:844.14,850.58 2 2
github.com/sofq/jira-cli/cmd/workflow.go:850.58,852.4 1 1
github.com/sofq/jira-cli/cmd/workflow.go:853.3,853.13 1 1
github.com/sofq/jira-cli/cmd/workflow.go:856.2,860.33 3 3
github.com/sofq/jira-cli/cmd/workflow.go:860.33,862.3 1 1
github.com/sofq/jira-cli/cmd/workflow.go:864.2,868.65 2 2
github.com/sofq/jira-cli/cmd/workflow.go:868.65,870.3 1 1
github.com/sofq/jira-cli/cmd/workflow.go:871.2,871.12 1 1
github.com/sofq/jira-cli/cmd/workflow_schema.go:8.50,116.2 1 21
github.com/sofq/jira-cli/cmd/workflow_schema.go:119.44,136.2 1 1
github.com/sofq/jira-cli/internal/adf/adf.go:26.32,27.16 1 4
github.com/sofq/jira-cli/internal/adf/adf.go:27.16,33.3 1 1
github.com/sofq/jira-cli/internal/adf/adf.go:35.2,37.29 3 3
github.com/sofq/jira-cli/internal/adf/adf.go:37.29,42.3 1 5
github.com/sofq/jira-cli/internal/adf/adf.go:44.2,48.3 1 3
github.com/sofq/jira-cli/internal/changelog/changelog.go:60.72,62.49 2 11
github.com/sofq/jira-cli/internal/changelog/changelog.go:62.49,64.3 1 1
github.com/sofq/jira-cli/internal/changelog/changelog.go:66.2,67.22 2 10
github.com/sofq/jira-cli/internal/changelog/changelog.go:67.22,70.17 3 4
github.com/sofq/jira-cli/internal/changelog/changelog.go:70.17,72.4 1 1
github.com/sofq/jira-cli/internal/changelog/changelog.go:75.2,78.34 3 9
github.com/sofq/jira-cli/internal/changelog/changelog.go:78.34,80.26 1 11
github.com/sofq/jira-cli/internal/changelog/changelog.go:80.26,82.18 2 6
github.com/sofq/jira-cli/internal/changelog/changelog.go:82.18,83.13 1 1
github.com/sofq/jira-cli/internal/changelog/changelog.go:85.4,85.35 1 5
github.com/sofq/jira-cli/internal/changelog/changelog.go:85.35,86.13 1 2
github.com/sofq/jira-cli/internal/changelog/changelog.go:90.3,91.19 2 8
github.com/sofq/jira-cli/internal/changelog/changelog.go:91.19,93.4 1 1
github.com/sofq/jira-cli/internal/changelog/changelog.go:95.3,95.36 1 8
github.com/sofq/jira-cli/internal/changelog/changelog.go:95.36,96.71 1 10
github.com/sofq/jira-cli/internal/changelog/changelog.go:96.71,97.13 1 1
github.com/sofq/jira-cli/internal/changelog/changelog.go:100.4,105.29 2 9
github.com/sofq/jira-cli/internal/changelog/changelog.go:105.29,107.5 1 1
github.com/sofq/jira-cli/internal/changelog/changelog.go:107.10,109.5 1 8
github.com/sofq/jira-cli/internal/changelog/changelog.go:110.4,110.27 1 9
github.com/sofq/jira-cli/internal/changelog/changelog.go:110.27,112.5 1 0
github.com/sofq/jira-cli/internal/changelog/changelog.go:112.10,114.5 1 9
github.com/sofq/jira-cli/internal/changelog/changelog.go:115.4,115.37 1 9
github.com/sofq/jira-cli/internal/changelog/changelog.go:119.2,119.20 1 9
github.com/sofq/jira-cli/internal/changelog/changelog.go:119.20,121.3 1 1
github.com/sofq/jira-cli/internal/changelog/changelog.go:123.2,126.8 1 9
github.com/sofq/jira-cli/internal/changelog/changelog.go:131.61,137.4 1 14
github.com/sofq/jira-cli/internal/changelog/changelog.go:137.4,138.50 1 39
github.com/sofq/jira-cli/internal/changelog/changelog.go:138.50,140.4 1 5
github.com/sofq/jira-cli/internal/changelog/changelog.go:144.2,145.16 2 9
github.com/sofq/jira-cli/internal/changelog/changelog.go:145.16,147.3 1 3
github.com/sofq/jira-cli/internal/changelog/changelog.go:148.2,148.18 1 6
github.com/sofq/jira-cli/internal/changelog/changelog.go:148.18,150.3 1 1
github.com/sofq/jira-cli/internal/changelog/changelog.go:151.2,151.57 1 6
github.com/sofq/jira-cli/internal/changelog/changelog.go:155.49,162.4 1 11
github.com/sofq/jira-cli/internal/changelog/changelog.go:162.4,163.50 1 18
github.com/sofq/jira-cli/internal/changelog/changelog.go:163.50,165.4 1 9
github.com/sofq/jira-cli/internal/changelog/changelog.go:167.2,167.69 1 2
github.com/sofq/jira-cli/internal/audit/audit.go:34.46,35.63 1 9
github.com/sofq/jira-cli/internal/audit/audit.go:35.63,37.3 1 1
github.com/sofq/jira-cli/internal/audit/audit.go:38.2,39.16 2 8
github.com/sofq/jira-cli/internal/audit/audit.go:39.16,41.3 1 0
github.com/sofq/jira-cli/internal/audit/audit.go:42.2,42.30 1 8
github.com/sofq/jira-cli/internal/audit/audit.go:46.27,47.22 1 1
github.com/sofq/jira-cli/internal/audit/audit.go:48.16,50.82 2 1
github.com/sofq/jira-cli/internal/audit/audit.go:51.17,53.51 2 0
github.com/sofq/jira-cli/internal/audit/audit.go:54.10,56.59 2 0
github.com/sofq/jira-cli/internal/audit/audit.go:62.35,63.14 1 56
github.com/sofq/jira-cli/internal/audit/audit.go:63.14,65.3 1 1
github.com/sofq/jira-cli/internal/audit/audit.go:66.2,69.16 3 55
github.com/sofq/jira-cli/internal/audit/audit.go:69.16,71.3 1 0
github.com/sofq/jira-cli/internal/audit/audit.go:72.2,76.19 4 55
github.com/sofq/jira-cli/internal/audit/audit.go:76.19,78.3 1 1
github.com/sofq/jira-cli/internal/audit/audit.go:79.2,79.27 1 54
github.com/sofq/jira-cli/internal/audit/audit.go:83.26,84.14 1 10
github.com/sofq/jira-cli/internal/audit/audit.go:84.14,86.3 1 1
github.com/sofq/jira-cli/internal/audit/audit.go:87.2,89.19 3 9
github.com/sofq/jira-cli/internal/audit/audit.go:89.19,92.3 2 8
github.com/sofq/jira-cli/internal/client/client.go:51.65,53.2 1 1
github.com/sofq/jira-cli/internal/client/client.go:57.56,59.21 2 2
github.com/sofq/jira-cli/internal/client/client.go:59.21,61.3 1 1
github.com/sofq/jira-cli/internal/client/client.go:62.2,62.15 1 1
github.com/sofq/jira-cli/internal/client/client.go:68.69,70.29 2 1
github.com/sofq/jira-cli/internal/client/client.go:70.29,72.29 2 3
github.com/sofq/jira-cli/internal/client/client.go:72.29,73.12 1 2
github.com/sofq/jira-cli/internal/client/client.go:75.3,75.32 1 1
github.com/sofq/jira-cli/internal/client/client.go:77.2,77.10 1 1
github.com/sofq/jira-cli/internal/client/client.go:83.53,84.38 1 112
github.com/sofq/jira-cli/internal/client/client.go:85.16,86.58 1 1
github.com/sofq/jira-cli/internal/client/client.go:87.16,89.17 2 10
github.com/sofq/jira-cli/internal/client/client.go:89.17,91.4 1 5
github.com/sofq/jira-cli/internal/client/client.go:92.3,92.18 1 5
github.com/sofq/jira-cli/internal/client/client.go:92.18,94.4 1 2
github.com/sofq/jira-cli/internal/client/client.go:95.3,95.51 1 3
github.com/sofq/jira-cli/internal/client/client.go:96.10,97.50 1 101
github.com/sofq/jira-cli/internal/client/client.go:99.2,99.12 1 105
github.com/sofq/jira-cli/internal/client/client.go:103.53,109.25 2 10
github.com/sofq/jira-cli/internal/client/client.go:109.25,111.3 1 1
github.com/sofq/jira-cli/internal/client/client.go:113.2,114.16 2 10
github.com/sofq/jira-cli/internal/client/client.go:114.16,116.3 1 2
github.com/sofq/jira-cli/internal/client/client.go:117.2,119.28 2 8
github.com/sofq/jira-cli/internal/client/client.go:119.28,122.3 2 2
github.com/sofq/jira-cli/internal/client/client.go:124.2,127.70 2 6
github.com/sofq/jira-cli/internal/client/client.go:127.70,129.3 1 1
github.com/sofq/jira-cli/internal/client/client.go:130.2,130.35 1 5
github.com/sofq/jira-cli/internal/client/client.go:136.101,140.39 2 96
github.com/sofq/jira-cli/internal/client/client.go:140.39,141.19 1 1
github.com/sofq/jira-cli/internal/client/client.go:141.19,143.4 1 1
github.com/sofq/jira-cli/internal/client/client.go:144.3,144.32 1 1
github.com/sofq/jira-cli/internal/client/client.go:148.2,148.49 1 96
github.com/sofq/jira-cli/internal/client/client.go:148.49,150.3 1 1
github.com/sofq/jira-cli/internal/client/client.go:151.2,152.20 2 96
github.com/sofq/jira-cli/internal/client/client.go:152.20,153.36 1 6
github.com/sofq/jira-cli/internal/client/client.go:153.36,155.4 1 2
github.com/sofq/jira-cli/internal/client/client.go:155.9,157.4 1 4
github.com/sofq/jira-cli/internal/client/client.go:161.2,161.14 1 96
github.com/sofq/jira-cli/internal/client/client.go:161.14,166.18 2 8
github.com/sofq/jira-cli/internal/client/client.go:166.18,168.40 2 3
github.com/sofq/jira-cli/internal/client/client.go:168.40,170.50 2 3
github.com/sofq/jira-cli/internal/client/client.go:170.50,172.6 1 2
github.com/sofq/jira-cli/internal/client/client.go:172.11,174.6 1 1
github.com/sofq/jira-cli/internal/client/client.go:177.3,183.18 7 8
github.com/sofq/jira-cli/internal/client/client.go:187.2,187.35 1 88
github.com/sofq/jira-cli/internal/client/client.go:187.35,189.3 1 39
github.com/sofq/jira-cli/internal/client/client.go:192.2,192.50 1 49
github.com/sofq/jira-cli/internal/client/client.go:196.95,199.39 2 49
github.com/sofq/jira-cli/internal/client/client.go:199.39,201.54 2 5
github.com/sofq/jira-cli/internal/client/client.go:201.54,205.4 3 1
github.com/sofq/jira-cli/internal/client/client.go:208.2,209.16 2 48
github.com/sofq/jira-cli/internal/client/client.go:209.16,217.3 3 1
github.com/sofq/jira-cli/internal/client/client.go:219.2,220.17 2 47
github.com/sofq/jira-cli/internal/client/client.go:220.17,222.3 1 8
github.com/sofq/jira-cli/internal/client/client.go:223.2,223.41 1 47
github.com/sofq/jira-cli/internal/client/client.go:223.41,232.3 3 5
github.com/sofq/jira-cli/internal/client/client.go:234.2,237.16 3 42
github.com/sofq/jira-cli/internal/client/client.go:237.16,245.3 3 1
github.com/sofq/jira-cli/internal/client/client.go:246.2,251.16 4 41
github.com/sofq/jira-cli/internal/client/client.go:251.16,259.3 3 1
github.com/sofq/jira-cli/internal/client/client.go:262.2,262.28 1 40
github.com/sofq/jira-cli/internal/client/client.go:262.28,267.3 4 7
github.com/sofq/jira-cli/internal/client/client.go:270.2,270.67 1 33
github.com/sofq/jira-cli/internal/client/client.go:270.67,272.3 1 4
github.com/sofq/jira-cli/internal/client/client.go:275.2,275.20 1 33
github.com/sofq/jira-cli/internal/client/client.go:275.20,276.55 1 4
github.com/sofq/jira-cli/internal/client/client.go:276.55,278.4 1 1
github.com/sofq/jira-cli/internal/client/client.go:281.2,283.17 3 33
github.com/sofq/jira-cli/internal/client/client.go:313.51,315.53 2 33
github.com/sofq/jira-cli/internal/client/client.go:315.53,317.3 1 1
github.com/sofq/jira-cli/internal/client/client.go:318.2,318.34 1 32
github.com/sofq/jira-cli/internal/client/client.go:318.34,320.3 1 19
github.com/sofq/jira-cli/internal/client/client.go:321.2,321.34 1 13
github.com/sofq/jira-cli/internal/client/client.go:321.34,323.3 1 9
github.com/sofq/jira-cli/internal/client/client.go:324.2,324.23 1 4
github.com/sofq/jira-cli/internal/client/client.go:331.109,334.20 2 39
github.com/sofq/jira-cli/internal/client/client.go:334.20,336.54 2 6
github.com/sofq/jira-cli/internal/client/client.go:336.54,340.4 3 2
github.com/sofq/jira-cli/internal/client/client.go:344.2,345.29 2 37
github.com/sofq/jira-cli/internal/client/client.go:345.29,347.3 1 4
github.com/sofq/jira-cli/internal/client/client.go:350.2,351.31 2 33
github.com/sofq/jira-cli/internal/client/client.go:351.31,352.21 1 5
github.com/sofq/jira-cli/internal/client/client.go:352.21,353.57 1 2
github.com/sofq/jira-cli/internal/client/client.go:353.57,355.5 1 1
github.com/sofq/jira-cli/internal/client/client.go:357.3,357.34 1 5
github.com/sofq/jira-cli/internal/client/client.go:361.2,361.32 1 28
github.com/sofq/jira-cli/internal/client/client.go:361.32,363.3 1 9
github.com/sofq/jira-cli/internal/client/client.go:365.2,365.77 1 19
github.com/sofq/jira-cli/internal/client/client.go:370.65,372.35 2 19
github.com/sofq/jira-cli/internal/client/client.go:372.35,374.3 1 1
github.com/sofq/jira-cli/internal/client/client.go:375.2,375.38 1 18
github.com/sofq/jira-cli/internal/client/client.go:379.137,381.62 2 19
github.com/sofq/jira-cli/internal/client/client.go:381.62,383.3 1 1
github.com/sofq/jira-cli/internal/client/client.go:385.2,388.92 3 18
github.com/sofq/jira-cli/internal/client/client.go:388.92,391.27 3 11
github.com/sofq/jira-cli/internal/client/client.go:391.27,393.4 1 2
github.com/sofq/jira-cli/internal/client/client.go:394.3,398.30 4 11
github.com/sofq/jira-cli/internal/client/client.go:398.30,400.4 1 4
github.com/sofq/jira-cli/internal/client/client.go:402.3,403.57 2 7
github.com/sofq/jira-cli/internal/client/client.go:403.57,404.9 1 1
github.com/sofq/jira-cli/internal/client/client.go:406.3,407.22 2 6
github.com/sofq/jira-cli/internal/client/client.go:410.2,424.52 13 14
github.com/sofq/jira-cli/internal/client/client.go:428.135,430.62 2 9
github.com/sofq/jira-cli/internal/client/client.go:430.62,432.3 1 1
github.com/sofq/jira-cli/internal/client/client.go:434.2,439.72 5 8
github.com/sofq/jira-cli/internal/client/client.go:439.72,441.27 2 8
github.com/sofq/jira-cli/internal/client/client.go:441.27,443.4 1 1
github.com/sofq/jira-cli/internal/client/client.go:444.3,448.30 4 8
github.com/sofq/jira-cli/internal/client/client.go:448.30,450.4 1 1
github.com/sofq/jira-cli/internal/client/client.go:452.3,453.57 2 7
github.com/sofq/jira-cli/internal/client/client.go:453.57,454.9 1 1
github.com/sofq/jira-cli/internal/client/client.go:456.3,459.27 4 6
github.com/sofq/jira-cli/internal/client/client.go:462.2,474.52 11 7
github.com/sofq/jira-cli/internal/client/client.go:478.98,485.20 6 21
github.com/sofq/jira-cli/internal/client/client.go:485.20,486.53 1 2
github.com/sofq/jira-cli/internal/client/client.go:486.53,488.4 1 1
github.com/sofq/jira-cli/internal/client/client.go:491.2,491.30 1 21
github.com/sofq/jira-cli/internal/client/client.go:495.67,496.24 1 24
github.com/sofq/jira-cli/internal/client/client.go:496.24,498.3 1 6
github.com/sofq/jira-cli/internal/client/client.go:499.2,499.20 1 18
github.com/sofq/jira-cli/internal/client/client.go:499.20,501.3 1 16
github.com/sofq/jira-cli/internal/client/client.go:504.2,504.36 1 2
github.com/sofq/jira-cli/internal/client/client.go:504.36,506.3 1 1
github.com/sofq/jira-cli/internal/client/client.go:507.2,507.30 1 1
github.com/sofq/jira-cli/internal/client/client.go:511.92,513.16 2 56
github.com/sofq/jira-cli/internal/client/client.go:513.16,521.3 3 1
github.com/sofq/jira-cli/internal/client/client.go:522.2,523.41 2 55
github.com/sofq/jira-cli/internal/client/client.go:523.41,532.3 3 1
github.com/sofq/jira-cli/internal/client/client.go:534.2,537.16 3 54
github.com/sofq/jira-cli/internal/client/client.go:537.16,545.3 3 3
github.com/sofq/jira-cli/internal/client/client.go:546.2,551.16 4 51
github.com/sofq/jira-cli/internal/client/client.go:551.16,559.3 3 1
github.com/sofq/jira-cli/internal/client/client.go:561.2,561.28 1 50
github.com/sofq/jira-cli/internal/client/client.go:561.28,565.3 3 3
github.com/sofq/jira-cli/internal/client/client.go:567.2,567.30 1 47
github.com/sofq/jira-cli/internal/client/client.go:572.44,574.2 1 11
github.com/sofq/jira-cli/internal/client/client.go:577.52,578.16 1 208
github.com/sofq/jira-cli/internal/client/client.go:578.16,580.3 1 195
github.com/sofq/jira-cli/internal/client/client.go:581.2,582.37 2 13
github.com/sofq/jira-cli/internal/client/client.go:586.70,587.26 1 58
github.com/sofq/jira-cli/internal/client/client.go:587.26,589.3 1 55
github.com/sofq/jira-cli/internal/client/client.go:590.2,598.4 1 3
github.com/sofq/jira-cli/internal/client/client.go:604.96,607.16 3 11
github.com/sofq/jira-cli/internal/client/client.go:607.16,614.3 3 1
github.com/sofq/jira-cli/internal/client/client.go:615.2,616.17 2 10
github.com/sofq/jira-cli/internal/client/client.go:616.17,618.3 1 1
github.com/sofq/jira-cli/internal/client/client.go:619.2,619.41 1 10
github.com/sofq/jira-cli/internal/client/client.go:619.41,627.3 3 1
github.com/sofq/jira-cli/internal/client/client.go:629.2,632.16 3 9
github.com/sofq/jira-cli/internal/client/client.go:632.16,636.3 3 1
github.com/sofq/jira-cli/internal/client/client.go:637.2,642.16 4 8
github.com/sofq/jira-cli/internal/client/client.go:642.16,649.3 3 1
github.com/sofq/jira-cli/internal/client/client.go:650.2,650.28 1 7
github.com/sofq/jira-cli/internal/client/client.go:650.28,655.3 4 2
github.com/sofq/jira-cli/internal/client/client.go:656.2,657.34 2 5
github.com/sofq/jira-cli/internal/client/client.go:662.47,664.22 1 72
github.com/sofq/jira-cli/internal/client/client.go:664.22,666.17 2 10
github.com/sofq/jira-cli/internal/client/client.go:666.17,674.4 3 1
github.com/sofq/jira-cli/internal/client/client.go:675.3,675.18 1 9
github.com/sofq/jira-cli/internal/client/client.go:679.2,679.14 1 71
github.com/sofq/jira-cli/internal/client/client.go:679.14,681.3 1 3
github.com/sofq/jira-cli/internal/client/client.go:683.2,684.24 2 71
github.com/sofq/jira-cli/internal/cache/cache.go:18.19,19.25 1 18
github.com/sofq/jira-cli/internal/cache/cache.go:19.25,23.3 3 1
github.com/sofq/jira-cli/internal/cache/cache.go:24.2,24.17 1 18
github.com/sofq/jira-cli/internal/cache/cache.go:30.60,32.34 2 19
github.com/sofq/jira-cli/internal/cache/cache.go:32.34,34.3 1 4
github.com/sofq/jira-cli/internal/cache/cache.go:35.2,36.33 2 19
github.com/sofq/jira-cli/internal/cache/cache.go:40.56,43.16 3 8
github.com/sofq/jira-cli/internal/cache/cache.go:43.16,45.3 1 2
github.com/sofq/jira-cli/internal/cache/cache.go:46.2,46.38 1 6
github.com/sofq/jira-cli/internal/cache/cache.go:46.38,49.3 2 1
github.com/sofq/jira-cli/internal/cache/cache.go:50.2,51.16 2 5
github.com/sofq/jira-cli/internal/cache/cache.go:51.16,53.3 1 1
github.com/sofq/jira-cli/internal/cache/cache.go:54.2,54.19 1 4
github.com/sofq/jira-cli/internal/cache/cache.go:58.41,61.2 2 8
github.com/sofq/jira-cli/internal/config/config.go:66.27,67.47 1 5
github.com/sofq/jira-cli/internal/config/config.go:67.47,69.3 1 1
github.com/sofq/jira-cli/internal/config/config.go:70.2,70.14 1 4
github.com/sofq/jira-cli/internal/config/config.go:71.16,73.84 2 2
github.com/sofq/jira-cli/internal/config/config.go:74.17,76.53 2 1
github.com/sofq/jira-cli/internal/config/config.go:77.10,79.61 2 1
github.com/sofq/jira-cli/internal/config/config.go:85.45,87.16 2 34
github.com/sofq/jira-cli/internal/config/config.go:87.16,88.37 1 8
github.com/sofq/jira-cli/internal/config/config.go:88.37,90.4 1 6
github.com/sofq/jira-cli/internal/config/config.go:91.3,91.18 1 2
github.com/sofq/jira-cli/internal/config/config.go:94.2,95.51 2 26
github.com/sofq/jira-cli/internal/config/config.go:95.51,97.3 1 2
github.com/sofq/jira-cli/internal/config/config.go:98.2,98.25 1 24
github.com/sofq/jira-cli/internal/config/config.go:98.25,100.3 1 1
github.com/sofq/jira-cli/internal/config/config.go:101.2,101.18 1 24
github.com/sofq/jira-cli/internal/config/config.go:107.45,108.63 1 25
github.com/sofq/jira-cli/internal/config/config.go:108.63,110.3 1 1
github.com/sofq/jira-cli/internal/config/config.go:112.2,113.40 2 24
github.com/sofq/jira-cli/internal/config/config.go:117.44,119.30 2 2
github.com/sofq/jira-cli/internal/config/config.go:119.30,121.3 1 1
github.com/sofq/jira-cli/internal/config/config.go:122.2,123.21 2 2
github.com/sofq/jira-cli/internal/config/config.go:123.21,125.3 1 1
github.com/sofq/jira-cli/internal/config/config.go:126.2,126.34 1 1
github.com/sofq/jira-cli/internal/config/config.go:133.35,135.2 1 29
github.com/sofq/jira-cli/internal/config/config.go:142.93,145.16 2 25
github.com/sofq/jira-cli/internal/config/config.go:145.16,147.3 1 1
github.com/sofq/jira-cli/internal/config/config.go:149.2,150.16 2 24
github.com/sofq/jira-cli/internal/config/config.go:150.16,152.3 1 18
github.com/sofq/jira-cli/internal/config/config.go:153.2,153.16 1 24
github.com/sofq/jira-cli/internal/config/config.go:153.16,155.3 1 5
github.com/sofq/jira-cli/internal/config/config.go:157.2,161.37 5 24
github.com/sofq/jira-cli/internal/config/config.go:161.37,173.3 11 17
github.com/sofq/jira-cli/internal/config/config.go:173.8,173.30 1 7
github.com/sofq/jira-cli/internal/config/config.go:173.30,176.3 1 2
github.com/sofq/jira-cli/internal/config/config.go:179.2,186.22 6 22
github.com/sofq/jira-cli/internal/config/config.go:186.22,188.3 1 7
github.com/sofq/jira-cli/internal/config/config.go:190.2,191.23 2 22
github.com/sofq/jira-cli/internal/config/config.go:191.23,193.3 1 4
github.com/sofq/jira-cli/internal/config/config.go:195.2,196.23 2 22
github.com/sofq/jira-cli/internal/config/config.go:196.23,198.3 1 3
github.com/sofq/jira-cli/internal/config/config.go:200.2,201.20 2 22
github.com/sofq/jira-cli/internal/config/config.go:201.20,203.3 1 4
github.com/sofq/jira-cli/internal/config/config.go:206.2,206.18 1 22
github.com/sofq/jira-cli/internal/config/config.go:206.18,207.26 1 3
github.com/sofq/jira-cli/internal/config/config.go:207.26,209.4 1 1
github.com/sofq/jira-cli/internal/config/config.go:210.3,210.27 1 3
github.com/sofq/jira-cli/internal/config/config.go:210.27,212.4 1 2
github.com/sofq/jira-cli/internal/config/config.go:213.3,213.27 1 3
github.com/sofq/jira-cli/internal/config/config.go:213.27,215.4 1 1
github.com/sofq/jira-cli/internal/config/config.go:216.3,216.24 1 3
github.com/sofq/jira-cli/internal/config/config.go:216.24,218.4 1 1
github.com/sofq/jira-cli/internal/config/config.go:222.2,222.20 1 22
github.com/sofq/jira-cli/internal/config/config.go:222.20,224.3 1 3
github.com/sofq/jira-cli/internal/config/config.go:227.2,227.30 1 22
github.com/sofq/jira-cli/internal/config/config.go:227.30,229.3 1 3
github.com/sofq/jira-cli/internal/config/config.go:230.2,233.26 2 19
github.com/sofq/jira-cli/internal/config/config.go:233.26,235.25 2 5
github.com/sofq/jira-cli/internal/config/config.go:235.25,237.4 1 2
github.com/sofq/jira-cli/internal/config/config.go:238.3,238.29 1 5
github.com/sofq/jira-cli/internal/config/config.go:238.29,240.4 1 2
github.com/sofq/jira-cli/internal/config/config.go:241.3,241.25 1 5
github.com/sofq/jira-cli/internal/config/config.go:241.25,243.4 1 2
github.com/sofq/jira-cli/internal/config/config.go:244.3,244.23 1 5
github.com/sofq/jira-cli/internal/config/config.go:244.23,246.4 1 4
github.com/sofq/jira-cli/internal/config/config.go:250.2,267.8 2 15
github.com/sofq/jira-cli/internal/duration/duration.go:23.35,25.13 2 11
github.com/sofq/jira-cli/internal/duration/duration.go:25.13,27.3 1 1
github.com/sofq/jira-cli/internal/duration/duration.go:29.2,30.23 2 10
github.com/sofq/jira-cli/internal/duration/duration.go:30.23,32.3 1 1
github.com/sofq/jira-cli/internal/duration/duration.go:34.2,35.28 2 9
github.com/sofq/jira-cli/internal/duration/duration.go:35.28,37.15 2 14
github.com/sofq/jira-cli/internal/duration/duration.go:38.12,39.25 1 2
github.com/sofq/jira-cli/internal/duration/duration.go:40.12,41.24 1 3
github.com/sofq/jira-cli/internal/duration/duration.go:42.12,43.25 1 5
github.com/sofq/jira-cli/internal/duration/duration.go:44.12,45.27 1 4
github.com/sofq/jira-cli/internal/duration/duration.go:49.2,49.19 1 9
github.com/sofq/jira-cli/internal/errors/errors.go:33.46,33.80 1 1
github.com/sofq/jira-cli/internal/errors/errors.go:53.35,54.18 1 3
github.com/sofq/jira-cli/internal/errors/errors.go:54.18,56.3 1 1
github.com/sofq/jira-cli/internal/errors/errors.go:57.2,57.76 1 2
github.com/sofq/jira-cli/internal/errors/errors.go:61.35,63.2 1 3
github.com/sofq/jira-cli/internal/errors/errors.go:66.43,70.2 3 9
github.com/sofq/jira-cli/internal/errors/errors.go:73.34,75.2 1 1
github.com/sofq/jira-cli/internal/errors/errors.go:78.41,79.9 1 22
github.com/sofq/jira-cli/internal/errors/errors.go:80.38,81.18 1 3
github.com/sofq/jira-cli/internal/errors/errors.go:82.21,83.22 1 2
github.com/sofq/jira-cli/internal/errors/errors.go:84.38,85.24 1 2
github.com/sofq/jira-cli/internal/errors/errors.go:86.21,87.23 1 1
github.com/sofq/jira-cli/internal/errors/errors.go:88.21,89.22 1 1
github.com/sofq/jira-cli/internal/errors/errors.go:90.21,91.22 1 1
github.com/sofq/jira-cli/internal/errors/errors.go:92.37,93.24 1 3
github.com/sofq/jira-cli/internal/errors/errors.go:94.37,95.20 1 5
github.com/sofq/jira-cli/internal/errors/errors.go:96.37,97.16 1 1
github.com/sofq/jira-cli/internal/errors/errors.go:98.10,99.19 1 3
github.com/sofq/jira-cli/internal/errors/errors.go:104.45,105.9 1 54
github.com/sofq/jira-cli/internal/errors/errors.go:106.38,107.23 1 7
github.com/sofq/jira-cli/internal/errors/errors.go:108.21,109.21 1 11
github.com/sofq/jira-cli/internal/errors/errors.go:110.38,111.28 1 5
github.com/sofq/jira-cli/internal/errors/errors.go:112.21,113.24 1 6
github.com/sofq/jira-cli/internal/errors/errors.go:114.21,115.20 1 2
github.com/sofq/jira-cli/internal/errors/errors.go:116.21,117.16 1 2
github.com/sofq/jira-cli/internal/errors/errors.go:118.37,119.24 1 3
github.com/sofq/jira-cli/internal/errors/errors.go:120.37,121.24 1 15
github.com/sofq/jira-cli/internal/errors/errors.go:122.10,123.28 1 3
github.com/sofq/jira-cli/internal/errors/errors.go:129.40,130.16 1 34
github.com/sofq/jira-cli/internal/errors/errors.go:131.11,132.99 1 4
github.com/sofq/jira-cli/internal/errors/errors.go:133.11,134.62 1 1
github.com/sofq/jira-cli/internal/errors/errors.go:135.11,136.61 1 5
github.com/sofq/jira-cli/internal/errors/errors.go:137.10,138.12 1 24
github.com/sofq/jira-cli/internal/errors/errors.go:144.51,147.147 3 28
github.com/sofq/jira-cli/internal/errors/errors.go:147.147,149.3 1 9
github.com/sofq/jira-cli/internal/errors/errors.go:150.2,150.13 1 19
github.com/sofq/jira-cli/internal/errors/errors.go:156.95,158.17 2 28
github.com/sofq/jira-cli/internal/errors/errors.go:158.17,159.53 1 3
github.com/sofq/jira-cli/internal/errors/errors.go:159.53,160.52 1 2
github.com/sofq/jira-cli/internal/errors/errors.go:160.52,162.5 1 1
github.com/sofq/jira-cli/internal/errors/errors.go:165.2,175.3 1 28
github.com/sofq/jira-cli/internal/jq/jq.go:13.48,20.2 5 26
github.com/sofq/jira-cli/internal/jq/jq.go:24.57,25.18 1 31
github.com/sofq/jira-cli/internal/jq/jq.go:25.18,27.3 1 1
github.com/sofq/jira-cli/internal/jq/jq.go:29.2,30.16 2 30
github.com/sofq/jira-cli/internal/jq/jq.go:30.16,32.3 1 1
github.com/sofq/jira-cli/internal/jq/jq.go:34.2,35.53 2 29
github.com/sofq/jira-cli/internal/jq/jq.go:35.53,37.3 1 1
github.com/sofq/jira-cli/internal/jq/jq.go:39.2,41.6 3 28
github.com/sofq/jira-cli/internal/jq/jq.go:41.6,43.10 2 57
github.com/sofq/jira-cli/internal/jq/jq.go:43.10,44.9 1 27
github.com/sofq/jira-cli/internal/jq/jq.go:46.3,46.37 1 30
github.com/sofq/jira-cli/internal/jq/jq.go:46.37,48.4 1 1
github.com/sofq/jira-cli/internal/jq/jq.go:49.3,49.31 1 29
github.com/sofq/jira-cli/internal/jq/jq.go:52.2,52.23 1 27
github.com/sofq/jira-cli/internal/jq/jq.go:52.23,54.3 1 1
github.com/sofq/jira-cli/internal/jq/jq.go:56.2,56.23 1 26
github.com/sofq/jira-cli/internal/jq/jq.go:56.23,58.3 1 24
github.com/sofq/jira-cli/internal/jq/jq.go:60.2,60.42 1 2
github.com/sofq/jira-cli/internal/policy/policy.go:18.63,22.25 3 10
github.com/sofq/jira-cli/internal/policy/policy.go:22.25,24.3 1 1
github.com/sofq/jira-cli/internal/policy/policy.go:25.2,25.27 1 9
github.com/sofq/jira-cli/internal/policy/policy.go:25.27,27.3 1 1
github.com/sofq/jira-cli/internal/policy/policy.go:30.2,31.13 2 8
github.com/sofq/jira-cli/internal/policy/policy.go:31.13,33.3 1 4
github.com/sofq/jira-cli/internal/policy/policy.go:34.2,34.30 1 8
github.com/sofq/jira-cli/internal/policy/policy.go:34.30,35.52 1 15
github.com/sofq/jira-cli/internal/policy/policy.go:35.52,37.4 1 2
github.com/sofq/jira-cli/internal/policy/policy.go:40.2,41.14 2 6
github.com/sofq/jira-cli/internal/policy/policy.go:41.14,44.3 2 3
github.com/sofq/jira-cli/internal/policy/policy.go:44.8,47.3 2 3
github.com/sofq/jira-cli/internal/policy/policy.go:48.2,48.15 1 6
github.com/sofq/jira-cli/internal/policy/policy.go:53.48,54.14 1 18
github.com/sofq/jira-cli/internal/policy/policy.go:54.14,56.3 1 1
github.com/sofq/jira-cli/internal/policy/policy.go:58.2,58.16 1 17
github.com/sofq/jira-cli/internal/policy/policy.go:59.15,60.40 1 8
github.com/sofq/jira-cli/internal/policy/policy.go:60.40,61.61 1 23
github.com/sofq/jira-cli/internal/policy/policy.go:61.61,63.5 1 4
github.com/sofq/jira-cli/internal/policy/policy.go:65.3,65.81 1 4
github.com/sofq/jira-cli/internal/policy/policy.go:66.14,67.39 1 9
github.com/sofq/jira-cli/internal/policy/policy.go:67.39,68.61 1 20
github.com/sofq/jira-cli/internal/policy/policy.go:68.61,70.5 1 6
github.com/sofq/jira-cli/internal/policy/policy.go:72.3,72.13 1 3
github.com/sofq/jira-cli/internal/policy/policy.go:74.2,74.12 1 0
github.com/sofq/jira-cli/internal/policy/policy.go:83.38,85.2 1 2
github.com/sofq/jira-cli/internal/preset/preset.go:39.37,41.16 2 7
github.com/sofq/jira-cli/internal/preset/preset.go:41.16,45.3 2 0
github.com/sofq/jira-cli/internal/preset/preset.go:46.2,46.49 1 7
github.com/sofq/jira-cli/internal/preset/preset.go:51.51,53.16 2 15
github.com/sofq/jira-cli/internal/preset/preset.go:53.16,54.37 1 8
github.com/sofq/jira-cli/internal/preset/preset.go:54.37,56.4 1 7
github.com/sofq/jira-cli/internal/preset/preset.go:57.3,57.18 1 1
github.com/sofq/jira-cli/internal/preset/preset.go:59.2,60.55 2 7
github.com/sofq/jira-cli/internal/preset/preset.go:60.55,62.3 1 2
github.com/sofq/jira-cli/internal/preset/preset.go:63.2,63.21 1 5
github.com/sofq/jira-cli/internal/preset/preset.go:70.48,72.16 2 12
github.com/sofq/jira-cli/internal/preset/preset.go:72.16,74.3 1 2
github.com/sofq/jira-cli/internal/preset/preset.go:75.2,75.29 1 10
github.com/sofq/jira-cli/internal/preset/preset.go:75.29,77.3 1 2
github.com/sofq/jira-cli/internal/preset/preset.go:78.2,79.19 2 8
github.com/sofq/jira-cli/internal/preset/preset.go:92.29,96.38 2 3
github.com/sofq/jira-cli/internal/preset/preset.go:96.38,103.3 1 12
github.com/sofq/jira-cli/internal/preset/preset.go:106.2,107.16 2 3
github.com/sofq/jira-cli/internal/preset/preset.go:107.16,109.3 1 1
github.com/sofq/jira-cli/internal/preset/preset.go:110.2,110.28 1 2
github.com/sofq/jira-cli/internal/preset/preset.go:110.28,117.3 1 1
github.com/sofq/jira-cli/internal/preset/preset.go:120.2,121.27 2 2
github.com/sofq/jira-cli/internal/preset/preset.go:121.27,123.3 1 9
github.com/sofq/jira-cli/internal/preset/preset.go:124.2,127.29 3 2
github.com/sofq/jira-cli/internal/preset/preset.go:127.29,129.3 1 9
github.com/sofq/jira-cli/internal/preset/preset.go:131.2,131.29 1 2
github.com/sofq/jira-cli/internal/template/template.go:44.38,46.16 2 3
github.com/sofq/jira-cli/internal/template/template.go:46.16,49.3 2 0
github.com/sofq/jira-cli/internal/template/template.go:50.2,50.46 1 3
github.com/sofq/jira-cli/internal/template/template.go:54.59,56.16 2 7
github.com/sofq/jira-cli/internal/template/template.go:56.16,58.3 1 0
github.com/sofq/jira-cli/internal/template/template.go:60.2,61.32 2 7
github.com/sofq/jira-cli/internal/template/template.go:61.32,62.65 1 42
github.com/sofq/jira-cli/internal/template/template.go:62.65,63.12 1 0
github.com/sofq/jira-cli/internal/template/template.go:65.3,66.17 2 42
github.com/sofq/jira-cli/internal/template/template.go:66.17,68.4 1 0
github.com/sofq/jira-cli/internal/template/template.go:69.3,70.53 2 42
github.com/sofq/jira-cli/internal/template/template.go:70.53,72.4 1 0
github.com/sofq/jira-cli/internal/template/template.go:73.3,73.31 1 42
github.com/sofq/jira-cli/internal/template/template.go:75.2,75.23 1 7
github.com/sofq/jira-cli/internal/template/template.go:80.56,83.16 3 9
github.com/sofq/jira-cli/internal/template/template.go:83.16,84.37 1 5
github.com/sofq/jira-cli/internal/template/template.go:84.37,86.4 1 3
github.com/sofq/jira-cli/internal/template/template.go:87.3,87.18 1 2
github.com/sofq/jira-cli/internal/template/template.go:90.2,91.32 2 4
github.com/sofq/jira-cli/internal/template/template.go:91.32,92.65 1 6
github.com/sofq/jira-cli/internal/template/template.go:92.65,93.12 1 2
github.com/sofq/jira-cli/internal/template/template.go:95.3,96.17 2 4
github.com/sofq/jira-cli/internal/template/template.go:96.17,98.4 1 0
github.com/sofq/jira-cli/internal/template/template.go:99.3,100.53 2 4
github.com/sofq/jira-cli/internal/template/template.go:100.53,102.4 1 1
github.com/sofq/jira-cli/internal/template/template.go:103.3,103.31 1 3
github.com/sofq/jira-cli/internal/template/template.go:105.2,105.23 1 3
github.com/sofq/jira-cli/internal/template/template.go:109.51,111.16 2 5
github.com/sofq/jira-cli/internal/template/template.go:111.16,113.3 1 2
github.com/sofq/jira-cli/internal/template/template.go:114.2,114.29 1 3
github.com/sofq/jira-cli/internal/template/template.go:114.29,116.3 1 1
github.com/sofq/jira-cli/internal/template/template.go:118.2,119.16 2 2
github.com/sofq/jira-cli/internal/template/template.go:119.16,121.3 1 0
github.com/sofq/jira-cli/internal/template/template.go:122.2,123.19 2 2
github.com/sofq/jira-cli/internal/template/template.go:136.29,140.16 3 4
github.com/sofq/jira-cli/internal/template/template.go:140.16,142.3 1 0
github.com/sofq/jira-cli/internal/template/template.go:143.2,143.31 1 4
github.com/sofq/jira-cli/internal/template/template.go:143.31,151.3 1 24
github.com/sofq/jira-cli/internal/template/template.go:153.2,154.16 2 4
github.com/sofq/jira-cli/internal/template/template.go:154.16,156.3 1 1
github.com/sofq/jira-cli/internal/template/template.go:157.2,157.28 1 3
github.com/sofq/jira-cli/internal/template/template.go:157.28,165.3 1 2
github.com/sofq/jira-cli/internal/template/template.go:167.2,168.27 2 3
github.com/sofq/jira-cli/internal/template/template.go:168.27,170.3 1 20
github.com/sofq/jira-cli/internal/template/template.go:171.2,174.29 3 3
github.com/sofq/jira-cli/internal/template/template.go:174.29,176.3 1 20
github.com/sofq/jira-cli/internal/template/template.go:178.2,181.43 4 3
github.com/sofq/jira-cli/internal/template/template.go:181.43,183.3 1 0
github.com/sofq/jira-cli/internal/template/template.go:184.2,184.48 1 3
github.com/sofq/jira-cli/internal/template/template.go:190.86,193.35 2 6
github.com/sofq/jira-cli/internal/template/template.go:193.35,195.39 2 9
github.com/sofq/jira-cli/internal/template/template.go:195.39,196.23 1 2
github.com/sofq/jira-cli/internal/template/template.go:196.23,198.5 1 1
github.com/sofq/jira-cli/internal/template/template.go:201.2,201.22 1 6
github.com/sofq/jira-cli/internal/template/template.go:201.22,203.3 1 1
github.com/sofq/jira-cli/internal/template/template.go:206.2,207.35 2 5
github.com/sofq/jira-cli/internal/template/template.go:207.35,208.22 1 8
github.com/sofq/jira-cli/internal/template/template.go:208.22,210.4 1 2
github.com/sofq/jira-cli/internal/template/template.go:212.2,212.25 1 5
github.com/sofq/jira-cli/internal/template/template.go:212.25,214.3 1 5
github.com/sofq/jira-cli/internal/template/template.go:217.2,218.42 2 5
github.com/sofq/jira-cli/internal/template/template.go:218.42,220.17 2 8
github.com/sofq/jira-cli/internal/template/template.go:220.17,222.4 1 1
github.com/sofq/jira-cli/internal/template/template.go:223.3,224.47 2 7
github.com/sofq/jira-cli/internal/template/template.go:224.47,226.4 1 1
github.com/sofq/jira-cli/internal/template/template.go:227.3,228.16 2 6
github.com/sofq/jira-cli/internal/template/template.go:228.16,230.4 1 5
github.com/sofq/jira-cli/internal/template/template.go:233.2,233.22 1 3
github.com/sofq/jira-cli/internal/template/template.go:237.38,238.42 1 17
github.com/sofq/jira-cli/internal/template/template.go:238.42,240.3 1 8
github.com/sofq/jira-cli/internal/template/template.go:241.2,241.12 1 9
github.com/sofq/jira-cli/internal/template/template.go:247.59,248.48 1 6
github.com/sofq/jira-cli/internal/template/template.go:248.48,250.3 1 1
github.com/sofq/jira-cli/internal/template/template.go:252.2,253.48 2 5
github.com/sofq/jira-cli/internal/template/template.go:253.48,255.3 1 0
github.com/sofq/jira-cli/internal/template/template.go:257.2,259.16 2 5
github.com/sofq/jira-cli/internal/template/template.go:259.16,260.42 1 4
github.com/sofq/jira-cli/internal/template/template.go:260.42,262.4 1 1
github.com/sofq/jira-cli/internal/template/template.go:265.2,266.16 2 4
github.com/sofq/jira-cli/internal/template/template.go:266.16,268.3 1 0
github.com/sofq/jira-cli/internal/template/template.go:270.2,270.56 1 4
github.com/sofq/jira-cli/internal/template/template.go:270.56,272.3 1 1
github.com/sofq/jira-cli/internal/template/template.go:273.2,273.18 1 3
github.com/sofq/jira-cli/gen/generator.go:26.38,30.22 4 18796
github.com/sofq/jira-cli/gen/generator.go:30.22,31.71 1 209894
github.com/sofq/jira-cli/gen/generator.go:31.71,33.4 1 209894
github.com/sofq/jira-cli/gen/generator.go:35.2,36.24 2 18796
github.com/sofq/jira-cli/gen/generator.go:36.24,38.3 1 90
github.com/sofq/jira-cli/gen/generator.go:39.2,39.15 1 18796
github.com/sofq/jira-cli/gen/generator.go:43.46,45.2 1 866
github.com/sofq/jira-cli/gen/generator.go:48.46,50.2 1 3726
github.com/sofq/jira-cli/gen/generator.go:54.57,59.20 4 3727
github.com/sofq/jira-cli/gen/generator.go:59.20,60.21 1 117977
github.com/sofq/jira-cli/gen/generator.go:60.21,62.17 2 2805
github.com/sofq/jira-cli/gen/generator.go:62.17,65.13 3 1
github.com/sofq/jira-cli/gen/generator.go:67.4,71.16 5 2804
github.com/sofq/jira-cli/gen/generator.go:72.9,75.4 2 115172
github.com/sofq/jira-cli/gen/generator.go:78.2,78.52 1 3727
github.com/sofq/jira-cli/gen/generator.go:153.48,155.2 1 494
github.com/sofq/jira-cli/gen/generator.go:159.55,162.8 2 487
github.com/sofq/jira-cli/gen/generator.go:162.8,165.46 3 487
github.com/sofq/jira-cli/gen/generator.go:165.46,167.4 1 483
github.com/sofq/jira-cli/gen/generator.go:171.2,171.62 1 4
github.com/sofq/jira-cli/gen/generator.go:171.62,173.46 2 8
github.com/sofq/jira-cli/gen/generator.go:173.46,175.4 1 1
github.com/sofq/jira-cli/gen/generator.go:178.2,178.54 1 3
github.com/sofq/jira-cli/gen/generator.go:183.60,185.16 2 493
github.com/sofq/jira-cli/gen/generator.go:185.16,187.3 1 7
github.com/sofq/jira-cli/gen/generator.go:189.2,190.16 2 486
github.com/sofq/jira-cli/gen/generator.go:190.16,192.3 1 1
github.com/sofq/jira-cli/gen/generator.go:194.2,195.49 2 485
github.com/sofq/jira-cli/gen/generator.go:195.49,197.3 1 1
github.com/sofq/jira-cli/gen/generator.go:199.2,200.16 2 484
github.com/sofq/jira-cli/gen/generator.go:200.16,203.3 1 1
github.com/sofq/jira-cli/gen/generator.go:204.2,204.23 1 483
github.com/sofq/jira-cli/gen/generator.go:210.66,213.25 3 1021
github.com/sofq/jira-cli/gen/generator.go:213.25,216.3 2 8070
github.com/sofq/jira-cli/gen/generator.go:218.2,218.25 1 1021
github.com/sofq/jira-cli/gen/generator.go:218.25,219.54 1 8070
github.com/sofq/jira-cli/gen/generator.go:219.54,223.28 3 156
github.com/sofq/jira-cli/gen/generator.go:223.28,225.5 1 325
github.com/sofq/jira-cli/gen/generator.go:226.4,226.39 1 156
github.com/sofq/jira-cli/gen/generator.go:229.2,229.14 1 1021
github.com/sofq/jira-cli/gen/generator.go:232.78,237.25 4 472
github.com/sofq/jira-cli/gen/generator.go:237.25,243.35 5 3726
github.com/sofq/jira-cli/gen/generator.go:243.35,250.4 1 2804
github.com/sofq/jira-cli/gen/generator.go:252.3,254.36 3 3726
github.com/sofq/jira-cli/gen/generator.go:254.36,262.4 2 4400
github.com/sofq/jira-cli/gen/generator.go:264.3,265.30 2 3726
github.com/sofq/jira-cli/gen/generator.go:265.30,267.4 1 1465
github.com/sofq/jira-cli/gen/generator.go:269.3,282.5 1 3726
github.com/sofq/jira-cli/gen/generator.go:285.2,292.16 3 472
github.com/sofq/jira-cli/gen/generator.go:292.16,294.3 1 2
github.com/sofq/jira-cli/gen/generator.go:296.2,297.42 2 470
github.com/sofq/jira-cli/gen/generator.go:301.97,303.37 2 9
github.com/sofq/jira-cli/gen/generator.go:303.37,306.26 3 471
github.com/sofq/jira-cli/gen/generator.go:306.26,309.36 3 3724
github.com/sofq/jira-cli/gen/generator.go:309.36,317.5 1 2803
github.com/sofq/jira-cli/gen/generator.go:318.4,318.37 1 3724
github.com/sofq/jira-cli/gen/generator.go:318.37,326.5 1 4399
github.com/sofq/jira-cli/gen/generator.go:327.4,327.18 1 3724
github.com/sofq/jira-cli/gen/generator.go:327.18,335.5 1 1477
github.com/sofq/jira-cli/gen/generator.go:336.4,344.6 1 3724
github.com/sofq/jira-cli/gen/generator.go:348.2,354.16 3 9
github.com/sofq/jira-cli/gen/generator.go:354.16,356.3 1 2
github.com/sofq/jira-cli/gen/generator.go:358.2,359.42 2 7
github.com/sofq/jira-cli/gen/generator.go:363.60,365.30 2 8
github.com/sofq/jira-cli/gen/generator.go:365.30,369.3 1 394
github.com/sofq/jira-cli/gen/generator.go:371.2,374.16 3 8
github.com/sofq/jira-cli/gen/generator.go:374.16,376.3 1 2
github.com/sofq/jira-cli/gen/generator.go:378.2,379.42 2 6
github.com/sofq/jira-cli/gen/grouper.go:9.62,11.25 2 12
github.com/sofq/jira-cli/gen/grouper.go:11.25,14.3 2 6824
github.com/sofq/jira-cli/gen/grouper.go:15.2,15.15 1 12
github.com/sofq/jira-cli/gen/grouper.go:22.42,26.73 2 6830
github.com/sofq/jira-cli/gen/grouper.go:26.73,28.3 1 6629
github.com/sofq/jira-cli/gen/grouper.go:31.2,31.49 1 201
github.com/sofq/jira-cli/gen/grouper.go:31.49,33.3 1 199
github.com/sofq/jira-cli/gen/grouper.go:36.2,36.29 1 2
github.com/sofq/jira-cli/gen/grouper.go:36.29,37.14 1 2
github.com/sofq/jira-cli/gen/grouper.go:37.14,39.4 1 1
github.com/sofq/jira-cli/gen/grouper.go:42.2,42.13 1 1
github.com/sofq/jira-cli/gen/grouper.go:46.68,48.21 2 8084
github.com/sofq/jira-cli/gen/grouper.go:48.21,50.3 1 1
github.com/sofq/jira-cli/gen/grouper.go:52.2,55.20 3 8083
github.com/sofq/jira-cli/gen/grouper.go:55.20,57.3 1 53
github.com/sofq/jira-cli/gen/grouper.go:61.2,62.25 2 8030
github.com/sofq/jira-cli/gen/grouper.go:62.25,64.3 1 20877
github.com/sofq/jira-cli/gen/grouper.go:67.2,72.30 4 8030
github.com/sofq/jira-cli/gen/grouper.go:72.30,74.3 1 20877
github.com/sofq/jira-cli/gen/grouper.go:77.2,77.94 1 8030
github.com/sofq/jira-cli/gen/grouper.go:77.94,79.3 1 1108
github.com/sofq/jira-cli/gen/grouper.go:85.2,85.132 1 6922
github.com/sofq/jira-cli/gen/grouper.go:85.132,88.3 2 794
github.com/sofq/jira-cli/gen/grouper.go:93.2,93.74 1 6128
github.com/sofq/jira-cli/gen/grouper.go:93.74,96.3 1 1418
github.com/sofq/jira-cli/gen/grouper.go:99.2,99.50 1 4710
github.com/sofq/jira-cli/gen/grouper.go:115.35,116.45 1 35090
github.com/sofq/jira-cli/gen/grouper.go:116.45,118.3 1 385
github.com/sofq/jira-cli/gen/grouper.go:119.2,119.34 1 34705
github.com/sofq/jira-cli/gen/grouper.go:119.34,121.3 1 1
github.com/sofq/jira-cli/gen/grouper.go:122.2,122.47 1 34704
github.com/sofq/jira-cli/gen/grouper.go:122.47,124.3 1 315
github.com/sofq/jira-cli/gen/grouper.go:125.2,125.107 1 34389
github.com/sofq/jira-cli/gen/grouper.go:125.107,127.3 1 4325
github.com/sofq/jira-cli/gen/grouper.go:128.2,128.10 1 30064
github.com/sofq/jira-cli/gen/grouper.go:133.40,134.13 1 8246
github.com/sofq/jira-cli/gen/grouper.go:134.13,136.3 1 2
github.com/sofq/jira-cli/gen/grouper.go:138.2,142.26 4 8244
github.com/sofq/jira-cli/gen/grouper.go:142.26,143.13 1 170450
github.com/sofq/jira-cli/gen/grouper.go:143.13,145.12 2 8244
github.com/sofq/jira-cli/gen/grouper.go:147.3,147.25 1 162206
github.com/sofq/jira-cli/gen/grouper.go:147.25,151.54 2 21120
github.com/sofq/jira-cli/gen/grouper.go:151.54,154.5 2 21036
github.com/sofq/jira-cli/gen/grouper.go:154.10,154.62 1 84
github.com/sofq/jira-cli/gen/grouper.go:154.62,156.26 1 14
github.com/sofq/jira-cli/gen/grouper.go:156.26,159.6 2 14
github.com/sofq/jira-cli/gen/grouper.go:162.3,162.23 1 162206
github.com/sofq/jira-cli/gen/grouper.go:164.2,164.23 1 8244
github.com/sofq/jira-cli/gen/grouper.go:164.23,166.3 1 8244
github.com/sofq/jira-cli/gen/grouper.go:168.2,168.14 1 8244
github.com/sofq/jira-cli/gen/main.go:12.41,16.16 3 10
github.com/sofq/jira-cli/gen/main.go:16.16,18.3 1 2
github.com/sofq/jira-cli/gen/main.go:19.2,26.24 4 8
github.com/sofq/jira-cli/gen/main.go:26.24,28.3 1 624
github.com/sofq/jira-cli/gen/main.go:29.2,34.45 4 8
github.com/sofq/jira-cli/gen/main.go:34.45,36.3 1 1
github.com/sofq/jira-cli/gen/main.go:37.2,37.51 1 7
github.com/sofq/jira-cli/gen/main.go:37.51,39.3 1 1
github.com/sofq/jira-cli/gen/main.go:42.2,43.37 2 6
github.com/sofq/jira-cli/gen/main.go:43.37,44.78 1 391
github.com/sofq/jira-cli/gen/main.go:44.78,46.4 1 1
github.com/sofq/jira-cli/gen/main.go:47.3,47.63 1 390
github.com/sofq/jira-cli/gen/main.go:51.2,52.70 2 5
github.com/sofq/jira-cli/gen/main.go:52.70,54.3 1 1
github.com/sofq/jira-cli/gen/main.go:57.2,58.56 2 4
github.com/sofq/jira-cli/gen/main.go:58.56,60.3 1 1
github.com/sofq/jira-cli/gen/main.go:63.2,65.12 2 3
github.com/sofq/jira-cli/gen/main.go:71.13,74.46 3 2
github.com/sofq/jira-cli/gen/main.go:74.46,77.3 2 1
github.com/sofq/jira-cli/gen/parser.go:34.50,36.16 2 21
github.com/sofq/jira-cli/gen/parser.go:36.16,38.3 1 3
github.com/sofq/jira-cli/gen/parser.go:40.2,41.16 2 18
github.com/sofq/jira-cli/gen/parser.go:41.16,43.3 1 1
github.com/sofq/jira-cli/gen/parser.go:45.2,46.17 2 17
github.com/sofq/jira-cli/gen/parser.go:46.17,48.3 1 1
github.com/sofq/jira-cli/gen/parser.go:50.2,50.30 1 16
github.com/sofq/jira-cli/gen/parser.go:50.30,52.3 1 1
github.com/sofq/jira-cli/gen/parser.go:54.2,56.83 2 15
github.com/sofq/jira-cli/gen/parser.go:56.83,62.33 4 5881
github.com/sofq/jira-cli/gen/parser.go:62.33,64.4 1 1
github.com/sofq/jira-cli/gen/parser.go:66.3,79.30 3 5881
github.com/sofq/jira-cli/gen/parser.go:79.30,80.20 1 29405
github.com/sofq/jira-cli/gen/parser.go:80.20,81.13 1 20723
github.com/sofq/jira-cli/gen/parser.go:84.4,96.31 4 8682
github.com/sofq/jira-cli/gen/parser.go:96.31,98.5 1 6791
github.com/sofq/jira-cli/gen/parser.go:100.4,100.32 1 8682
github.com/sofq/jira-cli/gen/parser.go:100.32,107.23 2 16845
github.com/sofq/jira-cli/gen/parser.go:107.23,109.6 1 6539
github.com/sofq/jira-cli/gen/parser.go:109.11,109.33 1 10306
github.com/sofq/jira-cli/gen/parser.go:109.33,111.6 1 742
github.com/sofq/jira-cli/gen/parser.go:113.5,113.17 1 16845
github.com/sofq/jira-cli/gen/parser.go:114.17,115.50 1 6539
github.com/sofq/jira-cli/gen/parser.go:116.18,117.52 1 10264
github.com/sofq/jira-cli/gen/parser.go:121.4,121.25 1 8682
github.com/sofq/jira-cli/gen/parser.go:125.2,125.17 1 15
github.com/sofq/jira-cli/gen/parser.go:130.50,131.19 1 16847
github.com/sofq/jira-cli/gen/parser.go:131.19,133.3 1 1
github.com/sofq/jira-cli/gen/parser.go:134.2,134.55 1 16846
github.com/sofq/jira-cli/gen/parser.go:134.55,136.3 1 16845
github.com/sofq/jira-cli/gen/parser.go:137.2,137.17 1 1
github.com/sofq/jira-cli/main.go:9.13,12.2 2 0
