mode: set
github.com/sofq/jira-cli/internal/adf/adf.go:26.32,27.16 1 1
github.com/sofq/jira-cli/internal/adf/adf.go:27.16,33.3 1 1
github.com/sofq/jira-cli/internal/adf/adf.go:37.2,38.16 2 1
github.com/sofq/jira-cli/internal/adf/adf.go:38.16,44.3 1 1
github.com/sofq/jira-cli/internal/adf/adf.go:46.2,48.29 3 1
github.com/sofq/jira-cli/internal/adf/adf.go:48.29,53.3 1 1
github.com/sofq/jira-cli/internal/adf/adf.go:55.2,59.3 1 1
github.com/sofq/jira-cli/internal/changelog/changelog.go:60.72,62.49 2 1
github.com/sofq/jira-cli/internal/changelog/changelog.go:62.49,64.3 1 1
github.com/sofq/jira-cli/internal/changelog/changelog.go:66.2,67.22 2 1
github.com/sofq/jira-cli/internal/changelog/changelog.go:67.22,70.17 3 1
github.com/sofq/jira-cli/internal/changelog/changelog.go:70.17,72.4 1 1
github.com/sofq/jira-cli/internal/changelog/changelog.go:75.2,78.34 3 1
github.com/sofq/jira-cli/internal/changelog/changelog.go:78.34,80.26 1 1
github.com/sofq/jira-cli/internal/changelog/changelog.go:80.26,82.18 2 1
github.com/sofq/jira-cli/internal/changelog/changelog.go:82.18,83.13 1 1
github.com/sofq/jira-cli/internal/changelog/changelog.go:85.4,85.35 1 1
github.com/sofq/jira-cli/internal/changelog/changelog.go:85.35,86.13 1 1
github.com/sofq/jira-cli/internal/changelog/changelog.go:90.3,91.19 2 1
github.com/sofq/jira-cli/internal/changelog/changelog.go:91.19,93.4 1 1
github.com/sofq/jira-cli/internal/changelog/changelog.go:95.3,95.36 1 1
github.com/sofq/jira-cli/internal/changelog/changelog.go:95.36,96.71 1 1
github.com/sofq/jira-cli/internal/changelog/changelog.go:96.71,97.13 1 1
github.com/sofq/jira-cli/internal/changelog/changelog.go:100.4,105.29 2 1
github.com/sofq/jira-cli/internal/changelog/changelog.go:105.29,107.5 1 1
github.com/sofq/jira-cli/internal/changelog/changelog.go:107.10,109.5 1 1
github.com/sofq/jira-cli/internal/changelog/changelog.go:110.4,110.27 1 1
github.com/sofq/jira-cli/internal/changelog/changelog.go:110.27,112.5 1 1
github.com/sofq/jira-cli/internal/changelog/changelog.go:112.10,114.5 1 1
github.com/sofq/jira-cli/internal/changelog/changelog.go:115.4,115.37 1 1
github.com/sofq/jira-cli/internal/changelog/changelog.go:119.2,119.20 1 1
github.com/sofq/jira-cli/internal/changelog/changelog.go:119.20,121.3 1 1
github.com/sofq/jira-cli/internal/changelog/changelog.go:123.2,126.8 1 1
github.com/sofq/jira-cli/internal/changelog/changelog.go:131.61,137.4 1 1
github.com/sofq/jira-cli/internal/changelog/changelog.go:137.4,138.50 1 1
github.com/sofq/jira-cli/internal/changelog/changelog.go:138.50,140.4 1 1
github.com/sofq/jira-cli/internal/changelog/changelog.go:144.2,145.16 2 1
github.com/sofq/jira-cli/internal/changelog/changelog.go:145.16,147.3 1 1
github.com/sofq/jira-cli/internal/changelog/changelog.go:148.2,148.18 1 1
github.com/sofq/jira-cli/internal/changelog/changelog.go:148.18,150.3 1 1
github.com/sofq/jira-cli/internal/changelog/changelog.go:151.2,151.57 1 1
github.com/sofq/jira-cli/internal/changelog/changelog.go:155.49,162.4 1 1
github.com/sofq/jira-cli/internal/changelog/changelog.go:162.4,163.50 1 1
github.com/sofq/jira-cli/internal/changelog/changelog.go:163.50,165.4 1 1
github.com/sofq/jira-cli/internal/changelog/changelog.go:167.2,167.69 1 1
github.com/sofq/jira-cli/internal/audit/audit.go:33.46,34.63 1 1
github.com/sofq/jira-cli/internal/audit/audit.go:34.63,36.3 1 1
github.com/sofq/jira-cli/internal/audit/audit.go:37.2,38.16 2 1
github.com/sofq/jira-cli/internal/audit/audit.go:38.16,40.3 1 1
github.com/sofq/jira-cli/internal/audit/audit.go:41.2,41.30 1 1
github.com/sofq/jira-cli/internal/audit/audit.go:46.27,48.16 2 1
github.com/sofq/jira-cli/internal/audit/audit.go:48.16,51.3 2 1
github.com/sofq/jira-cli/internal/audit/audit.go:52.2,52.46 1 1
github.com/sofq/jira-cli/internal/audit/audit.go:57.35,58.14 1 1
github.com/sofq/jira-cli/internal/audit/audit.go:58.14,60.3 1 1
github.com/sofq/jira-cli/internal/audit/audit.go:61.2,69.19 6 1
github.com/sofq/jira-cli/internal/audit/audit.go:69.19,71.3 1 1
github.com/sofq/jira-cli/internal/audit/audit.go:72.2,72.27 1 1
github.com/sofq/jira-cli/internal/audit/audit.go:76.26,77.14 1 1
github.com/sofq/jira-cli/internal/audit/audit.go:77.14,79.3 1 1
github.com/sofq/jira-cli/internal/audit/audit.go:80.2,82.19 3 1
github.com/sofq/jira-cli/internal/audit/audit.go:82.19,85.3 2 1
github.com/sofq/jira-cli/cmd/avatar.go:32.67,33.37 1 0
github.com/sofq/jira-cli/cmd/avatar.go:33.37,35.4 1 0
github.com/sofq/jira-cli/cmd/avatar.go:37.3,37.46 1 0
github.com/sofq/jira-cli/cmd/avatar.go:90.13,125.2 25 1
github.com/sofq/jira-cli/cmd/avatar.go:129.82,131.16 2 1
github.com/sofq/jira-cli/cmd/avatar.go:131.16,133.3 1 0
github.com/sofq/jira-cli/cmd/avatar.go:134.2,136.33 3 1
github.com/sofq/jira-cli/cmd/avatar.go:140.73,142.16 2 1
github.com/sofq/jira-cli/cmd/avatar.go:142.16,144.3 1 0
github.com/sofq/jira-cli/cmd/avatar.go:145.2,146.16 2 1
github.com/sofq/jira-cli/cmd/avatar.go:146.16,148.3 1 1
github.com/sofq/jira-cli/cmd/avatar.go:149.2,149.16 1 1
github.com/sofq/jira-cli/cmd/avatar.go:149.16,151.3 1 1
github.com/sofq/jira-cli/cmd/avatar.go:152.2,153.9 2 1
github.com/sofq/jira-cli/cmd/avatar.go:153.9,155.3 1 1
github.com/sofq/jira-cli/cmd/avatar.go:156.2,156.22 1 1
github.com/sofq/jira-cli/cmd/avatar.go:159.64,161.16 2 1
github.com/sofq/jira-cli/cmd/avatar.go:161.16,165.3 3 1
github.com/sofq/jira-cli/cmd/avatar.go:167.2,180.23 7 1
github.com/sofq/jira-cli/cmd/avatar.go:180.23,184.3 3 1
github.com/sofq/jira-cli/cmd/avatar.go:187.2,189.52 3 1
github.com/sofq/jira-cli/cmd/avatar.go:189.52,193.3 3 0
github.com/sofq/jira-cli/cmd/avatar.go:195.2,195.71 1 1
github.com/sofq/jira-cli/cmd/avatar.go:195.71,199.3 3 0
github.com/sofq/jira-cli/cmd/avatar.go:201.2,203.12 3 1
github.com/sofq/jira-cli/cmd/avatar.go:206.62,208.16 2 1
github.com/sofq/jira-cli/cmd/avatar.go:208.16,212.3 3 1
github.com/sofq/jira-cli/cmd/avatar.go:214.2,221.23 6 1
github.com/sofq/jira-cli/cmd/avatar.go:221.23,225.3 3 0
github.com/sofq/jira-cli/cmd/avatar.go:227.2,228.20 2 1
github.com/sofq/jira-cli/cmd/avatar.go:228.20,235.3 3 0
github.com/sofq/jira-cli/cmd/avatar.go:238.2,249.21 5 1
github.com/sofq/jira-cli/cmd/avatar.go:249.21,253.3 3 1
github.com/sofq/jira-cli/cmd/avatar.go:255.2,255.52 1 1
github.com/sofq/jira-cli/cmd/avatar.go:255.52,259.3 3 0
github.com/sofq/jira-cli/cmd/avatar.go:261.2,261.65 1 1
github.com/sofq/jira-cli/cmd/avatar.go:261.65,265.3 3 0
github.com/sofq/jira-cli/cmd/avatar.go:267.2,269.12 3 1
github.com/sofq/jira-cli/cmd/avatar.go:272.63,274.16 2 1
github.com/sofq/jira-cli/cmd/avatar.go:274.16,278.3 3 1
github.com/sofq/jira-cli/cmd/avatar.go:280.2,280.32 1 1
github.com/sofq/jira-cli/cmd/avatar.go:280.32,287.3 3 1
github.com/sofq/jira-cli/cmd/avatar.go:289.2,290.20 2 1
github.com/sofq/jira-cli/cmd/avatar.go:290.20,294.3 3 1
github.com/sofq/jira-cli/cmd/avatar.go:296.2,308.12 7 1
github.com/sofq/jira-cli/cmd/avatar.go:311.61,313.16 2 1
github.com/sofq/jira-cli/cmd/avatar.go:313.16,317.3 3 1
github.com/sofq/jira-cli/cmd/avatar.go:319.2,319.32 1 1
github.com/sofq/jira-cli/cmd/avatar.go:319.32,326.3 3 0
github.com/sofq/jira-cli/cmd/avatar.go:328.2,329.20 2 1
github.com/sofq/jira-cli/cmd/avatar.go:329.20,333.3 3 1
github.com/sofq/jira-cli/cmd/avatar.go:335.2,337.12 3 1
github.com/sofq/jira-cli/cmd/avatar.go:340.61,342.16 2 1
github.com/sofq/jira-cli/cmd/avatar.go:342.16,346.3 3 1
github.com/sofq/jira-cli/cmd/avatar.go:348.2,348.32 1 1
github.com/sofq/jira-cli/cmd/avatar.go:348.32,355.3 3 1
github.com/sofq/jira-cli/cmd/avatar.go:357.2,360.18 3 1
github.com/sofq/jira-cli/cmd/avatar.go:360.18,362.3 1 1
github.com/sofq/jira-cli/cmd/avatar.go:364.2,369.46 5 1
github.com/sofq/jira-cli/cmd/avatar.go:369.46,373.3 3 1
github.com/sofq/jira-cli/cmd/avatar.go:376.2,377.20 2 1
github.com/sofq/jira-cli/cmd/avatar.go:377.20,381.3 3 0
github.com/sofq/jira-cli/cmd/avatar.go:383.2,384.57 2 1
github.com/sofq/jira-cli/cmd/avatar.go:384.57,391.3 3 1
github.com/sofq/jira-cli/cmd/avatar.go:393.2,395.12 3 1
github.com/sofq/jira-cli/cmd/avatar.go:398.64,399.52 1 1
github.com/sofq/jira-cli/cmd/avatar.go:399.52,401.3 1 1
github.com/sofq/jira-cli/cmd/avatar.go:402.2,402.34 1 1
github.com/sofq/jira-cli/cmd/avatar.go:405.63,407.46 2 1
github.com/sofq/jira-cli/cmd/avatar.go:407.46,410.3 2 1
github.com/sofq/jira-cli/cmd/avatar.go:412.2,413.20 2 1
github.com/sofq/jira-cli/cmd/avatar.go:413.20,416.3 2 1
github.com/sofq/jira-cli/cmd/avatar.go:418.2,421.34 3 1
github.com/sofq/jira-cli/cmd/avatar.go:421.34,422.63 1 1
github.com/sofq/jira-cli/cmd/avatar.go:422.63,424.4 1 1
github.com/sofq/jira-cli/cmd/avatar.go:427.2,443.12 6 1
github.com/sofq/jira-cli/cmd/avatar.go:455.49,457.61 2 1
github.com/sofq/jira-cli/cmd/avatar.go:457.61,459.3 1 1
github.com/sofq/jira-cli/cmd/avatar.go:459.8,461.17 2 0
github.com/sofq/jira-cli/cmd/avatar.go:461.17,464.4 2 0
github.com/sofq/jira-cli/cmd/avatar.go:465.3,465.48 1 0
github.com/sofq/jira-cli/cmd/avatar.go:468.2,469.20 2 1
github.com/sofq/jira-cli/cmd/avatar.go:469.20,470.29 1 1
github.com/sofq/jira-cli/cmd/avatar.go:470.29,472.4 1 1
github.com/sofq/jira-cli/cmd/avatar.go:473.3,473.72 1 0
github.com/sofq/jira-cli/cmd/avatar.go:476.2,477.28 2 1
github.com/sofq/jira-cli/cmd/avatar.go:477.28,478.16 1 1
github.com/sofq/jira-cli/cmd/avatar.go:478.16,480.4 1 1
github.com/sofq/jira-cli/cmd/avatar.go:483.2,483.20 1 1
github.com/sofq/jira-cli/cmd/avatar.go:483.20,485.3 1 1
github.com/sofq/jira-cli/cmd/avatar.go:487.2,487.20 1 1
github.com/sofq/jira-cli/cmd/avatar.go:487.20,489.3 1 1
github.com/sofq/jira-cli/cmd/avatar.go:492.2,494.25 3 1
github.com/sofq/jira-cli/cmd/avatar.go:494.25,496.21 2 1
github.com/sofq/jira-cli/cmd/avatar.go:496.21,497.12 1 1
github.com/sofq/jira-cli/cmd/avatar.go:499.3,499.37 1 1
github.com/sofq/jira-cli/cmd/avatar.go:499.37,502.4 2 1
github.com/sofq/jira-cli/cmd/avatar.go:504.2,504.18 1 1
github.com/sofq/jira-cli/cmd/batch.go:62.13,67.2 4 1
github.com/sofq/jira-cli/cmd/batch.go:69.56,72.16 2 1
github.com/sofq/jira-cli/cmd/batch.go:72.16,80.3 3 1
github.com/sofq/jira-cli/cmd/batch.go:83.2,86.21 3 1
github.com/sofq/jira-cli/cmd/batch.go:86.21,88.17 2 1
github.com/sofq/jira-cli/cmd/batch.go:88.17,96.4 3 1
github.com/sofq/jira-cli/cmd/batch.go:97.8,100.59 2 1
github.com/sofq/jira-cli/cmd/batch.go:100.59,108.4 3 1
github.com/sofq/jira-cli/cmd/batch.go:109.3,110.17 2 1
github.com/sofq/jira-cli/cmd/batch.go:110.17,118.4 3 0
github.com/sofq/jira-cli/cmd/batch.go:122.2,123.56 2 1
github.com/sofq/jira-cli/cmd/batch.go:123.56,131.3 3 1
github.com/sofq/jira-cli/cmd/batch.go:134.2,134.16 1 1
github.com/sofq/jira-cli/cmd/batch.go:134.16,142.3 3 1
github.com/sofq/jira-cli/cmd/batch.go:145.2,146.41 2 1
github.com/sofq/jira-cli/cmd/batch.go:146.41,154.3 3 1
github.com/sofq/jira-cli/cmd/batch.go:157.2,163.28 6 1
github.com/sofq/jira-cli/cmd/batch.go:163.28,166.3 2 1
github.com/sofq/jira-cli/cmd/batch.go:170.2,175.18 3 1
github.com/sofq/jira-cli/cmd/batch.go:175.18,181.27 4 1
github.com/sofq/jira-cli/cmd/batch.go:181.27,184.33 3 1
github.com/sofq/jira-cli/cmd/batch.go:184.33,186.18 2 1
github.com/sofq/jira-cli/cmd/batch.go:186.18,186.27 1 1
github.com/sofq/jira-cli/cmd/batch.go:187.5,187.78 1 1
github.com/sofq/jira-cli/cmd/batch.go:190.3,190.12 1 1
github.com/sofq/jira-cli/cmd/batch.go:191.8,192.27 1 1
github.com/sofq/jira-cli/cmd/batch.go:192.27,194.4 1 1
github.com/sofq/jira-cli/cmd/batch.go:198.2,208.31 6 1
github.com/sofq/jira-cli/cmd/batch.go:208.31,210.17 2 1
github.com/sofq/jira-cli/cmd/batch.go:210.17,218.4 3 1
github.com/sofq/jira-cli/cmd/batch.go:219.3,219.20 1 1
github.com/sofq/jira-cli/cmd/batch.go:223.2,223.23 1 1
github.com/sofq/jira-cli/cmd/batch.go:223.23,225.3 1 1
github.com/sofq/jira-cli/cmd/batch.go:227.2,231.28 3 1
github.com/sofq/jira-cli/cmd/batch.go:231.28,232.27 1 1
github.com/sofq/jira-cli/cmd/batch.go:232.27,234.4 1 1
github.com/sofq/jira-cli/cmd/batch.go:236.2,236.18 1 1
github.com/sofq/jira-cli/cmd/batch.go:236.18,238.3 1 1
github.com/sofq/jira-cli/cmd/batch.go:240.2,240.12 1 1
github.com/sofq/jira-cli/cmd/batch.go:252.15,255.9 2 1
github.com/sofq/jira-cli/cmd/batch.go:255.9,258.3 2 1
github.com/sofq/jira-cli/cmd/batch.go:261.2,261.30 1 1
github.com/sofq/jira-cli/cmd/batch.go:261.30,262.62 1 1
github.com/sofq/jira-cli/cmd/batch.go:262.62,273.4 3 1
github.com/sofq/jira-cli/cmd/batch.go:277.2,299.49 4 1
github.com/sofq/jira-cli/cmd/batch.go:299.49,302.3 2 1
github.com/sofq/jira-cli/cmd/batch.go:303.2,303.49 1 1
github.com/sofq/jira-cli/cmd/batch.go:303.49,306.3 2 1
github.com/sofq/jira-cli/cmd/batch.go:307.2,307.32 1 1
github.com/sofq/jira-cli/cmd/batch.go:307.32,310.3 2 1
github.com/sofq/jira-cli/cmd/batch.go:313.2,314.38 2 1
github.com/sofq/jira-cli/cmd/batch.go:314.38,315.24 1 1
github.com/sofq/jira-cli/cmd/batch.go:315.24,317.63 2 1
github.com/sofq/jira-cli/cmd/batch.go:317.63,319.5 1 1
github.com/sofq/jira-cli/cmd/batch.go:319.10,319.67 1 1
github.com/sofq/jira-cli/cmd/batch.go:319.67,322.5 2 1
github.com/sofq/jira-cli/cmd/batch.go:326.2,326.114 1 1
github.com/sofq/jira-cli/cmd/batch.go:336.15,339.9 2 1
github.com/sofq/jira-cli/cmd/batch.go:339.9,342.3 2 1
github.com/sofq/jira-cli/cmd/batch.go:345.2,345.30 1 1
github.com/sofq/jira-cli/cmd/batch.go:345.30,346.62 1 1
github.com/sofq/jira-cli/cmd/batch.go:346.62,357.4 3 1
github.com/sofq/jira-cli/cmd/batch.go:361.2,383.49 4 1
github.com/sofq/jira-cli/cmd/batch.go:383.49,386.3 2 1
github.com/sofq/jira-cli/cmd/batch.go:387.2,387.49 1 1
github.com/sofq/jira-cli/cmd/batch.go:387.49,390.3 2 1
github.com/sofq/jira-cli/cmd/batch.go:391.2,391.32 1 1
github.com/sofq/jira-cli/cmd/batch.go:391.32,394.3 2 1
github.com/sofq/jira-cli/cmd/batch.go:397.2,398.38 2 1
github.com/sofq/jira-cli/cmd/batch.go:398.38,399.24 1 1
github.com/sofq/jira-cli/cmd/batch.go:399.24,401.63 2 1
github.com/sofq/jira-cli/cmd/batch.go:401.63,403.5 1 1
github.com/sofq/jira-cli/cmd/batch.go:403.10,403.67 1 1
github.com/sofq/jira-cli/cmd/batch.go:403.67,406.5 2 1
github.com/sofq/jira-cli/cmd/batch.go:411.2,412.38 2 1
github.com/sofq/jira-cli/cmd/batch.go:412.38,413.25 1 1
github.com/sofq/jira-cli/cmd/batch.go:413.25,414.50 1 1
github.com/sofq/jira-cli/cmd/batch.go:414.50,416.5 1 1
github.com/sofq/jira-cli/cmd/batch.go:423.2,423.51 1 1
github.com/sofq/jira-cli/cmd/batch.go:423.51,425.3 1 1
github.com/sofq/jira-cli/cmd/batch.go:428.2,429.66 2 1
github.com/sofq/jira-cli/cmd/batch.go:429.66,431.3 1 1
github.com/sofq/jira-cli/cmd/batch.go:433.2,435.86 2 1
github.com/sofq/jira-cli/cmd/batch.go:451.15,454.38 2 1
github.com/sofq/jira-cli/cmd/batch.go:454.38,455.25 1 1
github.com/sofq/jira-cli/cmd/batch.go:455.25,456.50 1 1
github.com/sofq/jira-cli/cmd/batch.go:456.50,458.5 1 0
github.com/sofq/jira-cli/cmd/batch.go:465.2,465.51 1 1
github.com/sofq/jira-cli/cmd/batch.go:465.51,467.3 1 1
github.com/sofq/jira-cli/cmd/batch.go:470.2,471.66 2 1
github.com/sofq/jira-cli/cmd/batch.go:471.66,473.3 1 1
github.com/sofq/jira-cli/cmd/batch.go:475.2,477.73 2 1
github.com/sofq/jira-cli/cmd/batch.go:481.65,488.2 3 1
github.com/sofq/jira-cli/cmd/batch.go:491.83,492.21 1 1
github.com/sofq/jira-cli/cmd/batch.go:493.25,494.44 1 1
github.com/sofq/jira-cli/cmd/batch.go:495.23,497.17 2 1
github.com/sofq/jira-cli/cmd/batch.go:497.17,499.4 1 1
github.com/sofq/jira-cli/cmd/batch.go:500.3,501.15 2 1
github.com/sofq/jira-cli/cmd/batch.go:501.15,503.4 1 1
github.com/sofq/jira-cli/cmd/batch.go:504.3,505.21 2 1
github.com/sofq/jira-cli/cmd/batch.go:505.21,507.4 1 1
github.com/sofq/jira-cli/cmd/batch.go:508.3,508.47 1 1
github.com/sofq/jira-cli/cmd/batch.go:511.2,512.20 2 1
github.com/sofq/jira-cli/cmd/batch.go:512.20,514.3 1 1
github.com/sofq/jira-cli/cmd/batch.go:516.2,516.21 1 1
github.com/sofq/jira-cli/cmd/batch.go:517.29,519.15 2 1
github.com/sofq/jira-cli/cmd/batch.go:519.15,521.4 1 1
github.com/sofq/jira-cli/cmd/batch.go:522.3,522.47 1 1
github.com/sofq/jira-cli/cmd/batch.go:523.23,525.15 2 1
github.com/sofq/jira-cli/cmd/batch.go:525.15,527.4 1 1
github.com/sofq/jira-cli/cmd/batch.go:528.3,528.61 1 1
github.com/sofq/jira-cli/cmd/batch.go:529.25,531.15 2 1
github.com/sofq/jira-cli/cmd/batch.go:531.15,533.4 1 1
github.com/sofq/jira-cli/cmd/batch.go:534.3,534.43 1 1
github.com/sofq/jira-cli/cmd/batch.go:535.26,537.17 2 1
github.com/sofq/jira-cli/cmd/batch.go:537.17,539.4 1 1
github.com/sofq/jira-cli/cmd/batch.go:540.3,540.46 1 1
github.com/sofq/jira-cli/cmd/batch.go:541.27,543.20 2 1
github.com/sofq/jira-cli/cmd/batch.go:543.20,545.4 1 1
github.com/sofq/jira-cli/cmd/batch.go:546.3,546.70 1 1
github.com/sofq/jira-cli/cmd/batch.go:547.25,549.15 2 1
github.com/sofq/jira-cli/cmd/batch.go:549.15,551.4 1 1
github.com/sofq/jira-cli/cmd/batch.go:552.3,552.43 1 1
github.com/sofq/jira-cli/cmd/batch.go:553.10,554.90 1 1
github.com/sofq/jira-cli/cmd/batch.go:559.92,560.14 1 1
github.com/sofq/jira-cli/cmd/batch.go:560.14,567.3 2 1
github.com/sofq/jira-cli/cmd/batch.go:569.2,570.29 2 1
github.com/sofq/jira-cli/cmd/batch.go:570.29,572.3 1 1
github.com/sofq/jira-cli/cmd/batch.go:574.2,578.29 3 1
github.com/sofq/jira-cli/cmd/batch.go:578.29,580.3 1 1
github.com/sofq/jira-cli/cmd/batch.go:582.2,587.27 2 1
github.com/sofq/jira-cli/cmd/batch.go:591.94,592.14 1 1
github.com/sofq/jira-cli/cmd/batch.go:592.14,598.19 2 1
github.com/sofq/jira-cli/cmd/batch.go:598.19,600.4 1 1
github.com/sofq/jira-cli/cmd/batch.go:601.3,602.28 2 1
github.com/sofq/jira-cli/cmd/batch.go:605.2,606.29 2 1
github.com/sofq/jira-cli/cmd/batch.go:606.29,608.3 1 1
github.com/sofq/jira-cli/cmd/batch.go:610.2,614.29 3 1
github.com/sofq/jira-cli/cmd/batch.go:614.29,616.3 1 1
github.com/sofq/jira-cli/cmd/batch.go:618.2,624.18 2 1
github.com/sofq/jira-cli/cmd/batch.go:624.18,626.30 2 1
github.com/sofq/jira-cli/cmd/batch.go:626.30,628.4 1 1
github.com/sofq/jira-cli/cmd/batch.go:630.3,630.17 1 1
github.com/sofq/jira-cli/cmd/batch.go:630.17,635.31 3 1
github.com/sofq/jira-cli/cmd/batch.go:635.31,637.5 1 1
github.com/sofq/jira-cli/cmd/batch.go:638.4,638.37 1 1
github.com/sofq/jira-cli/cmd/batch.go:639.9,644.31 3 1
github.com/sofq/jira-cli/cmd/batch.go:644.31,646.5 1 1
github.com/sofq/jira-cli/cmd/batch.go:647.4,647.31 1 1
github.com/sofq/jira-cli/cmd/batch.go:651.2,652.27 2 1
github.com/sofq/jira-cli/cmd/batch.go:656.82,657.14 1 1
github.com/sofq/jira-cli/cmd/batch.go:657.14,664.3 2 1
github.com/sofq/jira-cli/cmd/batch.go:666.2,667.29 2 1
github.com/sofq/jira-cli/cmd/batch.go:667.29,669.3 1 1
github.com/sofq/jira-cli/cmd/batch.go:671.2,671.16 1 1
github.com/sofq/jira-cli/cmd/batch.go:671.16,676.30 3 1
github.com/sofq/jira-cli/cmd/batch.go:676.30,678.4 1 1
github.com/sofq/jira-cli/cmd/batch.go:679.3,680.28 2 1
github.com/sofq/jira-cli/cmd/batch.go:683.2,687.29 3 1
github.com/sofq/jira-cli/cmd/batch.go:687.29,689.3 1 1
github.com/sofq/jira-cli/cmd/batch.go:691.2,692.27 2 1
github.com/sofq/jira-cli/cmd/batch.go:696.85,697.14 1 1
github.com/sofq/jira-cli/cmd/batch.go:697.14,704.3 2 1
github.com/sofq/jira-cli/cmd/batch.go:706.2,710.29 3 1
github.com/sofq/jira-cli/cmd/batch.go:710.29,712.3 1 1
github.com/sofq/jira-cli/cmd/batch.go:714.2,718.27 2 1
github.com/sofq/jira-cli/cmd/batch.go:722.86,723.14 1 1
github.com/sofq/jira-cli/cmd/batch.go:723.14,730.3 2 1
github.com/sofq/jira-cli/cmd/batch.go:732.2,733.29 2 1
github.com/sofq/jira-cli/cmd/batch.go:733.29,735.3 1 1
github.com/sofq/jira-cli/cmd/batch.go:737.2,743.29 3 1
github.com/sofq/jira-cli/cmd/batch.go:743.29,745.3 1 1
github.com/sofq/jira-cli/cmd/batch.go:747.2,753.27 2 1
github.com/sofq/jira-cli/cmd/batch.go:757.90,759.19 2 1
github.com/sofq/jira-cli/cmd/batch.go:759.19,761.3 1 1
github.com/sofq/jira-cli/cmd/batch.go:762.2,763.21 2 1
github.com/sofq/jira-cli/cmd/batch.go:763.21,765.3 1 1
github.com/sofq/jira-cli/cmd/batch.go:766.2,767.19 2 1
github.com/sofq/jira-cli/cmd/batch.go:767.19,769.3 1 1
github.com/sofq/jira-cli/cmd/batch.go:771.2,776.59 2 1
github.com/sofq/jira-cli/cmd/batch.go:776.59,778.3 1 1
github.com/sofq/jira-cli/cmd/batch.go:779.2,779.50 1 1
github.com/sofq/jira-cli/cmd/batch.go:779.50,781.3 1 1
github.com/sofq/jira-cli/cmd/batch.go:782.2,782.44 1 1
github.com/sofq/jira-cli/cmd/batch.go:782.44,784.3 1 1
github.com/sofq/jira-cli/cmd/batch.go:785.2,785.44 1 1
github.com/sofq/jira-cli/cmd/batch.go:785.44,787.3 1 1
github.com/sofq/jira-cli/cmd/batch.go:789.2,789.14 1 1
github.com/sofq/jira-cli/cmd/batch.go:789.14,797.3 3 1
github.com/sofq/jira-cli/cmd/batch.go:799.2,799.44 1 1
github.com/sofq/jira-cli/cmd/batch.go:799.44,801.30 2 1
github.com/sofq/jira-cli/cmd/batch.go:801.30,803.4 1 1
github.com/sofq/jira-cli/cmd/batch.go:804.3,804.18 1 1
github.com/sofq/jira-cli/cmd/batch.go:804.18,806.4 1 1
github.com/sofq/jira-cli/cmd/batch.go:809.2,811.29 3 1
github.com/sofq/jira-cli/cmd/batch.go:811.29,813.3 1 1
github.com/sofq/jira-cli/cmd/batch.go:815.2,815.32 1 1
github.com/sofq/jira-cli/cmd/batch.go:819.90,820.14 1 1
github.com/sofq/jira-cli/cmd/batch.go:820.14,827.3 2 1
github.com/sofq/jira-cli/cmd/batch.go:829.2,830.29 2 1
github.com/sofq/jira-cli/cmd/batch.go:830.29,832.3 1 1
github.com/sofq/jira-cli/cmd/batch.go:834.2,838.29 3 1
github.com/sofq/jira-cli/cmd/batch.go:838.29,840.3 1 1
github.com/sofq/jira-cli/cmd/batch.go:842.2,847.27 2 1
github.com/sofq/jira-cli/cmd/batch.go:851.97,853.16 2 1
github.com/sofq/jira-cli/cmd/batch.go:853.16,855.3 1 1
github.com/sofq/jira-cli/cmd/batch.go:857.2,857.14 1 1
github.com/sofq/jira-cli/cmd/batch.go:857.14,864.3 2 1
github.com/sofq/jira-cli/cmd/batch.go:866.2,869.19 2 1
github.com/sofq/jira-cli/cmd/batch.go:869.19,871.3 1 1
github.com/sofq/jira-cli/cmd/batch.go:873.2,877.29 3 1
github.com/sofq/jira-cli/cmd/batch.go:877.29,879.3 1 1
github.com/sofq/jira-cli/cmd/batch.go:881.2,886.27 2 1
github.com/sofq/jira-cli/cmd/batch.go:892.48,894.73 2 1
github.com/sofq/jira-cli/cmd/batch.go:894.73,895.17 1 1
github.com/sofq/jira-cli/cmd/batch.go:895.17,896.12 1 1
github.com/sofq/jira-cli/cmd/batch.go:898.3,899.51 2 1
github.com/sofq/jira-cli/cmd/batch.go:899.51,900.86 1 1
github.com/sofq/jira-cli/cmd/batch.go:900.86,902.13 2 1
github.com/sofq/jira-cli/cmd/batch.go:905.3,905.40 1 1
github.com/sofq/jira-cli/cmd/batch.go:907.2,907.39 1 1
github.com/sofq/jira-cli/cmd/batch.go:912.55,913.35 1 1
github.com/sofq/jira-cli/cmd/batch.go:913.35,915.3 1 1
github.com/sofq/jira-cli/cmd/batch.go:916.2,917.20 2 1
github.com/sofq/jira-cli/cmd/batch.go:917.20,920.30 3 1
github.com/sofq/jira-cli/cmd/batch.go:920.30,922.18 2 1
github.com/sofq/jira-cli/cmd/batch.go:922.18,923.13 1 1
github.com/sofq/jira-cli/cmd/batch.go:925.4,925.32 1 1
github.com/sofq/jira-cli/cmd/batch.go:925.32,927.5 1 1
github.com/sofq/jira-cli/cmd/batch.go:927.10,929.10 2 1
github.com/sofq/jira-cli/cmd/batch.go:934.3,934.37 1 1
github.com/sofq/jira-cli/cmd/batch.go:934.37,937.4 2 1
github.com/sofq/jira-cli/cmd/batch.go:939.2,940.33 2 1
github.com/sofq/jira-cli/cmd/batch.go:946.109,949.32 2 1
github.com/sofq/jira-cli/cmd/batch.go:949.32,951.3 1 1
github.com/sofq/jira-cli/cmd/batch.go:953.2,953.33 1 1
github.com/sofq/jira-cli/cmd/batch.go:953.33,959.3 1 1
github.com/sofq/jira-cli/cmd/batch.go:961.2,963.48 3 1
github.com/sofq/jira-cli/cmd/batch.go:963.48,965.3 1 1
github.com/sofq/jira-cli/cmd/batch.go:965.8,965.25 1 1
github.com/sofq/jira-cli/cmd/batch.go:965.25,968.3 2 1
github.com/sofq/jira-cli/cmd/batch.go:970.2,974.3 1 1
github.com/sofq/jira-cli/cmd/batch.go:978.83,979.21 1 1
github.com/sofq/jira-cli/cmd/batch.go:980.24,981.46 1 1
github.com/sofq/jira-cli/cmd/batch.go:982.10,983.135 1 1
github.com/sofq/jira-cli/cmd/batch.go:988.92,990.24 2 1
github.com/sofq/jira-cli/cmd/batch.go:990.24,992.3 1 1
github.com/sofq/jira-cli/cmd/batch.go:993.2,994.19 2 1
github.com/sofq/jira-cli/cmd/batch.go:994.19,996.3 1 1
github.com/sofq/jira-cli/cmd/batch.go:998.2,999.16 2 1
github.com/sofq/jira-cli/cmd/batch.go:999.16,1003.3 3 1
github.com/sofq/jira-cli/cmd/batch.go:1004.2,1004.9 1 1
github.com/sofq/jira-cli/cmd/batch.go:1004.9,1011.3 3 1
github.com/sofq/jira-cli/cmd/batch.go:1014.2,1015.25 2 1
github.com/sofq/jira-cli/cmd/batch.go:1015.25,1016.53 1 1
github.com/sofq/jira-cli/cmd/batch.go:1016.53,1018.4 1 1
github.com/sofq/jira-cli/cmd/batch.go:1021.2,1022.16 2 1
github.com/sofq/jira-cli/cmd/batch.go:1022.16,1024.3 1 1
github.com/sofq/jira-cli/cmd/batch.go:1026.2,1030.38 2 1
github.com/sofq/jira-cli/cmd/batch.go:1030.38,1032.3 1 1
github.com/sofq/jira-cli/cmd/batch.go:1033.2,1033.42 1 1
github.com/sofq/jira-cli/cmd/batch.go:1033.42,1035.3 1 1
github.com/sofq/jira-cli/cmd/batch.go:1036.2,1036.39 1 1
github.com/sofq/jira-cli/cmd/batch.go:1036.39,1038.3 1 1
github.com/sofq/jira-cli/cmd/batch.go:1039.2,1039.37 1 1
github.com/sofq/jira-cli/cmd/batch.go:1039.37,1041.3 1 1
github.com/sofq/jira-cli/cmd/batch.go:1042.2,1042.44 1 1
github.com/sofq/jira-cli/cmd/batch.go:1042.44,1044.3 1 1
github.com/sofq/jira-cli/cmd/batch.go:1046.2,1046.14 1 1
github.com/sofq/jira-cli/cmd/batch.go:1046.14,1055.3 3 1
github.com/sofq/jira-cli/cmd/batch.go:1057.2,1057.44 1 1
github.com/sofq/jira-cli/cmd/batch.go:1057.44,1059.30 2 1
github.com/sofq/jira-cli/cmd/batch.go:1059.30,1061.4 1 1
github.com/sofq/jira-cli/cmd/batch.go:1062.3,1062.18 1 1
github.com/sofq/jira-cli/cmd/batch.go:1062.18,1064.4 1 1
github.com/sofq/jira-cli/cmd/batch.go:1067.2,1069.29 3 1
github.com/sofq/jira-cli/cmd/batch.go:1069.29,1071.3 1 1
github.com/sofq/jira-cli/cmd/batch.go:1072.2,1072.32 1 1
github.com/sofq/jira-cli/cmd/batch.go:1076.79,1078.20 2 1
github.com/sofq/jira-cli/cmd/batch.go:1078.20,1080.3 1 1
github.com/sofq/jira-cli/cmd/batch.go:1082.2,1084.14 2 1
github.com/sofq/jira-cli/cmd/batch.go:1084.14,1091.3 2 1
github.com/sofq/jira-cli/cmd/batch.go:1093.2,1094.33 2 1
github.com/sofq/jira-cli/cmd/batch.go:1094.33,1096.3 1 1
github.com/sofq/jira-cli/cmd/batch.go:1098.2,1104.16 3 1
github.com/sofq/jira-cli/cmd/batch.go:1104.16,1111.3 3 1
github.com/sofq/jira-cli/cmd/batch.go:1113.2,1114.27 2 1
github.com/sofq/jira-cli/cmd/batch.go:1118.76,1130.2 3 1
github.com/sofq/jira-cli/cmd/configure.go:23.13,32.2 8 1
github.com/sofq/jira-cli/cmd/configure.go:34.60,43.19 8 1
github.com/sofq/jira-cli/cmd/configure.go:43.19,46.38 1 1
github.com/sofq/jira-cli/cmd/configure.go:46.38,53.4 3 1
github.com/sofq/jira-cli/cmd/configure.go:54.3,54.47 1 1
github.com/sofq/jira-cli/cmd/configure.go:58.2,58.42 1 1
github.com/sofq/jira-cli/cmd/configure.go:58.42,65.3 3 1
github.com/sofq/jira-cli/cmd/configure.go:69.2,70.14 2 1
github.com/sofq/jira-cli/cmd/configure.go:70.14,72.3 1 1
github.com/sofq/jira-cli/cmd/configure.go:75.2,75.38 1 1
github.com/sofq/jira-cli/cmd/configure.go:75.38,82.3 3 1
github.com/sofq/jira-cli/cmd/configure.go:83.2,83.36 1 1
github.com/sofq/jira-cli/cmd/configure.go:83.36,90.3 3 1
github.com/sofq/jira-cli/cmd/configure.go:93.2,93.37 1 1
github.com/sofq/jira-cli/cmd/configure.go:93.37,100.3 3 1
github.com/sofq/jira-cli/cmd/configure.go:101.2,106.26 2 1
github.com/sofq/jira-cli/cmd/configure.go:106.26,113.3 3 1
github.com/sofq/jira-cli/cmd/configure.go:116.2,118.14 2 1
github.com/sofq/jira-cli/cmd/configure.go:118.14,119.76 1 1
github.com/sofq/jira-cli/cmd/configure.go:119.76,127.4 3 1
github.com/sofq/jira-cli/cmd/configure.go:130.2,132.16 3 1
github.com/sofq/jira-cli/cmd/configure.go:132.16,140.3 3 1
github.com/sofq/jira-cli/cmd/configure.go:142.2,151.30 2 1
github.com/sofq/jira-cli/cmd/configure.go:151.30,153.3 1 1
github.com/sofq/jira-cli/cmd/configure.go:155.2,155.55 1 1
github.com/sofq/jira-cli/cmd/configure.go:155.55,163.3 3 1
github.com/sofq/jira-cli/cmd/configure.go:165.2,170.31 2 1
github.com/sofq/jira-cli/cmd/configure.go:175.94,178.16 3 1
github.com/sofq/jira-cli/cmd/configure.go:178.16,186.3 3 1
github.com/sofq/jira-cli/cmd/configure.go:190.2,191.43 2 1
github.com/sofq/jira-cli/cmd/configure.go:191.43,192.31 1 1
github.com/sofq/jira-cli/cmd/configure.go:192.31,194.4 1 1
github.com/sofq/jira-cli/cmd/configure.go:197.2,198.9 2 1
github.com/sofq/jira-cli/cmd/configure.go:198.9,200.31 2 1
github.com/sofq/jira-cli/cmd/configure.go:200.31,202.4 1 1
github.com/sofq/jira-cli/cmd/configure.go:203.3,209.68 4 1
github.com/sofq/jira-cli/cmd/configure.go:212.2,212.46 1 1
github.com/sofq/jira-cli/cmd/configure.go:212.46,219.3 3 1
github.com/sofq/jira-cli/cmd/configure.go:221.2,221.118 1 1
github.com/sofq/jira-cli/cmd/configure.go:221.118,229.3 3 1
github.com/sofq/jira-cli/cmd/configure.go:231.2,235.31 2 1
github.com/sofq/jira-cli/cmd/configure.go:239.65,242.16 3 1
github.com/sofq/jira-cli/cmd/configure.go:242.16,249.3 3 1
github.com/sofq/jira-cli/cmd/configure.go:251.2,251.38 1 1
github.com/sofq/jira-cli/cmd/configure.go:251.38,253.31 2 1
github.com/sofq/jira-cli/cmd/configure.go:253.31,255.4 1 1
github.com/sofq/jira-cli/cmd/configure.go:256.3,262.68 4 1
github.com/sofq/jira-cli/cmd/configure.go:265.2,266.32 2 1
github.com/sofq/jira-cli/cmd/configure.go:266.32,268.3 1 1
github.com/sofq/jira-cli/cmd/configure.go:270.2,270.55 1 1
github.com/sofq/jira-cli/cmd/configure.go:270.55,277.3 3 1
github.com/sofq/jira-cli/cmd/configure.go:279.2,284.31 2 1
github.com/sofq/jira-cli/cmd/configure.go:288.70,292.16 4 1
github.com/sofq/jira-cli/cmd/configure.go:292.16,294.3 1 1
github.com/sofq/jira-cli/cmd/configure.go:295.2,297.35 2 1
github.com/sofq/jira-cli/cmd/configure.go:298.16,299.51 1 1
github.com/sofq/jira-cli/cmd/configure.go:300.10,301.36 1 1
github.com/sofq/jira-cli/cmd/configure.go:304.2,306.16 3 1
github.com/sofq/jira-cli/cmd/configure.go:306.16,308.3 1 1
github.com/sofq/jira-cli/cmd/configure.go:309.2,311.28 2 1
github.com/sofq/jira-cli/cmd/configure.go:311.28,314.3 2 1
github.com/sofq/jira-cli/cmd/configure.go:315.2,315.12 1 1
github.com/sofq/jira-cli/cmd/context_cmd.go:23.13,25.2 1 1
github.com/sofq/jira-cli/cmd/context_cmd.go:27.58,29.16 2 1
github.com/sofq/jira-cli/cmd/context_cmd.go:29.16,33.3 3 1
github.com/sofq/jira-cli/cmd/context_cmd.go:35.2,41.29 4 1
github.com/sofq/jira-cli/cmd/context_cmd.go:41.29,43.3 1 1
github.com/sofq/jira-cli/cmd/context_cmd.go:46.2,48.29 2 1
github.com/sofq/jira-cli/cmd/context_cmd.go:48.29,50.3 1 1
github.com/sofq/jira-cli/cmd/context_cmd.go:53.2,55.29 2 1
github.com/sofq/jira-cli/cmd/context_cmd.go:55.29,57.3 1 1
github.com/sofq/jira-cli/cmd/context_cmd.go:59.2,71.54 7 1
github.com/sofq/jira-cli/cmd/context_schema.go:6.46,18.2 1 1
github.com/sofq/jira-cli/cmd/diff.go:30.13,35.2 4 1
github.com/sofq/jira-cli/cmd/diff.go:37.55,39.16 2 1
github.com/sofq/jira-cli/cmd/diff.go:39.16,43.3 3 1
github.com/sofq/jira-cli/cmd/diff.go:45.2,51.14 5 1
github.com/sofq/jira-cli/cmd/diff.go:51.14,57.58 2 1
github.com/sofq/jira-cli/cmd/diff.go:57.58,59.4 1 1
github.com/sofq/jira-cli/cmd/diff.go:60.3,60.13 1 1
github.com/sofq/jira-cli/cmd/diff.go:63.2,64.33 2 1
github.com/sofq/jira-cli/cmd/diff.go:64.33,66.3 1 1
github.com/sofq/jira-cli/cmd/diff.go:68.2,74.16 3 1
github.com/sofq/jira-cli/cmd/diff.go:74.16,81.3 3 1
github.com/sofq/jira-cli/cmd/diff.go:83.2,84.65 2 1
github.com/sofq/jira-cli/cmd/diff.go:84.65,86.3 1 1
github.com/sofq/jira-cli/cmd/diff.go:87.2,87.12 1 1
github.com/sofq/jira-cli/cmd/diff_schema.go:6.43,22.2 1 1
github.com/sofq/jira-cli/cmd/doctor.go:32.13,38.2 5 1
github.com/sofq/jira-cli/cmd/doctor.go:40.57,47.55 4 1
github.com/sofq/jira-cli/cmd/doctor.go:47.55,54.3 2 1
github.com/sofq/jira-cli/cmd/doctor.go:55.2,63.16 3 1
github.com/sofq/jira-cli/cmd/doctor.go:63.16,70.3 2 1
github.com/sofq/jira-cli/cmd/doctor.go:73.2,74.24 2 1
github.com/sofq/jira-cli/cmd/doctor.go:74.24,76.3 1 1
github.com/sofq/jira-cli/cmd/doctor.go:77.2,77.24 1 1
github.com/sofq/jira-cli/cmd/doctor.go:77.24,79.3 1 0
github.com/sofq/jira-cli/cmd/doctor.go:81.2,82.9 2 1
github.com/sofq/jira-cli/cmd/doctor.go:82.9,89.3 2 1
github.com/sofq/jira-cli/cmd/doctor.go:90.2,97.46 2 1
github.com/sofq/jira-cli/cmd/doctor.go:97.46,104.3 2 1
github.com/sofq/jira-cli/cmd/doctor.go:105.2,113.20 3 1
github.com/sofq/jira-cli/cmd/doctor.go:113.20,115.3 1 0
github.com/sofq/jira-cli/cmd/doctor.go:116.2,116.18 1 1
github.com/sofq/jira-cli/cmd/doctor.go:117.16,118.50 1 1
github.com/sofq/jira-cli/cmd/doctor.go:118.50,125.4 2 1
github.com/sofq/jira-cli/cmd/doctor.go:126.16,128.34 2 1
github.com/sofq/jira-cli/cmd/doctor.go:128.34,130.4 1 1
github.com/sofq/jira-cli/cmd/doctor.go:131.3,131.38 1 1
github.com/sofq/jira-cli/cmd/doctor.go:131.38,133.4 1 1
github.com/sofq/jira-cli/cmd/doctor.go:134.3,134.34 1 1
github.com/sofq/jira-cli/cmd/doctor.go:134.34,136.4 1 1
github.com/sofq/jira-cli/cmd/doctor.go:137.3,137.23 1 1
github.com/sofq/jira-cli/cmd/doctor.go:137.23,144.4 2 1
github.com/sofq/jira-cli/cmd/doctor.go:145.10,146.50 1 1
github.com/sofq/jira-cli/cmd/doctor.go:146.50,152.4 1 1
github.com/sofq/jira-cli/cmd/doctor.go:154.2,154.53 1 1
github.com/sofq/jira-cli/cmd/doctor.go:154.53,160.3 1 1
github.com/sofq/jira-cli/cmd/doctor.go:163.2,163.109 1 1
github.com/sofq/jira-cli/cmd/doctor.go:163.109,170.3 2 1
github.com/sofq/jira-cli/cmd/doctor.go:171.2,177.39 2 1
github.com/sofq/jira-cli/cmd/doctor.go:183.72,185.27 2 1
github.com/sofq/jira-cli/cmd/doctor.go:185.27,186.47 1 1
github.com/sofq/jira-cli/cmd/doctor.go:186.47,188.9 2 1
github.com/sofq/jira-cli/cmd/doctor.go:192.2,198.16 3 1
github.com/sofq/jira-cli/cmd/doctor.go:198.16,204.3 4 0
github.com/sofq/jira-cli/cmd/doctor.go:206.2,206.32 1 1
github.com/sofq/jira-cli/cmd/explain.go:39.13,41.2 1 1
github.com/sofq/jira-cli/cmd/explain.go:43.58,46.9 2 1
github.com/sofq/jira-cli/cmd/explain.go:47.21,49.40 1 1
github.com/sofq/jira-cli/cmd/explain.go:50.10,53.59 2 1
github.com/sofq/jira-cli/cmd/explain.go:53.59,60.4 3 0
github.com/sofq/jira-cli/cmd/explain.go:61.3,63.17 3 1
github.com/sofq/jira-cli/cmd/explain.go:63.17,70.4 3 0
github.com/sofq/jira-cli/cmd/explain.go:73.2,74.53 2 1
github.com/sofq/jira-cli/cmd/explain.go:74.53,81.3 3 1
github.com/sofq/jira-cli/cmd/explain.go:84.2,84.52 1 1
github.com/sofq/jira-cli/cmd/explain.go:84.52,91.3 3 1
github.com/sofq/jira-cli/cmd/explain.go:93.2,98.12 5 1
github.com/sofq/jira-cli/cmd/explain.go:102.62,106.14 2 1
github.com/sofq/jira-cli/cmd/explain.go:106.14,108.3 1 1
github.com/sofq/jira-cli/cmd/explain.go:110.2,110.12 1 1
github.com/sofq/jira-cli/cmd/explain.go:111.21,117.22 2 1
github.com/sofq/jira-cli/cmd/explain.go:117.22,121.4 1 1
github.com/sofq/jira-cli/cmd/explain.go:122.3,133.4 1 1
github.com/sofq/jira-cli/cmd/explain.go:135.19,151.4 1 1
github.com/sofq/jira-cli/cmd/explain.go:153.22,159.26 3 1
github.com/sofq/jira-cli/cmd/explain.go:159.26,164.4 2 1
github.com/sofq/jira-cli/cmd/explain.go:165.3,175.4 1 1
github.com/sofq/jira-cli/cmd/explain.go:177.26,193.4 1 1
github.com/sofq/jira-cli/cmd/explain.go:195.18,210.4 1 1
github.com/sofq/jira-cli/cmd/explain.go:212.22,227.4 1 1
github.com/sofq/jira-cli/cmd/explain.go:229.26,245.4 1 1
github.com/sofq/jira-cli/cmd/explain.go:247.10,250.34 2 1
github.com/sofq/jira-cli/cmd/explain.go:250.34,252.4 1 0
github.com/sofq/jira-cli/cmd/explain.go:253.3,267.4 1 1
github.com/sofq/jira-cli/cmd/pipe.go:41.13,46.2 4 1
github.com/sofq/jira-cli/cmd/pipe.go:52.54,54.16 2 1
github.com/sofq/jira-cli/cmd/pipe.go:54.16,56.3 1 1
github.com/sofq/jira-cli/cmd/pipe.go:57.2,57.21 1 1
github.com/sofq/jira-cli/cmd/pipe.go:57.21,59.3 1 1
github.com/sofq/jira-cli/cmd/pipe.go:61.2,68.33 3 1
github.com/sofq/jira-cli/cmd/pipe.go:68.33,70.35 2 1
github.com/sofq/jira-cli/cmd/pipe.go:70.35,72.62 2 1
github.com/sofq/jira-cli/cmd/pipe.go:72.62,75.5 2 1
github.com/sofq/jira-cli/cmd/pipe.go:75.10,78.5 1 0
github.com/sofq/jira-cli/cmd/pipe.go:81.2,81.16 1 1
github.com/sofq/jira-cli/cmd/pipe.go:86.45,92.30 5 1
github.com/sofq/jira-cli/cmd/pipe.go:92.30,94.10 2 1
github.com/sofq/jira-cli/cmd/pipe.go:95.31,96.24 1 1
github.com/sofq/jira-cli/cmd/pipe.go:97.30,98.24 1 1
github.com/sofq/jira-cli/cmd/pipe.go:99.43,100.25 1 1
github.com/sofq/jira-cli/cmd/pipe.go:100.25,103.5 2 1
github.com/sofq/jira-cli/cmd/pipe.go:104.11,105.24 1 1
github.com/sofq/jira-cli/cmd/pipe.go:109.2,109.26 1 1
github.com/sofq/jira-cli/cmd/pipe.go:109.26,111.3 1 1
github.com/sofq/jira-cli/cmd/pipe.go:112.2,112.23 1 1
github.com/sofq/jira-cli/cmd/pipe.go:112.23,114.3 1 1
github.com/sofq/jira-cli/cmd/pipe.go:115.2,115.20 1 1
github.com/sofq/jira-cli/cmd/pipe.go:118.55,120.16 2 1
github.com/sofq/jira-cli/cmd/pipe.go:120.16,127.3 3 1
github.com/sofq/jira-cli/cmd/pipe.go:129.2,136.18 6 1
github.com/sofq/jira-cli/cmd/pipe.go:136.18,138.3 1 1
github.com/sofq/jira-cli/cmd/pipe.go:141.2,146.28 6 1
github.com/sofq/jira-cli/cmd/pipe.go:146.28,148.3 1 1
github.com/sofq/jira-cli/cmd/pipe.go:151.2,152.16 2 1
github.com/sofq/jira-cli/cmd/pipe.go:152.16,159.3 3 1
github.com/sofq/jira-cli/cmd/pipe.go:161.2,162.46 2 1
github.com/sofq/jira-cli/cmd/pipe.go:162.46,164.32 1 1
github.com/sofq/jira-cli/cmd/pipe.go:164.32,166.4 1 1
github.com/sofq/jira-cli/cmd/pipe.go:167.3,167.68 1 1
github.com/sofq/jira-cli/cmd/pipe.go:170.2,171.23 2 1
github.com/sofq/jira-cli/cmd/pipe.go:171.23,173.3 1 0
github.com/sofq/jira-cli/cmd/pipe.go:176.2,177.16 2 1
github.com/sofq/jira-cli/cmd/pipe.go:177.16,184.3 3 1
github.com/sofq/jira-cli/cmd/pipe.go:186.2,187.59 2 1
github.com/sofq/jira-cli/cmd/pipe.go:187.59,194.3 3 1
github.com/sofq/jira-cli/cmd/pipe.go:196.2,196.22 1 1
github.com/sofq/jira-cli/cmd/pipe.go:196.22,200.3 2 1
github.com/sofq/jira-cli/cmd/pipe.go:203.2,204.16 2 1
github.com/sofq/jira-cli/cmd/pipe.go:204.16,211.3 3 1
github.com/sofq/jira-cli/cmd/pipe.go:214.2,216.19 2 1
github.com/sofq/jira-cli/cmd/pipe.go:216.19,217.33 1 1
github.com/sofq/jira-cli/cmd/pipe.go:217.33,220.4 2 1
github.com/sofq/jira-cli/cmd/pipe.go:221.8,227.28 3 1
github.com/sofq/jira-cli/cmd/pipe.go:227.28,229.4 1 1
github.com/sofq/jira-cli/cmd/pipe.go:230.3,235.33 4 1
github.com/sofq/jira-cli/cmd/pipe.go:235.33,237.14 2 1
github.com/sofq/jira-cli/cmd/pipe.go:237.14,239.30 2 1
github.com/sofq/jira-cli/cmd/pipe.go:239.30,245.6 5 1
github.com/sofq/jira-cli/cmd/pipe.go:248.3,248.12 1 1
github.com/sofq/jira-cli/cmd/pipe.go:252.2,260.31 6 1
github.com/sofq/jira-cli/cmd/pipe.go:260.31,262.17 2 1
github.com/sofq/jira-cli/cmd/pipe.go:262.17,269.4 3 1
github.com/sofq/jira-cli/cmd/pipe.go:270.3,270.20 1 1
github.com/sofq/jira-cli/cmd/pipe.go:273.2,276.28 3 1
github.com/sofq/jira-cli/cmd/pipe.go:276.28,277.27 1 1
github.com/sofq/jira-cli/cmd/pipe.go:277.27,279.4 1 1
github.com/sofq/jira-cli/cmd/pipe.go:281.2,281.18 1 1
github.com/sofq/jira-cli/cmd/pipe.go:281.18,283.3 1 1
github.com/sofq/jira-cli/cmd/pipe.go:284.2,284.12 1 1
github.com/sofq/jira-cli/cmd/pipe.go:290.87,296.30 2 1
github.com/sofq/jira-cli/cmd/pipe.go:296.30,298.3 1 1
github.com/sofq/jira-cli/cmd/pipe.go:301.2,302.51 2 1
github.com/sofq/jira-cli/cmd/pipe.go:302.51,304.3 1 1
github.com/sofq/jira-cli/cmd/pipe.go:304.8,306.3 1 1
github.com/sofq/jira-cli/cmd/pipe.go:307.2,307.12 1 1
github.com/sofq/jira-cli/cmd/preset.go:23.54,25.17 2 1
github.com/sofq/jira-cli/cmd/preset.go:25.17,32.4 3 0
github.com/sofq/jira-cli/cmd/preset.go:34.3,37.21 3 1
github.com/sofq/jira-cli/cmd/preset.go:37.21,39.18 2 0
github.com/sofq/jira-cli/cmd/preset.go:39.18,46.5 3 0
github.com/sofq/jira-cli/cmd/preset.go:47.4,47.19 1 0
github.com/sofq/jira-cli/cmd/preset.go:50.3,50.17 1 1
github.com/sofq/jira-cli/cmd/preset.go:50.17,52.4 1 0
github.com/sofq/jira-cli/cmd/preset.go:54.3,55.13 2 1
github.com/sofq/jira-cli/cmd/preset.go:59.13,62.2 2 1
github.com/sofq/jira-cli/cmd/raw.go:23.13,27.2 3 1
github.com/sofq/jira-cli/cmd/raw.go:40.54,45.31 3 1
github.com/sofq/jira-cli/cmd/raw.go:45.31,52.3 3 1
github.com/sofq/jira-cli/cmd/raw.go:54.2,55.16 2 1
github.com/sofq/jira-cli/cmd/raw.go:55.16,62.3 3 1
github.com/sofq/jira-cli/cmd/raw.go:67.2,68.21 2 1
github.com/sofq/jira-cli/cmd/raw.go:68.21,69.53 1 1
github.com/sofq/jira-cli/cmd/raw.go:69.53,77.4 3 1
github.com/sofq/jira-cli/cmd/raw.go:81.2,83.34 3 1
github.com/sofq/jira-cli/cmd/raw.go:83.34,85.40 2 1
github.com/sofq/jira-cli/cmd/raw.go:85.40,92.4 3 1
github.com/sofq/jira-cli/cmd/raw.go:93.3,93.28 1 1
github.com/sofq/jira-cli/cmd/raw.go:97.2,100.9 3 1
github.com/sofq/jira-cli/cmd/raw.go:101.23,103.24 1 1
github.com/sofq/jira-cli/cmd/raw.go:104.58,106.21 2 1
github.com/sofq/jira-cli/cmd/raw.go:106.21,113.4 3 1
github.com/sofq/jira-cli/cmd/raw.go:114.3,115.17 2 1
github.com/sofq/jira-cli/cmd/raw.go:115.17,122.4 3 1
github.com/sofq/jira-cli/cmd/raw.go:123.3,124.17 2 1
github.com/sofq/jira-cli/cmd/raw.go:125.22,126.43 1 1
github.com/sofq/jira-cli/cmd/raw.go:127.10,127.10 0 1
github.com/sofq/jira-cli/cmd/raw.go:133.2,133.48 1 1
github.com/sofq/jira-cli/cmd/raw.go:133.48,141.3 4 1
github.com/sofq/jira-cli/cmd/raw.go:145.2,145.63 1 1
github.com/sofq/jira-cli/cmd/raw.go:145.63,152.3 3 1
github.com/sofq/jira-cli/cmd/raw.go:154.2,155.29 2 1
github.com/sofq/jira-cli/cmd/raw.go:155.29,157.3 1 1
github.com/sofq/jira-cli/cmd/raw.go:158.2,158.12 1 1
github.com/sofq/jira-cli/cmd/root.go:39.67,42.31 2 1
github.com/sofq/jira-cli/cmd/root.go:42.31,44.4 1 1
github.com/sofq/jira-cli/cmd/root.go:46.3,46.69 1 1
github.com/sofq/jira-cli/cmd/root.go:46.69,48.4 1 1
github.com/sofq/jira-cli/cmd/root.go:51.3,71.23 17 1
github.com/sofq/jira-cli/cmd/root.go:71.23,73.24 2 1
github.com/sofq/jira-cli/cmd/root.go:73.24,80.5 3 0
github.com/sofq/jira-cli/cmd/root.go:81.4,81.11 1 1
github.com/sofq/jira-cli/cmd/root.go:81.11,88.5 3 1
github.com/sofq/jira-cli/cmd/root.go:89.4,89.63 1 0
github.com/sofq/jira-cli/cmd/root.go:89.63,91.5 1 0
github.com/sofq/jira-cli/cmd/root.go:92.4,92.55 1 0
github.com/sofq/jira-cli/cmd/root.go:92.55,94.5 1 0
github.com/sofq/jira-cli/cmd/root.go:97.3,105.17 3 1
github.com/sofq/jira-cli/cmd/root.go:105.17,113.4 3 0
github.com/sofq/jira-cli/cmd/root.go:115.3,115.29 1 1
github.com/sofq/jira-cli/cmd/root.go:115.29,123.4 3 1
github.com/sofq/jira-cli/cmd/root.go:126.3,127.20 2 1
github.com/sofq/jira-cli/cmd/root.go:127.20,134.4 3 0
github.com/sofq/jira-cli/cmd/root.go:137.3,143.48 3 1
github.com/sofq/jira-cli/cmd/root.go:143.48,144.47 1 1
github.com/sofq/jira-cli/cmd/root.go:144.47,152.5 3 1
github.com/sofq/jira-cli/cmd/root.go:156.3,161.19 5 1
github.com/sofq/jira-cli/cmd/root.go:161.19,162.23 1 1
github.com/sofq/jira-cli/cmd/root.go:162.23,164.5 1 0
github.com/sofq/jira-cli/cmd/root.go:165.4,167.23 3 1
github.com/sofq/jira-cli/cmd/root.go:167.23,175.5 3 1
github.com/sofq/jira-cli/cmd/root.go:178.3,200.13 3 1
github.com/sofq/jira-cli/cmd/root.go:204.13,246.62 30 1
github.com/sofq/jira-cli/cmd/root.go:246.62,247.21 1 1
github.com/sofq/jira-cli/cmd/root.go:247.21,258.4 6 1
github.com/sofq/jira-cli/cmd/root.go:260.3,261.25 2 1
github.com/sofq/jira-cli/cmd/root.go:266.35,268.2 1 1
github.com/sofq/jira-cli/cmd/root.go:271.20,272.42 1 1
github.com/sofq/jira-cli/cmd/root.go:272.42,273.56 1 1
github.com/sofq/jira-cli/cmd/root.go:273.56,275.4 1 1
github.com/sofq/jira-cli/cmd/root.go:276.3,282.28 4 1
github.com/sofq/jira-cli/cmd/root.go:284.2,284.24 1 1
github.com/sofq/jira-cli/cmd/root.go:290.50,291.25 1 1
github.com/sofq/jira-cli/cmd/root.go:291.25,293.3 1 1
github.com/sofq/jira-cli/cmd/root.go:294.2,294.56 1 1
github.com/sofq/jira-cli/cmd/root.go:294.56,296.3 1 1
github.com/sofq/jira-cli/cmd/root.go:297.2,297.19 1 1
github.com/sofq/jira-cli/cmd/root.go:303.68,306.36 2 1
github.com/sofq/jira-cli/cmd/root.go:306.36,307.23 1 1
github.com/sofq/jira-cli/cmd/root.go:307.23,310.47 2 1
github.com/sofq/jira-cli/cmd/root.go:310.47,312.5 1 1
github.com/sofq/jira-cli/cmd/root.go:313.4,313.37 1 1
github.com/sofq/jira-cli/cmd/root.go:313.37,314.34 1 1
github.com/sofq/jira-cli/cmd/root.go:314.34,316.6 1 1
github.com/sofq/jira-cli/cmd/root.go:318.4,319.9 2 1
github.com/sofq/jira-cli/cmd/root.go:322.2,322.30 1 1
github.com/sofq/jira-cli/cmd/schema_cmd.go:26.54,38.51 9 1
github.com/sofq/jira-cli/cmd/schema_cmd.go:38.51,41.4 2 1
github.com/sofq/jira-cli/cmd/schema_cmd.go:43.3,43.15 1 0
github.com/sofq/jira-cli/cmd/schema_cmd.go:43.15,47.32 3 0
github.com/sofq/jira-cli/cmd/schema_cmd.go:47.32,49.5 1 0
github.com/sofq/jira-cli/cmd/schema_cmd.go:50.4,50.30 1 0
github.com/sofq/jira-cli/cmd/schema_cmd.go:50.30,51.27 1 0
github.com/sofq/jira-cli/cmd/schema_cmd.go:51.27,54.6 2 0
github.com/sofq/jira-cli/cmd/schema_cmd.go:56.4,57.34 2 0
github.com/sofq/jira-cli/cmd/schema_cmd.go:60.3,62.21 2 0
github.com/sofq/jira-cli/cmd/schema_cmd.go:62.21,64.30 2 0
github.com/sofq/jira-cli/cmd/schema_cmd.go:64.30,65.32 1 0
github.com/sofq/jira-cli/cmd/schema_cmd.go:65.32,67.6 1 0
github.com/sofq/jira-cli/cmd/schema_cmd.go:69.4,69.26 1 0
github.com/sofq/jira-cli/cmd/schema_cmd.go:69.26,76.5 3 0
github.com/sofq/jira-cli/cmd/schema_cmd.go:77.4,78.34 2 0
github.com/sofq/jira-cli/cmd/schema_cmd.go:81.3,82.29 2 0
github.com/sofq/jira-cli/cmd/schema_cmd.go:82.29,83.50 1 0
github.com/sofq/jira-cli/cmd/schema_cmd.go:83.50,86.5 2 0
github.com/sofq/jira-cli/cmd/schema_cmd.go:88.3,93.68 3 0
github.com/sofq/jira-cli/cmd/schema_cmd.go:98.66,100.25 2 1
github.com/sofq/jira-cli/cmd/schema_cmd.go:100.25,102.3 1 1
github.com/sofq/jira-cli/cmd/schema_cmd.go:103.2,103.16 1 1
github.com/sofq/jira-cli/cmd/schema_cmd.go:107.45,111.38 4 1
github.com/sofq/jira-cli/cmd/schema_cmd.go:111.38,113.3 1 1
github.com/sofq/jira-cli/cmd/schema_cmd.go:114.2,114.48 1 1
github.com/sofq/jira-cli/cmd/schema_cmd.go:118.58,122.20 3 1
github.com/sofq/jira-cli/cmd/schema_cmd.go:122.20,124.17 2 1
github.com/sofq/jira-cli/cmd/schema_cmd.go:124.17,131.4 3 1
github.com/sofq/jira-cli/cmd/schema_cmd.go:132.3,132.18 1 1
github.com/sofq/jira-cli/cmd/schema_cmd.go:135.2,135.16 1 1
github.com/sofq/jira-cli/cmd/schema_cmd.go:135.16,137.3 1 1
github.com/sofq/jira-cli/cmd/schema_cmd.go:139.2,140.12 2 1
github.com/sofq/jira-cli/cmd/schema_cmd.go:143.13,147.2 3 1
github.com/sofq/jira-cli/cmd/template.go:54.13,68.2 11 1
github.com/sofq/jira-cli/cmd/template.go:70.63,72.16 2 1
github.com/sofq/jira-cli/cmd/template.go:72.16,79.3 3 1
github.com/sofq/jira-cli/cmd/template.go:81.2,84.20 3 1
github.com/sofq/jira-cli/cmd/template.go:84.20,86.17 2 1
github.com/sofq/jira-cli/cmd/template.go:86.17,93.4 3 1
github.com/sofq/jira-cli/cmd/template.go:94.3,94.18 1 1
github.com/sofq/jira-cli/cmd/template.go:97.2,97.16 1 1
github.com/sofq/jira-cli/cmd/template.go:97.16,99.3 1 1
github.com/sofq/jira-cli/cmd/template.go:101.2,102.12 2 1
github.com/sofq/jira-cli/cmd/template.go:105.63,109.16 3 1
github.com/sofq/jira-cli/cmd/template.go:109.16,116.3 3 1
github.com/sofq/jira-cli/cmd/template.go:117.2,117.9 1 1
github.com/sofq/jira-cli/cmd/template.go:117.9,124.3 3 1
github.com/sofq/jira-cli/cmd/template.go:126.2,131.20 4 1
github.com/sofq/jira-cli/cmd/template.go:131.20,133.17 2 1
github.com/sofq/jira-cli/cmd/template.go:133.17,140.4 3 1
github.com/sofq/jira-cli/cmd/template.go:141.3,141.18 1 1
github.com/sofq/jira-cli/cmd/template.go:144.2,144.16 1 1
github.com/sofq/jira-cli/cmd/template.go:144.16,146.3 1 1
github.com/sofq/jira-cli/cmd/template.go:148.2,149.12 2 1
github.com/sofq/jira-cli/cmd/template.go:153.62,155.29 2 1
github.com/sofq/jira-cli/cmd/template.go:155.29,157.22 2 1
github.com/sofq/jira-cli/cmd/template.go:157.22,159.4 1 1
github.com/sofq/jira-cli/cmd/template.go:160.3,160.28 1 1
github.com/sofq/jira-cli/cmd/template.go:162.2,162.18 1 1
github.com/sofq/jira-cli/cmd/template.go:165.64,167.16 2 1
github.com/sofq/jira-cli/cmd/template.go:167.16,171.3 3 1
github.com/sofq/jira-cli/cmd/template.go:173.2,179.16 6 1
github.com/sofq/jira-cli/cmd/template.go:179.16,186.3 3 1
github.com/sofq/jira-cli/cmd/template.go:187.2,187.9 1 1
github.com/sofq/jira-cli/cmd/template.go:187.9,194.3 3 1
github.com/sofq/jira-cli/cmd/template.go:196.2,197.16 2 1
github.com/sofq/jira-cli/cmd/template.go:197.16,204.3 3 1
github.com/sofq/jira-cli/cmd/template.go:206.2,207.16 2 1
github.com/sofq/jira-cli/cmd/template.go:207.16,214.3 3 1
github.com/sofq/jira-cli/cmd/template.go:217.2,222.38 2 1
github.com/sofq/jira-cli/cmd/template.go:222.38,224.3 1 1
github.com/sofq/jira-cli/cmd/template.go:225.2,225.42 1 1
github.com/sofq/jira-cli/cmd/template.go:225.42,227.3 1 1
github.com/sofq/jira-cli/cmd/template.go:228.2,228.39 1 1
github.com/sofq/jira-cli/cmd/template.go:228.39,230.3 1 1
github.com/sofq/jira-cli/cmd/template.go:231.2,231.37 1 1
github.com/sofq/jira-cli/cmd/template.go:231.37,233.3 1 1
github.com/sofq/jira-cli/cmd/template.go:235.2,235.44 1 1
github.com/sofq/jira-cli/cmd/template.go:235.44,237.3 1 1
github.com/sofq/jira-cli/cmd/template.go:240.2,240.14 1 1
github.com/sofq/jira-cli/cmd/template.go:240.14,248.58 3 1
github.com/sofq/jira-cli/cmd/template.go:248.58,250.4 1 1
github.com/sofq/jira-cli/cmd/template.go:251.3,251.13 1 1
github.com/sofq/jira-cli/cmd/template.go:255.2,255.18 1 1
github.com/sofq/jira-cli/cmd/template.go:255.18,256.36 1 1
github.com/sofq/jira-cli/cmd/template.go:256.36,258.4 1 1
github.com/sofq/jira-cli/cmd/template.go:260.2,260.18 1 1
github.com/sofq/jira-cli/cmd/template.go:260.18,262.34 2 1
github.com/sofq/jira-cli/cmd/template.go:262.34,264.4 1 1
github.com/sofq/jira-cli/cmd/template.go:265.3,265.18 1 1
github.com/sofq/jira-cli/cmd/template.go:265.18,267.4 1 1
github.com/sofq/jira-cli/cmd/template.go:270.2,272.33 3 1
github.com/sofq/jira-cli/cmd/template.go:272.33,274.3 1 1
github.com/sofq/jira-cli/cmd/template.go:276.2,276.70 1 1
github.com/sofq/jira-cli/cmd/template.go:276.70,278.3 1 1
github.com/sofq/jira-cli/cmd/template.go:279.2,279.12 1 1
github.com/sofq/jira-cli/cmd/template.go:282.65,287.56 4 1
github.com/sofq/jira-cli/cmd/template.go:287.56,294.3 3 1
github.com/sofq/jira-cli/cmd/template.go:296.2,296.21 1 1
github.com/sofq/jira-cli/cmd/template.go:296.21,311.17 3 1
github.com/sofq/jira-cli/cmd/template.go:311.17,314.55 3 1
github.com/sofq/jira-cli/cmd/template.go:314.55,317.5 2 1
github.com/sofq/jira-cli/cmd/template.go:318.4,323.56 3 1
github.com/sofq/jira-cli/cmd/template.go:326.3,332.13 3 1
github.com/sofq/jira-cli/cmd/template.go:336.2,337.16 2 1
github.com/sofq/jira-cli/cmd/template.go:337.16,341.3 3 1
github.com/sofq/jira-cli/cmd/template.go:343.2,343.14 1 1
github.com/sofq/jira-cli/cmd/template.go:343.14,349.58 2 1
github.com/sofq/jira-cli/cmd/template.go:349.58,351.4 1 1
github.com/sofq/jira-cli/cmd/template.go:352.3,352.13 1 1
github.com/sofq/jira-cli/cmd/template.go:355.2,357.33 2 1
github.com/sofq/jira-cli/cmd/template.go:357.33,359.3 1 1
github.com/sofq/jira-cli/cmd/template.go:361.2,362.16 2 1
github.com/sofq/jira-cli/cmd/template.go:362.16,369.3 3 1
github.com/sofq/jira-cli/cmd/template.go:371.2,372.16 2 1
github.com/sofq/jira-cli/cmd/template.go:372.16,375.54 3 1
github.com/sofq/jira-cli/cmd/template.go:375.54,378.4 2 1
github.com/sofq/jira-cli/cmd/template.go:379.3,384.55 3 1
github.com/sofq/jira-cli/cmd/template.go:387.2,394.12 3 1
github.com/sofq/jira-cli/cmd/template.go:398.79,415.58 2 1
github.com/sofq/jira-cli/cmd/template.go:415.58,417.3 1 1
github.com/sofq/jira-cli/cmd/template.go:419.2,431.83 2 1
github.com/sofq/jira-cli/cmd/template.go:431.83,437.3 2 1
github.com/sofq/jira-cli/cmd/template.go:439.2,439.38 1 1
github.com/sofq/jira-cli/cmd/template.go:439.38,446.3 2 1
github.com/sofq/jira-cli/cmd/template.go:448.2,448.34 1 1
github.com/sofq/jira-cli/cmd/template.go:448.34,455.3 2 1
github.com/sofq/jira-cli/cmd/template.go:457.2,457.35 1 1
github.com/sofq/jira-cli/cmd/template.go:457.35,463.3 2 1
github.com/sofq/jira-cli/cmd/template.go:465.2,465.15 1 1
github.com/sofq/jira-cli/cmd/template_schema.go:6.47,56.2 1 1
github.com/sofq/jira-cli/cmd/version.go:14.54,16.17 2 0
github.com/sofq/jira-cli/cmd/version.go:16.17,18.4 1 0
github.com/sofq/jira-cli/cmd/version.go:19.3,19.32 1 0
github.com/sofq/jira-cli/cmd/watch.go:29.13,35.2 5 1
github.com/sofq/jira-cli/cmd/watch.go:37.56,39.16 2 1
github.com/sofq/jira-cli/cmd/watch.go:39.16,43.3 3 1
github.com/sofq/jira-cli/cmd/watch.go:45.2,50.30 5 1
github.com/sofq/jira-cli/cmd/watch.go:50.30,57.3 3 1
github.com/sofq/jira-cli/cmd/watch.go:60.2,61.20 2 1
github.com/sofq/jira-cli/cmd/watch.go:61.20,63.3 1 1
github.com/sofq/jira-cli/cmd/watch.go:65.2,73.14 2 1
github.com/sofq/jira-cli/cmd/watch.go:73.14,76.3 2 1
github.com/sofq/jira-cli/cmd/watch.go:78.2,79.33 2 1
github.com/sofq/jira-cli/cmd/watch.go:79.33,81.3 1 1
github.com/sofq/jira-cli/cmd/watch.go:82.2,82.12 1 1
github.com/sofq/jira-cli/cmd/workflow.go:78.13,138.2 51 1
github.com/sofq/jira-cli/cmd/workflow.go:148.114,151.33 2 1
github.com/sofq/jira-cli/cmd/workflow.go:151.33,153.3 1 1
github.com/sofq/jira-cli/cmd/workflow.go:155.2,164.68 2 1
github.com/sofq/jira-cli/cmd/workflow.go:164.68,171.3 3 1
github.com/sofq/jira-cli/cmd/workflow.go:173.2,175.43 2 1
github.com/sofq/jira-cli/cmd/workflow.go:175.43,176.84 1 1
github.com/sofq/jira-cli/cmd/workflow.go:176.84,178.4 1 1
github.com/sofq/jira-cli/cmd/workflow.go:181.2,181.43 1 1
github.com/sofq/jira-cli/cmd/workflow.go:181.43,183.59 1 1
github.com/sofq/jira-cli/cmd/workflow.go:183.59,185.4 1 1
github.com/sofq/jira-cli/cmd/workflow.go:188.2,189.43 2 1
github.com/sofq/jira-cli/cmd/workflow.go:189.43,191.3 1 1
github.com/sofq/jira-cli/cmd/workflow.go:192.2,197.37 3 1
github.com/sofq/jira-cli/cmd/workflow.go:203.92,204.29 1 1
github.com/sofq/jira-cli/cmd/workflow.go:205.12,207.30 2 1
github.com/sofq/jira-cli/cmd/workflow.go:207.30,209.4 1 1
github.com/sofq/jira-cli/cmd/workflow.go:210.3,213.51 2 1
github.com/sofq/jira-cli/cmd/workflow.go:213.51,220.4 3 1
github.com/sofq/jira-cli/cmd/workflow.go:221.3,221.25 1 1
github.com/sofq/jira-cli/cmd/workflow.go:221.25,228.4 3 1
github.com/sofq/jira-cli/cmd/workflow.go:229.3,229.46 1 1
github.com/sofq/jira-cli/cmd/workflow.go:231.26,232.35 1 1
github.com/sofq/jira-cli/cmd/workflow.go:234.10,237.30 2 1
github.com/sofq/jira-cli/cmd/workflow.go:237.30,239.4 1 1
github.com/sofq/jira-cli/cmd/workflow.go:240.3,244.54 2 1
github.com/sofq/jira-cli/cmd/workflow.go:244.54,251.4 3 1
github.com/sofq/jira-cli/cmd/workflow.go:252.3,252.22 1 1
github.com/sofq/jira-cli/cmd/workflow.go:252.22,259.4 3 1
github.com/sofq/jira-cli/cmd/workflow.go:260.3,260.52 1 1
github.com/sofq/jira-cli/cmd/workflow.go:264.61,266.16 2 1
github.com/sofq/jira-cli/cmd/workflow.go:266.16,270.3 3 1
github.com/sofq/jira-cli/cmd/workflow.go:272.2,276.14 3 1
github.com/sofq/jira-cli/cmd/workflow.go:276.14,282.58 2 1
github.com/sofq/jira-cli/cmd/workflow.go:282.58,284.4 1 1
github.com/sofq/jira-cli/cmd/workflow.go:285.3,285.13 1 1
github.com/sofq/jira-cli/cmd/workflow.go:288.2,289.33 2 1
github.com/sofq/jira-cli/cmd/workflow.go:289.33,291.3 1 1
github.com/sofq/jira-cli/cmd/workflow.go:294.2,298.33 3 1
github.com/sofq/jira-cli/cmd/workflow.go:298.33,300.3 1 1
github.com/sofq/jira-cli/cmd/workflow.go:302.2,307.65 2 1
github.com/sofq/jira-cli/cmd/workflow.go:307.65,309.3 1 1
github.com/sofq/jira-cli/cmd/workflow.go:310.2,310.12 1 1
github.com/sofq/jira-cli/cmd/workflow.go:313.55,315.16 2 1
github.com/sofq/jira-cli/cmd/workflow.go:315.16,319.3 3 1
github.com/sofq/jira-cli/cmd/workflow.go:321.2,326.14 4 1
github.com/sofq/jira-cli/cmd/workflow.go:326.14,332.19 2 1
github.com/sofq/jira-cli/cmd/workflow.go:332.19,334.4 1 1
github.com/sofq/jira-cli/cmd/workflow.go:335.3,336.58 2 1
github.com/sofq/jira-cli/cmd/workflow.go:336.58,338.4 1 1
github.com/sofq/jira-cli/cmd/workflow.go:339.3,339.13 1 1
github.com/sofq/jira-cli/cmd/workflow.go:342.2,343.33 2 1
github.com/sofq/jira-cli/cmd/workflow.go:343.33,345.3 1 1
github.com/sofq/jira-cli/cmd/workflow.go:347.2,351.33 3 1
github.com/sofq/jira-cli/cmd/workflow.go:351.33,353.3 1 1
github.com/sofq/jira-cli/cmd/workflow.go:355.2,361.18 2 1
github.com/sofq/jira-cli/cmd/workflow.go:361.18,363.30 2 1
github.com/sofq/jira-cli/cmd/workflow.go:363.30,365.4 1 1
github.com/sofq/jira-cli/cmd/workflow.go:367.3,367.17 1 1
github.com/sofq/jira-cli/cmd/workflow.go:367.17,372.31 3 1
github.com/sofq/jira-cli/cmd/workflow.go:372.31,374.5 1 1
github.com/sofq/jira-cli/cmd/workflow.go:375.4,375.37 1 1
github.com/sofq/jira-cli/cmd/workflow.go:376.9,381.31 3 1
github.com/sofq/jira-cli/cmd/workflow.go:381.31,383.5 1 1
github.com/sofq/jira-cli/cmd/workflow.go:384.4,384.31 1 1
github.com/sofq/jira-cli/cmd/workflow.go:388.2,389.65 2 1
github.com/sofq/jira-cli/cmd/workflow.go:389.65,391.3 1 1
github.com/sofq/jira-cli/cmd/workflow.go:392.2,392.12 1 1
github.com/sofq/jira-cli/cmd/workflow.go:395.57,397.16 2 1
github.com/sofq/jira-cli/cmd/workflow.go:397.16,401.3 3 1
github.com/sofq/jira-cli/cmd/workflow.go:403.2,407.14 3 1
github.com/sofq/jira-cli/cmd/workflow.go:407.14,413.58 2 1
github.com/sofq/jira-cli/cmd/workflow.go:413.58,415.4 1 1
github.com/sofq/jira-cli/cmd/workflow.go:416.3,416.13 1 1
github.com/sofq/jira-cli/cmd/workflow.go:419.2,420.33 2 1
github.com/sofq/jira-cli/cmd/workflow.go:420.33,422.3 1 1
github.com/sofq/jira-cli/cmd/workflow.go:424.2,424.16 1 1
github.com/sofq/jira-cli/cmd/workflow.go:424.16,429.34 3 1
github.com/sofq/jira-cli/cmd/workflow.go:429.34,431.4 1 1
github.com/sofq/jira-cli/cmd/workflow.go:432.3,436.66 2 1
github.com/sofq/jira-cli/cmd/workflow.go:436.66,438.4 1 1
github.com/sofq/jira-cli/cmd/workflow.go:439.3,439.13 1 1
github.com/sofq/jira-cli/cmd/workflow.go:442.2,446.33 3 1
github.com/sofq/jira-cli/cmd/workflow.go:446.33,448.3 1 1
github.com/sofq/jira-cli/cmd/workflow.go:450.2,455.65 2 1
github.com/sofq/jira-cli/cmd/workflow.go:455.65,457.3 1 1
github.com/sofq/jira-cli/cmd/workflow.go:458.2,458.12 1 1
github.com/sofq/jira-cli/cmd/workflow.go:461.62,463.16 2 1
github.com/sofq/jira-cli/cmd/workflow.go:463.16,467.3 3 1
github.com/sofq/jira-cli/cmd/workflow.go:469.2,483.23 10 1
github.com/sofq/jira-cli/cmd/workflow.go:483.23,485.3 1 1
github.com/sofq/jira-cli/cmd/workflow.go:486.2,486.20 1 1
github.com/sofq/jira-cli/cmd/workflow.go:486.20,488.3 1 1
github.com/sofq/jira-cli/cmd/workflow.go:489.2,489.18 1 1
github.com/sofq/jira-cli/cmd/workflow.go:489.18,491.3 1 1
github.com/sofq/jira-cli/cmd/workflow.go:492.2,492.18 1 1
github.com/sofq/jira-cli/cmd/workflow.go:492.18,494.3 1 1
github.com/sofq/jira-cli/cmd/workflow.go:497.2,497.14 1 1
github.com/sofq/jira-cli/cmd/workflow.go:497.14,504.58 3 1
github.com/sofq/jira-cli/cmd/workflow.go:504.58,506.4 1 1
github.com/sofq/jira-cli/cmd/workflow.go:507.3,507.13 1 1
github.com/sofq/jira-cli/cmd/workflow.go:511.2,511.18 1 1
github.com/sofq/jira-cli/cmd/workflow.go:511.18,513.34 2 1
github.com/sofq/jira-cli/cmd/workflow.go:513.34,515.4 1 1
github.com/sofq/jira-cli/cmd/workflow.go:516.3,516.18 1 1
github.com/sofq/jira-cli/cmd/workflow.go:516.18,518.4 1 1
github.com/sofq/jira-cli/cmd/workflow.go:521.2,523.33 3 1
github.com/sofq/jira-cli/cmd/workflow.go:523.33,525.3 1 1
github.com/sofq/jira-cli/cmd/workflow.go:527.2,527.70 1 1
github.com/sofq/jira-cli/cmd/workflow.go:527.70,529.3 1 1
github.com/sofq/jira-cli/cmd/workflow.go:530.2,530.12 1 1
github.com/sofq/jira-cli/cmd/workflow.go:536.92,538.33 2 1
github.com/sofq/jira-cli/cmd/workflow.go:538.33,540.3 1 1
github.com/sofq/jira-cli/cmd/workflow.go:542.2,550.61 2 1
github.com/sofq/jira-cli/cmd/workflow.go:550.61,557.3 3 1
github.com/sofq/jira-cli/cmd/workflow.go:559.2,561.50 2 1
github.com/sofq/jira-cli/cmd/workflow.go:561.50,564.43 1 1
github.com/sofq/jira-cli/cmd/workflow.go:564.43,566.4 1 1
github.com/sofq/jira-cli/cmd/workflow.go:569.2,569.50 1 1
github.com/sofq/jira-cli/cmd/workflow.go:569.50,572.59 1 1
github.com/sofq/jira-cli/cmd/workflow.go:572.59,574.4 1 1
github.com/sofq/jira-cli/cmd/workflow.go:577.2,578.50 2 1
github.com/sofq/jira-cli/cmd/workflow.go:578.50,580.3 1 1
github.com/sofq/jira-cli/cmd/workflow.go:581.2,586.36 3 1
github.com/sofq/jira-cli/cmd/workflow.go:589.55,591.16 2 1
github.com/sofq/jira-cli/cmd/workflow.go:591.16,595.3 3 1
github.com/sofq/jira-cli/cmd/workflow.go:597.2,602.14 4 1
github.com/sofq/jira-cli/cmd/workflow.go:602.14,608.58 2 1
github.com/sofq/jira-cli/cmd/workflow.go:608.58,610.4 1 1
github.com/sofq/jira-cli/cmd/workflow.go:611.3,611.13 1 1
github.com/sofq/jira-cli/cmd/workflow.go:614.2,615.33 2 1
github.com/sofq/jira-cli/cmd/workflow.go:615.33,617.3 1 1
github.com/sofq/jira-cli/cmd/workflow.go:619.2,625.33 3 1
github.com/sofq/jira-cli/cmd/workflow.go:625.33,627.3 1 1
github.com/sofq/jira-cli/cmd/workflow.go:629.2,635.65 2 1
github.com/sofq/jira-cli/cmd/workflow.go:635.65,637.3 1 1
github.com/sofq/jira-cli/cmd/workflow.go:638.2,638.12 1 1
github.com/sofq/jira-cli/cmd/workflow.go:641.58,643.16 2 1
github.com/sofq/jira-cli/cmd/workflow.go:643.16,647.3 3 1
github.com/sofq/jira-cli/cmd/workflow.go:649.2,654.21 5 1
github.com/sofq/jira-cli/cmd/workflow.go:654.21,661.3 3 1
github.com/sofq/jira-cli/cmd/workflow.go:664.2,664.14 1 1
github.com/sofq/jira-cli/cmd/workflow.go:664.14,670.58 2 1
github.com/sofq/jira-cli/cmd/workflow.go:670.58,672.4 1 1
github.com/sofq/jira-cli/cmd/workflow.go:673.3,673.13 1 1
github.com/sofq/jira-cli/cmd/workflow.go:676.2,679.19 2 1
github.com/sofq/jira-cli/cmd/workflow.go:679.19,681.3 1 1
github.com/sofq/jira-cli/cmd/workflow.go:683.2,687.33 3 1
github.com/sofq/jira-cli/cmd/workflow.go:687.33,689.3 1 1
github.com/sofq/jira-cli/cmd/workflow.go:691.2,696.65 2 1
github.com/sofq/jira-cli/cmd/workflow.go:696.65,698.3 1 1
github.com/sofq/jira-cli/cmd/workflow.go:699.2,699.12 1 1
github.com/sofq/jira-cli/cmd/workflow.go:711.97,713.33 2 1
github.com/sofq/jira-cli/cmd/workflow.go:713.33,715.3 1 1
github.com/sofq/jira-cli/cmd/workflow.go:717.2,722.64 2 1
github.com/sofq/jira-cli/cmd/workflow.go:722.64,729.3 3 1
github.com/sofq/jira-cli/cmd/workflow.go:731.2,736.42 5 1
github.com/sofq/jira-cli/cmd/workflow.go:736.42,739.30 2 1
github.com/sofq/jira-cli/cmd/workflow.go:739.30,741.12 1 1
github.com/sofq/jira-cli/cmd/workflow.go:744.3,751.67 2 1
github.com/sofq/jira-cli/cmd/workflow.go:751.67,752.12 1 1
github.com/sofq/jira-cli/cmd/workflow.go:755.3,755.40 1 1
github.com/sofq/jira-cli/cmd/workflow.go:755.40,758.46 3 1
github.com/sofq/jira-cli/cmd/workflow.go:758.46,761.5 2 1
github.com/sofq/jira-cli/cmd/workflow.go:762.4,762.66 1 1
github.com/sofq/jira-cli/cmd/workflow.go:762.66,765.5 2 1
github.com/sofq/jira-cli/cmd/workflow.go:769.2,769.23 1 1
github.com/sofq/jira-cli/cmd/workflow.go:769.23,771.3 1 1
github.com/sofq/jira-cli/cmd/workflow.go:772.2,772.27 1 1
github.com/sofq/jira-cli/cmd/workflow.go:772.27,774.3 1 1
github.com/sofq/jira-cli/cmd/workflow.go:776.2,781.35 3 1
github.com/sofq/jira-cli/cmd/workflow.go:784.57,786.16 2 1
github.com/sofq/jira-cli/cmd/workflow.go:786.16,790.3 3 1
github.com/sofq/jira-cli/cmd/workflow.go:792.2,796.14 3 1
github.com/sofq/jira-cli/cmd/workflow.go:796.14,802.58 2 1
github.com/sofq/jira-cli/cmd/workflow.go:802.58,804.4 1 1
github.com/sofq/jira-cli/cmd/workflow.go:805.3,805.13 1 1
github.com/sofq/jira-cli/cmd/workflow.go:808.2,809.33 2 1
github.com/sofq/jira-cli/cmd/workflow.go:809.33,811.3 1 1
github.com/sofq/jira-cli/cmd/workflow.go:813.2,817.33 3 1
github.com/sofq/jira-cli/cmd/workflow.go:817.33,819.3 1 1
github.com/sofq/jira-cli/cmd/workflow.go:821.2,826.65 2 1
github.com/sofq/jira-cli/cmd/workflow.go:826.65,828.3 1 1
github.com/sofq/jira-cli/cmd/workflow.go:829.2,829.12 1 1
github.com/sofq/jira-cli/cmd/workflow.go:832.58,834.16 2 1
github.com/sofq/jira-cli/cmd/workflow.go:834.16,838.3 3 1
github.com/sofq/jira-cli/cmd/workflow.go:840.2,844.14 3 1
github.com/sofq/jira-cli/cmd/workflow.go:844.14,850.58 2 1
github.com/sofq/jira-cli/cmd/workflow.go:850.58,852.4 1 1
github.com/sofq/jira-cli/cmd/workflow.go:853.3,853.13 1 1
github.com/sofq/jira-cli/cmd/workflow.go:856.2,860.33 3 1
github.com/sofq/jira-cli/cmd/workflow.go:860.33,862.3 1 1
github.com/sofq/jira-cli/cmd/workflow.go:864.2,868.65 2 1
github.com/sofq/jira-cli/cmd/workflow.go:868.65,870.3 1 1
github.com/sofq/jira-cli/cmd/workflow.go:871.2,871.12 1 1
github.com/sofq/jira-cli/cmd/workflow_schema.go:8.50,116.2 1 1
github.com/sofq/jira-cli/cmd/workflow_schema.go:119.44,136.2 1 1
github.com/sofq/jira-cli/internal/cache/cache.go:18.19,19.25 1 1
github.com/sofq/jira-cli/internal/cache/cache.go:19.25,23.3 3 1
github.com/sofq/jira-cli/internal/cache/cache.go:24.2,24.17 1 1
github.com/sofq/jira-cli/internal/cache/cache.go:30.60,32.34 2 1
github.com/sofq/jira-cli/internal/cache/cache.go:32.34,34.3 1 1
github.com/sofq/jira-cli/internal/cache/cache.go:35.2,36.33 2 1
github.com/sofq/jira-cli/internal/cache/cache.go:40.56,43.16 3 1
github.com/sofq/jira-cli/internal/cache/cache.go:43.16,45.3 1 1
github.com/sofq/jira-cli/internal/cache/cache.go:46.2,46.38 1 1
github.com/sofq/jira-cli/internal/cache/cache.go:46.38,49.3 2 1
github.com/sofq/jira-cli/internal/cache/cache.go:50.2,51.16 2 1
github.com/sofq/jira-cli/internal/cache/cache.go:51.16,53.3 1 1
github.com/sofq/jira-cli/internal/cache/cache.go:54.2,54.19 1 1
github.com/sofq/jira-cli/internal/cache/cache.go:58.41,61.2 2 1
github.com/sofq/jira-cli/internal/cache/presets.go:9.45,19.34 2 1
github.com/sofq/jira-cli/internal/cache/presets.go:19.34,20.16 1 1
github.com/sofq/jira-cli/internal/cache/presets.go:20.16,22.4 1 1
github.com/sofq/jira-cli/internal/cache/presets.go:24.2,24.10 1 1
github.com/sofq/jira-cli/internal/config/config.go:78.27,79.47 1 1
github.com/sofq/jira-cli/internal/config/config.go:79.47,81.3 1 1
github.com/sofq/jira-cli/internal/config/config.go:82.2,82.14 1 1
github.com/sofq/jira-cli/internal/config/config.go:83.16,85.84 2 1
github.com/sofq/jira-cli/internal/config/config.go:86.17,88.20 2 1
github.com/sofq/jira-cli/internal/config/config.go:88.20,91.4 2 1
github.com/sofq/jira-cli/internal/config/config.go:92.3,92.53 1 1
github.com/sofq/jira-cli/internal/config/config.go:93.10,95.61 2 1
github.com/sofq/jira-cli/internal/config/config.go:101.45,103.16 2 1
github.com/sofq/jira-cli/internal/config/config.go:103.16,104.37 1 1
github.com/sofq/jira-cli/internal/config/config.go:104.37,106.4 1 1
github.com/sofq/jira-cli/internal/config/config.go:107.3,107.18 1 1
github.com/sofq/jira-cli/internal/config/config.go:110.2,111.51 2 1
github.com/sofq/jira-cli/internal/config/config.go:111.51,113.3 1 1
github.com/sofq/jira-cli/internal/config/config.go:114.2,114.25 1 1
github.com/sofq/jira-cli/internal/config/config.go:114.25,116.3 1 1
github.com/sofq/jira-cli/internal/config/config.go:117.2,117.18 1 1
github.com/sofq/jira-cli/internal/config/config.go:123.45,124.63 1 1
github.com/sofq/jira-cli/internal/config/config.go:124.63,126.3 1 1
github.com/sofq/jira-cli/internal/config/config.go:128.2,129.40 2 1
github.com/sofq/jira-cli/internal/config/config.go:133.44,135.30 2 1
github.com/sofq/jira-cli/internal/config/config.go:135.30,137.3 1 1
github.com/sofq/jira-cli/internal/config/config.go:138.2,139.21 2 1
github.com/sofq/jira-cli/internal/config/config.go:139.21,141.3 1 1
github.com/sofq/jira-cli/internal/config/config.go:142.2,142.34 1 1
github.com/sofq/jira-cli/internal/config/config.go:149.35,151.2 1 1
github.com/sofq/jira-cli/internal/config/config.go:158.93,161.16 2 1
github.com/sofq/jira-cli/internal/config/config.go:161.16,163.3 1 1
github.com/sofq/jira-cli/internal/config/config.go:165.2,166.16 2 1
github.com/sofq/jira-cli/internal/config/config.go:166.16,168.3 1 1
github.com/sofq/jira-cli/internal/config/config.go:169.2,169.16 1 1
github.com/sofq/jira-cli/internal/config/config.go:169.16,171.3 1 1
github.com/sofq/jira-cli/internal/config/config.go:173.2,177.37 5 1
github.com/sofq/jira-cli/internal/config/config.go:177.37,189.3 11 1
github.com/sofq/jira-cli/internal/config/config.go:189.8,189.30 1 1
github.com/sofq/jira-cli/internal/config/config.go:189.30,192.3 1 1
github.com/sofq/jira-cli/internal/config/config.go:195.2,202.22 6 1
github.com/sofq/jira-cli/internal/config/config.go:202.22,204.3 1 1
github.com/sofq/jira-cli/internal/config/config.go:206.2,207.23 2 1
github.com/sofq/jira-cli/internal/config/config.go:207.23,209.3 1 1
github.com/sofq/jira-cli/internal/config/config.go:211.2,212.23 2 1
github.com/sofq/jira-cli/internal/config/config.go:212.23,214.3 1 1
github.com/sofq/jira-cli/internal/config/config.go:216.2,217.20 2 1
github.com/sofq/jira-cli/internal/config/config.go:217.20,219.3 1 1
github.com/sofq/jira-cli/internal/config/config.go:222.2,222.18 1 1
github.com/sofq/jira-cli/internal/config/config.go:222.18,223.26 1 1
github.com/sofq/jira-cli/internal/config/config.go:223.26,225.4 1 1
github.com/sofq/jira-cli/internal/config/config.go:226.3,226.27 1 1
github.com/sofq/jira-cli/internal/config/config.go:226.27,228.4 1 1
github.com/sofq/jira-cli/internal/config/config.go:229.3,229.27 1 1
github.com/sofq/jira-cli/internal/config/config.go:229.27,231.4 1 1
github.com/sofq/jira-cli/internal/config/config.go:232.3,232.24 1 1
github.com/sofq/jira-cli/internal/config/config.go:232.24,234.4 1 1
github.com/sofq/jira-cli/internal/config/config.go:238.2,238.20 1 1
github.com/sofq/jira-cli/internal/config/config.go:238.20,240.3 1 1
github.com/sofq/jira-cli/internal/config/config.go:243.2,243.30 1 1
github.com/sofq/jira-cli/internal/config/config.go:243.30,245.3 1 1
github.com/sofq/jira-cli/internal/config/config.go:246.2,249.26 2 1
github.com/sofq/jira-cli/internal/config/config.go:249.26,251.25 2 1
github.com/sofq/jira-cli/internal/config/config.go:251.25,253.4 1 1
github.com/sofq/jira-cli/internal/config/config.go:254.3,254.29 1 1
github.com/sofq/jira-cli/internal/config/config.go:254.29,256.4 1 1
github.com/sofq/jira-cli/internal/config/config.go:257.3,257.25 1 1
github.com/sofq/jira-cli/internal/config/config.go:257.25,259.4 1 1
github.com/sofq/jira-cli/internal/config/config.go:260.3,260.23 1 1
github.com/sofq/jira-cli/internal/config/config.go:260.23,262.4 1 1
github.com/sofq/jira-cli/internal/config/config.go:266.2,283.8 2 1
github.com/sofq/jira-cli/internal/duration/duration.go:27.35,29.13 2 1
github.com/sofq/jira-cli/internal/duration/duration.go:29.13,31.3 1 1
github.com/sofq/jira-cli/internal/duration/duration.go:33.2,33.33 1 1
github.com/sofq/jira-cli/internal/duration/duration.go:33.33,35.3 1 1
github.com/sofq/jira-cli/internal/duration/duration.go:37.2,40.28 3 1
github.com/sofq/jira-cli/internal/duration/duration.go:40.28,42.15 2 1
github.com/sofq/jira-cli/internal/duration/duration.go:43.12,44.25 1 1
github.com/sofq/jira-cli/internal/duration/duration.go:45.12,46.24 1 1
github.com/sofq/jira-cli/internal/duration/duration.go:47.12,48.25 1 1
github.com/sofq/jira-cli/internal/duration/duration.go:49.12,50.27 1 1
github.com/sofq/jira-cli/internal/duration/duration.go:54.2,54.19 1 1
github.com/sofq/jira-cli/internal/errors/errors.go:33.46,33.80 1 1
github.com/sofq/jira-cli/internal/errors/errors.go:53.35,54.18 1 1
github.com/sofq/jira-cli/internal/errors/errors.go:54.18,56.3 1 1
github.com/sofq/jira-cli/internal/errors/errors.go:57.2,57.76 1 1
github.com/sofq/jira-cli/internal/errors/errors.go:61.35,63.2 1 1
github.com/sofq/jira-cli/internal/errors/errors.go:66.43,70.2 3 1
github.com/sofq/jira-cli/internal/errors/errors.go:73.34,75.2 1 1
github.com/sofq/jira-cli/internal/errors/errors.go:78.41,79.9 1 1
github.com/sofq/jira-cli/internal/errors/errors.go:80.38,81.18 1 1
github.com/sofq/jira-cli/internal/errors/errors.go:82.21,83.22 1 1
github.com/sofq/jira-cli/internal/errors/errors.go:84.38,85.24 1 1
github.com/sofq/jira-cli/internal/errors/errors.go:86.21,87.23 1 1
github.com/sofq/jira-cli/internal/errors/errors.go:88.21,89.22 1 1
github.com/sofq/jira-cli/internal/errors/errors.go:90.21,91.22 1 1
github.com/sofq/jira-cli/internal/errors/errors.go:92.37,93.24 1 1
github.com/sofq/jira-cli/internal/errors/errors.go:94.37,95.20 1 1
github.com/sofq/jira-cli/internal/errors/errors.go:96.37,97.16 1 1
github.com/sofq/jira-cli/internal/errors/errors.go:98.10,99.19 1 1
github.com/sofq/jira-cli/internal/errors/errors.go:104.45,105.9 1 1
github.com/sofq/jira-cli/internal/errors/errors.go:106.38,107.23 1 1
github.com/sofq/jira-cli/internal/errors/errors.go:108.21,109.21 1 1
github.com/sofq/jira-cli/internal/errors/errors.go:110.38,111.28 1 1
github.com/sofq/jira-cli/internal/errors/errors.go:112.21,113.24 1 1
github.com/sofq/jira-cli/internal/errors/errors.go:114.21,115.20 1 1
github.com/sofq/jira-cli/internal/errors/errors.go:116.21,117.16 1 1
github.com/sofq/jira-cli/internal/errors/errors.go:118.37,119.24 1 1
github.com/sofq/jira-cli/internal/errors/errors.go:120.37,121.24 1 1
github.com/sofq/jira-cli/internal/errors/errors.go:122.10,123.28 1 1
github.com/sofq/jira-cli/internal/errors/errors.go:129.40,130.16 1 1
github.com/sofq/jira-cli/internal/errors/errors.go:131.11,132.99 1 1
github.com/sofq/jira-cli/internal/errors/errors.go:133.11,134.62 1 1
github.com/sofq/jira-cli/internal/errors/errors.go:135.11,136.61 1 1
github.com/sofq/jira-cli/internal/errors/errors.go:137.10,138.12 1 1
github.com/sofq/jira-cli/internal/errors/errors.go:144.51,147.147 3 1
github.com/sofq/jira-cli/internal/errors/errors.go:147.147,149.3 1 1
github.com/sofq/jira-cli/internal/errors/errors.go:150.2,150.13 1 1
github.com/sofq/jira-cli/internal/errors/errors.go:156.95,158.17 2 1
github.com/sofq/jira-cli/internal/errors/errors.go:158.17,159.53 1 1
github.com/sofq/jira-cli/internal/errors/errors.go:159.53,160.52 1 1
github.com/sofq/jira-cli/internal/errors/errors.go:160.52,162.5 1 1
github.com/sofq/jira-cli/internal/errors/errors.go:165.2,175.3 1 1
github.com/sofq/jira-cli/gen/generator.go:26.38,30.22 4 1
github.com/sofq/jira-cli/gen/generator.go:30.22,31.71 1 1
github.com/sofq/jira-cli/gen/generator.go:31.71,33.4 1 1
github.com/sofq/jira-cli/gen/generator.go:35.2,36.24 2 1
github.com/sofq/jira-cli/gen/generator.go:36.24,38.3 1 1
github.com/sofq/jira-cli/gen/generator.go:39.2,39.15 1 1
github.com/sofq/jira-cli/gen/generator.go:43.46,45.2 1 1
github.com/sofq/jira-cli/gen/generator.go:48.46,50.2 1 1
github.com/sofq/jira-cli/gen/generator.go:54.57,59.20 4 1
github.com/sofq/jira-cli/gen/generator.go:59.20,60.21 1 1
github.com/sofq/jira-cli/gen/generator.go:60.21,62.29 2 1
github.com/sofq/jira-cli/gen/generator.go:62.29,66.13 3 1
github.com/sofq/jira-cli/gen/generator.go:68.4,72.16 5 1
github.com/sofq/jira-cli/gen/generator.go:73.9,76.4 2 1
github.com/sofq/jira-cli/gen/generator.go:79.2,79.52 1 1
github.com/sofq/jira-cli/gen/generator.go:154.48,156.2 1 1
github.com/sofq/jira-cli/gen/generator.go:160.55,163.8 2 1
github.com/sofq/jira-cli/gen/generator.go:163.8,166.46 3 1
github.com/sofq/jira-cli/gen/generator.go:166.46,168.4 1 1
github.com/sofq/jira-cli/gen/generator.go:172.2,172.62 1 1
github.com/sofq/jira-cli/gen/generator.go:172.62,174.46 2 1
github.com/sofq/jira-cli/gen/generator.go:174.46,176.4 1 1
github.com/sofq/jira-cli/gen/generator.go:179.2,179.54 1 1
github.com/sofq/jira-cli/gen/generator.go:184.60,186.16 2 1
github.com/sofq/jira-cli/gen/generator.go:186.16,188.3 1 1
github.com/sofq/jira-cli/gen/generator.go:190.2,191.16 2 1
github.com/sofq/jira-cli/gen/generator.go:191.16,193.3 1 1
github.com/sofq/jira-cli/gen/generator.go:195.2,196.49 2 1
github.com/sofq/jira-cli/gen/generator.go:196.49,198.3 1 1
github.com/sofq/jira-cli/gen/generator.go:200.2,201.16 2 1
github.com/sofq/jira-cli/gen/generator.go:201.16,204.3 1 1
github.com/sofq/jira-cli/gen/generator.go:205.2,205.23 1 1
github.com/sofq/jira-cli/gen/generator.go:211.66,214.25 3 1
github.com/sofq/jira-cli/gen/generator.go:214.25,217.3 2 1
github.com/sofq/jira-cli/gen/generator.go:219.2,219.25 1 1
github.com/sofq/jira-cli/gen/generator.go:219.25,220.54 1 1
github.com/sofq/jira-cli/gen/generator.go:220.54,224.28 3 1
github.com/sofq/jira-cli/gen/generator.go:224.28,226.5 1 1
github.com/sofq/jira-cli/gen/generator.go:227.4,227.39 1 1
github.com/sofq/jira-cli/gen/generator.go:230.2,230.14 1 1
github.com/sofq/jira-cli/gen/generator.go:233.78,238.25 4 1
github.com/sofq/jira-cli/gen/generator.go:238.25,244.35 5 1
github.com/sofq/jira-cli/gen/generator.go:244.35,251.4 1 1
github.com/sofq/jira-cli/gen/generator.go:253.3,255.36 3 1
github.com/sofq/jira-cli/gen/generator.go:255.36,263.4 2 1
github.com/sofq/jira-cli/gen/generator.go:265.3,266.30 2 1
github.com/sofq/jira-cli/gen/generator.go:266.30,268.4 1 1
github.com/sofq/jira-cli/gen/generator.go:270.3,283.5 1 1
github.com/sofq/jira-cli/gen/generator.go:286.2,293.16 3 1
github.com/sofq/jira-cli/gen/generator.go:293.16,295.3 1 1
github.com/sofq/jira-cli/gen/generator.go:297.2,298.42 2 1
github.com/sofq/jira-cli/gen/generator.go:302.97,304.37 2 1
github.com/sofq/jira-cli/gen/generator.go:304.37,307.26 3 1
github.com/sofq/jira-cli/gen/generator.go:307.26,310.36 3 1
github.com/sofq/jira-cli/gen/generator.go:310.36,318.5 1 1
github.com/sofq/jira-cli/gen/generator.go:319.4,319.37 1 1
github.com/sofq/jira-cli/gen/generator.go:319.37,327.5 1 1
github.com/sofq/jira-cli/gen/generator.go:328.4,328.18 1 1
github.com/sofq/jira-cli/gen/generator.go:328.18,336.5 1 1
github.com/sofq/jira-cli/gen/generator.go:337.4,345.6 1 1
github.com/sofq/jira-cli/gen/generator.go:349.2,355.16 3 1
github.com/sofq/jira-cli/gen/generator.go:355.16,357.3 1 1
github.com/sofq/jira-cli/gen/generator.go:359.2,360.42 2 1
github.com/sofq/jira-cli/gen/generator.go:364.60,366.30 2 1
github.com/sofq/jira-cli/gen/generator.go:366.30,370.3 1 1
github.com/sofq/jira-cli/gen/generator.go:372.2,375.16 3 1
github.com/sofq/jira-cli/gen/generator.go:375.16,377.3 1 1
github.com/sofq/jira-cli/gen/generator.go:379.2,380.42 2 1
github.com/sofq/jira-cli/gen/grouper.go:9.62,11.25 2 1
github.com/sofq/jira-cli/gen/grouper.go:11.25,14.3 2 1
github.com/sofq/jira-cli/gen/grouper.go:15.2,15.15 1 1
github.com/sofq/jira-cli/gen/grouper.go:22.42,26.73 2 1
github.com/sofq/jira-cli/gen/grouper.go:26.73,28.3 1 1
github.com/sofq/jira-cli/gen/grouper.go:31.2,31.49 1 1
github.com/sofq/jira-cli/gen/grouper.go:31.49,33.3 1 1
github.com/sofq/jira-cli/gen/grouper.go:36.2,36.29 1 1
github.com/sofq/jira-cli/gen/grouper.go:36.29,37.14 1 1
github.com/sofq/jira-cli/gen/grouper.go:37.14,39.4 1 1
github.com/sofq/jira-cli/gen/grouper.go:42.2,42.13 1 1
github.com/sofq/jira-cli/gen/grouper.go:46.68,48.21 2 1
github.com/sofq/jira-cli/gen/grouper.go:48.21,50.3 1 1
github.com/sofq/jira-cli/gen/grouper.go:52.2,55.20 3 1
github.com/sofq/jira-cli/gen/grouper.go:55.20,57.3 1 1
github.com/sofq/jira-cli/gen/grouper.go:61.2,62.25 2 1
github.com/sofq/jira-cli/gen/grouper.go:62.25,64.3 1 1
github.com/sofq/jira-cli/gen/grouper.go:67.2,72.30 4 1
github.com/sofq/jira-cli/gen/grouper.go:72.30,74.3 1 1
github.com/sofq/jira-cli/gen/grouper.go:77.2,77.94 1 1
github.com/sofq/jira-cli/gen/grouper.go:77.94,79.3 1 1
github.com/sofq/jira-cli/gen/grouper.go:85.2,85.132 1 1
github.com/sofq/jira-cli/gen/grouper.go:85.132,88.3 2 1
github.com/sofq/jira-cli/gen/grouper.go:93.2,93.74 1 1
github.com/sofq/jira-cli/gen/grouper.go:93.74,96.3 1 1
github.com/sofq/jira-cli/gen/grouper.go:99.2,99.50 1 1
github.com/sofq/jira-cli/gen/grouper.go:115.35,116.45 1 1
github.com/sofq/jira-cli/gen/grouper.go:116.45,118.3 1 1
github.com/sofq/jira-cli/gen/grouper.go:119.2,119.34 1 1
github.com/sofq/jira-cli/gen/grouper.go:119.34,121.3 1 1
github.com/sofq/jira-cli/gen/grouper.go:122.2,122.47 1 1
github.com/sofq/jira-cli/gen/grouper.go:122.47,124.3 1 1
github.com/sofq/jira-cli/gen/grouper.go:125.2,125.107 1 1
github.com/sofq/jira-cli/gen/grouper.go:125.107,127.3 1 1
github.com/sofq/jira-cli/gen/grouper.go:128.2,128.10 1 1
github.com/sofq/jira-cli/gen/grouper.go:133.40,134.13 1 1
github.com/sofq/jira-cli/gen/grouper.go:134.13,136.3 1 1
github.com/sofq/jira-cli/gen/grouper.go:138.2,142.26 4 1
github.com/sofq/jira-cli/gen/grouper.go:142.26,143.13 1 1
github.com/sofq/jira-cli/gen/grouper.go:143.13,145.12 2 1
github.com/sofq/jira-cli/gen/grouper.go:147.3,147.25 1 1
github.com/sofq/jira-cli/gen/grouper.go:147.25,151.54 2 1
github.com/sofq/jira-cli/gen/grouper.go:151.54,154.5 2 1
github.com/sofq/jira-cli/gen/grouper.go:154.10,154.62 1 1
github.com/sofq/jira-cli/gen/grouper.go:154.62,156.26 1 1
github.com/sofq/jira-cli/gen/grouper.go:156.26,159.6 2 1
github.com/sofq/jira-cli/gen/grouper.go:162.3,162.23 1 1
github.com/sofq/jira-cli/gen/grouper.go:164.2,164.23 1 1
github.com/sofq/jira-cli/gen/grouper.go:164.23,166.3 1 1
github.com/sofq/jira-cli/gen/grouper.go:168.2,168.14 1 1
github.com/sofq/jira-cli/gen/main.go:12.41,16.16 3 1
github.com/sofq/jira-cli/gen/main.go:16.16,18.3 1 1
github.com/sofq/jira-cli/gen/main.go:19.2,26.24 4 1
github.com/sofq/jira-cli/gen/main.go:26.24,28.3 1 1
github.com/sofq/jira-cli/gen/main.go:29.2,34.45 4 1
github.com/sofq/jira-cli/gen/main.go:34.45,36.3 1 1
github.com/sofq/jira-cli/gen/main.go:37.2,37.51 1 1
github.com/sofq/jira-cli/gen/main.go:37.51,39.3 1 1
github.com/sofq/jira-cli/gen/main.go:42.2,43.37 2 1
github.com/sofq/jira-cli/gen/main.go:43.37,44.78 1 1
github.com/sofq/jira-cli/gen/main.go:44.78,46.4 1 1
github.com/sofq/jira-cli/gen/main.go:47.3,47.63 1 1
github.com/sofq/jira-cli/gen/main.go:51.2,52.70 2 1
[...]
github.com/sofq/jira-cli/internal/avatar/build_local.go:77.19,78.25 1 1
github.com/sofq/jira-cli/internal/avatar/build_local.go:79.10,80.16 1 1
github.com/sofq/jira-cli/internal/avatar/build_local.go:85.72,87.49 2 1
github.com/sofq/jira-cli/internal/avatar/build_local.go:87.49,89.3 1 0
github.com/sofq/jira-cli/internal/avatar/build_local.go:90.2,90.26 1 1
github.com/sofq/jira-cli/internal/avatar/build_local.go:94.81,99.43 4 1
github.com/sofq/jira-cli/internal/avatar/build_local.go:99.43,101.3 1 1
github.com/sofq/jira-cli/internal/avatar/build_local.go:103.2,104.37 2 1
github.com/sofq/jira-cli/internal/avatar/build_local.go:104.37,106.3 1 1
github.com/sofq/jira-cli/internal/avatar/build_local.go:108.2,119.42 2 1
github.com/sofq/jira-cli/internal/avatar/build_local.go:123.62,129.26 3 1
github.com/sofq/jira-cli/internal/avatar/build_local.go:129.26,131.3 1 1
github.com/sofq/jira-cli/internal/avatar/build_local.go:132.2,132.41 1 1
github.com/sofq/jira-cli/internal/avatar/build_local.go:132.41,134.3 1 1
github.com/sofq/jira-cli/internal/avatar/build_local.go:135.2,136.44 2 1
github.com/sofq/jira-cli/internal/avatar/build_local.go:136.44,138.3 1 1
github.com/sofq/jira-cli/internal/avatar/build_local.go:139.2,139.15 1 1
github.com/sofq/jira-cli/internal/avatar/build_local.go:143.84,147.28 3 1
github.com/sofq/jira-cli/internal/avatar/build_local.go:147.28,149.3 1 1
github.com/sofq/jira-cli/internal/avatar/build_local.go:151.2,152.30 2 1
github.com/sofq/jira-cli/internal/avatar/build_local.go:152.30,154.3 1 1
github.com/sofq/jira-cli/internal/avatar/build_local.go:156.2,157.52 2 1
github.com/sofq/jira-cli/internal/avatar/build_local.go:157.52,159.3 1 1
github.com/sofq/jira-cli/internal/avatar/build_local.go:161.2,173.43 4 1
github.com/sofq/jira-cli/internal/avatar/build_local.go:177.90,181.36 3 1
github.com/sofq/jira-cli/internal/avatar/build_local.go:181.36,183.3 1 1
github.com/sofq/jira-cli/internal/avatar/build_local.go:183.8,183.40 1 1
github.com/sofq/jira-cli/internal/avatar/build_local.go:183.40,185.3 1 1
github.com/sofq/jira-cli/internal/avatar/build_local.go:188.2,189.50 2 1
github.com/sofq/jira-cli/internal/avatar/build_local.go:189.50,191.3 1 1
github.com/sofq/jira-cli/internal/avatar/build_local.go:193.2,195.36 3 1
github.com/sofq/jira-cli/internal/avatar/build_local.go:195.36,197.24 2 1
github.com/sofq/jira-cli/internal/avatar/build_local.go:197.24,199.4 1 1
github.com/sofq/jira-cli/internal/avatar/build_local.go:202.2,203.48 2 1
github.com/sofq/jira-cli/internal/avatar/build_local.go:203.48,205.3 1 1
github.com/sofq/jira-cli/internal/avatar/build_local.go:207.2,216.46 2 1
github.com/sofq/jira-cli/internal/avatar/build_local.go:220.59,221.25 1 1
github.com/sofq/jira-cli/internal/avatar/build_local.go:221.25,223.3 1 1
github.com/sofq/jira-cli/internal/avatar/build_local.go:224.2,225.30 2 1
github.com/sofq/jira-cli/internal/avatar/build_local.go:225.30,227.22 2 1
github.com/sofq/jira-cli/internal/avatar/build_local.go:227.22,229.4 1 1
github.com/sofq/jira-cli/internal/avatar/build_local.go:231.2,231.17 1 1
github.com/sofq/jira-cli/internal/avatar/build_local.go:231.17,233.3 1 1
github.com/sofq/jira-cli/internal/avatar/build_local.go:234.2,234.10 1 1
github.com/sofq/jira-cli/internal/avatar/build_local.go:238.79,240.23 2 1
github.com/sofq/jira-cli/internal/avatar/build_local.go:240.23,242.3 1 1
github.com/sofq/jira-cli/internal/avatar/build_local.go:244.2,245.16 2 1
github.com/sofq/jira-cli/internal/avatar/build_local.go:245.16,247.3 1 0
github.com/sofq/jira-cli/internal/avatar/build_local.go:249.2,250.16 2 1
github.com/sofq/jira-cli/internal/avatar/build_local.go:250.16,252.3 1 0
github.com/sofq/jira-cli/internal/avatar/build_local.go:254.2,255.16 2 1
github.com/sofq/jira-cli/internal/avatar/build_local.go:255.16,257.3 1 0
github.com/sofq/jira-cli/internal/avatar/build_local.go:260.2,261.50 2 1
github.com/sofq/jira-cli/internal/avatar/build_local.go:261.50,267.3 1 1
github.com/sofq/jira-cli/internal/avatar/build_local.go:269.2,292.21 3 1
github.com/sofq/jira-cli/internal/avatar/extract.go:30.48,36.2 1 1
github.com/sofq/jira-cli/internal/avatar/extract.go:43.45,49.2 1 1
github.com/sofq/jira-cli/internal/avatar/extract.go:69.74,70.14 1 1
github.com/sofq/jira-cli/internal/avatar/extract.go:70.14,72.3 1 1
github.com/sofq/jira-cli/internal/avatar/extract.go:75.2,76.16 2 1
github.com/sofq/jira-cli/internal/avatar/extract.go:76.16,78.3 1 1
github.com/sofq/jira-cli/internal/avatar/extract.go:80.2,81.16 2 1
github.com/sofq/jira-cli/internal/avatar/extract.go:81.16,83.3 1 1
github.com/sofq/jira-cli/internal/avatar/extract.go:86.2,95.6 3 1
github.com/sofq/jira-cli/internal/avatar/extract.go:95.6,96.25 1 1
github.com/sofq/jira-cli/internal/avatar/extract.go:96.25,98.4 1 1
github.com/sofq/jira-cli/internal/avatar/extract.go:99.3,109.17 6 1
github.com/sofq/jira-cli/internal/avatar/extract.go:109.17,111.4 1 1
github.com/sofq/jira-cli/internal/avatar/extract.go:113.3,114.17 2 1
github.com/sofq/jira-cli/internal/avatar/extract.go:114.17,116.4 1 1
github.com/sofq/jira-cli/internal/avatar/extract.go:118.3,119.17 2 1
github.com/sofq/jira-cli/internal/avatar/extract.go:119.17,121.4 1 1
github.com/sofq/jira-cli/internal/avatar/extract.go:124.3,124.84 1 1
github.com/sofq/jira-cli/internal/avatar/extract.go:124.84,125.9 1 1
github.com/sofq/jira-cli/internal/avatar/extract.go:129.3,129.26 1 1
github.com/sofq/jira-cli/internal/avatar/extract.go:129.26,130.9 1 1
github.com/sofq/jira-cli/internal/avatar/extract.go:134.3,134.14 1 1
github.com/sofq/jira-cli/internal/avatar/extract.go:138.2,147.77 3 1
github.com/sofq/jira-cli/internal/avatar/extract.go:147.77,149.3 1 1
github.com/sofq/jira-cli/internal/avatar/extract.go:156.2,157.32 2 1
github.com/sofq/jira-cli/internal/avatar/extract.go:157.32,159.3 1 1
github.com/sofq/jira-cli/internal/avatar/extract.go:161.2,162.38 2 1
github.com/sofq/jira-cli/internal/avatar/extract.go:162.38,164.3 1 1
github.com/sofq/jira-cli/internal/avatar/extract.go:167.2,173.33 3 1
github.com/sofq/jira-cli/internal/avatar/extract.go:173.33,180.3 1 1
github.com/sofq/jira-cli/internal/avatar/extract.go:183.2,184.33 2 1
github.com/sofq/jira-cli/internal/avatar/extract.go:184.33,185.20 1 1
github.com/sofq/jira-cli/internal/avatar/extract.go:185.20,187.4 1 1
github.com/sofq/jira-cli/internal/avatar/extract.go:189.2,189.31 1 1
github.com/sofq/jira-cli/internal/avatar/extract.go:189.31,190.25 1 1
github.com/sofq/jira-cli/internal/avatar/extract.go:190.25,192.4 1 1
github.com/sofq/jira-cli/internal/avatar/extract.go:196.2,245.24 12 1
github.com/sofq/jira-cli/internal/avatar/extract.go:255.59,256.13 1 1
github.com/sofq/jira-cli/internal/avatar/extract.go:256.13,258.3 1 1
github.com/sofq/jira-cli/internal/avatar/extract.go:260.2,260.16 1 1
github.com/sofq/jira-cli/internal/avatar/extract.go:260.16,262.3 1 1
github.com/sofq/jira-cli/internal/avatar/extract.go:264.2,268.26 4 1
github.com/sofq/jira-cli/internal/avatar/extract.go:268.26,270.3 1 1
github.com/sofq/jira-cli/internal/avatar/extract.go:272.2,272.14 1 1
github.com/sofq/jira-cli/internal/avatar/extract.go:273.11,274.52 1 1
github.com/sofq/jira-cli/internal/avatar/extract.go:275.11,276.53 1 1
github.com/sofq/jira-cli/internal/avatar/extract.go:277.10,278.98 1 1
github.com/sofq/jira-cli/internal/avatar/fetch.go:22.72,23.20 1 1
github.com/sofq/jira-cli/internal/avatar/fetch.go:23.20,25.20 2 1
github.com/sofq/jira-cli/internal/avatar/fetch.go:25.20,27.4 1 1
github.com/sofq/jira-cli/internal/avatar/fetch.go:28.3,29.53 2 1
github.com/sofq/jira-cli/internal/avatar/fetch.go:29.53,31.4 1 1
github.com/sofq/jira-cli/internal/avatar/fetch.go:32.3,32.20 1 1
github.com/sofq/jira-cli/internal/avatar/fetch.go:35.2,37.19 3 1
github.com/sofq/jira-cli/internal/avatar/fetch.go:37.19,39.3 1 1
github.com/sofq/jira-cli/internal/avatar/fetch.go:40.2,41.53 2 1
github.com/sofq/jira-cli/internal/avatar/fetch.go:41.53,43.3 1 1
github.com/sofq/jira-cli/internal/avatar/fetch.go:44.2,44.21 1 1
github.com/sofq/jira-cli/internal/avatar/fetch.go:44.21,46.3 1 1
github.com/sofq/jira-cli/internal/avatar/fetch.go:47.2,47.23 1 1
github.com/sofq/jira-cli/internal/avatar/fetch.go:52.39,56.2 3 1
github.com/sofq/jira-cli/internal/avatar/fetch.go:60.92,74.19 5 1
github.com/sofq/jira-cli/internal/avatar/fetch.go:74.19,76.3 1 1
github.com/sofq/jira-cli/internal/avatar/fetch.go:79.2,95.58 2 1
github.com/sofq/jira-cli/internal/avatar/fetch.go:95.58,97.3 1 1
github.com/sofq/jira-cli/internal/avatar/fetch.go:99.2,100.42 2 1
github.com/sofq/jira-cli/internal/avatar/fetch.go:100.42,101.51 1 1
github.com/sofq/jira-cli/internal/avatar/fetch.go:101.51,102.39 1 1
github.com/sofq/jira-cli/internal/avatar/fetch.go:102.39,103.13 1 1
github.com/sofq/jira-cli/internal/avatar/fetch.go:105.4,111.6 2 1
github.com/sofq/jira-cli/internal/avatar/fetch.go:114.2,114.21 1 1
github.com/sofq/jira-cli/internal/avatar/fetch.go:118.92,130.19 5 1
github.com/sofq/jira-cli/internal/avatar/fetch.go:130.19,132.3 1 1
github.com/sofq/jira-cli/internal/avatar/fetch.go:134.2,146.58 2 1
github.com/sofq/jira-cli/internal/avatar/fetch.go:146.58,148.3 1 1
github.com/sofq/jira-cli/internal/avatar/fetch.go:150.2,151.42 2 1
github.com/sofq/jira-cli/internal/avatar/fetch.go:151.42,159.3 2 1
github.com/sofq/jira-cli/internal/avatar/fetch.go:160.2,160.21 1 1
github.com/sofq/jira-cli/internal/avatar/fetch.go:165.97,178.19 5 1
github.com/sofq/jira-cli/internal/avatar/fetch.go:178.19,180.3 1 1
github.com/sofq/jira-cli/internal/avatar/fetch.go:182.2,200.58 2 1
github.com/sofq/jira-cli/internal/avatar/fetch.go:200.58,202.3 1 1
github.com/sofq/jira-cli/internal/avatar/fetch.go:204.2,205.42 2 1
github.com/sofq/jira-cli/internal/avatar/fetch.go:205.42,206.53 1 1
github.com/sofq/jira-cli/internal/avatar/fetch.go:206.53,207.45 1 1
github.com/sofq/jira-cli/internal/avatar/fetch.go:207.45,208.13 1 1
github.com/sofq/jira-cli/internal/avatar/fetch.go:210.4,210.39 1 1
github.com/sofq/jira-cli/internal/avatar/fetch.go:210.39,219.5 1 1
github.com/sofq/jira-cli/internal/avatar/fetch.go:222.2,222.21 1 1
github.com/sofq/jira-cli/internal/avatar/fetch.go:228.53,229.44 1 1
github.com/sofq/jira-cli/internal/avatar/fetch.go:229.44,231.3 1 1
github.com/sofq/jira-cli/internal/avatar/fetch.go:233.2,237.50 2 1
github.com/sofq/jira-cli/internal/avatar/fetch.go:237.50,239.3 1 1
github.com/sofq/jira-cli/internal/avatar/fetch.go:241.2,242.36 2 1
github.com/sofq/jira-cli/internal/avatar/fetch.go:242.36,244.17 2 1
github.com/sofq/jira-cli/internal/avatar/fetch.go:244.17,246.4 1 1
github.com/sofq/jira-cli/internal/avatar/fetch.go:248.2,248.26 1 1
github.com/sofq/jira-cli/internal/avatar/fetch.go:248.26,250.3 1 1
github.com/sofq/jira-cli/internal/avatar/fetch.go:251.2,251.39 1 1
github.com/sofq/jira-cli/internal/avatar/fetch.go:255.50,261.51 2 1
github.com/sofq/jira-cli/internal/avatar/fetch.go:261.51,263.3 1 1
github.com/sofq/jira-cli/internal/avatar/fetch.go:264.2,264.25 1 1
github.com/sofq/jira-cli/internal/avatar/fetch.go:264.25,266.3 1 1
github.com/sofq/jira-cli/internal/avatar/fetch.go:267.2,268.37 2 1
github.com/sofq/jira-cli/internal/avatar/fetch.go:268.37,269.43 1 1
github.com/sofq/jira-cli/internal/avatar/fetch.go:269.43,271.4 1 1
github.com/sofq/jira-cli/internal/avatar/fetch.go:273.2,273.32 1 1
github.com/sofq/jira-cli/internal/avatar/prompt.go:23.58,25.18 2 1
github.com/sofq/jira-cli/internal/avatar/prompt.go:25.18,27.3 1 1
github.com/sofq/jira-cli/internal/avatar/prompt.go:29.2,29.16 1 1
github.com/sofq/jira-cli/internal/avatar/prompt.go:30.14,32.45 2 1
github.com/sofq/jira-cli/internal/avatar/prompt.go:33.14,37.44 4 1
github.com/sofq/jira-cli/internal/avatar/prompt.go:38.10,39.65 1 1
github.com/sofq/jira-cli/internal/avatar/prompt.go:45.59,46.24 1 1
github.com/sofq/jira-cli/internal/avatar/prompt.go:46.24,48.3 1 1
github.com/sofq/jira-cli/internal/avatar/prompt.go:49.2,49.29 1 1
github.com/sofq/jira-cli/internal/avatar/prompt.go:49.29,50.16 1 1
github.com/sofq/jira-cli/internal/avatar/prompt.go:50.16,52.4 1 1
github.com/sofq/jira-cli/internal/avatar/prompt.go:54.2,54.14 1 1
github.com/sofq/jira-cli/internal/avatar/prompt.go:58.56,63.72 3 1
github.com/sofq/jira-cli/internal/avatar/prompt.go:63.72,65.3 1 1
github.com/sofq/jira-cli/internal/avatar/prompt.go:66.2,66.74 1 1
github.com/sofq/jira-cli/internal/avatar/prompt.go:66.74,68.3 1 1
github.com/sofq/jira-cli/internal/avatar/prompt.go:69.2,69.80 1 1
github.com/sofq/jira-cli/internal/avatar/prompt.go:69.80,71.3 1 1
github.com/sofq/jira-cli/internal/avatar/prompt.go:73.2,73.26 1 1
github.com/sofq/jira-cli/internal/avatar/prompt.go:73.26,75.33 2 1
github.com/sofq/jira-cli/internal/avatar/prompt.go:75.33,77.4 1 1
github.com/sofq/jira-cli/internal/avatar/prompt.go:80.2,80.25 1 1
github.com/sofq/jira-cli/internal/avatar/prompt.go:80.25,82.33 2 1
github.com/sofq/jira-cli/internal/avatar/prompt.go:82.33,84.4 1 1
github.com/sofq/jira-cli/internal/avatar/prompt.go:87.2,87.55 1 1
github.com/sofq/jira-cli/internal/avatar/prompt.go:92.48,93.13 1 1
github.com/sofq/jira-cli/internal/avatar/prompt.go:93.13,95.3 1 1
github.com/sofq/jira-cli/internal/avatar/prompt.go:96.2,98.10 3 1
github.com/sofq/jira-cli/internal/avatar/select_examples.go:10.42,17.41 2 1
github.com/sofq/jira-cli/internal/avatar/select_examples.go:17.41,19.3 1 1
github.com/sofq/jira-cli/internal/avatar/select_examples.go:22.2,26.37 1 1
github.com/sofq/jira-cli/internal/avatar/select_examples.go:26.37,28.3 1 1
github.com/sofq/jira-cli/internal/avatar/select_examples.go:31.2,32.37 2 1
github.com/sofq/jira-cli/internal/avatar/select_examples.go:32.37,34.3 1 1
github.com/sofq/jira-cli/internal/avatar/select_examples.go:35.2,37.45 3 1
github.com/sofq/jira-cli/internal/avatar/select_examples.go:37.45,39.60 1 1
github.com/sofq/jira-cli/internal/avatar/select_examples.go:39.60,41.4 1 1
github.com/sofq/jira-cli/internal/avatar/select_examples.go:44.2,44.24 1 1
github.com/sofq/jira-cli/internal/avatar/select_examples.go:48.42,49.21 1 1
github.com/sofq/jira-cli/internal/avatar/select_examples.go:49.21,51.3 1 1
github.com/sofq/jira-cli/internal/avatar/select_examples.go:52.2,53.26 2 1
github.com/sofq/jira-cli/internal/avatar/select_examples.go:53.26,55.3 1 1
github.com/sofq/jira-cli/internal/avatar/select_examples.go:56.2,58.35 3 1
github.com/sofq/jira-cli/internal/avatar/select_examples.go:58.35,60.3 1 1
github.com/sofq/jira-cli/internal/avatar/select_examples.go:61.2,61.20 1 1
github.com/sofq/jira-cli/internal/avatar/select_examples.go:65.24,66.11 1 1
github.com/sofq/jira-cli/internal/avatar/select_examples.go:66.11,68.3 1 1
github.com/sofq/jira-cli/internal/avatar/select_examples.go:69.2,69.10 1 1
github.com/sofq/jira-cli/internal/avatar/select_examples.go:76.85,77.24 1 1
github.com/sofq/jira-cli/internal/avatar/select_examples.go:77.24,79.3 1 1
github.com/sofq/jira-cli/internal/avatar/select_examples.go:82.2,83.29 2 1
github.com/sofq/jira-cli/internal/avatar/select_examples.go:83.29,86.3 2 1
github.com/sofq/jira-cli/internal/avatar/select_examples.go:89.2,96.31 3 1
github.com/sofq/jira-cli/internal/avatar/select_examples.go:96.31,98.25 2 1
github.com/sofq/jira-cli/internal/avatar/select_examples.go:98.25,100.4 1 1
github.com/sofq/jira-cli/internal/avatar/select_examples.go:101.3,105.29 4 1
github.com/sofq/jira-cli/internal/avatar/select_examples.go:105.29,107.20 2 1
github.com/sofq/jira-cli/internal/avatar/select_examples.go:107.20,110.5 2 1
github.com/sofq/jira-cli/internal/avatar/select_examples.go:113.3,117.5 1 1
github.com/sofq/jira-cli/internal/avatar/select_examples.go:121.2,121.42 1 1
github.com/sofq/jira-cli/internal/avatar/select_examples.go:121.42,122.51 1 1
github.com/sofq/jira-cli/internal/avatar/select_examples.go:122.51,124.4 1 1
github.com/sofq/jira-cli/internal/avatar/select_examples.go:125.3,125.49 1 1
github.com/sofq/jira-cli/internal/avatar/select_examples.go:129.2,130.28 2 1
github.com/sofq/jira-cli/internal/avatar/select_examples.go:130.28,131.33 1 1
github.com/sofq/jira-cli/internal/avatar/select_examples.go:131.33,132.9 1 1
github.com/sofq/jira-cli/internal/avatar/select_examples.go:134.3,140.5 2 1
github.com/sofq/jira-cli/internal/avatar/select_examples.go:143.2,143.15 1 1
github.com/sofq/jira-cli/internal/avatar/select_examples.go:149.99,150.28 1 1
github.com/sofq/jira-cli/internal/avatar/select_examples.go:150.28,152.3 1 1
github.com/sofq/jira-cli/internal/avatar/select_examples.go:155.2,156.33 2 1
github.com/sofq/jira-cli/internal/avatar/select_examples.go:156.33,158.3 1 1
github.com/sofq/jira-cli/internal/avatar/select_examples.go:160.2,167.31 3 1
github.com/sofq/jira-cli/internal/avatar/select_examples.go:167.31,169.25 2 1
github.com/sofq/jira-cli/internal/avatar/select_examples.go:169.25,171.4 1 1
github.com/sofq/jira-cli/internal/avatar/select_examples.go:172.3,176.29 4 1
github.com/sofq/jira-cli/internal/avatar/select_examples.go:176.29,178.23 2 1
github.com/sofq/jira-cli/internal/avatar/select_examples.go:178.23,181.5 2 1
github.com/sofq/jira-cli/internal/avatar/select_examples.go:184.3,188.5 1 1
github.com/sofq/jira-cli/internal/avatar/select_examples.go:192.2,192.42 1 1
github.com/sofq/jira-cli/internal/avatar/select_examples.go:192.42,193.51 1 1
github.com/sofq/jira-cli/internal/avatar/select_examples.go:193.51,195.4 1 1
github.com/sofq/jira-cli/internal/avatar/select_examples.go:196.3,196.53 1 1
github.com/sofq/jira-cli/internal/avatar/select_examples.go:199.2,200.28 2 1
github.com/sofq/jira-cli/internal/avatar/select_examples.go:200.28,201.33 1 1
github.com/sofq/jira-cli/internal/avatar/select_examples.go:201.33,202.9 1 1
github.com/sofq/jira-cli/internal/avatar/select_examples.go:204.3,209.5 2 1
github.com/sofq/jira-cli/internal/avatar/select_examples.go:212.2,212.15 1 1
github.com/sofq/jira-cli/internal/avatar/storage.go:22.36,24.16 2 1
github.com/sofq/jira-cli/internal/avatar/storage.go:24.16,27.3 2 0
github.com/sofq/jira-cli/internal/avatar/storage.go:28.2,28.44 1 1
github.com/sofq/jira-cli/internal/avatar/storage.go:32.40,34.2 1 1
github.com/sofq/jira-cli/internal/avatar/storage.go:37.40,40.2 2 1
github.com/sofq/jira-cli/internal/avatar/storage.go:43.54,45.16 2 1
github.com/sofq/jira-cli/internal/avatar/storage.go:45.16,47.3 1 0
github.com/sofq/jira-cli/internal/avatar/storage.go:48.2,49.56 2 1
github.com/sofq/jira-cli/internal/avatar/storage.go:49.56,51.3 1 1
github.com/sofq/jira-cli/internal/avatar/storage.go:52.2,52.12 1 1
github.com/sofq/jira-cli/internal/avatar/storage.go:56.54,59.16 3 1
github.com/sofq/jira-cli/internal/avatar/storage.go:59.16,61.3 1 1
github.com/sofq/jira-cli/internal/avatar/storage.go:62.2,63.49 2 1
github.com/sofq/jira-cli/internal/avatar/storage.go:63.49,65.3 1 1
github.com/sofq/jira-cli/internal/avatar/storage.go:66.2,66.16 1 1
github.com/sofq/jira-cli/internal/avatar/storage.go:70.48,72.16 2 1
github.com/sofq/jira-cli/internal/avatar/storage.go:72.16,74.3 1 0
github.com/sofq/jira-cli/internal/avatar/storage.go:75.2,76.56 2 1
github.com/sofq/jira-cli/internal/avatar/storage.go:76.56,78.3 1 1
github.com/sofq/jira-cli/internal/avatar/storage.go:79.2,79.12 1 1
github.com/sofq/jira-cli/internal/avatar/storage.go:83.48,86.16 3 1
github.com/sofq/jira-cli/internal/avatar/storage.go:86.16,88.3 1 1
github.com/sofq/jira-cli/internal/avatar/storage.go:89.2,90.49 2 1
github.com/sofq/jira-cli/internal/avatar/storage.go:90.49,92.3 1 1
github.com/sofq/jira-cli/internal/avatar/storage.go:93.2,93.16 1 1
github.com/sofq/jira-cli/internal/avatar/storage.go:97.37,100.2 2 1
github.com/sofq/jira-cli/internal/avatar/storage.go:103.40,106.2 2 1
github.com/sofq/jira-cli/internal/avatar/storage.go:109.46,111.16 2 1
github.com/sofq/jira-cli/internal/avatar/storage.go:111.16,113.3 1 1
github.com/sofq/jira-cli/internal/avatar/storage.go:114.2,115.16 2 1
github.com/sofq/jira-cli/internal/avatar/storage.go:115.16,117.3 1 1
github.com/sofq/jira-cli/internal/avatar/storage.go:118.2,119.17 2 1
github.com/sofq/jira-cli/internal/avatar/storage.go:123.40,125.2 1 1
github.com/sofq/jira-cli/main.go:9.13,12.2 2 0
