mode: set
github.com/sofq/jira-cli/internal/avatar/analyze_interaction.go:22.88,23.24 1 1
github.com/sofq/jira-cli/internal/avatar/analyze_interaction.go:23.24,25.3 1 1
github.com/sofq/jira-cli/internal/avatar/analyze_interaction.go:27.2,34.29 5 1
github.com/sofq/jira-cli/internal/avatar/analyze_interaction.go:34.29,35.51 1 1
github.com/sofq/jira-cli/internal/avatar/analyze_interaction.go:35.51,38.54 3 1
github.com/sofq/jira-cli/internal/avatar/analyze_interaction.go:38.54,40.5 1 1
github.com/sofq/jira-cli/internal/avatar/analyze_interaction.go:43.3,43.29 1 1
github.com/sofq/jira-cli/internal/avatar/analyze_interaction.go:43.29,45.4 1 1
github.com/sofq/jira-cli/internal/avatar/analyze_interaction.go:45.9,47.4 1 1
github.com/sofq/jira-cli/internal/avatar/analyze_interaction.go:49.3,49.31 1 1
github.com/sofq/jira-cli/internal/avatar/analyze_interaction.go:52.2,54.15 3 1
github.com/sofq/jira-cli/internal/avatar/analyze_interaction.go:54.15,57.3 2 1
github.com/sofq/jira-cli/internal/avatar/analyze_interaction.go:59.2,62.27 3 1
github.com/sofq/jira-cli/internal/avatar/analyze_interaction.go:62.27,64.34 2 1
github.com/sofq/jira-cli/internal/avatar/analyze_interaction.go:64.34,66.4 1 1
github.com/sofq/jira-cli/internal/avatar/analyze_interaction.go:67.3,67.55 1 1
github.com/sofq/jira-cli/internal/avatar/analyze_interaction.go:70.2,75.3 1 1
github.com/sofq/jira-cli/internal/avatar/analyze_interaction.go:79.62,80.25 1 1
github.com/sofq/jira-cli/internal/avatar/analyze_interaction.go:80.25,82.3 1 1
github.com/sofq/jira-cli/internal/avatar/analyze_interaction.go:83.2,85.37 3 1
github.com/sofq/jira-cli/internal/avatar/analyze_interaction.go:85.37,85.61 1 1
github.com/sofq/jira-cli/internal/avatar/analyze_interaction.go:86.2,87.14 2 1
github.com/sofq/jira-cli/internal/avatar/analyze_interaction.go:87.14,89.3 1 1
github.com/sofq/jira-cli/internal/avatar/analyze_interaction.go:90.2,90.16 1 1
github.com/sofq/jira-cli/internal/avatar/analyze_interaction.go:94.60,96.29 2 1
github.com/sofq/jira-cli/internal/avatar/analyze_interaction.go:96.29,99.29 3 1
github.com/sofq/jira-cli/internal/avatar/analyze_interaction.go:99.29,100.33 1 1
github.com/sofq/jira-cli/internal/avatar/analyze_interaction.go:100.33,103.5 2 1
github.com/sofq/jira-cli/internal/avatar/analyze_interaction.go:107.2,112.25 3 1
github.com/sofq/jira-cli/internal/avatar/analyze_interaction.go:112.25,114.3 1 1
github.com/sofq/jira-cli/internal/avatar/analyze_interaction.go:115.2,115.41 1 1
github.com/sofq/jira-cli/internal/avatar/analyze_interaction.go:115.41,116.41 1 1
github.com/sofq/jira-cli/internal/avatar/analyze_interaction.go:116.41,118.4 1 1
github.com/sofq/jira-cli/internal/avatar/analyze_interaction.go:119.3,119.39 1 1
github.com/sofq/jira-cli/internal/avatar/analyze_interaction.go:122.2,123.24 2 1
github.com/sofq/jira-cli/internal/avatar/analyze_interaction.go:123.24,125.3 1 1
github.com/sofq/jira-cli/internal/avatar/analyze_interaction.go:126.2,127.28 2 1
github.com/sofq/jira-cli/internal/avatar/analyze_interaction.go:127.28,129.3 1 1
github.com/sofq/jira-cli/internal/avatar/analyze_interaction.go:131.2,136.9 5 1
github.com/sofq/jira-cli/internal/avatar/analyze_interaction.go:137.31,138.46 1 1
github.com/sofq/jira-cli/internal/avatar/analyze_interaction.go:139.17,140.33 1 0
github.com/sofq/jira-cli/internal/avatar/analyze_interaction.go:141.18,142.34 1 1
github.com/sofq/jira-cli/internal/avatar/analyze_interaction.go:145.2,148.3 1 1
github.com/sofq/jira-cli/internal/avatar/analyze_interaction.go:152.111,156.29 3 1
github.com/sofq/jira-cli/internal/avatar/analyze_interaction.go:156.29,158.41 2 1
github.com/sofq/jira-cli/internal/avatar/analyze_interaction.go:158.41,159.39 1 1
github.com/sofq/jira-cli/internal/avatar/analyze_interaction.go:159.39,161.5 1 1
github.com/sofq/jira-cli/internal/avatar/analyze_interaction.go:165.2,166.40 2 1
github.com/sofq/jira-cli/internal/avatar/analyze_interaction.go:166.40,167.28 1 1
github.com/sofq/jira-cli/internal/avatar/analyze_interaction.go:167.28,169.4 1 1
github.com/sofq/jira-cli/internal/avatar/analyze_interaction.go:172.2,173.34 2 1
github.com/sofq/jira-cli/internal/avatar/analyze_interaction.go:173.34,174.72 1 1
github.com/sofq/jira-cli/internal/avatar/analyze_interaction.go:174.72,176.4 1 1
github.com/sofq/jira-cli/internal/avatar/analyze_interaction.go:177.3,177.32 1 1
github.com/sofq/jira-cli/internal/avatar/analyze_interaction.go:177.32,179.4 1 1
github.com/sofq/jira-cli/internal/avatar/analyze_interaction.go:182.2,183.25 2 1
github.com/sofq/jira-cli/internal/avatar/analyze_interaction.go:183.25,185.3 1 1
github.com/sofq/jira-cli/internal/avatar/analyze_interaction.go:187.2,188.24 2 1
github.com/sofq/jira-cli/internal/avatar/analyze_interaction.go:188.24,190.3 1 1
github.com/sofq/jira-cli/internal/avatar/analyze_interaction.go:192.2,196.3 1 1
github.com/sofq/jira-cli/internal/avatar/analyze_interaction.go:200.62,206.32 3 1
github.com/sofq/jira-cli/internal/avatar/analyze_interaction.go:206.32,208.17 2 1
github.com/sofq/jira-cli/internal/avatar/analyze_interaction.go:208.17,210.4 1 1
github.com/sofq/jira-cli/internal/avatar/analyze_interaction.go:213.2,213.22 1 1
github.com/sofq/jira-cli/internal/avatar/analyze_interaction.go:213.22,215.3 1 1
github.com/sofq/jira-cli/internal/avatar/analyze_interaction.go:217.2,219.27 3 1
github.com/sofq/jira-cli/internal/avatar/analyze_interaction.go:219.27,221.18 2 1
github.com/sofq/jira-cli/internal/avatar/analyze_interaction.go:221.18,223.4 1 1
github.com/sofq/jira-cli/internal/avatar/analyze_interaction.go:224.3,224.18 1 1
github.com/sofq/jira-cli/internal/avatar/analyze_interaction.go:224.18,226.4 1 1
github.com/sofq/jira-cli/internal/avatar/analyze_interaction.go:229.2,230.14 2 1
github.com/sofq/jira-cli/internal/avatar/analyze_interaction.go:230.14,232.3 1 0
github.com/sofq/jira-cli/internal/avatar/analyze_interaction.go:234.2,235.27 2 1
github.com/sofq/jira-cli/internal/avatar/analyze_interaction.go:235.27,238.3 2 1
github.com/sofq/jira-cli/internal/avatar/analyze_interaction.go:240.2,245.28 3 1
github.com/sofq/jira-cli/internal/avatar/analyze_interaction.go:245.28,247.3 1 1
github.com/sofq/jira-cli/internal/avatar/analyze_interaction.go:248.2,248.39 1 1
github.com/sofq/jira-cli/internal/avatar/analyze_interaction.go:248.39,249.37 1 1
github.com/sofq/jira-cli/internal/avatar/analyze_interaction.go:249.37,251.4 1 1
github.com/sofq/jira-cli/internal/avatar/analyze_interaction.go:252.3,252.35 1 1
github.com/sofq/jira-cli/internal/avatar/analyze_interaction.go:255.2,256.25 2 1
github.com/sofq/jira-cli/internal/avatar/analyze_interaction.go:256.25,258.3 1 1
github.com/sofq/jira-cli/internal/avatar/analyze_interaction.go:259.2,260.31 2 1
github.com/sofq/jira-cli/internal/avatar/analyze_interaction.go:260.31,262.3 1 1
github.com/sofq/jira-cli/internal/avatar/analyze_interaction.go:264.2,271.3 1 1
github.com/sofq/jira-cli/internal/avatar/analyze_interaction.go:275.60,276.23 1 1
github.com/sofq/jira-cli/internal/avatar/analyze_interaction.go:276.23,278.3 1 1
github.com/sofq/jira-cli/internal/avatar/analyze_interaction.go:280.2,287.28 4 1
github.com/sofq/jira-cli/internal/avatar/analyze_interaction.go:287.28,289.17 2 1
github.com/sofq/jira-cli/internal/avatar/analyze_interaction.go:289.17,290.12 1 1
github.com/sofq/jira-cli/internal/avatar/analyze_interaction.go:292.3,294.27 3 1
github.com/sofq/jira-cli/internal/avatar/analyze_interaction.go:294.27,296.4 1 1
github.com/sofq/jira-cli/internal/avatar/analyze_interaction.go:297.3,298.20 2 1
github.com/sofq/jira-cli/internal/avatar/analyze_interaction.go:301.2,301.26 1 1
github.com/sofq/jira-cli/internal/avatar/analyze_interaction.go:301.26,303.3 1 1
github.com/sofq/jira-cli/internal/avatar/analyze_interaction.go:305.2,306.31 2 1
github.com/sofq/jira-cli/internal/avatar/analyze_interaction.go:306.31,308.3 1 1
github.com/sofq/jira-cli/internal/avatar/analyze_interaction.go:309.2,312.32 3 1
github.com/sofq/jira-cli/internal/avatar/analyze_interaction.go:312.32,313.21 1 1
github.com/sofq/jira-cli/internal/avatar/analyze_interaction.go:313.21,315.9 2 1
github.com/sofq/jira-cli/internal/avatar/analyze_interaction.go:319.2,322.3 1 1
github.com/sofq/jira-cli/internal/avatar/analyze_workflow.go:10.70,11.23 1 1
github.com/sofq/jira-cli/internal/avatar/analyze_workflow.go:11.23,13.3 1 1
github.com/sofq/jira-cli/internal/avatar/analyze_workflow.go:16.2,17.28 2 1
github.com/sofq/jira-cli/internal/avatar/analyze_workflow.go:17.28,18.26 1 1
github.com/sofq/jira-cli/internal/avatar/analyze_workflow.go:18.26,20.4 1 1
github.com/sofq/jira-cli/internal/avatar/analyze_workflow.go:25.2,28.28 3 1
github.com/sofq/jira-cli/internal/avatar/analyze_workflow.go:28.28,30.3 1 1
github.com/sofq/jira-cli/internal/avatar/analyze_workflow.go:31.2,31.47 1 1
github.com/sofq/jira-cli/internal/avatar/analyze_workflow.go:31.47,33.48 1 1
github.com/sofq/jira-cli/internal/avatar/analyze_workflow.go:33.48,37.4 3 1
github.com/sofq/jira-cli/internal/avatar/analyze_workflow.go:38.3,38.42 1 1
github.com/sofq/jira-cli/internal/avatar/analyze_workflow.go:38.42,39.82 1 1
github.com/sofq/jira-cli/internal/avatar/analyze_workflow.go:39.82,41.5 1 1
github.com/sofq/jira-cli/internal/avatar/analyze_workflow.go:46.2,47.34 2 1
github.com/sofq/jira-cli/internal/avatar/analyze_workflow.go:47.34,49.3 1 1
github.com/sofq/jira-cli/internal/avatar/analyze_workflow.go:50.2,50.40 1 1
github.com/sofq/jira-cli/internal/avatar/analyze_workflow.go:50.40,51.61 1 1
github.com/sofq/jira-cli/internal/avatar/analyze_workflow.go:51.61,55.4 3 1
github.com/sofq/jira-cli/internal/avatar/analyze_workflow.go:60.2,61.52 2 1
github.com/sofq/jira-cli/internal/avatar/analyze_workflow.go:61.52,62.44 1 1
github.com/sofq/jira-cli/internal/avatar/analyze_workflow.go:62.44,67.40 5 1
github.com/sofq/jira-cli/internal/avatar/analyze_workflow.go:67.40,68.13 1 1
github.com/sofq/jira-cli/internal/avatar/analyze_workflow.go:70.4,71.73 2 1
github.com/sofq/jira-cli/internal/avatar/analyze_workflow.go:75.2,76.49 2 1
github.com/sofq/jira-cli/internal/avatar/analyze_workflow.go:76.49,78.31 2 1
github.com/sofq/jira-cli/internal/avatar/analyze_workflow.go:78.31,80.4 1 1
github.com/sofq/jira-cli/internal/avatar/analyze_workflow.go:81.3,82.48 2 1
github.com/sofq/jira-cli/internal/avatar/analyze_workflow.go:86.2,88.52 3 1
github.com/sofq/jira-cli/internal/avatar/analyze_workflow.go:88.52,89.30 1 1
github.com/sofq/jira-cli/internal/avatar/analyze_workflow.go:89.30,90.12 1 1
github.com/sofq/jira-cli/internal/avatar/analyze_workflow.go:92.3,94.35 2 1
github.com/sofq/jira-cli/internal/avatar/analyze_workflow.go:94.35,96.4 1 1
github.com/sofq/jira-cli/internal/avatar/analyze_workflow.go:97.3,97.36 1 1
github.com/sofq/jira-cli/internal/avatar/analyze_workflow.go:97.36,99.4 1 1
github.com/sofq/jira-cli/internal/avatar/analyze_workflow.go:101.3,103.20 3 1
github.com/sofq/jira-cli/internal/avatar/analyze_workflow.go:106.2,111.34 3 1
github.com/sofq/jira-cli/internal/avatar/analyze_workflow.go:111.34,113.3 1 1
github.com/sofq/jira-cli/internal/avatar/analyze_workflow.go:114.2,114.42 1 1
github.com/sofq/jira-cli/internal/avatar/analyze_workflow.go:114.42,116.3 1 0
github.com/sofq/jira-cli/internal/avatar/analyze_workflow.go:118.2,119.45 2 1
github.com/sofq/jira-cli/internal/avatar/analyze_workflow.go:119.45,121.3 1 1
github.com/sofq/jira-cli/internal/avatar/analyze_workflow.go:123.2,127.3 1 1
github.com/sofq/jira-cli/internal/avatar/analyze_workflow.go:131.45,132.11 1 1
github.com/sofq/jira-cli/internal/avatar/analyze_workflow.go:132.11,134.3 1 1
github.com/sofq/jira-cli/internal/avatar/analyze_workflow.go:135.2,136.14 2 1
github.com/sofq/jira-cli/internal/avatar/analyze_workflow.go:136.14,138.3 1 1
github.com/sofq/jira-cli/internal/avatar/analyze_workflow.go:139.2,140.15 2 1
github.com/sofq/jira-cli/internal/avatar/analyze_workflow.go:140.15,142.3 1 1
github.com/sofq/jira-cli/internal/avatar/analyze_workflow.go:143.2,144.36 2 1
github.com/sofq/jira-cli/internal/avatar/analyze_workflow.go:148.69,149.22 1 1
github.com/sofq/jira-cli/internal/avatar/analyze_workflow.go:149.22,151.3 1 1
github.com/sofq/jira-cli/internal/avatar/analyze_workflow.go:153.2,165.31 6 1
github.com/sofq/jira-cli/internal/avatar/analyze_workflow.go:165.31,166.27 1 1
github.com/sofq/jira-cli/internal/avatar/analyze_workflow.go:166.27,169.4 2 1
github.com/sofq/jira-cli/internal/avatar/analyze_workflow.go:170.3,170.28 1 1
github.com/sofq/jira-cli/internal/avatar/analyze_workflow.go:170.28,172.35 2 1
github.com/sofq/jira-cli/internal/avatar/analyze_workflow.go:172.35,173.16 1 1
github.com/sofq/jira-cli/internal/avatar/analyze_workflow.go:173.16,175.6 1 1
github.com/sofq/jira-cli/internal/avatar/analyze_workflow.go:178.3,178.32 1 1
github.com/sofq/jira-cli/internal/avatar/analyze_workflow.go:178.32,180.39 2 1
github.com/sofq/jira-cli/internal/avatar/analyze_workflow.go:180.39,181.16 1 1
github.com/sofq/jira-cli/internal/avatar/analyze_workflow.go:181.16,183.6 1 1
github.com/sofq/jira-cli/internal/avatar/analyze_workflow.go:186.3,186.29 1 1
github.com/sofq/jira-cli/internal/avatar/analyze_workflow.go:186.29,188.4 1 1
github.com/sofq/jira-cli/internal/avatar/analyze_workflow.go:191.2,193.40 3 1
github.com/sofq/jira-cli/internal/avatar/analyze_workflow.go:193.40,195.18 2 1
github.com/sofq/jira-cli/internal/avatar/analyze_workflow.go:195.18,197.4 1 1
github.com/sofq/jira-cli/internal/avatar/analyze_workflow.go:197.9,197.25 1 1
github.com/sofq/jira-cli/internal/avatar/analyze_workflow.go:197.25,199.4 1 1
github.com/sofq/jira-cli/internal/avatar/analyze_workflow.go:201.2,207.34 5 1
github.com/sofq/jira-cli/internal/avatar/analyze_workflow.go:207.34,208.19 1 1
github.com/sofq/jira-cli/internal/avatar/analyze_workflow.go:208.19,211.4 2 1
github.com/sofq/jira-cli/internal/avatar/analyze_workflow.go:215.2,225.3 3 1
github.com/sofq/jira-cli/internal/avatar/analyze_workflow.go:229.53,235.27 3 1
github.com/sofq/jira-cli/internal/avatar/analyze_workflow.go:235.27,237.3 1 1
github.com/sofq/jira-cli/internal/avatar/analyze_workflow.go:238.2,238.40 1 1
github.com/sofq/jira-cli/internal/avatar/analyze_workflow.go:238.40,239.39 1 1
github.com/sofq/jira-cli/internal/avatar/analyze_workflow.go:239.39,241.4 1 1
github.com/sofq/jira-cli/internal/avatar/analyze_workflow.go:242.3,242.37 1 1
github.com/sofq/jira-cli/internal/avatar/analyze_workflow.go:244.2,245.43 2 1
github.com/sofq/jira-cli/internal/avatar/analyze_workflow.go:245.43,247.3 1 1
github.com/sofq/jira-cli/internal/avatar/analyze_workflow.go:248.2,248.15 1 1
github.com/sofq/jira-cli/internal/avatar/analyze_workflow.go:252.64,253.22 1 1
github.com/sofq/jira-cli/internal/avatar/analyze_workflow.go:253.22,255.3 1 1
github.com/sofq/jira-cli/internal/avatar/analyze_workflow.go:257.2,262.31 5 1
github.com/sofq/jira-cli/internal/avatar/analyze_workflow.go:262.31,264.28 2 1
github.com/sofq/jira-cli/internal/avatar/analyze_workflow.go:264.28,267.4 2 1
github.com/sofq/jira-cli/internal/avatar/analyze_workflow.go:270.2,271.35 2 1
github.com/sofq/jira-cli/internal/avatar/analyze_workflow.go:271.35,273.3 1 1
github.com/sofq/jira-cli/internal/avatar/analyze_workflow.go:275.2,276.20 2 1
github.com/sofq/jira-cli/internal/avatar/analyze_workflow.go:276.20,278.3 1 1
github.com/sofq/jira-cli/internal/avatar/analyze_workflow.go:280.2,283.3 1 1
github.com/sofq/jira-cli/internal/avatar/analyze_writing.go:55.54,56.24 1 1
github.com/sofq/jira-cli/internal/avatar/analyze_writing.go:56.24,58.3 1 1
github.com/sofq/jira-cli/internal/avatar/analyze_writing.go:60.2,62.29 3 1
github.com/sofq/jira-cli/internal/avatar/analyze_writing.go:62.29,64.3 1 1
github.com/sofq/jira-cli/internal/avatar/analyze_writing.go:67.2,68.27 2 1
github.com/sofq/jira-cli/internal/avatar/analyze_writing.go:68.27,70.3 1 1
github.com/sofq/jira-cli/internal/avatar/analyze_writing.go:71.2,79.24 7 1
github.com/sofq/jira-cli/internal/avatar/analyze_writing.go:79.24,81.3 1 1
github.com/sofq/jira-cli/internal/avatar/analyze_writing.go:81.8,83.3 1 1
github.com/sofq/jira-cli/internal/avatar/analyze_writing.go:86.2,87.27 2 1
github.com/sofq/jira-cli/internal/avatar/analyze_writing.go:87.27,88.10 1 1
github.com/sofq/jira-cli/internal/avatar/analyze_writing.go:89.16,90.11 1 1
github.com/sofq/jira-cli/internal/avatar/analyze_writing.go:91.16,92.10 1 0
github.com/sofq/jira-cli/internal/avatar/analyze_writing.go:93.11,94.12 1 0
github.com/sofq/jira-cli/internal/avatar/analyze_writing.go:97.2,105.29 3 1
github.com/sofq/jira-cli/internal/avatar/analyze_writing.go:105.29,106.31 1 1
github.com/sofq/jira-cli/internal/avatar/analyze_writing.go:106.31,108.4 1 1
github.com/sofq/jira-cli/internal/avatar/analyze_writing.go:109.3,109.34 1 1
github.com/sofq/jira-cli/internal/avatar/analyze_writing.go:109.34,111.4 1 1
github.com/sofq/jira-cli/internal/avatar/analyze_writing.go:112.3,112.32 1 1
github.com/sofq/jira-cli/internal/avatar/analyze_writing.go:112.32,114.4 1 1
github.com/sofq/jira-cli/internal/avatar/analyze_writing.go:115.3,115.29 1 1
github.com/sofq/jira-cli/internal/avatar/analyze_writing.go:115.29,117.4 1 1
github.com/sofq/jira-cli/internal/avatar/analyze_writing.go:118.3,118.32 1 1
github.com/sofq/jira-cli/internal/avatar/analyze_writing.go:118.32,120.4 1 1
github.com/sofq/jira-cli/internal/avatar/analyze_writing.go:122.2,132.29 3 1
github.com/sofq/jira-cli/internal/avatar/analyze_writing.go:132.29,134.31 2 1
github.com/sofq/jira-cli/internal/avatar/analyze_writing.go:134.31,136.15 2 1
github.com/sofq/jira-cli/internal/avatar/analyze_writing.go:136.15,137.13 1 0
github.com/sofq/jira-cli/internal/avatar/analyze_writing.go:139.4,140.33 2 1
github.com/sofq/jira-cli/internal/avatar/analyze_writing.go:140.33,142.5 1 1
github.com/sofq/jira-cli/internal/avatar/analyze_writing.go:143.4,143.36 1 1
github.com/sofq/jira-cli/internal/avatar/analyze_writing.go:143.36,145.5 1 1
github.com/sofq/jira-cli/internal/avatar/analyze_writing.go:146.4,146.36 1 1
github.com/sofq/jira-cli/internal/avatar/analyze_writing.go:146.36,148.5 1 1
github.com/sofq/jira-cli/internal/avatar/analyze_writing.go:149.4,149.35 1 1
github.com/sofq/jira-cli/internal/avatar/analyze_writing.go:149.35,151.5 1 1
github.com/sofq/jira-cli/internal/avatar/analyze_writing.go:154.2,155.24 2 1
github.com/sofq/jira-cli/internal/avatar/analyze_writing.go:155.24,160.3 4 1
github.com/sofq/jira-cli/internal/avatar/analyze_writing.go:162.2,175.3 2 1
github.com/sofq/jira-cli/internal/avatar/analyze_writing.go:180.66,181.28 1 1
github.com/sofq/jira-cli/internal/avatar/analyze_writing.go:181.28,183.3 1 1
github.com/sofq/jira-cli/internal/avatar/analyze_writing.go:185.2,187.33 3 1
github.com/sofq/jira-cli/internal/avatar/analyze_writing.go:187.33,189.3 1 1
github.com/sofq/jira-cli/internal/avatar/analyze_writing.go:190.2,193.33 3 1
github.com/sofq/jira-cli/internal/avatar/analyze_writing.go:193.33,194.31 1 1
github.com/sofq/jira-cli/internal/avatar/analyze_writing.go:194.31,196.4 1 1
github.com/sofq/jira-cli/internal/avatar/analyze_writing.go:197.3,197.32 1 1
github.com/sofq/jira-cli/internal/avatar/analyze_writing.go:197.32,199.4 1 1
github.com/sofq/jira-cli/internal/avatar/analyze_writing.go:201.2,213.33 4 1
github.com/sofq/jira-cli/internal/avatar/analyze_writing.go:213.33,215.41 2 1
github.com/sofq/jira-cli/internal/avatar/analyze_writing.go:215.41,216.27 1 1
github.com/sofq/jira-cli/internal/avatar/analyze_writing.go:216.27,217.36 1 1
github.com/sofq/jira-cli/internal/avatar/analyze_writing.go:217.36,219.11 2 1
github.com/sofq/jira-cli/internal/avatar/analyze_writing.go:224.2,226.90 2 1
github.com/sofq/jira-cli/internal/avatar/analyze_writing.go:226.90,227.29 1 1
github.com/sofq/jira-cli/internal/avatar/analyze_writing.go:227.29,229.4 1 1
github.com/sofq/jira-cli/internal/avatar/analyze_writing.go:232.2,236.3 1 1
github.com/sofq/jira-cli/internal/avatar/analyze_writing.go:244.30,246.2 1 1
github.com/sofq/jira-cli/internal/avatar/analyze_writing.go:251.40,254.46 2 1
github.com/sofq/jira-cli/internal/avatar/analyze_writing.go:254.46,256.17 2 1
github.com/sofq/jira-cli/internal/avatar/analyze_writing.go:256.17,257.12 1 1
github.com/sofq/jira-cli/internal/avatar/analyze_writing.go:261.3,262.34 2 1
github.com/sofq/jira-cli/internal/avatar/analyze_writing.go:262.34,264.84 2 1
github.com/sofq/jira-cli/internal/avatar/analyze_writing.go:264.84,266.20 2 1
github.com/sofq/jira-cli/internal/avatar/analyze_writing.go:266.20,268.6 1 1
github.com/sofq/jira-cli/internal/avatar/analyze_writing.go:269.5,269.18 1 1
github.com/sofq/jira-cli/internal/avatar/analyze_writing.go:273.3,273.24 1 1
github.com/sofq/jira-cli/internal/avatar/analyze_writing.go:273.24,275.19 2 1
github.com/sofq/jira-cli/internal/avatar/analyze_writing.go:275.19,277.5 1 1
github.com/sofq/jira-cli/internal/avatar/analyze_writing.go:280.2,280.15 1 1
github.com/sofq/jira-cli/internal/avatar/analyze_writing.go:286.71,289.29 2 1
github.com/sofq/jira-cli/internal/avatar/analyze_writing.go:289.29,291.42 1 1
github.com/sofq/jira-cli/internal/avatar/analyze_writing.go:291.42,292.26 1 1
github.com/sofq/jira-cli/internal/avatar/analyze_writing.go:292.26,294.5 1 1
github.com/sofq/jira-cli/internal/avatar/analyze_writing.go:295.4,295.29 1 1
github.com/sofq/jira-cli/internal/avatar/analyze_writing.go:297.3,301.35 3 1
github.com/sofq/jira-cli/internal/avatar/analyze_writing.go:301.35,303.24 1 1
github.com/sofq/jira-cli/internal/avatar/analyze_writing.go:303.24,305.5 1 1
github.com/sofq/jira-cli/internal/avatar/analyze_writing.go:307.4,307.24 1 1
github.com/sofq/jira-cli/internal/avatar/analyze_writing.go:307.24,309.5 1 1
github.com/sofq/jira-cli/internal/avatar/analyze_writing.go:311.3,311.24 1 1
github.com/sofq/jira-cli/internal/avatar/analyze_writing.go:311.24,313.4 1 1
github.com/sofq/jira-cli/internal/avatar/analyze_writing.go:316.2,321.32 3 1
github.com/sofq/jira-cli/internal/avatar/analyze_writing.go:321.32,322.15 1 1
github.com/sofq/jira-cli/internal/avatar/analyze_writing.go:322.15,324.4 1 1
github.com/sofq/jira-cli/internal/avatar/analyze_writing.go:327.2,327.45 1 1
github.com/sofq/jira-cli/internal/avatar/analyze_writing.go:327.45,328.49 1 1
github.com/sofq/jira-cli/internal/avatar/analyze_writing.go:328.49,330.4 1 1
github.com/sofq/jira-cli/internal/avatar/analyze_writing.go:331.3,331.53 1 1
github.com/sofq/jira-cli/internal/avatar/analyze_writing.go:334.2,335.31 2 1
github.com/sofq/jira-cli/internal/avatar/analyze_writing.go:335.31,336.22 1 1
github.com/sofq/jira-cli/internal/avatar/analyze_writing.go:336.22,337.9 1 0
github.com/sofq/jira-cli/internal/avatar/analyze_writing.go:339.3,339.36 1 1
github.com/sofq/jira-cli/internal/avatar/analyze_writing.go:341.2,341.15 1 1
github.com/sofq/jira-cli/internal/avatar/analyze_writing.go:346.48,348.29 2 1
github.com/sofq/jira-cli/internal/avatar/analyze_writing.go:348.29,349.42 1 1
github.com/sofq/jira-cli/internal/avatar/analyze_writing.go:349.42,350.26 1 1
github.com/sofq/jira-cli/internal/avatar/analyze_writing.go:350.26,352.5 1 1
github.com/sofq/jira-cli/internal/avatar/analyze_writing.go:353.4,353.29 1 1
github.com/sofq/jira-cli/internal/avatar/analyze_writing.go:355.3,357.27 3 1
github.com/sofq/jira-cli/internal/avatar/analyze_writing.go:357.27,358.35 1 1
github.com/sofq/jira-cli/internal/avatar/analyze_writing.go:358.35,359.13 1 1
github.com/sofq/jira-cli/internal/avatar/analyze_writing.go:361.4,361.18 1 1
github.com/sofq/jira-cli/internal/avatar/analyze_writing.go:363.3,363.23 1 1
github.com/sofq/jira-cli/internal/avatar/analyze_writing.go:363.23,365.4 1 1
github.com/sofq/jira-cli/internal/avatar/analyze_writing.go:368.2,373.30 3 1
github.com/sofq/jira-cli/internal/avatar/analyze_writing.go:373.30,374.15 1 1
github.com/sofq/jira-cli/internal/avatar/analyze_writing.go:374.15,376.4 1 1
github.com/sofq/jira-cli/internal/avatar/analyze_writing.go:378.2,378.45 1 1
github.com/sofq/jira-cli/internal/avatar/analyze_writing.go:378.45,379.49 1 1
github.com/sofq/jira-cli/internal/avatar/analyze_writing.go:379.49,381.4 1 0
github.com/sofq/jira-cli/internal/avatar/analyze_writing.go:382.3,382.49 1 1
github.com/sofq/jira-cli/internal/avatar/analyze_writing.go:385.2,386.31 2 1
github.com/sofq/jira-cli/internal/avatar/analyze_writing.go:386.31,387.14 1 1
github.com/sofq/jira-cli/internal/avatar/analyze_writing.go:387.14,388.9 1 0
github.com/sofq/jira-cli/internal/avatar/analyze_writing.go:390.3,390.34 1 1
github.com/sofq/jira-cli/internal/avatar/analyze_writing.go:392.2,392.15 1 1
github.com/sofq/jira-cli/internal/avatar/analyze_writing.go:397.49,399.29 2 1
github.com/sofq/jira-cli/internal/avatar/analyze_writing.go:399.29,401.18 2 1
github.com/sofq/jira-cli/internal/avatar/analyze_writing.go:401.18,403.4 1 1
github.com/sofq/jira-cli/internal/avatar/analyze_writing.go:404.3,405.36 2 1
github.com/sofq/jira-cli/internal/avatar/analyze_writing.go:405.36,406.35 1 1
github.com/sofq/jira-cli/internal/avatar/analyze_writing.go:406.35,408.10 2 1
github.com/sofq/jira-cli/internal/avatar/analyze_writing.go:413.2,414.35 2 1
github.com/sofq/jira-cli/internal/avatar/analyze_writing.go:414.35,415.20 1 1
github.com/sofq/jira-cli/internal/avatar/analyze_writing.go:415.20,417.4 1 1
github.com/sofq/jira-cli/internal/avatar/analyze_writing.go:419.2,419.15 1 1
github.com/sofq/jira-cli/internal/avatar/build.go:30.105,32.38 2 1
github.com/sofq/jira-cli/internal/avatar/build.go:32.38,34.3 1 1
github.com/sofq/jira-cli/internal/avatar/build.go:35.2,35.18 1 1
github.com/sofq/jira-cli/internal/avatar/build.go:35.18,37.3 1 1
github.com/sofq/jira-cli/internal/avatar/build.go:40.2,41.22 2 1
github.com/sofq/jira-cli/internal/avatar/build.go:41.22,42.41 1 1
github.com/sofq/jira-cli/internal/avatar/build.go:42.41,44.4 1 1
github.com/sofq/jira-cli/internal/avatar/build.go:47.2,47.16 1 1
github.com/sofq/jira-cli/internal/avatar/build.go:48.15,49.43 1 1
github.com/sofq/jira-cli/internal/avatar/build.go:50.13,52.19 2 1
github.com/sofq/jira-cli/internal/avatar/build.go:52.19,54.4 1 1
github.com/sofq/jira-cli/internal/avatar/build.go:55.3,55.49 1 1
github.com/sofq/jira-cli/internal/avatar/build.go:56.10,57.95 1 1
github.com/sofq/jira-cli/internal/avatar/build_llm.go:21.92,24.16 2 1
github.com/sofq/jira-cli/internal/avatar/build_llm.go:24.16,26.3 1 0
github.com/sofq/jira-cli/internal/avatar/build_llm.go:29.2,30.22 2 1
github.com/sofq/jira-cli/internal/avatar/build_llm.go:30.22,32.3 1 1
github.com/sofq/jira-cli/internal/avatar/build_llm.go:33.2,44.32 8 1
github.com/sofq/jira-cli/internal/avatar/build_llm.go:44.32,45.44 1 1
github.com/sofq/jira-cli/internal/avatar/build_llm.go:45.44,47.4 1 0
github.com/sofq/jira-cli/internal/avatar/build_llm.go:48.3,48.56 1 1
github.com/sofq/jira-cli/internal/avatar/build_llm.go:52.2,53.65 2 1
github.com/sofq/jira-cli/internal/avatar/build_llm.go:53.65,55.3 1 1
github.com/sofq/jira-cli/internal/avatar/build_llm.go:58.2,59.25 2 1
github.com/sofq/jira-cli/internal/avatar/build_llm.go:59.25,61.3 1 1
github.com/sofq/jira-cli/internal/avatar/build_llm.go:64.2,64.57 1 1
github.com/sofq/jira-cli/internal/avatar/build_llm.go:64.57,66.3 1 1
github.com/sofq/jira-cli/internal/avatar/build_llm.go:67.2,67.58 1 1
github.com/sofq/jira-cli/internal/avatar/build_llm.go:67.58,69.3 1 1
github.com/sofq/jira-cli/internal/avatar/build_llm.go:70.2,70.61 1 1
github.com/sofq/jira-cli/internal/avatar/build_llm.go:70.61,72.3 1 1
github.com/sofq/jira-cli/internal/avatar/build_llm.go:75.2,75.24 1 1
github.com/sofq/jira-cli/internal/avatar/build_llm.go:75.24,76.31 1 1
github.com/sofq/jira-cli/internal/avatar/build_llm.go:76.31,78.4 1 1
github.com/sofq/jira-cli/internal/avatar/build_llm.go:79.3,79.31 1 1
github.com/sofq/jira-cli/internal/avatar/build_llm.go:79.31,81.15 2 1
github.com/sofq/jira-cli/internal/avatar/build_llm.go:81.15,83.5 1 1
github.com/sofq/jira-cli/internal/avatar/build_llm.go:84.4,84.42 1 1
github.com/sofq/jira-cli/internal/avatar/build_llm.go:89.2,91.22 2 1
github.com/sofq/jira-cli/internal/avatar/build_local.go:73.47,74.9 1 1
github.com/sofq/jira-cli/internal/avatar/build_local.go:75.19,76.17 1 1
github.com/sofq/jira-cli/internal/avatar/build_local.go:77.19,78.25 1 1
github.com/sofq/jira-cli/internal/avatar/build_local.go:79.10,80.16 1 1
github.com/sofq/jira-cli/internal/avatar/build_local.go:85.72,87.49 2 1
github.com/sofq/jira-cli/internal/avatar/build_local.go:87.49,89.3 1 0
github.com/sofq/jira-cli/internal/avatar/build_local.go:90.2,90.26 1 1
github.com/sofq/jira-cli/internal/avatar/build_local.go:94.81,99.43 4 1
github.com/sofq/jira-cli/internal/avatar/build_local.go:99.43,101.3 1 1
github.com/sofq/jira-cli/internal/avatar/build_local.go:103.2,104.37 2 1
github.com/sofq/jira-cli/internal/avatar/build_local.go:104.37,106.3 1 1
github.com/sofq/jira-cli/internal/avatar/build_local.go:108.2,119.42 2 1
github.com/sofq/jira-cli/internal/avatar/build_local.go:123.62,129.26 3 1
github.com/sofq/jira-cli/internal/avatar/build_local.go:129.26,131.3 1 1
github.com/sofq/jira-cli/internal/avatar/build_local.go:132.2,132.41 1 1
github.com/sofq/jira-cli/internal/avatar/build_local.go:132.41,134.3 1 1
github.com/sofq/jira-cli/internal/avatar/build_local.go:135.2,136.44 2 1
github.com/sofq/jira-cli/internal/avatar/build_local.go:136.44,138.3 1 1
github.com/sofq/jira-cli/internal/avatar/build_local.go:139.2,139.15 1 1
github.com/sofq/jira-cli/internal/avatar/build_local.go:143.84,147.28 3 1
github.com/sofq/jira-cli/internal/avatar/build_local.go:147.28,149.3 1 1
github.com/sofq/jira-cli/internal/avatar/build_local.go:151.2,152.30 2 1
github.com/sofq/jira-cli/internal/avatar/build_local.go:152.30,154.3 1 1
github.com/sofq/jira-cli/internal/avatar/build_local.go:156.2,157.52 2 1
github.com/sofq/jira-cli/internal/avatar/build_local.go:157.52,159.3 1 1
github.com/sofq/jira-cli/internal/avatar/build_local.go:161.2,173.43 4 1
github.com/sofq/jira-cli/internal/avatar/build_local.go:177.90,181.36 3 1
github.com/sofq/jira-cli/internal/avatar/build_local.go:181.36,183.3 1 1
github.com/sofq/jira-cli/internal/avatar/build_local.go:183.8,183.40 1 1
github.com/sofq/jira-cli/internal/avatar/build_local.go:183.40,185.3 1 1
github.com/sofq/jira-cli/internal/avatar/build_local.go:188.2,189.50 2 1
github.com/sofq/jira-cli/internal/avatar/build_local.go:189.50,191.3 1 1
github.com/sofq/jira-cli/internal/avatar/build_local.go:193.2,195.36 3 1
github.com/sofq/jira-cli/internal/avatar/build_local.go:195.36,197.24 2 1
github.com/sofq/jira-cli/internal/avatar/build_local.go:197.24,199.4 1 1
github.com/sofq/jira-cli/internal/avatar/build_local.go:202.2,203.48 2 1
github.com/sofq/jira-cli/internal/avatar/build_local.go:203.48,205.3 1 1
github.com/sofq/jira-cli/internal/avatar/build_local.go:207.2,216.46 2 1
github.com/sofq/jira-cli/internal/avatar/build_local.go:220.59,221.25 1 1
github.com/sofq/jira-cli/internal/avatar/build_local.go:221.25,223.3 1 1
github.com/sofq/jira-cli/internal/avatar/build_local.go:224.2,225.30 2 1
github.com/sofq/jira-cli/internal/avatar/build_local.go:225.30,227.22 2 1
github.com/sofq/jira-cli/internal/avatar/build_local.go:227.22,229.4 1 1
github.com/sofq/jira-cli/internal/avatar/build_local.go:231.2,231.17 1 1
github.com/sofq/jira-cli/internal/avatar/build_local.go:231.17,233.3 1 1
github.com/sofq/jira-cli/internal/avatar/build_local.go:234.2,234.10 1 1
github.com/sofq/jira-cli/internal/avatar/build_local.go:238.79,240.23 2 1
github.com/sofq/jira-cli/internal/avatar/build_local.go:240.23,242.3 1 1
github.com/sofq/jira-cli/internal/avatar/build_local.go:244.2,245.16 2 1
github.com/sofq/jira-cli/internal/avatar/build_local.go:245.16,247.3 1 0
github.com/sofq/jira-cli/internal/avatar/build_local.go:249.2,250.16 2 1
github.com/sofq/jira-cli/internal/avatar/build_local.go:250.16,252.3 1 0
github.com/sofq/jira-cli/internal/avatar/build_local.go:254.2,255.16 2 1
github.com/sofq/jira-cli/internal/avatar/build_local.go:255.16,257.3 1 0
github.com/sofq/jira-cli/internal/avatar/build_local.go:260.2,261.50 2 1
github.com/sofq/jira-cli/internal/avatar/build_local.go:261.50,267.3 1 1
github.com/sofq/jira-cli/internal/avatar/build_local.go:269.2,292.21 3 1
github.com/sofq/jira-cli/internal/avatar/extract.go:30.48,36.2 1 1
github.com/sofq/jira-cli/internal/avatar/extract.go:43.45,49.2 1 1
github.com/sofq/jira-cli/internal/avatar/extract.go:69.74,70.14 1 1
github.com/sofq/jira-cli/internal/avatar/extract.go:70.14,72.3 1 1
github.com/sofq/jira-cli/internal/avatar/extract.go:75.2,76.16 2 1
github.com/sofq/jira-cli/internal/avatar/extract.go:76.16,78.3 1 0
github.com/sofq/jira-cli/internal/avatar/extract.go:80.2,81.16 2 1
github.com/sofq/jira-cli/internal/avatar/extract.go:81.16,83.3 1 0
github.com/sofq/jira-cli/internal/avatar/extract.go:86.2,95.6 3 1
github.com/sofq/jira-cli/internal/avatar/extract.go:95.6,96.25 1 1
github.com/sofq/jira-cli/internal/avatar/extract.go:96.25,98.4 1 0
github.com/sofq/jira-cli/internal/avatar/extract.go:99.3,109.17 6 1
github.com/sofq/jira-cli/internal/avatar/extract.go:109.17,111.4 1 0
github.com/sofq/jira-cli/internal/avatar/extract.go:113.3,114.17 2 1
github.com/sofq/jira-cli/internal/avatar/extract.go:114.17,116.4 1 0
github.com/sofq/jira-cli/internal/avatar/extract.go:118.3,119.17 2 1
github.com/sofq/jira-cli/internal/avatar/extract.go:119.17,121.4 1 0
github.com/sofq/jira-cli/internal/avatar/extract.go:124.3,124.84 1 1
github.com/sofq/jira-cli/internal/avatar/extract.go:124.84,125.9 1 1
github.com/sofq/jira-cli/internal/avatar/extract.go:129.3,129.26 1 0
github.com/sofq/jira-cli/internal/avatar/extract.go:129.26,130.9 1 0
github.com/sofq/jira-cli/internal/avatar/extract.go:134.3,134.14 1 0
github.com/sofq/jira-cli/internal/avatar/extract.go:138.2,147.77 3 1
github.com/sofq/jira-cli/internal/avatar/extract.go:147.77,149.3 1 0
github.com/sofq/jira-cli/internal/avatar/extract.go:156.2,157.32 2 1
github.com/sofq/jira-cli/internal/avatar/extract.go:157.32,159.3 1 1
github.com/sofq/jira-cli/internal/avatar/extract.go:161.2,162.38 2 1
github.com/sofq/jira-cli/internal/avatar/extract.go:162.38,164.3 1 1
github.com/sofq/jira-cli/internal/avatar/extract.go:167.2,173.33 3 1
github.com/sofq/jira-cli/internal/avatar/extract.go:173.33,180.3 1 1
github.com/sofq/jira-cli/internal/avatar/extract.go:183.2,184.33 2 1
github.com/sofq/jira-cli/internal/avatar/extract.go:184.33,185.20 1 1
github.com/sofq/jira-cli/internal/avatar/extract.go:185.20,187.4 1 1
github.com/sofq/jira-cli/internal/avatar/extract.go:189.2,189.31 1 1
github.com/sofq/jira-cli/internal/avatar/extract.go:189.31,190.25 1 1
github.com/sofq/jira-cli/internal/avatar/extract.go:190.25,192.4 1 1
github.com/sofq/jira-cli/internal/avatar/extract.go:196.2,245.24 12 1
github.com/sofq/jira-cli/internal/avatar/extract.go:255.59,256.13 1 1
github.com/sofq/jira-cli/internal/avatar/extract.go:256.13,258.3 1 1
github.com/sofq/jira-cli/internal/avatar/extract.go:260.2,260.16 1 1
github.com/sofq/jira-cli/internal/avatar/extract.go:260.16,262.3 1 0
github.com/sofq/jira-cli/internal/avatar/extract.go:264.2,268.26 4 1
github.com/sofq/jira-cli/internal/avatar/extract.go:268.26,270.3 1 1
github.com/sofq/jira-cli/internal/avatar/extract.go:272.2,272.14 1 1
github.com/sofq/jira-cli/internal/avatar/extract.go:273.11,274.52 1 1
github.com/sofq/jira-cli/internal/avatar/extract.go:275.11,276.53 1 1
github.com/sofq/jira-cli/internal/avatar/extract.go:277.10,278.98 1 1
github.com/sofq/jira-cli/internal/avatar/fetch.go:22.72,23.20 1 1
github.com/sofq/jira-cli/internal/avatar/fetch.go:23.20,25.20 2 1
github.com/sofq/jira-cli/internal/avatar/fetch.go:25.20,27.4 1 0
github.com/sofq/jira-cli/internal/avatar/fetch.go:28.3,29.53 2 1
github.com/sofq/jira-cli/internal/avatar/fetch.go:29.53,31.4 1 1
github.com/sofq/jira-cli/internal/avatar/fetch.go:32.3,32.20 1 1
github.com/sofq/jira-cli/internal/avatar/fetch.go:35.2,37.19 3 1
github.com/sofq/jira-cli/internal/avatar/fetch.go:37.19,39.3 1 0
github.com/sofq/jira-cli/internal/avatar/fetch.go:40.2,41.53 2 1
github.com/sofq/jira-cli/internal/avatar/fetch.go:41.53,43.3 1 1
github.com/sofq/jira-cli/internal/avatar/fetch.go:44.2,44.21 1 1
github.com/sofq/jira-cli/internal/avatar/fetch.go:44.21,46.3 1 1
github.com/sofq/jira-cli/internal/avatar/fetch.go:47.2,47.23 1 1
github.com/sofq/jira-cli/internal/avatar/fetch.go:52.39,56.2 3 1
github.com/sofq/jira-cli/internal/avatar/fetch.go:60.92,70.19 5 1
github.com/sofq/jira-cli/internal/avatar/fetch.go:70.19,72.3 1 0
github.com/sofq/jira-cli/internal/avatar/fetch.go:75.2,91.58 2 1
github.com/sofq/jira-cli/internal/avatar/fetch.go:91.58,93.3 1 1
github.com/sofq/jira-cli/internal/avatar/fetch.go:95.2,96.42 2 1
github.com/sofq/jira-cli/internal/avatar/fetch.go:96.42,97.51 1 1
github.com/sofq/jira-cli/internal/avatar/fetch.go:97.51,98.39 1 1
github.com/sofq/jira-cli/internal/avatar/fetch.go:98.39,99.13 1 1
github.com/sofq/jira-cli/internal/avatar/fetch.go:101.4,107.6 2 1
github.com/sofq/jira-cli/internal/avatar/fetch.go:110.2,110.21 1 1
github.com/sofq/jira-cli/internal/avatar/fetch.go:114.92,123.19 5 1
github.com/sofq/jira-cli/internal/avatar/fetch.go:123.19,125.3 1 0
github.com/sofq/jira-cli/internal/avatar/fetch.go:127.2,139.58 2 1
github.com/sofq/jira-cli/internal/avatar/fetch.go:139.58,141.3 1 1
github.com/sofq/jira-cli/internal/avatar/fetch.go:143.2,144.42 2 1
github.com/sofq/jira-cli/internal/avatar/fetch.go:144.42,152.3 2 1
github.com/sofq/jira-cli/internal/avatar/fetch.go:153.2,153.21 1 1
github.com/sofq/jira-cli/internal/avatar/fetch.go:158.97,169.19 5 1
github.com/sofq/jira-cli/internal/avatar/fetch.go:169.19,171.3 1 0
github.com/sofq/jira-cli/internal/avatar/fetch.go:173.2,191.58 2 1
github.com/sofq/jira-cli/internal/avatar/fetch.go:191.58,193.3 1 1
github.com/sofq/jira-cli/internal/avatar/fetch.go:195.2,196.42 2 1
github.com/sofq/jira-cli/internal/avatar/fetch.go:196.42,197.53 1 1
github.com/sofq/jira-cli/internal/avatar/fetch.go:197.53,198.45 1 1
github.com/sofq/jira-cli/internal/avatar/fetch.go:198.45,199.13 1 0
github.com/sofq/jira-cli/internal/avatar/fetch.go:201.4,201.39 1 1
github.com/sofq/jira-cli/internal/avatar/fetch.go:201.39,210.5 1 1
github.com/sofq/jira-cli/internal/avatar/fetch.go:213.2,213.21 1 1
github.com/sofq/jira-cli/internal/avatar/fetch.go:219.53,220.44 1 1
github.com/sofq/jira-cli/internal/avatar/fetch.go:220.44,222.3 1 1
github.com/sofq/jira-cli/internal/avatar/fetch.go:224.2,228.50 2 1
github.com/sofq/jira-cli/internal/avatar/fetch.go:228.50,230.3 1 1
github.com/sofq/jira-cli/internal/avatar/fetch.go:232.2,233.36 2 1
github.com/sofq/jira-cli/internal/avatar/fetch.go:233.36,235.17 2 1
github.com/sofq/jira-cli/internal/avatar/fetch.go:235.17,237.4 1 1
github.com/sofq/jira-cli/internal/avatar/fetch.go:239.2,239.26 1 1
github.com/sofq/jira-cli/internal/avatar/fetch.go:239.26,241.3 1 1
github.com/sofq/jira-cli/internal/avatar/fetch.go:242.2,242.39 1 1
github.com/sofq/jira-cli/internal/avatar/fetch.go:246.50,252.51 2 1
github.com/sofq/jira-cli/internal/avatar/fetch.go:252.51,254.3 1 1
github.com/sofq/jira-cli/internal/avatar/fetch.go:255.2,255.25 1 1
github.com/sofq/jira-cli/internal/avatar/fetch.go:255.25,257.3 1 1
github.com/sofq/jira-cli/internal/avatar/fetch.go:258.2,259.37 2 1
github.com/sofq/jira-cli/internal/avatar/fetch.go:259.37,260.43 1 1
github.com/sofq/jira-cli/internal/avatar/fetch.go:260.43,262.4 1 1
github.com/sofq/jira-cli/internal/avatar/fetch.go:264.2,264.32 1 1
github.com/sofq/jira-cli/internal/avatar/fetch.go:268.38,271.2 2 1
github.com/sofq/jira-cli/internal/avatar/prompt.go:23.58,25.18 2 1
github.com/sofq/jira-cli/internal/avatar/prompt.go:25.18,27.3 1 1
github.com/sofq/jira-cli/internal/avatar/prompt.go:29.2,29.16 1 1
github.com/sofq/jira-cli/internal/avatar/prompt.go:30.14,32.45 2 1
github.com/sofq/jira-cli/internal/avatar/prompt.go:33.14,37.44 4 1
github.com/sofq/jira-cli/internal/avatar/prompt.go:38.10,39.65 1 1
github.com/sofq/jira-cli/internal/avatar/prompt.go:45.59,46.24 1 1
github.com/sofq/jira-cli/internal/avatar/prompt.go:46.24,48.3 1 1
github.com/sofq/jira-cli/internal/avatar/prompt.go:49.2,49.29 1 1
github.com/sofq/jira-cli/internal/avatar/prompt.go:49.29,50.16 1 1
github.com/sofq/jira-cli/internal/avatar/prompt.go:50.16,52.4 1 1
github.com/sofq/jira-cli/internal/avatar/prompt.go:54.2,54.14 1 1
github.com/sofq/jira-cli/internal/avatar/prompt.go:58.56,63.72 3 1
github.com/sofq/jira-cli/internal/avatar/prompt.go:63.72,65.3 1 1
github.com/sofq/jira-cli/internal/avatar/prompt.go:66.2,66.74 1 1
github.com/sofq/jira-cli/internal/avatar/prompt.go:66.74,68.3 1 1
github.com/sofq/jira-cli/internal/avatar/prompt.go:69.2,69.80 1 1
github.com/sofq/jira-cli/internal/avatar/prompt.go:69.80,71.3 1 1
github.com/sofq/jira-cli/internal/avatar/prompt.go:73.2,73.26 1 1
github.com/sofq/jira-cli/internal/avatar/prompt.go:73.26,75.33 2 1
github.com/sofq/jira-cli/internal/avatar/prompt.go:75.33,77.4 1 1
github.com/sofq/jira-cli/internal/avatar/prompt.go:80.2,80.25 1 1
github.com/sofq/jira-cli/internal/avatar/prompt.go:80.25,82.33 2 1
github.com/sofq/jira-cli/internal/avatar/prompt.go:82.33,84.4 1 1
github.com/sofq/jira-cli/internal/avatar/prompt.go:87.2,87.55 1 1
github.com/sofq/jira-cli/internal/avatar/prompt.go:92.48,93.13 1 1
github.com/sofq/jira-cli/internal/avatar/prompt.go:93.13,95.3 1 1
github.com/sofq/jira-cli/internal/avatar/prompt.go:96.2,98.10 3 1
github.com/sofq/jira-cli/internal/avatar/select_examples.go:10.42,17.41 2 1
github.com/sofq/jira-cli/internal/avatar/select_examples.go:17.41,19.3 1 1
github.com/sofq/jira-cli/internal/avatar/select_examples.go:22.2,26.37 1 1
github.com/sofq/jira-cli/internal/avatar/select_examples.go:26.37,28.3 1 1
github.com/sofq/jira-cli/internal/avatar/select_examples.go:31.2,32.37 2 1
github.com/sofq/jira-cli/internal/avatar/select_examples.go:32.37,34.3 1 1
github.com/sofq/jira-cli/internal/avatar/select_examples.go:35.2,37.45 3 1
github.com/sofq/jira-cli/internal/avatar/select_examples.go:37.45,39.60 1 0
github.com/sofq/jira-cli/internal/avatar/select_examples.go:39.60,41.4 1 0
github.com/sofq/jira-cli/internal/avatar/select_examples.go:44.2,44.24 1 1
github.com/sofq/jira-cli/internal/avatar/select_examples.go:48.42,49.21 1 1
github.com/sofq/jira-cli/internal/avatar/select_examples.go:49.21,51.3 1 1
github.com/sofq/jira-cli/internal/avatar/select_examples.go:52.2,53.26 2 1
github.com/sofq/jira-cli/internal/avatar/select_examples.go:53.26,55.3 1 1
github.com/sofq/jira-cli/internal/avatar/select_examples.go:56.2,58.35 3 1
github.com/sofq/jira-cli/internal/avatar/select_examples.go:58.35,60.3 1 1
github.com/sofq/jira-cli/internal/avatar/select_examples.go:61.2,61.20 1 1
github.com/sofq/jira-cli/internal/avatar/select_examples.go:65.24,66.11 1 1
github.com/sofq/jira-cli/internal/avatar/select_examples.go:66.11,68.3 1 1
github.com/sofq/jira-cli/internal/avatar/select_examples.go:69.2,69.10 1 1
github.com/sofq/jira-cli/internal/avatar/select_examples.go:76.85,77.24 1 1
github.com/sofq/jira-cli/internal/avatar/select_examples.go:77.24,79.3 1 1
github.com/sofq/jira-cli/internal/avatar/select_examples.go:82.2,83.29 2 1
github.com/sofq/jira-cli/internal/avatar/select_examples.go:83.29,86.3 2 1
github.com/sofq/jira-cli/internal/avatar/select_examples.go:89.2,96.31 3 1
github.com/sofq/jira-cli/internal/avatar/select_examples.go:96.31,98.25 2 1
github.com/sofq/jira-cli/internal/avatar/select_examples.go:98.25,100.4 1 1
github.com/sofq/jira-cli/internal/avatar/select_examples.go:101.3,105.29 4 1
github.com/sofq/jira-cli/internal/avatar/select_examples.go:105.29,107.20 2 1
github.com/sofq/jira-cli/internal/avatar/select_examples.go:107.20,110.5 2 1
github.com/sofq/jira-cli/internal/avatar/select_examples.go:113.3,117.5 1 1
github.com/sofq/jira-cli/internal/avatar/select_examples.go:121.2,121.42 1 1
github.com/sofq/jira-cli/internal/avatar/select_examples.go:121.42,122.51 1 1
github.com/sofq/jira-cli/internal/avatar/select_examples.go:122.51,124.4 1 1
github.com/sofq/jira-cli/internal/avatar/select_examples.go:125.3,125.49 1 1
github.com/sofq/jira-cli/internal/avatar/select_examples.go:129.2,130.28 2 1
github.com/sofq/jira-cli/internal/avatar/select_examples.go:130.28,131.33 1 1
github.com/sofq/jira-cli/internal/avatar/select_examples.go:131.33,132.9 1 1
github.com/sofq/jira-cli/internal/avatar/select_examples.go:134.3,140.5 2 1
github.com/sofq/jira-cli/internal/avatar/select_examples.go:143.2,143.15 1 1
github.com/sofq/jira-cli/internal/avatar/select_examples.go:149.99,150.28 1 1
github.com/sofq/jira-cli/internal/avatar/select_examples.go:150.28,152.3 1 1
github.com/sofq/jira-cli/internal/avatar/select_examples.go:155.2,156.33 2 1
github.com/sofq/jira-cli/internal/avatar/select_examples.go:156.33,158.3 1 1
github.com/sofq/jira-cli/internal/avatar/select_examples.go:160.2,167.31 3 1
github.com/sofq/jira-cli/internal/avatar/select_examples.go:167.31,169.25 2 1
github.com/sofq/jira-cli/internal/avatar/select_examples.go:169.25,171.4 1 1
github.com/sofq/jira-cli/internal/avatar/select_examples.go:172.3,176.29 4 1
github.com/sofq/jira-cli/internal/avatar/select_examples.go:176.29,178.23 2 1
github.com/sofq/jira-cli/internal/avatar/select_examples.go:178.23,181.5 2 1
github.com/sofq/jira-cli/internal/avatar/select_examples.go:184.3,188.5 1 1
github.com/sofq/jira-cli/internal/avatar/select_examples.go:192.2,192.42 1 1
github.com/sofq/jira-cli/internal/avatar/select_examples.go:192.42,193.51 1 1
github.com/sofq/jira-cli/internal/avatar/select_examples.go:193.51,195.4 1 1
github.com/sofq/jira-cli/internal/avatar/select_examples.go:196.3,196.53 1 1
github.com/sofq/jira-cli/internal/avatar/select_examples.go:199.2,200.28 2 1
github.com/sofq/jira-cli/internal/avatar/select_examples.go:200.28,201.33 1 1
github.com/sofq/jira-cli/internal/avatar/select_examples.go:201.33,202.9 1 0
github.com/sofq/jira-cli/internal/avatar/select_examples.go:204.3,209.5 2 1
github.com/sofq/jira-cli/internal/avatar/select_examples.go:212.2,212.15 1 1
github.com/sofq/jira-cli/internal/avatar/storage.go:22.36,24.16 2 1
github.com/sofq/jira-cli/internal/avatar/storage.go:24.16,27.3 2 0
github.com/sofq/jira-cli/internal/avatar/storage.go:28.2,28.44 1 1
github.com/sofq/jira-cli/internal/avatar/storage.go:32.40,34.2 1 1
github.com/sofq/jira-cli/internal/avatar/storage.go:37.40,40.2 2 1
github.com/sofq/jira-cli/internal/avatar/storage.go:43.54,45.16 2 1
github.com/sofq/jira-cli/internal/avatar/storage.go:45.16,47.3 1 0
github.com/sofq/jira-cli/internal/avatar/storage.go:48.2,49.56 2 1
github.com/sofq/jira-cli/internal/avatar/storage.go:49.56,51.3 1 1
github.com/sofq/jira-cli/internal/avatar/storage.go:52.2,52.12 1 1
github.com/sofq/jira-cli/internal/avatar/storage.go:56.54,59.16 3 1
github.com/sofq/jira-cli/internal/avatar/storage.go:59.16,61.3 1 1
github.com/sofq/jira-cli/internal/avatar/storage.go:62.2,63.49 2 1
github.com/sofq/jira-cli/internal/avatar/storage.go:63.49,65.3 1 1
github.com/sofq/jira-cli/internal/avatar/storage.go:66.2,66.16 1 1
github.com/sofq/jira-cli/internal/avatar/storage.go:70.48,72.16 2 1
github.com/sofq/jira-cli/internal/avatar/storage.go:72.16,74.3 1 0
github.com/sofq/jira-cli/internal/avatar/storage.go:75.2,76.56 2 1
github.com/sofq/jira-cli/internal/avatar/storage.go:76.56,78.3 1 1
github.com/sofq/jira-cli/internal/avatar/storage.go:79.2,79.12 1 1
github.com/sofq/jira-cli/internal/avatar/storage.go:83.48,86.16 3 1
github.com/sofq/jira-cli/internal/avatar/storage.go:86.16,88.3 1 1
github.com/sofq/jira-cli/internal/avatar/storage.go:89.2,90.49 2 1
github.com/sofq/jira-cli/internal/avatar/storage.go:90.49,92.3 1 1
github.com/sofq/jira-cli/internal/avatar/storage.go:93.2,93.16 1 1
github.com/sofq/jira-cli/internal/avatar/storage.go:97.37,100.2 2 1
github.com/sofq/jira-cli/internal/avatar/storage.go:103.40,106.2 2 1
github.com/sofq/jira-cli/internal/avatar/storage.go:109.46,111.16 2 1
github.com/sofq/jira-cli/internal/avatar/storage.go:111.16,113.3 1 1
github.com/sofq/jira-cli/internal/avatar/storage.go:114.2,115.16 2 1
github.com/sofq/jira-cli/internal/avatar/storage.go:115.16,117.3 1 1
github.com/sofq/jira-cli/internal/avatar/storage.go:118.2,119.17 2 1
github.com/sofq/jira-cli/internal/avatar/storage.go:123.40,125.2 1 1
