mode: set
github.com/sofq/jira-cli/cmd/avatar.go:32.67,33.37 1 0
github.com/sofq/jira-cli/cmd/avatar.go:33.37,35.4 1 0
github.com/sofq/jira-cli/cmd/avatar.go:37.3,37.46 1 0
github.com/sofq/jira-cli/cmd/avatar.go:90.13,125.2 25 1
github.com/sofq/jira-cli/cmd/avatar.go:129.82,131.16 2 0
github.com/sofq/jira-cli/cmd/avatar.go:131.16,133.3 1 0
github.com/sofq/jira-cli/cmd/avatar.go:134.2,136.33 3 0
github.com/sofq/jira-cli/cmd/avatar.go:140.73,142.16 2 0
github.com/sofq/jira-cli/cmd/avatar.go:142.16,144.3 1 0
github.com/sofq/jira-cli/cmd/avatar.go:145.2,146.16 2 0
github.com/sofq/jira-cli/cmd/avatar.go:146.16,148.3 1 0
github.com/sofq/jira-cli/cmd/avatar.go:149.2,149.16 1 0
github.com/sofq/jira-cli/cmd/avatar.go:149.16,151.3 1 0
github.com/sofq/jira-cli/cmd/avatar.go:152.2,153.9 2 0
github.com/sofq/jira-cli/cmd/avatar.go:153.9,155.3 1 0
github.com/sofq/jira-cli/cmd/avatar.go:156.2,156.22 1 0
github.com/sofq/jira-cli/cmd/avatar.go:159.64,161.16 2 0
github.com/sofq/jira-cli/cmd/avatar.go:161.16,165.3 3 0
github.com/sofq/jira-cli/cmd/avatar.go:167.2,180.23 7 0
github.com/sofq/jira-cli/cmd/avatar.go:180.23,184.3 3 0
github.com/sofq/jira-cli/cmd/avatar.go:187.2,189.52 3 0
github.com/sofq/jira-cli/cmd/avatar.go:189.52,193.3 3 0
github.com/sofq/jira-cli/cmd/avatar.go:195.2,195.71 1 0
github.com/sofq/jira-cli/cmd/avatar.go:195.71,199.3 3 0
github.com/sofq/jira-cli/cmd/avatar.go:201.2,203.12 3 0
github.com/sofq/jira-cli/cmd/avatar.go:206.62,208.16 2 0
github.com/sofq/jira-cli/cmd/avatar.go:208.16,212.3 3 0
github.com/sofq/jira-cli/cmd/avatar.go:214.2,221.23 6 0
github.com/sofq/jira-cli/cmd/avatar.go:221.23,225.3 3 0
github.com/sofq/jira-cli/cmd/avatar.go:227.2,228.20 2 0
github.com/sofq/jira-cli/cmd/avatar.go:228.20,235.3 3 0
github.com/sofq/jira-cli/cmd/avatar.go:238.2,249.21 5 0
github.com/sofq/jira-cli/cmd/avatar.go:249.21,253.3 3 0
github.com/sofq/jira-cli/cmd/avatar.go:255.2,255.52 1 0
github.com/sofq/jira-cli/cmd/avatar.go:255.52,259.3 3 0
github.com/sofq/jira-cli/cmd/avatar.go:261.2,261.65 1 0
github.com/sofq/jira-cli/cmd/avatar.go:261.65,265.3 3 0
github.com/sofq/jira-cli/cmd/avatar.go:267.2,269.12 3 0
github.com/sofq/jira-cli/cmd/avatar.go:272.63,274.16 2 0
github.com/sofq/jira-cli/cmd/avatar.go:274.16,278.3 3 0
github.com/sofq/jira-cli/cmd/avatar.go:280.2,280.32 1 0
github.com/sofq/jira-cli/cmd/avatar.go:280.32,287.3 3 0
github.com/sofq/jira-cli/cmd/avatar.go:289.2,290.20 2 0
github.com/sofq/jira-cli/cmd/avatar.go:290.20,294.3 3 0
github.com/sofq/jira-cli/cmd/avatar.go:296.2,308.12 7 0
github.com/sofq/jira-cli/cmd/avatar.go:311.61,313.16 2 1
github.com/sofq/jira-cli/cmd/avatar.go:313.16,317.3 3 1
github.com/sofq/jira-cli/cmd/avatar.go:319.2,319.32 1 0
github.com/sofq/jira-cli/cmd/avatar.go:319.32,326.3 3 0
github.com/sofq/jira-cli/cmd/avatar.go:328.2,329.20 2 0
github.com/sofq/jira-cli/cmd/avatar.go:329.20,333.3 3 0
github.com/sofq/jira-cli/cmd/avatar.go:335.2,337.12 3 0
github.com/sofq/jira-cli/cmd/avatar.go:340.61,342.16 2 0
github.com/sofq/jira-cli/cmd/avatar.go:342.16,346.3 3 0
github.com/sofq/jira-cli/cmd/avatar.go:348.2,348.32 1 0
github.com/sofq/jira-cli/cmd/avatar.go:348.32,355.3 3 0
github.com/sofq/jira-cli/cmd/avatar.go:357.2,360.18 3 0
github.com/sofq/jira-cli/cmd/avatar.go:360.18,362.3 1 0
github.com/sofq/jira-cli/cmd/avatar.go:364.2,369.46 5 0
github.com/sofq/jira-cli/cmd/avatar.go:369.46,373.3 3 0
github.com/sofq/jira-cli/cmd/avatar.go:376.2,377.20 2 0
github.com/sofq/jira-cli/cmd/avatar.go:377.20,381.3 3 0
github.com/sofq/jira-cli/cmd/avatar.go:383.2,384.57 2 0
github.com/sofq/jira-cli/cmd/avatar.go:384.57,391.3 3 0
github.com/sofq/jira-cli/cmd/avatar.go:393.2,395.12 3 0
github.com/sofq/jira-cli/cmd/avatar.go:398.64,399.52 1 0
github.com/sofq/jira-cli/cmd/avatar.go:399.52,401.3 1 0
github.com/sofq/jira-cli/cmd/avatar.go:402.2,402.34 1 0
github.com/sofq/jira-cli/cmd/avatar.go:405.63,407.46 2 1
github.com/sofq/jira-cli/cmd/avatar.go:407.46,410.3 2 1
github.com/sofq/jira-cli/cmd/avatar.go:412.2,413.20 2 1
github.com/sofq/jira-cli/cmd/avatar.go:413.20,416.3 2 0
github.com/sofq/jira-cli/cmd/avatar.go:418.2,421.34 3 1
github.com/sofq/jira-cli/cmd/avatar.go:421.34,422.63 1 0
github.com/sofq/jira-cli/cmd/avatar.go:422.63,424.4 1 0
github.com/sofq/jira-cli/cmd/avatar.go:427.2,443.12 6 1
github.com/sofq/jira-cli/cmd/avatar.go:455.49,457.61 2 1
github.com/sofq/jira-cli/cmd/avatar.go:457.61,459.3 1 1
github.com/sofq/jira-cli/cmd/avatar.go:459.8,461.17 2 0
github.com/sofq/jira-cli/cmd/avatar.go:461.17,464.4 2 0
github.com/sofq/jira-cli/cmd/avatar.go:465.3,465.48 1 0
github.com/sofq/jira-cli/cmd/avatar.go:468.2,469.20 2 1
github.com/sofq/jira-cli/cmd/avatar.go:469.20,470.29 1 0
github.com/sofq/jira-cli/cmd/avatar.go:470.29,472.4 1 0
github.com/sofq/jira-cli/cmd/avatar.go:473.3,473.72 1 0
github.com/sofq/jira-cli/cmd/avatar.go:476.2,477.28 2 1
github.com/sofq/jira-cli/cmd/avatar.go:477.28,478.16 1 1
github.com/sofq/jira-cli/cmd/avatar.go:478.16,480.4 1 1
github.com/sofq/jira-cli/cmd/avatar.go:483.2,483.20 1 1
github.com/sofq/jira-cli/cmd/avatar.go:483.20,485.3 1 1
github.com/sofq/jira-cli/cmd/avatar.go:487.2,487.20 1 1
github.com/sofq/jira-cli/cmd/avatar.go:487.20,489.3 1 1
github.com/sofq/jira-cli/cmd/avatar.go:492.2,494.25 3 0
github.com/sofq/jira-cli/cmd/avatar.go:494.25,496.21 2 0
github.com/sofq/jira-cli/cmd/avatar.go:496.21,497.12 1 0
github.com/sofq/jira-cli/cmd/avatar.go:499.3,499.37 1 0
github.com/sofq/jira-cli/cmd/avatar.go:499.37,502.4 2 0
github.com/sofq/jira-cli/cmd/avatar.go:504.2,504.18 1 0
github.com/sofq/jira-cli/cmd/batch.go:61.13,65.2 3 1
github.com/sofq/jira-cli/cmd/batch.go:67.56,70.16 2 1
github.com/sofq/jira-cli/cmd/batch.go:70.16,78.3 3 1
github.com/sofq/jira-cli/cmd/batch.go:81.2,84.21 3 1
github.com/sofq/jira-cli/cmd/batch.go:84.21,86.17 2 1
github.com/sofq/jira-cli/cmd/batch.go:86.17,94.4 3 1
github.com/sofq/jira-cli/cmd/batch.go:95.8,98.59 2 1
github.com/sofq/jira-cli/cmd/batch.go:98.59,106.4 3 0
github.com/sofq/jira-cli/cmd/batch.go:107.3,108.17 2 1
github.com/sofq/jira-cli/cmd/batch.go:108.17,116.4 3 0
github.com/sofq/jira-cli/cmd/batch.go:120.2,121.56 2 1
github.com/sofq/jira-cli/cmd/batch.go:121.56,129.3 3 1
github.com/sofq/jira-cli/cmd/batch.go:132.2,132.16 1 1
github.com/sofq/jira-cli/cmd/batch.go:132.16,140.3 3 1
github.com/sofq/jira-cli/cmd/batch.go:143.2,144.41 2 1
github.com/sofq/jira-cli/cmd/batch.go:144.41,152.3 3 1
github.com/sofq/jira-cli/cmd/batch.go:155.2,161.28 6 1
github.com/sofq/jira-cli/cmd/batch.go:161.28,164.3 2 1
github.com/sofq/jira-cli/cmd/batch.go:167.2,169.26 2 1
github.com/sofq/jira-cli/cmd/batch.go:169.26,172.3 2 1
github.com/sofq/jira-cli/cmd/batch.go:175.2,185.31 6 1
github.com/sofq/jira-cli/cmd/batch.go:185.31,187.17 2 1
github.com/sofq/jira-cli/cmd/batch.go:187.17,195.4 3 1
github.com/sofq/jira-cli/cmd/batch.go:196.3,196.20 1 1
github.com/sofq/jira-cli/cmd/batch.go:200.2,200.23 1 1
github.com/sofq/jira-cli/cmd/batch.go:200.23,202.3 1 1
github.com/sofq/jira-cli/cmd/batch.go:204.2,208.28 3 1
github.com/sofq/jira-cli/cmd/batch.go:208.28,209.27 1 1
github.com/sofq/jira-cli/cmd/batch.go:209.27,211.4 1 1
github.com/sofq/jira-cli/cmd/batch.go:213.2,213.18 1 1
github.com/sofq/jira-cli/cmd/batch.go:213.18,215.3 1 1
github.com/sofq/jira-cli/cmd/batch.go:217.2,217.12 1 1
github.com/sofq/jira-cli/cmd/batch.go:227.15,230.9 2 1
github.com/sofq/jira-cli/cmd/batch.go:230.9,233.3 2 1
github.com/sofq/jira-cli/cmd/batch.go:236.2,236.30 1 1
github.com/sofq/jira-cli/cmd/batch.go:236.30,237.62 1 1
github.com/sofq/jira-cli/cmd/batch.go:237.62,248.4 3 1
github.com/sofq/jira-cli/cmd/batch.go:252.2,274.49 4 1
github.com/sofq/jira-cli/cmd/batch.go:274.49,277.3 2 1
github.com/sofq/jira-cli/cmd/batch.go:278.2,278.49 1 1
github.com/sofq/jira-cli/cmd/batch.go:278.49,281.3 2 1
github.com/sofq/jira-cli/cmd/batch.go:282.2,282.32 1 1
github.com/sofq/jira-cli/cmd/batch.go:282.32,285.3 2 1
github.com/sofq/jira-cli/cmd/batch.go:288.2,289.38 2 1
github.com/sofq/jira-cli/cmd/batch.go:289.38,290.24 1 1
github.com/sofq/jira-cli/cmd/batch.go:290.24,292.63 2 1
github.com/sofq/jira-cli/cmd/batch.go:292.63,294.5 1 1
github.com/sofq/jira-cli/cmd/batch.go:294.10,294.67 1 1
github.com/sofq/jira-cli/cmd/batch.go:294.67,297.5 2 1
github.com/sofq/jira-cli/cmd/batch.go:302.2,303.38 2 1
github.com/sofq/jira-cli/cmd/batch.go:303.38,304.25 1 1
github.com/sofq/jira-cli/cmd/batch.go:304.25,305.50 1 1
github.com/sofq/jira-cli/cmd/batch.go:305.50,307.5 1 1
github.com/sofq/jira-cli/cmd/batch.go:314.2,314.51 1 1
github.com/sofq/jira-cli/cmd/batch.go:314.51,316.3 1 1
github.com/sofq/jira-cli/cmd/batch.go:319.2,320.66 2 1
github.com/sofq/jira-cli/cmd/batch.go:320.66,322.3 1 1
github.com/sofq/jira-cli/cmd/batch.go:324.2,326.86 2 1
github.com/sofq/jira-cli/cmd/batch.go:330.65,337.2 3 1
github.com/sofq/jira-cli/cmd/batch.go:340.83,341.21 1 1
github.com/sofq/jira-cli/cmd/batch.go:342.25,343.44 1 1
github.com/sofq/jira-cli/cmd/batch.go:344.23,346.17 2 1
github.com/sofq/jira-cli/cmd/batch.go:346.17,348.4 1 1
github.com/sofq/jira-cli/cmd/batch.go:349.3,350.15 2 1
github.com/sofq/jira-cli/cmd/batch.go:350.15,352.4 1 1
github.com/sofq/jira-cli/cmd/batch.go:353.3,354.21 2 1
github.com/sofq/jira-cli/cmd/batch.go:354.21,356.4 1 1
github.com/sofq/jira-cli/cmd/batch.go:357.3,357.47 1 1
github.com/sofq/jira-cli/cmd/batch.go:360.2,361.20 2 1
github.com/sofq/jira-cli/cmd/batch.go:361.20,363.3 1 1
github.com/sofq/jira-cli/cmd/batch.go:365.2,365.21 1 1
github.com/sofq/jira-cli/cmd/batch.go:366.29,368.15 2 1
github.com/sofq/jira-cli/cmd/batch.go:368.15,370.4 1 1
github.com/sofq/jira-cli/cmd/batch.go:371.3,371.47 1 1
github.com/sofq/jira-cli/cmd/batch.go:372.23,374.15 2 1
github.com/sofq/jira-cli/cmd/batch.go:374.15,376.4 1 1
github.com/sofq/jira-cli/cmd/batch.go:377.3,377.61 1 1
github.com/sofq/jira-cli/cmd/batch.go:378.25,380.15 2 1
github.com/sofq/jira-cli/cmd/batch.go:380.15,382.4 1 1
github.com/sofq/jira-cli/cmd/batch.go:383.3,383.43 1 1
github.com/sofq/jira-cli/cmd/batch.go:384.26,386.17 2 1
github.com/sofq/jira-cli/cmd/batch.go:386.17,388.4 1 1
github.com/sofq/jira-cli/cmd/batch.go:389.3,389.46 1 1
github.com/sofq/jira-cli/cmd/batch.go:390.27,392.20 2 1
github.com/sofq/jira-cli/cmd/batch.go:392.20,394.4 1 1
github.com/sofq/jira-cli/cmd/batch.go:395.3,395.70 1 1
github.com/sofq/jira-cli/cmd/batch.go:396.25,398.15 2 1
github.com/sofq/jira-cli/cmd/batch.go:398.15,400.4 1 1
github.com/sofq/jira-cli/cmd/batch.go:401.3,401.43 1 1
github.com/sofq/jira-cli/cmd/batch.go:402.10,403.90 1 1
github.com/sofq/jira-cli/cmd/batch.go:408.92,409.14 1 1
github.com/sofq/jira-cli/cmd/batch.go:409.14,416.3 2 1
github.com/sofq/jira-cli/cmd/batch.go:418.2,419.29 2 1
github.com/sofq/jira-cli/cmd/batch.go:419.29,421.3 1 1
github.com/sofq/jira-cli/cmd/batch.go:423.2,427.29 3 1
github.com/sofq/jira-cli/cmd/batch.go:427.29,429.3 1 1
github.com/sofq/jira-cli/cmd/batch.go:431.2,436.27 2 1
github.com/sofq/jira-cli/cmd/batch.go:440.94,441.14 1 1
github.com/sofq/jira-cli/cmd/batch.go:441.14,447.19 2 1
github.com/sofq/jira-cli/cmd/batch.go:447.19,449.4 1 1
github.com/sofq/jira-cli/cmd/batch.go:450.3,451.28 2 1
github.com/sofq/jira-cli/cmd/batch.go:454.2,455.29 2 1
github.com/sofq/jira-cli/cmd/batch.go:455.29,457.3 1 1
github.com/sofq/jira-cli/cmd/batch.go:459.2,463.29 3 1
github.com/sofq/jira-cli/cmd/batch.go:463.29,465.3 1 1
github.com/sofq/jira-cli/cmd/batch.go:467.2,473.18 2 1
github.com/sofq/jira-cli/cmd/batch.go:473.18,475.30 2 1
github.com/sofq/jira-cli/cmd/batch.go:475.30,477.4 1 1
github.com/sofq/jira-cli/cmd/batch.go:479.3,479.17 1 1
github.com/sofq/jira-cli/cmd/batch.go:479.17,484.31 3 1
github.com/sofq/jira-cli/cmd/batch.go:484.31,486.5 1 1
github.com/sofq/jira-cli/cmd/batch.go:487.4,487.37 1 1
github.com/sofq/jira-cli/cmd/batch.go:488.9,493.31 3 1
github.com/sofq/jira-cli/cmd/batch.go:493.31,495.5 1 1
github.com/sofq/jira-cli/cmd/batch.go:496.4,496.31 1 1
github.com/sofq/jira-cli/cmd/batch.go:500.2,501.27 2 1
github.com/sofq/jira-cli/cmd/batch.go:505.82,506.14 1 1
github.com/sofq/jira-cli/cmd/batch.go:506.14,513.3 2 1
github.com/sofq/jira-cli/cmd/batch.go:515.2,516.29 2 1
github.com/sofq/jira-cli/cmd/batch.go:516.29,518.3 1 1
github.com/sofq/jira-cli/cmd/batch.go:520.2,520.16 1 1
github.com/sofq/jira-cli/cmd/batch.go:520.16,525.30 3 1
github.com/sofq/jira-cli/cmd/batch.go:525.30,527.4 1 1
github.com/sofq/jira-cli/cmd/batch.go:528.3,529.28 2 1
github.com/sofq/jira-cli/cmd/batch.go:532.2,536.29 3 1
github.com/sofq/jira-cli/cmd/batch.go:536.29,538.3 1 1
github.com/sofq/jira-cli/cmd/batch.go:540.2,541.27 2 1
github.com/sofq/jira-cli/cmd/batch.go:545.85,546.14 1 1
github.com/sofq/jira-cli/cmd/batch.go:546.14,553.3 2 1
github.com/sofq/jira-cli/cmd/batch.go:555.2,559.29 3 1
github.com/sofq/jira-cli/cmd/batch.go:559.29,561.3 1 1
github.com/sofq/jira-cli/cmd/batch.go:563.2,567.27 2 1
github.com/sofq/jira-cli/cmd/batch.go:571.86,572.14 1 1
github.com/sofq/jira-cli/cmd/batch.go:572.14,579.3 2 1
github.com/sofq/jira-cli/cmd/batch.go:581.2,582.29 2 1
github.com/sofq/jira-cli/cmd/batch.go:582.29,584.3 1 1
github.com/sofq/jira-cli/cmd/batch.go:586.2,592.29 3 1
github.com/sofq/jira-cli/cmd/batch.go:592.29,594.3 1 1
github.com/sofq/jira-cli/cmd/batch.go:596.2,602.27 2 1
github.com/sofq/jira-cli/cmd/batch.go:606.90,608.19 2 1
github.com/sofq/jira-cli/cmd/batch.go:608.19,610.3 1 1
github.com/sofq/jira-cli/cmd/batch.go:611.2,612.21 2 1
github.com/sofq/jira-cli/cmd/batch.go:612.21,614.3 1 1
github.com/sofq/jira-cli/cmd/batch.go:615.2,616.19 2 1
github.com/sofq/jira-cli/cmd/batch.go:616.19,618.3 1 1
github.com/sofq/jira-cli/cmd/batch.go:620.2,625.59 2 1
github.com/sofq/jira-cli/cmd/batch.go:625.59,627.3 1 1
github.com/sofq/jira-cli/cmd/batch.go:628.2,628.50 1 1
github.com/sofq/jira-cli/cmd/batch.go:628.50,630.3 1 1
github.com/sofq/jira-cli/cmd/batch.go:631.2,631.44 1 1
github.com/sofq/jira-cli/cmd/batch.go:631.44,633.3 1 1
github.com/sofq/jira-cli/cmd/batch.go:634.2,634.44 1 1
github.com/sofq/jira-cli/cmd/batch.go:634.44,636.3 1 1
github.com/sofq/jira-cli/cmd/batch.go:638.2,638.14 1 1
github.com/sofq/jira-cli/cmd/batch.go:638.14,646.3 3 1
github.com/sofq/jira-cli/cmd/batch.go:648.2,648.44 1 1
github.com/sofq/jira-cli/cmd/batch.go:648.44,650.30 2 1
github.com/sofq/jira-cli/cmd/batch.go:650.30,652.4 1 1
github.com/sofq/jira-cli/cmd/batch.go:653.3,653.18 1 1
github.com/sofq/jira-cli/cmd/batch.go:653.18,655.4 1 1
github.com/sofq/jira-cli/cmd/batch.go:658.2,660.29 3 1
github.com/sofq/jira-cli/cmd/batch.go:660.29,662.3 1 1
github.com/sofq/jira-cli/cmd/batch.go:664.2,664.32 1 1
github.com/sofq/jira-cli/cmd/batch.go:668.90,669.14 1 1
github.com/sofq/jira-cli/cmd/batch.go:669.14,676.3 2 1
github.com/sofq/jira-cli/cmd/batch.go:678.2,679.29 2 1
github.com/sofq/jira-cli/cmd/batch.go:679.29,681.3 1 1
github.com/sofq/jira-cli/cmd/batch.go:683.2,687.29 3 1
github.com/sofq/jira-cli/cmd/batch.go:687.29,689.3 1 1
github.com/sofq/jira-cli/cmd/batch.go:691.2,696.27 2 1
github.com/sofq/jira-cli/cmd/batch.go:700.97,702.16 2 1
github.com/sofq/jira-cli/cmd/batch.go:702.16,704.3 1 1
github.com/sofq/jira-cli/cmd/batch.go:706.2,706.14 1 1
github.com/sofq/jira-cli/cmd/batch.go:706.14,713.3 2 1
github.com/sofq/jira-cli/cmd/batch.go:715.2,718.19 2 1
github.com/sofq/jira-cli/cmd/batch.go:718.19,720.3 1 1
github.com/sofq/jira-cli/cmd/batch.go:722.2,726.29 3 1
github.com/sofq/jira-cli/cmd/batch.go:726.29,728.3 1 1
github.com/sofq/jira-cli/cmd/batch.go:730.2,735.27 2 1
github.com/sofq/jira-cli/cmd/batch.go:741.48,743.73 2 1
github.com/sofq/jira-cli/cmd/batch.go:743.73,744.17 1 1
github.com/sofq/jira-cli/cmd/batch.go:744.17,745.12 1 1
github.com/sofq/jira-cli/cmd/batch.go:747.3,748.51 2 1
github.com/sofq/jira-cli/cmd/batch.go:748.51,749.86 1 1
github.com/sofq/jira-cli/cmd/batch.go:749.86,751.13 2 1
github.com/sofq/jira-cli/cmd/batch.go:754.3,754.40 1 1
github.com/sofq/jira-cli/cmd/batch.go:756.2,756.39 1 1
github.com/sofq/jira-cli/cmd/batch.go:761.55,762.35 1 1
github.com/sofq/jira-cli/cmd/batch.go:762.35,764.3 1 1
github.com/sofq/jira-cli/cmd/batch.go:765.2,766.20 2 1
github.com/sofq/jira-cli/cmd/batch.go:766.20,769.30 3 1
github.com/sofq/jira-cli/cmd/batch.go:769.30,771.18 2 1
github.com/sofq/jira-cli/cmd/batch.go:771.18,772.13 1 1
github.com/sofq/jira-cli/cmd/batch.go:774.4,774.32 1 1
github.com/sofq/jira-cli/cmd/batch.go:774.32,776.5 1 1
github.com/sofq/jira-cli/cmd/batch.go:776.10,778.10 2 1
github.com/sofq/jira-cli/cmd/batch.go:783.3,783.37 1 1
github.com/sofq/jira-cli/cmd/batch.go:783.37,786.4 2 1
github.com/sofq/jira-cli/cmd/batch.go:788.2,789.33 2 1
github.com/sofq/jira-cli/cmd/batch.go:795.109,798.32 2 1
github.com/sofq/jira-cli/cmd/batch.go:798.32,800.3 1 1
github.com/sofq/jira-cli/cmd/batch.go:802.2,802.33 1 1
github.com/sofq/jira-cli/cmd/batch.go:802.33,808.3 1 1
github.com/sofq/jira-cli/cmd/batch.go:810.2,812.48 3 1
github.com/sofq/jira-cli/cmd/batch.go:812.48,814.3 1 1
github.com/sofq/jira-cli/cmd/batch.go:814.8,814.25 1 1
github.com/sofq/jira-cli/cmd/batch.go:814.25,817.3 2 1
github.com/sofq/jira-cli/cmd/batch.go:819.2,823.3 1 1
github.com/sofq/jira-cli/cmd/batch.go:827.83,828.21 1 1
github.com/sofq/jira-cli/cmd/batch.go:829.24,830.46 1 1
github.com/sofq/jira-cli/cmd/batch.go:831.10,832.135 1 1
github.com/sofq/jira-cli/cmd/batch.go:837.92,839.24 2 1
github.com/sofq/jira-cli/cmd/batch.go:839.24,841.3 1 1
github.com/sofq/jira-cli/cmd/batch.go:842.2,843.19 2 1
github.com/sofq/jira-cli/cmd/batch.go:843.19,845.3 1 1
github.com/sofq/jira-cli/cmd/batch.go:847.2,848.16 2 1
github.com/sofq/jira-cli/cmd/batch.go:848.16,852.3 3 1
github.com/sofq/jira-cli/cmd/batch.go:853.2,853.9 1 1
github.com/sofq/jira-cli/cmd/batch.go:853.9,860.3 3 1
github.com/sofq/jira-cli/cmd/batch.go:863.2,864.25 2 1
github.com/sofq/jira-cli/cmd/batch.go:864.25,865.53 1 1
github.com/sofq/jira-cli/cmd/batch.go:865.53,867.4 1 1
github.com/sofq/jira-cli/cmd/batch.go:870.2,871.16 2 1
github.com/sofq/jira-cli/cmd/batch.go:871.16,873.3 1 1
github.com/sofq/jira-cli/cmd/batch.go:875.2,879.38 2 1
github.com/sofq/jira-cli/cmd/batch.go:879.38,881.3 1 1
github.com/sofq/jira-cli/cmd/batch.go:882.2,882.42 1 1
github.com/sofq/jira-cli/cmd/batch.go:882.42,884.3 1 1
github.com/sofq/jira-cli/cmd/batch.go:885.2,885.39 1 1
github.com/sofq/jira-cli/cmd/batch.go:885.39,887.3 1 1
github.com/sofq/jira-cli/cmd/batch.go:888.2,888.37 1 1
github.com/sofq/jira-cli/cmd/batch.go:888.37,890.3 1 1
github.com/sofq/jira-cli/cmd/batch.go:891.2,891.44 1 1
github.com/sofq/jira-cli/cmd/batch.go:891.44,893.3 1 1
github.com/sofq/jira-cli/cmd/batch.go:895.2,895.14 1 1
github.com/sofq/jira-cli/cmd/batch.go:895.14,904.3 3 1
github.com/sofq/jira-cli/cmd/batch.go:906.2,906.44 1 1
github.com/sofq/jira-cli/cmd/batch.go:906.44,908.30 2 1
github.com/sofq/jira-cli/cmd/batch.go:908.30,910.4 1 1
github.com/sofq/jira-cli/cmd/batch.go:911.3,911.18 1 1
github.com/sofq/jira-cli/cmd/batch.go:911.18,913.4 1 1
github.com/sofq/jira-cli/cmd/batch.go:916.2,918.29 3 1
github.com/sofq/jira-cli/cmd/batch.go:918.29,920.3 1 1
github.com/sofq/jira-cli/cmd/batch.go:921.2,921.32 1 1
github.com/sofq/jira-cli/cmd/batch.go:925.79,927.20 2 1
github.com/sofq/jira-cli/cmd/batch.go:927.20,929.3 1 1
github.com/sofq/jira-cli/cmd/batch.go:931.2,933.14 2 1
github.com/sofq/jira-cli/cmd/batch.go:933.14,940.3 2 1
github.com/sofq/jira-cli/cmd/batch.go:942.2,943.33 2 1
github.com/sofq/jira-cli/cmd/batch.go:943.33,945.3 1 1
github.com/sofq/jira-cli/cmd/batch.go:947.2,953.16 3 1
github.com/sofq/jira-cli/cmd/batch.go:953.16,960.3 3 1
github.com/sofq/jira-cli/cmd/batch.go:962.2,963.27 2 1
github.com/sofq/jira-cli/cmd/batch.go:967.76,979.2 3 1
github.com/sofq/jira-cli/cmd/configure.go:23.13,32.2 8 1
github.com/sofq/jira-cli/cmd/configure.go:34.60,43.19 8 1
github.com/sofq/jira-cli/cmd/configure.go:43.19,46.38 1 1
github.com/sofq/jira-cli/cmd/configure.go:46.38,53.4 3 1
github.com/sofq/jira-cli/cmd/configure.go:54.3,54.47 1 1
github.com/sofq/jira-cli/cmd/configure.go:58.2,58.42 1 1
github.com/sofq/jira-cli/cmd/configure.go:58.42,65.3 3 1
github.com/sofq/jira-cli/cmd/configure.go:69.2,70.14 2 1
github.com/sofq/jira-cli/cmd/configure.go:70.14,72.3 1 1
github.com/sofq/jira-cli/cmd/configure.go:75.2,75.38 1 1
github.com/sofq/jira-cli/cmd/configure.go:75.38,82.3 3 1
github.com/sofq/jira-cli/cmd/configure.go:83.2,83.36 1 1
github.com/sofq/jira-cli/cmd/configure.go:83.36,90.3 3 1
github.com/sofq/jira-cli/cmd/configure.go:93.2,93.37 1 1
github.com/sofq/jira-cli/cmd/configure.go:93.37,100.3 3 1
github.com/sofq/jira-cli/cmd/configure.go:101.2,106.26 2 1
github.com/sofq/jira-cli/cmd/configure.go:106.26,113.3 3 1
github.com/sofq/jira-cli/cmd/configure.go:116.2,118.14 2 1
github.com/sofq/jira-cli/cmd/configure.go:118.14,119.76 1 1
github.com/sofq/jira-cli/cmd/configure.go:119.76,127.4 3 1
github.com/sofq/jira-cli/cmd/configure.go:130.2,132.16 3 1
github.com/sofq/jira-cli/cmd/configure.go:132.16,140.3 3 1
github.com/sofq/jira-cli/cmd/configure.go:142.2,151.30 2 1
github.com/sofq/jira-cli/cmd/configure.go:151.30,153.3 1 1
github.com/sofq/jira-cli/cmd/configure.go:155.2,155.55 1 1
github.com/sofq/jira-cli/cmd/configure.go:155.55,163.3 3 1
github.com/sofq/jira-cli/cmd/configure.go:165.2,170.31 2 1
github.com/sofq/jira-cli/cmd/configure.go:175.94,178.16 3 1
github.com/sofq/jira-cli/cmd/configure.go:178.16,186.3 3 1
github.com/sofq/jira-cli/cmd/configure.go:190.2,191.43 2 1
github.com/sofq/jira-cli/cmd/configure.go:191.43,192.31 1 1
github.com/sofq/jira-cli/cmd/configure.go:192.31,194.4 1 1
github.com/sofq/jira-cli/cmd/configure.go:197.2,198.9 2 1
github.com/sofq/jira-cli/cmd/configure.go:198.9,200.31 2 1
github.com/sofq/jira-cli/cmd/configure.go:200.31,202.4 1 1
github.com/sofq/jira-cli/cmd/configure.go:203.3,209.68 4 1
github.com/sofq/jira-cli/cmd/configure.go:212.2,212.46 1 1
github.com/sofq/jira-cli/cmd/configure.go:212.46,219.3 3 1
github.com/sofq/jira-cli/cmd/configure.go:221.2,221.118 1 1
github.com/sofq/jira-cli/cmd/configure.go:221.118,229.3 3 1
github.com/sofq/jira-cli/cmd/configure.go:231.2,235.31 2 1
github.com/sofq/jira-cli/cmd/configure.go:239.65,242.16 3 1
github.com/sofq/jira-cli/cmd/configure.go:242.16,249.3 3 1
github.com/sofq/jira-cli/cmd/configure.go:251.2,251.38 1 1
github.com/sofq/jira-cli/cmd/configure.go:251.38,253.31 2 1
github.com/sofq/jira-cli/cmd/configure.go:253.31,255.4 1 1
github.com/sofq/jira-cli/cmd/configure.go:256.3,262.68 4 1
github.com/sofq/jira-cli/cmd/configure.go:265.2,266.32 2 1
github.com/sofq/jira-cli/cmd/configure.go:266.32,268.3 1 1
github.com/sofq/jira-cli/cmd/configure.go:270.2,270.55 1 1
github.com/sofq/jira-cli/cmd/configure.go:270.55,277.3 3 1
github.com/sofq/jira-cli/cmd/configure.go:279.2,284.31 2 1
github.com/sofq/jira-cli/cmd/configure.go:288.70,292.16 4 1
github.com/sofq/jira-cli/cmd/configure.go:292.16,294.3 1 1
github.com/sofq/jira-cli/cmd/configure.go:295.2,297.35 2 1
github.com/sofq/jira-cli/cmd/configure.go:298.16,299.51 1 1
github.com/sofq/jira-cli/cmd/configure.go:300.10,301.36 1 1
github.com/sofq/jira-cli/cmd/configure.go:304.2,306.16 3 1
github.com/sofq/jira-cli/cmd/configure.go:306.16,308.3 1 1
github.com/sofq/jira-cli/cmd/configure.go:309.2,311.28 2 1
github.com/sofq/jira-cli/cmd/configure.go:311.28,314.3 2 1
github.com/sofq/jira-cli/cmd/configure.go:315.2,315.12 1 1
github.com/sofq/jira-cli/cmd/diff.go:30.13,35.2 4 1
github.com/sofq/jira-cli/cmd/diff.go:37.55,39.16 2 1
github.com/sofq/jira-cli/cmd/diff.go:39.16,43.3 3 1
github.com/sofq/jira-cli/cmd/diff.go:45.2,51.14 5 1
github.com/sofq/jira-cli/cmd/diff.go:51.14,57.58 2 1
github.com/sofq/jira-cli/cmd/diff.go:57.58,59.4 1 1
github.com/sofq/jira-cli/cmd/diff.go:60.3,60.13 1 1
github.com/sofq/jira-cli/cmd/diff.go:63.2,64.33 2 1
github.com/sofq/jira-cli/cmd/diff.go:64.33,66.3 1 1
github.com/sofq/jira-cli/cmd/diff.go:68.2,74.16 3 1
github.com/sofq/jira-cli/cmd/diff.go:74.16,81.3 3 1
github.com/sofq/jira-cli/cmd/diff.go:83.2,84.65 2 1
github.com/sofq/jira-cli/cmd/diff.go:84.65,86.3 1 1
github.com/sofq/jira-cli/cmd/diff.go:87.2,87.12 1 1
github.com/sofq/jira-cli/cmd/diff_schema.go:6.43,22.2 1 1
github.com/sofq/jira-cli/cmd/preset.go:23.54,25.17 2 1
github.com/sofq/jira-cli/cmd/preset.go:25.17,32.4 3 0
github.com/sofq/jira-cli/cmd/preset.go:34.3,37.21 3 1
github.com/sofq/jira-cli/cmd/preset.go:37.21,39.18 2 0
github.com/sofq/jira-cli/cmd/preset.go:39.18,46.5 3 0
github.com/sofq/jira-cli/cmd/preset.go:47.4,47.19 1 0
github.com/sofq/jira-cli/cmd/preset.go:50.3,50.17 1 1
github.com/sofq/jira-cli/cmd/preset.go:50.17,52.4 1 0
github.com/sofq/jira-cli/cmd/preset.go:54.3,55.13 2 1
github.com/sofq/jira-cli/cmd/preset.go:59.13,62.2 2 1
github.com/sofq/jira-cli/cmd/raw.go:23.13,27.2 3 1
github.com/sofq/jira-cli/cmd/raw.go:40.54,45.31 3 1
github.com/sofq/jira-cli/cmd/raw.go:45.31,52.3 3 1
github.com/sofq/jira-cli/cmd/raw.go:54.2,55.16 2 1
github.com/sofq/jira-cli/cmd/raw.go:55.16,62.3 3 1
github.com/sofq/jira-cli/cmd/raw.go:67.2,68.21 2 1
github.com/sofq/jira-cli/cmd/raw.go:68.21,69.53 1 1
github.com/sofq/jira-cli/cmd/raw.go:69.53,77.4 3 1
github.com/sofq/jira-cli/cmd/raw.go:81.2,83.34 3 1
github.com/sofq/jira-cli/cmd/raw.go:83.34,85.40 2 1
github.com/sofq/jira-cli/cmd/raw.go:85.40,92.4 3 1
github.com/sofq/jira-cli/cmd/raw.go:93.3,93.28 1 1
github.com/sofq/jira-cli/cmd/raw.go:97.2,100.9 3 1
github.com/sofq/jira-cli/cmd/raw.go:101.23,103.24 1 0
github.com/sofq/jira-cli/cmd/raw.go:104.58,106.21 2 1
github.com/sofq/jira-cli/cmd/raw.go:106.21,113.4 3 1
github.com/sofq/jira-cli/cmd/raw.go:114.3,115.17 2 1
github.com/sofq/jira-cli/cmd/raw.go:115.17,122.4 3 1
github.com/sofq/jira-cli/cmd/raw.go:123.3,124.17 2 1
github.com/sofq/jira-cli/cmd/raw.go:125.22,126.43 1 1
github.com/sofq/jira-cli/cmd/raw.go:127.10,127.10 0 1
github.com/sofq/jira-cli/cmd/raw.go:133.2,133.48 1 1
github.com/sofq/jira-cli/cmd/raw.go:133.48,141.3 4 1
github.com/sofq/jira-cli/cmd/raw.go:145.2,145.63 1 1
github.com/sofq/jira-cli/cmd/raw.go:145.63,152.3 3 1
github.com/sofq/jira-cli/cmd/raw.go:154.2,155.29 2 1
github.com/sofq/jira-cli/cmd/raw.go:155.29,157.3 1 1
github.com/sofq/jira-cli/cmd/raw.go:158.2,158.12 1 1
github.com/sofq/jira-cli/cmd/root.go:37.67,40.31 2 1
github.com/sofq/jira-cli/cmd/root.go:40.31,42.4 1 0
github.com/sofq/jira-cli/cmd/root.go:44.3,44.69 1 1
github.com/sofq/jira-cli/cmd/root.go:44.69,46.4 1 1
github.com/sofq/jira-cli/cmd/root.go:49.3,67.23 15 0
github.com/sofq/jira-cli/cmd/root.go:67.23,69.24 2 0
github.com/sofq/jira-cli/cmd/root.go:69.24,76.5 3 0
github.com/sofq/jira-cli/cmd/root.go:77.4,77.11 1 0
github.com/sofq/jira-cli/cmd/root.go:77.11,84.5 3 0
github.com/sofq/jira-cli/cmd/root.go:85.4,85.63 1 0
github.com/sofq/jira-cli/cmd/root.go:85.63,87.5 1 0
github.com/sofq/jira-cli/cmd/root.go:88.4,88.55 1 0
github.com/sofq/jira-cli/cmd/root.go:88.55,90.5 1 0
github.com/sofq/jira-cli/cmd/root.go:93.3,101.17 3 0
github.com/sofq/jira-cli/cmd/root.go:101.17,109.4 3 0
github.com/sofq/jira-cli/cmd/root.go:111.3,111.29 1 0
github.com/sofq/jira-cli/cmd/root.go:111.29,119.4 3 0
github.com/sofq/jira-cli/cmd/root.go:122.3,123.20 2 0
github.com/sofq/jira-cli/cmd/root.go:123.20,130.4 3 0
github.com/sofq/jira-cli/cmd/root.go:133.3,139.48 3 0
github.com/sofq/jira-cli/cmd/root.go:139.48,140.47 1 0
github.com/sofq/jira-cli/cmd/root.go:140.47,148.5 3 0
github.com/sofq/jira-cli/cmd/root.go:152.3,157.19 5 0
github.com/sofq/jira-cli/cmd/root.go:157.19,158.23 1 0
github.com/sofq/jira-cli/cmd/root.go:158.23,160.5 1 0
github.com/sofq/jira-cli/cmd/root.go:161.4,163.23 3 0
github.com/sofq/jira-cli/cmd/root.go:163.23,171.5 3 0
github.com/sofq/jira-cli/cmd/root.go:174.3,194.13 3 0
github.com/sofq/jira-cli/cmd/root.go:198.13,238.62 28 1
github.com/sofq/jira-cli/cmd/root.go:238.62,239.21 1 0
github.com/sofq/jira-cli/cmd/root.go:239.21,250.4 6 0
github.com/sofq/jira-cli/cmd/root.go:252.3,253.25 2 0
github.com/sofq/jira-cli/cmd/root.go:258.35,260.2 1 1
github.com/sofq/jira-cli/cmd/root.go:263.20,264.42 1 0
github.com/sofq/jira-cli/cmd/root.go:264.42,265.56 1 0
github.com/sofq/jira-cli/cmd/root.go:265.56,267.4 1 0
github.com/sofq/jira-cli/cmd/root.go:268.3,274.28 4 0
github.com/sofq/jira-cli/cmd/root.go:276.2,276.24 1 0
github.com/sofq/jira-cli/cmd/root.go:282.50,283.25 1 1
github.com/sofq/jira-cli/cmd/root.go:283.25,285.3 1 1
github.com/sofq/jira-cli/cmd/root.go:286.2,286.56 1 1
github.com/sofq/jira-cli/cmd/root.go:286.56,288.3 1 1
github.com/sofq/jira-cli/cmd/root.go:289.2,289.19 1 1
github.com/sofq/jira-cli/cmd/root.go:295.68,298.36 2 1
github.com/sofq/jira-cli/cmd/root.go:298.36,299.23 1 1
github.com/sofq/jira-cli/cmd/root.go:299.23,302.47 2 1
github.com/sofq/jira-cli/cmd/root.go:302.47,304.5 1 1
github.com/sofq/jira-cli/cmd/root.go:305.4,305.37 1 1
github.com/sofq/jira-cli/cmd/root.go:305.37,306.34 1 1
github.com/sofq/jira-cli/cmd/root.go:306.34,308.6 1 1
github.com/sofq/jira-cli/cmd/root.go:310.4,311.9 2 1
github.com/sofq/jira-cli/cmd/root.go:314.2,314.30 1 1
github.com/sofq/jira-cli/cmd/schema_cmd.go:26.54,37.51 8 0
github.com/sofq/jira-cli/cmd/schema_cmd.go:37.51,40.4 2 0
github.com/sofq/jira-cli/cmd/schema_cmd.go:42.3,42.15 1 0
github.com/sofq/jira-cli/cmd/schema_cmd.go:42.15,46.32 3 0
github.com/sofq/jira-cli/cmd/schema_cmd.go:46.32,48.5 1 0
github.com/sofq/jira-cli/cmd/schema_cmd.go:49.4,49.30 1 0
github.com/sofq/jira-cli/cmd/schema_cmd.go:49.30,50.27 1 0
github.com/sofq/jira-cli/cmd/schema_cmd.go:50.27,53.6 2 0
github.com/sofq/jira-cli/cmd/schema_cmd.go:55.4,56.34 2 0
github.com/sofq/jira-cli/cmd/schema_cmd.go:59.3,61.21 2 0
github.com/sofq/jira-cli/cmd/schema_cmd.go:61.21,63.30 2 0
github.com/sofq/jira-cli/cmd/schema_cmd.go:63.30,64.32 1 0
github.com/sofq/jira-cli/cmd/schema_cmd.go:64.32,66.6 1 0
github.com/sofq/jira-cli/cmd/schema_cmd.go:68.4,68.26 1 0
github.com/sofq/jira-cli/cmd/schema_cmd.go:68.26,75.5 3 0
github.com/sofq/jira-cli/cmd/schema_cmd.go:76.4,77.34 2 0
github.com/sofq/jira-cli/cmd/schema_cmd.go:80.3,81.29 2 0
github.com/sofq/jira-cli/cmd/schema_cmd.go:81.29,82.50 1 0
github.com/sofq/jira-cli/cmd/schema_cmd.go:82.50,85.5 2 0
github.com/sofq/jira-cli/cmd/schema_cmd.go:87.3,92.68 3 0
github.com/sofq/jira-cli/cmd/schema_cmd.go:97.66,99.25 2 1
github.com/sofq/jira-cli/cmd/schema_cmd.go:99.25,101.3 1 1
github.com/sofq/jira-cli/cmd/schema_cmd.go:102.2,102.16 1 1
github.com/sofq/jira-cli/cmd/schema_cmd.go:106.45,110.38 4 1
github.com/sofq/jira-cli/cmd/schema_cmd.go:110.38,112.3 1 1
github.com/sofq/jira-cli/cmd/schema_cmd.go:113.2,113.48 1 1
github.com/sofq/jira-cli/cmd/schema_cmd.go:117.58,121.20 3 1
github.com/sofq/jira-cli/cmd/schema_cmd.go:121.20,123.17 2 1
github.com/sofq/jira-cli/cmd/schema_cmd.go:123.17,130.4 3 1
github.com/sofq/jira-cli/cmd/schema_cmd.go:131.3,131.18 1 1
github.com/sofq/jira-cli/cmd/schema_cmd.go:134.2,134.16 1 1
github.com/sofq/jira-cli/cmd/schema_cmd.go:134.16,136.3 1 1
github.com/sofq/jira-cli/cmd/schema_cmd.go:138.2,139.12 2 1
github.com/sofq/jira-cli/cmd/schema_cmd.go:142.13,146.2 3 1
github.com/sofq/jira-cli/cmd/template.go:54.13,68.2 11 1
github.com/sofq/jira-cli/cmd/template.go:70.63,72.16 2 1
github.com/sofq/jira-cli/cmd/template.go:72.16,79.3 3 1
github.com/sofq/jira-cli/cmd/template.go:81.2,84.20 3 1
github.com/sofq/jira-cli/cmd/template.go:84.20,86.17 2 1
github.com/sofq/jira-cli/cmd/template.go:86.17,93.4 3 1
github.com/sofq/jira-cli/cmd/template.go:94.3,94.18 1 1
github.com/sofq/jira-cli/cmd/template.go:97.2,97.16 1 1
github.com/sofq/jira-cli/cmd/template.go:97.16,99.3 1 1
github.com/sofq/jira-cli/cmd/template.go:101.2,102.12 2 1
github.com/sofq/jira-cli/cmd/template.go:105.63,109.16 3 1
github.com/sofq/jira-cli/cmd/template.go:109.16,116.3 3 1
github.com/sofq/jira-cli/cmd/template.go:117.2,117.9 1 1
github.com/sofq/jira-cli/cmd/template.go:117.9,124.3 3 1
github.com/sofq/jira-cli/cmd/template.go:126.2,131.20 4 1
github.com/sofq/jira-cli/cmd/template.go:131.20,133.17 2 1
github.com/sofq/jira-cli/cmd/template.go:133.17,140.4 3 1
github.com/sofq/jira-cli/cmd/template.go:141.3,141.18 1 1
github.com/sofq/jira-cli/cmd/template.go:144.2,144.16 1 1
github.com/sofq/jira-cli/cmd/template.go:144.16,146.3 1 1
github.com/sofq/jira-cli/cmd/template.go:148.2,149.12 2 1
github.com/sofq/jira-cli/cmd/template.go:153.62,155.29 2 1
github.com/sofq/jira-cli/cmd/template.go:155.29,157.22 2 1
github.com/sofq/jira-cli/cmd/template.go:157.22,159.4 1 1
github.com/sofq/jira-cli/cmd/template.go:160.3,160.28 1 1
github.com/sofq/jira-cli/cmd/template.go:162.2,162.18 1 1
github.com/sofq/jira-cli/cmd/template.go:165.64,167.16 2 1
github.com/sofq/jira-cli/cmd/template.go:167.16,171.3 3 1
github.com/sofq/jira-cli/cmd/template.go:173.2,179.16 6 1
github.com/sofq/jira-cli/cmd/template.go:179.16,186.3 3 1
github.com/sofq/jira-cli/cmd/template.go:187.2,187.9 1 1
github.com/sofq/jira-cli/cmd/template.go:187.9,194.3 3 1
github.com/sofq/jira-cli/cmd/template.go:196.2,197.16 2 1
github.com/sofq/jira-cli/cmd/template.go:197.16,204.3 3 1
github.com/sofq/jira-cli/cmd/template.go:206.2,207.16 2 1
github.com/sofq/jira-cli/cmd/template.go:207.16,214.3 3 1
github.com/sofq/jira-cli/cmd/template.go:217.2,222.38 2 1
github.com/sofq/jira-cli/cmd/template.go:222.38,224.3 1 1
github.com/sofq/jira-cli/cmd/template.go:225.2,225.42 1 1
github.com/sofq/jira-cli/cmd/template.go:225.42,227.3 1 1
github.com/sofq/jira-cli/cmd/template.go:228.2,228.39 1 1
github.com/sofq/jira-cli/cmd/template.go:228.39,230.3 1 1
github.com/sofq/jira-cli/cmd/template.go:231.2,231.37 1 1
github.com/sofq/jira-cli/cmd/template.go:231.37,233.3 1 1
github.com/sofq/jira-cli/cmd/template.go:235.2,235.44 1 1
github.com/sofq/jira-cli/cmd/template.go:235.44,237.3 1 1
github.com/sofq/jira-cli/cmd/template.go:240.2,240.14 1 1
github.com/sofq/jira-cli/cmd/template.go:240.14,248.58 3 1
github.com/sofq/jira-cli/cmd/template.go:248.58,250.4 1 1
github.com/sofq/jira-cli/cmd/template.go:251.3,251.13 1 1
github.com/sofq/jira-cli/cmd/template.go:255.2,255.18 1 1
github.com/sofq/jira-cli/cmd/template.go:255.18,256.36 1 1
github.com/sofq/jira-cli/cmd/template.go:256.36,258.4 1 1
github.com/sofq/jira-cli/cmd/template.go:260.2,260.18 1 1
github.com/sofq/jira-cli/cmd/template.go:260.18,262.34 2 1
github.com/sofq/jira-cli/cmd/template.go:262.34,264.4 1 1
github.com/sofq/jira-cli/cmd/template.go:265.3,265.18 1 1
github.com/sofq/jira-cli/cmd/template.go:265.18,267.4 1 1
github.com/sofq/jira-cli/cmd/template.go:270.2,272.33 3 1
github.com/sofq/jira-cli/cmd/template.go:272.33,274.3 1 1
github.com/sofq/jira-cli/cmd/template.go:276.2,276.70 1 1
github.com/sofq/jira-cli/cmd/template.go:276.70,278.3 1 1
github.com/sofq/jira-cli/cmd/template.go:279.2,279.12 1 1
github.com/sofq/jira-cli/cmd/template.go:282.65,287.56 4 1
github.com/sofq/jira-cli/cmd/template.go:287.56,294.3 3 1
github.com/sofq/jira-cli/cmd/template.go:296.2,296.21 1 1
github.com/sofq/jira-cli/cmd/template.go:296.21,311.17 3 1
github.com/sofq/jira-cli/cmd/template.go:311.17,314.55 3 1
github.com/sofq/jira-cli/cmd/template.go:314.55,317.5 2 1
github.com/sofq/jira-cli/cmd/template.go:318.4,323.56 3 1
github.com/sofq/jira-cli/cmd/template.go:326.3,332.13 3 1
github.com/sofq/jira-cli/cmd/template.go:336.2,337.16 2 1
github.com/sofq/jira-cli/cmd/template.go:337.16,341.3 3 1
github.com/sofq/jira-cli/cmd/template.go:343.2,343.14 1 1
github.com/sofq/jira-cli/cmd/template.go:343.14,349.58 2 1
github.com/sofq/jira-cli/cmd/template.go:349.58,351.4 1 1
github.com/sofq/jira-cli/cmd/template.go:352.3,352.13 1 1
github.com/sofq/jira-cli/cmd/template.go:355.2,357.33 2 1
github.com/sofq/jira-cli/cmd/template.go:357.33,359.3 1 1
github.com/sofq/jira-cli/cmd/template.go:361.2,362.16 2 1
github.com/sofq/jira-cli/cmd/template.go:362.16,369.3 3 1
github.com/sofq/jira-cli/cmd/template.go:371.2,372.16 2 1
github.com/sofq/jira-cli/cmd/template.go:372.16,375.54 3 1
github.com/sofq/jira-cli/cmd/template.go:375.54,378.4 2 1
github.com/sofq/jira-cli/cmd/template.go:379.3,384.55 3 1
github.com/sofq/jira-cli/cmd/template.go:387.2,394.12 3 1
github.com/sofq/jira-cli/cmd/template.go:398.79,415.58 2 1
github.com/sofq/jira-cli/cmd/template.go:415.58,417.3 1 1
github.com/sofq/jira-cli/cmd/template.go:419.2,431.83 2 1
github.com/sofq/jira-cli/cmd/template.go:431.83,437.3 2 1
github.com/sofq/jira-cli/cmd/template.go:439.2,439.38 1 1
github.com/sofq/jira-cli/cmd/template.go:439.38,446.3 2 1
github.com/sofq/jira-cli/cmd/template.go:448.2,448.34 1 1
github.com/sofq/jira-cli/cmd/template.go:448.34,455.3 2 1
github.com/sofq/jira-cli/cmd/template.go:457.2,457.35 1 1
github.com/sofq/jira-cli/cmd/template.go:457.35,463.3 2 1
github.com/sofq/jira-cli/cmd/template.go:465.2,465.15 1 1
github.com/sofq/jira-cli/cmd/template_schema.go:6.47,56.2 1 1
github.com/sofq/jira-cli/cmd/version.go:14.54,16.17 2 0
github.com/sofq/jira-cli/cmd/version.go:16.17,18.4 1 0
github.com/sofq/jira-cli/cmd/version.go:19.3,19.32 1 0
github.com/sofq/jira-cli/cmd/watch.go:29.13,35.2 5 1
github.com/sofq/jira-cli/cmd/watch.go:37.56,39.16 2 1
github.com/sofq/jira-cli/cmd/watch.go:39.16,43.3 3 1
github.com/sofq/jira-cli/cmd/watch.go:45.2,50.30 5 1
github.com/sofq/jira-cli/cmd/watch.go:50.30,57.3 3 1
github.com/sofq/jira-cli/cmd/watch.go:60.2,61.20 2 1
github.com/sofq/jira-cli/cmd/watch.go:61.20,63.3 1 1
github.com/sofq/jira-cli/cmd/watch.go:65.2,73.14 2 1
github.com/sofq/jira-cli/cmd/watch.go:73.14,76.3 2 1
github.com/sofq/jira-cli/cmd/watch.go:78.2,79.33 2 1
github.com/sofq/jira-cli/cmd/watch.go:79.33,81.3 1 1
github.com/sofq/jira-cli/cmd/watch.go:82.2,82.12 1 1
github.com/sofq/jira-cli/cmd/workflow.go:78.13,138.2 51 1
github.com/sofq/jira-cli/cmd/workflow.go:148.114,151.33 2 1
github.com/sofq/jira-cli/cmd/workflow.go:151.33,153.3 1 1
github.com/sofq/jira-cli/cmd/workflow.go:155.2,164.68 2 1
github.com/sofq/jira-cli/cmd/workflow.go:164.68,171.3 3 1
github.com/sofq/jira-cli/cmd/workflow.go:173.2,175.43 2 1
github.com/sofq/jira-cli/cmd/workflow.go:175.43,176.84 1 1
github.com/sofq/jira-cli/cmd/workflow.go:176.84,178.4 1 1
github.com/sofq/jira-cli/cmd/workflow.go:181.2,181.43 1 1
github.com/sofq/jira-cli/cmd/workflow.go:181.43,183.59 1 1
github.com/sofq/jira-cli/cmd/workflow.go:183.59,185.4 1 1
github.com/sofq/jira-cli/cmd/workflow.go:188.2,189.43 2 1
github.com/sofq/jira-cli/cmd/workflow.go:189.43,191.3 1 1
github.com/sofq/jira-cli/cmd/workflow.go:192.2,197.37 3 1
github.com/sofq/jira-cli/cmd/workflow.go:203.92,204.29 1 1
github.com/sofq/jira-cli/cmd/workflow.go:205.12,207.30 2 1
github.com/sofq/jira-cli/cmd/workflow.go:207.30,209.4 1 1
github.com/sofq/jira-cli/cmd/workflow.go:210.3,213.51 2 1
github.com/sofq/jira-cli/cmd/workflow.go:213.51,220.4 3 1
github.com/sofq/jira-cli/cmd/workflow.go:221.3,221.25 1 1
github.com/sofq/jira-cli/cmd/workflow.go:221.25,228.4 3 1
github.com/sofq/jira-cli/cmd/workflow.go:229.3,229.46 1 1
github.com/sofq/jira-cli/cmd/workflow.go:231.26,232.35 1 1
github.com/sofq/jira-cli/cmd/workflow.go:234.10,237.30 2 1
github.com/sofq/jira-cli/cmd/workflow.go:237.30,239.4 1 1
github.com/sofq/jira-cli/cmd/workflow.go:240.3,244.54 2 1
github.com/sofq/jira-cli/cmd/workflow.go:244.54,251.4 3 1
github.com/sofq/jira-cli/cmd/workflow.go:252.3,252.22 1 1
github.com/sofq/jira-cli/cmd/workflow.go:252.22,259.4 3 1
github.com/sofq/jira-cli/cmd/workflow.go:260.3,260.52 1 1
github.com/sofq/jira-cli/cmd/workflow.go:264.61,266.16 2 1
github.com/sofq/jira-cli/cmd/workflow.go:266.16,270.3 3 1
github.com/sofq/jira-cli/cmd/workflow.go:272.2,276.14 3 1
github.com/sofq/jira-cli/cmd/workflow.go:276.14,282.58 2 1
github.com/sofq/jira-cli/cmd/workflow.go:282.58,284.4 1 1
github.com/sofq/jira-cli/cmd/workflow.go:285.3,285.13 1 1
github.com/sofq/jira-cli/cmd/workflow.go:288.2,289.33 2 1
github.com/sofq/jira-cli/cmd/workflow.go:289.33,291.3 1 1
github.com/sofq/jira-cli/cmd/workflow.go:294.2,298.33 3 1
github.com/sofq/jira-cli/cmd/workflow.go:298.33,300.3 1 1
github.com/sofq/jira-cli/cmd/workflow.go:302.2,307.65 2 1
github.com/sofq/jira-cli/cmd/workflow.go:307.65,309.3 1 1
github.com/sofq/jira-cli/cmd/workflow.go:310.2,310.12 1 1
github.com/sofq/jira-cli/cmd/workflow.go:313.55,315.16 2 1
github.com/sofq/jira-cli/cmd/workflow.go:315.16,319.3 3 1
github.com/sofq/jira-cli/cmd/workflow.go:321.2,326.14 4 1
github.com/sofq/jira-cli/cmd/workflow.go:326.14,332.19 2 1
github.com/sofq/jira-cli/cmd/workflow.go:332.19,334.4 1 1
github.com/sofq/jira-cli/cmd/workflow.go:335.3,336.58 2 1
github.com/sofq/jira-cli/cmd/workflow.go:336.58,338.4 1 1
github.com/sofq/jira-cli/cmd/workflow.go:339.3,339.13 1 1
github.com/sofq/jira-cli/cmd/workflow.go:342.2,343.33 2 1
github.com/sofq/jira-cli/cmd/workflow.go:343.33,345.3 1 1
github.com/sofq/jira-cli/cmd/workflow.go:347.2,351.33 3 1
github.com/sofq/jira-cli/cmd/workflow.go:351.33,353.3 1 1
github.com/sofq/jira-cli/cmd/workflow.go:355.2,361.18 2 1
github.com/sofq/jira-cli/cmd/workflow.go:361.18,363.30 2 1
github.com/sofq/jira-cli/cmd/workflow.go:363.30,365.4 1 1
github.com/sofq/jira-cli/cmd/workflow.go:367.3,367.17 1 1
github.com/sofq/jira-cli/cmd/workflow.go:367.17,372.31 3 1
github.com/sofq/jira-cli/cmd/workflow.go:372.31,374.5 1 1
github.com/sofq/jira-cli/cmd/workflow.go:375.4,375.37 1 1
github.com/sofq/jira-cli/cmd/workflow.go:376.9,381.31 3 1
github.com/sofq/jira-cli/cmd/workflow.go:381.31,383.5 1 1
github.com/sofq/jira-cli/cmd/workflow.go:384.4,384.31 1 1
github.com/sofq/jira-cli/cmd/workflow.go:388.2,389.65 2 1
github.com/sofq/jira-cli/cmd/workflow.go:389.65,391.3 1 1
github.com/sofq/jira-cli/cmd/workflow.go:392.2,392.12 1 1
github.com/sofq/jira-cli/cmd/workflow.go:395.57,397.16 2 1
github.com/sofq/jira-cli/cmd/workflow.go:397.16,401.3 3 1
github.com/sofq/jira-cli/cmd/workflow.go:403.2,407.14 3 1
github.com/sofq/jira-cli/cmd/workflow.go:407.14,413.58 2 1
github.com/sofq/jira-cli/cmd/workflow.go:413.58,415.4 1 1
github.com/sofq/jira-cli/cmd/workflow.go:416.3,416.13 1 1
github.com/sofq/jira-cli/cmd/workflow.go:419.2,420.33 2 1
github.com/sofq/jira-cli/cmd/workflow.go:420.33,422.3 1 1
github.com/sofq/jira-cli/cmd/workflow.go:424.2,424.16 1 1
github.com/sofq/jira-cli/cmd/workflow.go:424.16,429.34 3 1
github.com/sofq/jira-cli/cmd/workflow.go:429.34,431.4 1 1
github.com/sofq/jira-cli/cmd/workflow.go:432.3,436.66 2 1
github.com/sofq/jira-cli/cmd/workflow.go:436.66,438.4 1 1
github.com/sofq/jira-cli/cmd/workflow.go:439.3,439.13 1 1
github.com/sofq/jira-cli/cmd/workflow.go:442.2,446.33 3 1
github.com/sofq/jira-cli/cmd/workflow.go:446.33,448.3 1 1
github.com/sofq/jira-cli/cmd/workflow.go:450.2,455.65 2 1
github.com/sofq/jira-cli/cmd/workflow.go:455.65,457.3 1 1
github.com/sofq/jira-cli/cmd/workflow.go:458.2,458.12 1 1
github.com/sofq/jira-cli/cmd/workflow.go:461.62,463.16 2 1
github.com/sofq/jira-cli/cmd/workflow.go:463.16,467.3 3 1
github.com/sofq/jira-cli/cmd/workflow.go:469.2,483.23 10 1
github.com/sofq/jira-cli/cmd/workflow.go:483.23,485.3 1 1
github.com/sofq/jira-cli/cmd/workflow.go:486.2,486.20 1 1
github.com/sofq/jira-cli/cmd/workflow.go:486.20,488.3 1 1
github.com/sofq/jira-cli/cmd/workflow.go:489.2,489.18 1 1
github.com/sofq/jira-cli/cmd/workflow.go:489.18,491.3 1 1
github.com/sofq/jira-cli/cmd/workflow.go:492.2,492.18 1 1
github.com/sofq/jira-cli/cmd/workflow.go:492.18,494.3 1 1
github.com/sofq/jira-cli/cmd/workflow.go:497.2,497.14 1 1
github.com/sofq/jira-cli/cmd/workflow.go:497.14,504.58 3 1
github.com/sofq/jira-cli/cmd/workflow.go:504.58,506.4 1 1
github.com/sofq/jira-cli/cmd/workflow.go:507.3,507.13 1 1
github.com/sofq/jira-cli/cmd/workflow.go:511.2,511.18 1 1
github.com/sofq/jira-cli/cmd/workflow.go:511.18,513.34 2 1
github.com/sofq/jira-cli/cmd/workflow.go:513.34,515.4 1 1
github.com/sofq/jira-cli/cmd/workflow.go:516.3,516.18 1 1
github.com/sofq/jira-cli/cmd/workflow.go:516.18,518.4 1 1
github.com/sofq/jira-cli/cmd/workflow.go:521.2,523.33 3 1
github.com/sofq/jira-cli/cmd/workflow.go:523.33,525.3 1 1
github.com/sofq/jira-cli/cmd/workflow.go:527.2,527.70 1 1
github.com/sofq/jira-cli/cmd/workflow.go:527.70,529.3 1 1
github.com/sofq/jira-cli/cmd/workflow.go:530.2,530.12 1 1
github.com/sofq/jira-cli/cmd/workflow.go:536.92,538.33 2 1
github.com/sofq/jira-cli/cmd/workflow.go:538.33,540.3 1 1
github.com/sofq/jira-cli/cmd/workflow.go:542.2,550.61 2 1
github.com/sofq/jira-cli/cmd/workflow.go:550.61,557.3 3 1
github.com/sofq/jira-cli/cmd/workflow.go:559.2,561.50 2 1
github.com/sofq/jira-cli/cmd/workflow.go:561.50,564.43 1 1
github.com/sofq/jira-cli/cmd/workflow.go:564.43,566.4 1 1
github.com/sofq/jira-cli/cmd/workflow.go:569.2,569.50 1 1
github.com/sofq/jira-cli/cmd/workflow.go:569.50,572.59 1 1
github.com/sofq/jira-cli/cmd/workflow.go:572.59,574.4 1 1
github.com/sofq/jira-cli/cmd/workflow.go:577.2,578.50 2 1
github.com/sofq/jira-cli/cmd/workflow.go:578.50,580.3 1 1
github.com/sofq/jira-cli/cmd/workflow.go:581.2,586.36 3 1
github.com/sofq/jira-cli/cmd/workflow.go:589.55,591.16 2 1
github.com/sofq/jira-cli/cmd/workflow.go:591.16,595.3 3 1
github.com/sofq/jira-cli/cmd/workflow.go:597.2,602.14 4 1
github.com/sofq/jira-cli/cmd/workflow.go:602.14,608.58 2 1
github.com/sofq/jira-cli/cmd/workflow.go:608.58,610.4 1 1
github.com/sofq/jira-cli/cmd/workflow.go:611.3,611.13 1 1
github.com/sofq/jira-cli/cmd/workflow.go:614.2,615.33 2 1
github.com/sofq/jira-cli/cmd/workflow.go:615.33,617.3 1 1
github.com/sofq/jira-cli/cmd/workflow.go:619.2,625.33 3 1
github.com/sofq/jira-cli/cmd/workflow.go:625.33,627.3 1 1
github.com/sofq/jira-cli/cmd/workflow.go:629.2,635.65 2 1
github.com/sofq/jira-cli/cmd/workflow.go:635.65,637.3 1 1
github.com/sofq/jira-cli/cmd/workflow.go:638.2,638.12 1 1
github.com/sofq/jira-cli/cmd/workflow.go:641.58,643.16 2 1
github.com/sofq/jira-cli/cmd/workflow.go:643.16,647.3 3 1
github.com/sofq/jira-cli/cmd/workflow.go:649.2,654.21 5 1
github.com/sofq/jira-cli/cmd/workflow.go:654.21,661.3 3 1
github.com/sofq/jira-cli/cmd/workflow.go:664.2,664.14 1 1
github.com/sofq/jira-cli/cmd/workflow.go:664.14,670.58 2 1
github.com/sofq/jira-cli/cmd/workflow.go:670.58,672.4 1 1
github.com/sofq/jira-cli/cmd/workflow.go:673.3,673.13 1 1
github.com/sofq/jira-cli/cmd/workflow.go:676.2,679.19 2 1
github.com/sofq/jira-cli/cmd/workflow.go:679.19,681.3 1 1
github.com/sofq/jira-cli/cmd/workflow.go:683.2,687.33 3 1
github.com/sofq/jira-cli/cmd/workflow.go:687.33,689.3 1 1
github.com/sofq/jira-cli/cmd/workflow.go:691.2,696.65 2 1
github.com/sofq/jira-cli/cmd/workflow.go:696.65,698.3 1 1
github.com/sofq/jira-cli/cmd/workflow.go:699.2,699.12 1 1
github.com/sofq/jira-cli/cmd/workflow.go:711.97,713.33 2 1
github.com/sofq/jira-cli/cmd/workflow.go:713.33,715.3 1 1
github.com/sofq/jira-cli/cmd/workflow.go:717.2,722.64 2 1
github.com/sofq/jira-cli/cmd/workflow.go:722.64,729.3 3 1
github.com/sofq/jira-cli/cmd/workflow.go:731.2,736.42 5 1
github.com/sofq/jira-cli/cmd/workflow.go:736.42,739.30 2 1
github.com/sofq/jira-cli/cmd/workflow.go:739.30,741.12 1 1
github.com/sofq/jira-cli/cmd/workflow.go:744.3,751.67 2 1
github.com/sofq/jira-cli/cmd/workflow.go:751.67,752.12 1 1
github.com/sofq/jira-cli/cmd/workflow.go:755.3,755.40 1 1
github.com/sofq/jira-cli/cmd/workflow.go:755.40,758.46 3 1
github.com/sofq/jira-cli/cmd/workflow.go:758.46,761.5 2 1
github.com/sofq/jira-cli/cmd/workflow.go:762.4,762.66 1 1
github.com/sofq/jira-cli/cmd/workflow.go:762.66,765.5 2 1
github.com/sofq/jira-cli/cmd/workflow.go:769.2,769.23 1 1
github.com/sofq/jira-cli/cmd/workflow.go:769.23,771.3 1 1
github.com/sofq/jira-cli/cmd/workflow.go:772.2,772.27 1 1
github.com/sofq/jira-cli/cmd/workflow.go:772.27,774.3 1 1
github.com/sofq/jira-cli/cmd/workflow.go:776.2,781.35 3 1
github.com/sofq/jira-cli/cmd/workflow.go:784.57,786.16 2 1
github.com/sofq/jira-cli/cmd/workflow.go:786.16,790.3 3 1
github.com/sofq/jira-cli/cmd/workflow.go:792.2,796.14 3 1
github.com/sofq/jira-cli/cmd/workflow.go:796.14,802.58 2 1
github.com/sofq/jira-cli/cmd/workflow.go:802.58,804.4 1 1
github.com/sofq/jira-cli/cmd/workflow.go:805.3,805.13 1 1
github.com/sofq/jira-cli/cmd/workflow.go:808.2,809.33 2 1
github.com/sofq/jira-cli/cmd/workflow.go:809.33,811.3 1 1
github.com/sofq/jira-cli/cmd/workflow.go:813.2,817.33 3 1
github.com/sofq/jira-cli/cmd/workflow.go:817.33,819.3 1 1
github.com/sofq/jira-cli/cmd/workflow.go:821.2,826.65 2 1
github.com/sofq/jira-cli/cmd/workflow.go:826.65,828.3 1 1
github.com/sofq/jira-cli/cmd/workflow.go:829.2,829.12 1 1
github.com/sofq/jira-cli/cmd/workflow.go:832.58,834.16 2 1
github.com/sofq/jira-cli/cmd/workflow.go:834.16,838.3 3 1
github.com/sofq/jira-cli/cmd/workflow.go:840.2,844.14 3 1
github.com/sofq/jira-cli/cmd/workflow.go:844.14,850.58 2 1
github.com/sofq/jira-cli/cmd/workflow.go:850.58,852.4 1 1
github.com/sofq/jira-cli/cmd/workflow.go:853.3,853.13 1 1
github.com/sofq/jira-cli/cmd/workflow.go:856.2,860.33 3 1
github.com/sofq/jira-cli/cmd/workflow.go:860.33,862.3 1 1
github.com/sofq/jira-cli/cmd/workflow.go:864.2,868.65 2 1
github.com/sofq/jira-cli/cmd/workflow.go:868.65,870.3 1 1
github.com/sofq/jira-cli/cmd/workflow.go:871.2,871.12 1 1
github.com/sofq/jira-cli/cmd/workflow_schema.go:8.50,116.2 1 1
github.com/sofq/jira-cli/cmd/workflow_schema.go:119.44,136.2 1 1
github.com/sofq/jira-cli/internal/adf/adf.go:26.32,27.16 1 1
github.com/sofq/jira-cli/internal/adf/adf.go:27.16,33.3 1 1
github.com/sofq/jira-cli/internal/adf/adf.go:37.2,38.16 2 1
github.com/sofq/jira-cli/internal/adf/adf.go:38.16,44.3 1 1
github.com/sofq/jira-cli/internal/adf/adf.go:46.2,48.29 3 1
github.com/sofq/jira-cli/internal/adf/adf.go:48.29,53.3 1 1
github.com/sofq/jira-cli/internal/adf/adf.go:55.2,59.3 1 1
github.com/sofq/jira-cli/internal/audit/audit.go:33.46,34.63 1 1
github.com/sofq/jira-cli/internal/audit/audit.go:34.63,36.3 1 1
github.com/sofq/jira-cli/internal/audit/audit.go:37.2,38.16 2 1
github.com/sofq/jira-cli/internal/audit/audit.go:38.16,40.3 1 1
github.com/sofq/jira-cli/internal/audit/audit.go:41.2,41.30 1 1
github.com/sofq/jira-cli/internal/audit/audit.go:46.27,48.16 2 1
github.com/sofq/jira-cli/internal/audit/audit.go:48.16,51.3 2 1
github.com/sofq/jira-cli/internal/audit/audit.go:52.2,52.46 1 1
github.com/sofq/jira-cli/internal/audit/audit.go:57.35,58.14 1 1
github.com/sofq/jira-cli/internal/audit/audit.go:58.14,60.3 1 1
github.com/sofq/jira-cli/internal/audit/audit.go:61.2,69.19 6 1
github.com/sofq/jira-cli/internal/audit/audit.go:69.19,71.3 1 1
github.com/sofq/jira-cli/internal/audit/audit.go:72.2,72.27 1 1
github.com/sofq/jira-cli/internal/audit/audit.go:76.26,77.14 1 1
github.com/sofq/jira-cli/internal/audit/audit.go:77.14,79.3 1 1
github.com/sofq/jira-cli/internal/audit/audit.go:80.2,82.19 3 1
github.com/sofq/jira-cli/internal/audit/audit.go:82.19,85.3 2 1
github.com/sofq/jira-cli/internal/cache/cache.go:18.19,19.25 1 1
github.com/sofq/jira-cli/internal/cache/cache.go:19.25,23.3 3 1
github.com/sofq/jira-cli/internal/cache/cache.go:24.2,24.17 1 1
github.com/sofq/jira-cli/internal/cache/cache.go:30.60,32.34 2 1
github.com/sofq/jira-cli/internal/cache/cache.go:32.34,34.3 1 1
github.com/sofq/jira-cli/internal/cache/cache.go:35.2,36.33 2 1
github.com/sofq/jira-cli/internal/cache/cache.go:40.56,43.16 3 1
github.com/sofq/jira-cli/internal/cache/cache.go:43.16,45.3 1 1
github.com/sofq/jira-cli/internal/cache/cache.go:46.2,46.38 1 1
github.com/sofq/jira-cli/internal/cache/cache.go:46.38,49.3 2 1
github.com/sofq/jira-cli/internal/cache/cache.go:50.2,51.16 2 1
github.com/sofq/jira-cli/internal/cache/cache.go:51.16,53.3 1 1
github.com/sofq/jira-cli/internal/cache/cache.go:54.2,54.19 1 1
github.com/sofq/jira-cli/internal/cache/cache.go:58.41,61.2 2 1
github.com/sofq/jira-cli/internal/changelog/changelog.go:60.72,62.49 2 1
github.com/sofq/jira-cli/internal/changelog/changelog.go:62.49,64.3 1 1
github.com/sofq/jira-cli/internal/changelog/changelog.go:66.2,67.22 2 1
github.com/sofq/jira-cli/internal/changelog/changelog.go:67.22,70.17 3 1
github.com/sofq/jira-cli/internal/changelog/changelog.go:70.17,72.4 1 1
github.com/sofq/jira-cli/internal/changelog/changelog.go:75.2,78.34 3 1
github.com/sofq/jira-cli/internal/changelog/changelog.go:78.34,80.26 1 1
github.com/sofq/jira-cli/internal/changelog/changelog.go:80.26,82.18 2 1
github.com/sofq/jira-cli/internal/changelog/changelog.go:82.18,83.13 1 1
github.com/sofq/jira-cli/internal/changelog/changelog.go:85.4,85.35 1 1
github.com/sofq/jira-cli/internal/changelog/changelog.go:85.35,86.13 1 1
github.com/sofq/jira-cli/internal/changelog/changelog.go:90.3,91.19 2 1
github.com/sofq/jira-cli/internal/changelog/changelog.go:91.19,93.4 1 1
github.com/sofq/jira-cli/internal/changelog/changelog.go:95.3,95.36 1 1
github.com/sofq/jira-cli/internal/changelog/changelog.go:95.36,96.71 1 1
github.com/sofq/jira-cli/internal/changelog/changelog.go:96.71,97.13 1 1
github.com/sofq/jira-cli/internal/changelog/changelog.go:100.4,105.29 2 1
github.com/sofq/jira-cli/internal/changelog/changelog.go:105.29,107.5 1 1
github.com/sofq/jira-cli/internal/changelog/changelog.go:107.10,109.5 1 1
github.com/sofq/jira-cli/internal/changelog/changelog.go:110.4,110.27 1 1
github.com/sofq/jira-cli/internal/changelog/changelog.go:110.27,112.5 1 1
github.com/sofq/jira-cli/internal/changelog/changelog.go:112.10,114.5 1 1
github.com/sofq/jira-cli/internal/changelog/changelog.go:115.4,115.37 1 1
github.com/sofq/jira-cli/internal/changelog/changelog.go:119.2,119.20 1 1
github.com/sofq/jira-cli/internal/changelog/changelog.go:119.20,121.3 1 1
github.com/sofq/jira-cli/internal/changelog/changelog.go:123.2,126.8 1 1
github.com/sofq/jira-cli/internal/changelog/changelog.go:131.61,137.4 1 1
github.com/sofq/jira-cli/internal/changelog/changelog.go:137.4,138.50 1 1
github.com/sofq/jira-cli/internal/changelog/changelog.go:138.50,140.4 1 1
github.com/sofq/jira-cli/internal/changelog/changelog.go:144.2,145.16 2 1
github.com/sofq/jira-cli/internal/changelog/changelog.go:145.16,147.3 1 1
github.com/sofq/jira-cli/internal/changelog/changelog.go:148.2,148.18 1 1
github.com/sofq/jira-cli/internal/changelog/changelog.go:148.18,150.3 1 1
github.com/sofq/jira-cli/internal/changelog/changelog.go:151.2,151.57 1 1
github.com/sofq/jira-cli/internal/changelog/changelog.go:155.49,162.4 1 1
github.com/sofq/jira-cli/internal/changelog/changelog.go:162.4,163.50 1 1
github.com/sofq/jira-cli/internal/changelog/changelog.go:163.50,165.4 1 1
github.com/sofq/jira-cli/internal/changelog/changelog.go:167.2,167.69 1 1
github.com/sofq/jira-cli/internal/client/client.go:51.65,53.2 1 1
github.com/sofq/jira-cli/internal/client/client.go:57.56,59.21 2 1
github.com/sofq/jira-cli/internal/client/client.go:59.21,61.3 1 1
github.com/sofq/jira-cli/internal/client/client.go:62.2,62.15 1 1
github.com/sofq/jira-cli/internal/client/client.go:68.69,70.29 2 1
github.com/sofq/jira-cli/internal/client/client.go:70.29,72.29 2 1
github.com/sofq/jira-cli/internal/client/client.go:72.29,73.12 1 1
github.com/sofq/jira-cli/internal/client/client.go:75.3,75.32 1 1
github.com/sofq/jira-cli/internal/client/client.go:77.2,77.10 1 1
github.com/sofq/jira-cli/internal/client/client.go:83.53,84.38 1 1
github.com/sofq/jira-cli/internal/client/client.go:85.16,86.58 1 1
github.com/sofq/jira-cli/internal/client/client.go:87.16,89.17 2 1
github.com/sofq/jira-cli/internal/client/client.go:89.17,91.4 1 1
github.com/sofq/jira-cli/internal/client/client.go:92.3,92.18 1 1
github.com/sofq/jira-cli/internal/client/client.go:92.18,94.4 1 1
github.com/sofq/jira-cli/internal/client/client.go:95.3,95.51 1 1
github.com/sofq/jira-cli/internal/client/client.go:96.10,97.50 1 1
github.com/sofq/jira-cli/internal/client/client.go:99.2,99.12 1 1
github.com/sofq/jira-cli/internal/client/client.go:103.53,109.25 2 1
github.com/sofq/jira-cli/internal/client/client.go:109.25,111.3 1 1
github.com/sofq/jira-cli/internal/client/client.go:113.2,114.16 2 1
github.com/sofq/jira-cli/internal/client/client.go:114.16,116.3 1 1
github.com/sofq/jira-cli/internal/client/client.go:117.2,119.28 2 1
github.com/sofq/jira-cli/internal/client/client.go:119.28,122.3 2 1
github.com/sofq/jira-cli/internal/client/client.go:124.2,127.70 2 1
github.com/sofq/jira-cli/internal/client/client.go:127.70,129.3 1 1
github.com/sofq/jira-cli/internal/client/client.go:130.2,130.35 1 1
github.com/sofq/jira-cli/internal/client/client.go:136.101,140.39 2 1
github.com/sofq/jira-cli/internal/client/client.go:140.39,141.19 1 1
github.com/sofq/jira-cli/internal/client/client.go:141.19,143.4 1 1
github.com/sofq/jira-cli/internal/client/client.go:144.3,144.32 1 1
github.com/sofq/jira-cli/internal/client/client.go:148.2,148.49 1 1
github.com/sofq/jira-cli/internal/client/client.go:148.49,150.3 1 1
github.com/sofq/jira-cli/internal/client/client.go:151.2,152.20 2 1
github.com/sofq/jira-cli/internal/client/client.go:152.20,153.36 1 1
github.com/sofq/jira-cli/internal/client/client.go:153.36,155.4 1 1
github.com/sofq/jira-cli/internal/client/client.go:155.9,157.4 1 1
github.com/sofq/jira-cli/internal/client/client.go:161.2,161.14 1 1
github.com/sofq/jira-cli/internal/client/client.go:161.14,166.18 2 1
github.com/sofq/jira-cli/internal/client/client.go:166.18,168.40 2 1
github.com/sofq/jira-cli/internal/client/client.go:168.40,170.50 2 1
github.com/sofq/jira-cli/internal/client/client.go:170.50,172.6 1 1
github.com/sofq/jira-cli/internal/client/client.go:172.11,174.6 1 1
github.com/sofq/jira-cli/internal/client/client.go:177.3,183.18 7 1
github.com/sofq/jira-cli/internal/client/client.go:187.2,187.35 1 1
github.com/sofq/jira-cli/internal/client/client.go:187.35,189.3 1 1
github.com/sofq/jira-cli/internal/client/client.go:192.2,192.50 1 1
github.com/sofq/jira-cli/internal/client/client.go:196.95,199.39 2 1
github.com/sofq/jira-cli/internal/client/client.go:199.39,201.54 2 1
github.com/sofq/jira-cli/internal/client/client.go:201.54,205.4 3 1
github.com/sofq/jira-cli/internal/client/client.go:208.2,209.16 2 1
github.com/sofq/jira-cli/internal/client/client.go:209.16,217.3 3 1
github.com/sofq/jira-cli/internal/client/client.go:219.2,220.17 2 1
github.com/sofq/jira-cli/internal/client/client.go:220.17,222.3 1 1
github.com/sofq/jira-cli/internal/client/client.go:223.2,223.41 1 1
github.com/sofq/jira-cli/internal/client/client.go:223.41,232.3 3 1
github.com/sofq/jira-cli/internal/client/client.go:234.2,237.16 3 1
github.com/sofq/jira-cli/internal/client/client.go:237.16,245.3 3 1
github.com/sofq/jira-cli/internal/client/client.go:246.2,251.16 4 1
github.com/sofq/jira-cli/internal/client/client.go:251.16,259.3 3 1
github.com/sofq/jira-cli/internal/client/client.go:262.2,262.28 1 1
github.com/sofq/jira-cli/internal/client/client.go:262.28,267.3 4 1
github.com/sofq/jira-cli/internal/client/client.go:270.2,270.67 1 1
github.com/sofq/jira-cli/internal/client/client.go:270.67,272.3 1 1
github.com/sofq/jira-cli/internal/client/client.go:275.2,275.20 1 1
github.com/sofq/jira-cli/internal/client/client.go:275.20,276.55 1 1
github.com/sofq/jira-cli/internal/client/client.go:276.55,278.4 1 1
github.com/sofq/jira-cli/internal/client/client.go:281.2,283.17 3 1
github.com/sofq/jira-cli/internal/client/client.go:313.51,315.53 2 1
github.com/sofq/jira-cli/internal/client/client.go:315.53,317.3 1 1
github.com/sofq/jira-cli/internal/client/client.go:318.2,318.34 1 1
github.com/sofq/jira-cli/internal/client/client.go:318.34,320.3 1 1
github.com/sofq/jira-cli/internal/client/client.go:321.2,321.34 1 1
github.com/sofq/jira-cli/internal/client/client.go:321.34,323.3 1 1
github.com/sofq/jira-cli/internal/client/client.go:324.2,324.23 1 1
github.com/sofq/jira-cli/internal/client/client.go:331.109,334.20 2 1
github.com/sofq/jira-cli/internal/client/client.go:334.20,336.54 2 1
github.com/sofq/jira-cli/internal/client/client.go:336.54,340.4 3 1
github.com/sofq/jira-cli/internal/client/client.go:344.2,345.29 2 1
github.com/sofq/jira-cli/internal/client/client.go:345.29,347.3 1 1
github.com/sofq/jira-cli/internal/client/client.go:350.2,351.31 2 1
github.com/sofq/jira-cli/internal/client/client.go:351.31,352.21 1 1
github.com/sofq/jira-cli/internal/client/client.go:352.21,353.57 1 1
github.com/sofq/jira-cli/internal/client/client.go:353.57,355.5 1 1
github.com/sofq/jira-cli/internal/client/client.go:357.3,357.34 1 1
github.com/sofq/jira-cli/internal/client/client.go:361.2,361.32 1 1
github.com/sofq/jira-cli/internal/client/client.go:361.32,363.3 1 1
github.com/sofq/jira-cli/internal/client/client.go:365.2,365.77 1 1
github.com/sofq/jira-cli/internal/client/client.go:370.65,372.35 2 1
github.com/sofq/jira-cli/internal/client/client.go:372.35,374.3 1 1
github.com/sofq/jira-cli/internal/client/client.go:375.2,375.38 1 1
github.com/sofq/jira-cli/internal/client/client.go:379.137,381.62 2 1
github.com/sofq/jira-cli/internal/client/client.go:381.62,383.3 1 1
github.com/sofq/jira-cli/internal/client/client.go:385.2,388.92 3 1
github.com/sofq/jira-cli/internal/client/client.go:388.92,391.27 3 1
github.com/sofq/jira-cli/internal/client/client.go:391.27,393.4 1 1
github.com/sofq/jira-cli/internal/client/client.go:394.3,398.30 4 1
github.com/sofq/jira-cli/internal/client/client.go:398.30,400.4 1 1
github.com/sofq/jira-cli/internal/client/client.go:402.3,403.57 2 1
github.com/sofq/jira-cli/internal/client/client.go:403.57,404.9 1 1
github.com/sofq/jira-cli/internal/client/client.go:406.3,407.22 2 1
github.com/sofq/jira-cli/internal/client/client.go:410.2,424.52 13 1
github.com/sofq/jira-cli/internal/client/client.go:428.135,430.62 2 1
github.com/sofq/jira-cli/internal/client/client.go:430.62,432.3 1 1
github.com/sofq/jira-cli/internal/client/client.go:434.2,439.72 5 1
github.com/sofq/jira-cli/internal/client/client.go:439.72,441.27 2 1
github.com/sofq/jira-cli/internal/client/client.go:441.27,443.4 1 1
github.com/sofq/jira-cli/internal/client/client.go:444.3,448.30 4 1
github.com/sofq/jira-cli/internal/client/client.go:448.30,450.4 1 1
github.com/sofq/jira-cli/internal/client/client.go:452.3,453.57 2 1
github.com/sofq/jira-cli/internal/client/client.go:453.57,454.9 1 1
github.com/sofq/jira-cli/internal/client/client.go:456.3,459.27 4 1
github.com/sofq/jira-cli/internal/client/client.go:462.2,474.52 11 1
github.com/sofq/jira-cli/internal/client/client.go:478.98,485.20 6 1
github.com/sofq/jira-cli/internal/client/client.go:485.20,486.53 1 1
github.com/sofq/jira-cli/internal/client/client.go:486.53,488.4 1 1
github.com/sofq/jira-cli/internal/client/client.go:491.2,491.30 1 1
github.com/sofq/jira-cli/internal/client/client.go:495.67,496.24 1 1
github.com/sofq/jira-cli/internal/client/client.go:496.24,498.3 1 1
github.com/sofq/jira-cli/internal/client/client.go:499.2,499.20 1 1
github.com/sofq/jira-cli/internal/client/client.go:499.20,501.3 1 1
github.com/sofq/jira-cli/internal/client/client.go:504.2,504.36 1 1
github.com/sofq/jira-cli/internal/client/client.go:504.36,506.3 1 1
github.com/sofq/jira-cli/internal/client/client.go:507.2,507.30 1 1
github.com/sofq/jira-cli/internal/client/client.go:511.92,513.16 2 1
github.com/sofq/jira-cli/internal/client/client.go:513.16,521.3 3 1
github.com/sofq/jira-cli/internal/client/client.go:522.2,523.41 2 1
github.com/sofq/jira-cli/internal/client/client.go:523.41,532.3 3 1
github.com/sofq/jira-cli/internal/client/client.go:534.2,537.16 3 1
github.com/sofq/jira-cli/internal/client/client.go:537.16,545.3 3 1
github.com/sofq/jira-cli/internal/client/client.go:546.2,551.16 4 1
github.com/sofq/jira-cli/internal/client/client.go:551.16,559.3 3 1
github.com/sofq/jira-cli/internal/client/client.go:561.2,561.28 1 1
github.com/sofq/jira-cli/internal/client/client.go:561.28,565.3 3 1
github.com/sofq/jira-cli/internal/client/client.go:567.2,567.30 1 1
github.com/sofq/jira-cli/internal/client/client.go:572.44,574.2 1 1
github.com/sofq/jira-cli/internal/client/client.go:577.52,578.16 1 1
github.com/sofq/jira-cli/internal/client/client.go:578.16,580.3 1 1
github.com/sofq/jira-cli/internal/client/client.go:581.2,582.37 2 1
github.com/sofq/jira-cli/internal/client/client.go:586.70,587.26 1 1
github.com/sofq/jira-cli/internal/client/client.go:587.26,589.3 1 1
github.com/sofq/jira-cli/internal/client/client.go:590.2,598.4 1 1
github.com/sofq/jira-cli/internal/client/client.go:604.96,607.16 3 1
github.com/sofq/jira-cli/internal/client/client.go:607.16,614.3 3 1
github.com/sofq/jira-cli/internal/client/client.go:615.2,616.17 2 1
github.com/sofq/jira-cli/internal/client/client.go:616.17,618.3 1 1
github.com/sofq/jira-cli/internal/client/client.go:619.2,619.41 1 1
github.com/sofq/jira-cli/internal/client/client.go:619.41,627.3 3 1
github.com/sofq/jira-cli/internal/client/client.go:629.2,632.16 3 1
github.com/sofq/jira-cli/internal/client/client.go:632.16,636.3 3 1
github.com/sofq/jira-cli/internal/client/client.go:637.2,642.16 4 1
github.com/sofq/jira-cli/internal/client/client.go:642.16,649.3 3 1
github.com/sofq/jira-cli/internal/client/client.go:650.2,650.28 1 1
github.com/sofq/jira-cli/internal/client/client.go:650.28,655.3 4 1
github.com/sofq/jira-cli/internal/client/client.go:656.2,657.34 2 1
github.com/sofq/jira-cli/internal/client/client.go:662.47,664.22 1 1
github.com/sofq/jira-cli/internal/client/client.go:664.22,666.17 2 1
github.com/sofq/jira-cli/internal/client/client.go:666.17,674.4 3 1
github.com/sofq/jira-cli/internal/client/client.go:675.3,675.18 1 1
github.com/sofq/jira-cli/internal/client/client.go:679.2,679.14 1 1
github.com/sofq/jira-cli/internal/client/client.go:679.14,681.3 1 1
github.com/sofq/jira-cli/internal/client/client.go:683.2,684.24 2 1
github.com/sofq/jira-cli/internal/config/config.go:78.27,79.47 1 1
github.com/sofq/jira-cli/internal/config/config.go:79.47,81.3 1 1
github.com/sofq/jira-cli/internal/config/config.go:82.2,82.14 1 1
github.com/sofq/jira-cli/internal/config/config.go:83.16,85.84 2 1
github.com/sofq/jira-cli/internal/config/config.go:86.17,88.20 2 1
github.com/sofq/jira-cli/internal/config/config.go:88.20,91.4 2 1
github.com/sofq/jira-cli/internal/config/config.go:92.3,92.53 1 1
github.com/sofq/jira-cli/internal/config/config.go:93.10,95.61 2 1
github.com/sofq/jira-cli/internal/config/config.go:101.45,103.16 2 1
github.com/sofq/jira-cli/internal/config/config.go:103.16,104.37 1 1
github.com/sofq/jira-cli/internal/config/config.go:104.37,106.4 1 1
github.com/sofq/jira-cli/internal/config/config.go:107.3,107.18 1 1
github.com/sofq/jira-cli/internal/config/config.go:110.2,111.51 2 1
github.com/sofq/jira-cli/internal/config/config.go:111.51,113.3 1 1
github.com/sofq/jira-cli/internal/config/config.go:114.2,114.25 1 1
github.com/sofq/jira-cli/internal/config/config.go:114.25,116.3 1 1
github.com/sofq/jira-cli/internal/config/config.go:117.2,117.18 1 1
github.com/sofq/jira-cli/internal/config/config.go:123.45,124.63 1 1
github.com/sofq/jira-cli/internal/config/config.go:124.63,126.3 1 1
github.com/sofq/jira-cli/internal/config/config.go:128.2,129.40 2 1
github.com/sofq/jira-cli/internal/config/config.go:133.44,135.30 2 1
github.com/sofq/jira-cli/internal/config/config.go:135.30,137.3 1 1
github.com/sofq/jira-cli/internal/config/config.go:138.2,139.21 2 1
github.com/sofq/jira-cli/internal/config/config.go:139.21,141.3 1 1
github.com/sofq/jira-cli/internal/config/config.go:142.2,142.34 1 1
github.com/sofq/jira-cli/internal/config/config.go:149.35,151.2 1 1
github.com/sofq/jira-cli/internal/config/config.go:158.93,161.16 2 1
github.com/sofq/jira-cli/internal/config/config.go:161.16,163.3 1 1
github.com/sofq/jira-cli/internal/config/config.go:165.2,166.16 2 1
github.com/sofq/jira-cli/internal/config/config.go:166.16,168.3 1 1
github.com/sofq/jira-cli/internal/config/config.go:169.2,169.16 1 1
github.com/sofq/jira-cli/internal/config/config.go:169.16,171.3 1 1
github.com/sofq/jira-cli/internal/config/config.go:173.2,177.37 5 1
github.com/sofq/jira-cli/internal/config/config.go:177.37,189.3 11 1
github.com/sofq/jira-cli/internal/config/config.go:189.8,189.30 1 1
github.com/sofq/jira-cli/internal/config/config.go:189.30,192.3 1 1
github.com/sofq/jira-cli/internal/config/config.go:195.2,202.22 6 1
github.com/sofq/jira-cli/internal/config/config.go:202.22,204.3 1 1
github.com/sofq/jira-cli/internal/config/config.go:206.2,207.23 2 1
github.com/sofq/jira-cli/internal/config/config.go:207.23,209.3 1 1
github.com/sofq/jira-cli/internal/config/config.go:211.2,212.23 2 1
github.com/sofq/jira-cli/internal/config/config.go:212.23,214.3 1 1
github.com/sofq/jira-cli/internal/config/config.go:216.2,217.20 2 1
github.com/sofq/jira-cli/internal/config/config.go:217.20,219.3 1 1
github.com/sofq/jira-cli/internal/config/config.go:222.2,222.18 1 1
github.com/sofq/jira-cli/internal/config/config.go:222.18,223.26 1 1
github.com/sofq/jira-cli/internal/config/config.go:223.26,225.4 1 1
github.com/sofq/jira-cli/internal/config/config.go:226.3,226.27 1 1
github.com/sofq/jira-cli/internal/config/config.go:226.27,228.4 1 1
github.com/sofq/jira-cli/internal/config/config.go:229.3,229.27 1 1
github.com/sofq/jira-cli/internal/config/config.go:229.27,231.4 1 1
github.com/sofq/jira-cli/internal/config/config.go:232.3,232.24 1 1
github.com/sofq/jira-cli/internal/config/config.go:232.24,234.4 1 1
github.com/sofq/jira-cli/internal/config/config.go:238.2,238.20 1 1
github.com/sofq/jira-cli/internal/config/config.go:238.20,240.3 1 1
github.com/sofq/jira-cli/internal/config/config.go:243.2,243.30 1 1
github.com/sofq/jira-cli/internal/config/config.go:243.30,245.3 1 1
github.com/sofq/jira-cli/internal/config/config.go:246.2,249.26 2 1
github.com/sofq/jira-cli/internal/config/config.go:249.26,251.25 2 1
github.com/sofq/jira-cli/internal/config/config.go:251.25,253.4 1 1
github.com/sofq/jira-cli/internal/config/config.go:254.3,254.29 1 1
github.com/sofq/jira-cli/internal/config/config.go:254.29,256.4 1 1
github.com/sofq/jira-cli/internal/config/config.go:257.3,257.25 1 1
github.com/sofq/jira-cli/internal/config/config.go:257.25,259.4 1 1
github.com/sofq/jira-cli/internal/config/config.go:260.3,260.23 1 1
github.com/sofq/jira-cli/internal/config/config.go:260.23,262.4 1 1
github.com/sofq/jira-cli/internal/config/config.go:266.2,283.8 2 1
github.com/sofq/jira-cli/gen/generator.go:26.38,30.22 4 1
github.com/sofq/jira-cli/gen/generator.go:30.22,31.71 1 1
github.com/sofq/jira-cli/gen/generator.go:31.71,33.4 1 1
github.com/sofq/jira-cli/gen/generator.go:35.2,36.24 2 1
github.com/sofq/jira-cli/gen/generator.go:36.24,38.3 1 1
github.com/sofq/jira-cli/gen/generator.go:39.2,39.15 1 1
github.com/sofq/jira-cli/gen/generator.go:43.46,45.2 1 1
github.com/sofq/jira-cli/gen/generator.go:48.46,50.2 1 1
github.com/sofq/jira-cli/gen/generator.go:54.57,59.20 4 1
github.com/sofq/jira-cli/gen/generator.go:59.20,60.21 1 1
github.com/sofq/jira-cli/gen/generator.go:60.21,62.29 2 1
github.com/sofq/jira-cli/gen/generator.go:62.29,66.13 3 1
github.com/sofq/jira-cli/gen/generator.go:68.4,72.16 5 1
github.com/sofq/jira-cli/gen/generator.go:73.9,76.4 2 1
github.com/sofq/jira-cli/gen/generator.go:79.2,79.52 1 1
github.com/sofq/jira-cli/gen/generator.go:154.48,156.2 1 1
github.com/sofq/jira-cli/gen/generator.go:160.55,163.8 2 1
github.com/sofq/jira-cli/gen/generator.go:163.8,166.46 3 1
github.com/sofq/jira-cli/gen/generator.go:166.46,168.4 1 1
github.com/sofq/jira-cli/gen/generator.go:172.2,172.62 1 1
github.com/sofq/jira-cli/gen/generator.go:172.62,174.46 2 1
github.com/sofq/jira-cli/gen/generator.go:174.46,176.4 1 1
github.com/sofq/jira-cli/gen/generator.go:179.2,179.54 1 1
github.com/sofq/jira-cli/gen/generator.go:184.60,186.16 2 1
github.com/sofq/jira-cli/gen/generator.go:186.16,188.3 1 1
github.com/sofq/jira-cli/gen/generator.go:190.2,191.16 2 1
github.com/sofq/jira-cli/gen/generator.go:191.16,193.3 1 1
github.com/sofq/jira-cli/gen/generator.go:195.2,196.49 2 1
github.com/sofq/jira-cli/gen/generator.go:196.49,198.3 1 1
github.com/sofq/jira-cli/gen/generator.go:200.2,201.16 2 1
github.com/sofq/jira-cli/gen/generator.go:201.16,204.3 1 1
github.com/sofq/jira-cli/gen/generator.go:205.2,205.23 1 1
github.com/sofq/jira-cli/gen/generator.go:211.66,214.25 3 1
github.com/sofq/jira-cli/gen/generator.go:214.25,217.3 2 1
github.com/sofq/jira-cli/gen/generator.go:219.2,219.25 1 1
github.com/sofq/jira-cli/gen/generator.go:219.25,220.54 1 1
github.com/sofq/jira-cli/gen/generator.go:220.54,224.28 3 1
github.com/sofq/jira-cli/gen/generator.go:224.28,226.5 1 1
github.com/sofq/jira-cli/gen/generator.go:227.4,227.39 1 1
github.com/sofq/jira-cli/gen/generator.go:230.2,230.14 1 1
github.com/sofq/jira-cli/gen/generator.go:233.78,238.25 4 1
github.com/sofq/jira-cli/gen/generator.go:238.25,244.35 5 1
github.com/sofq/jira-cli/gen/generator.go:244.35,251.4 1 1
github.com/sofq/jira-cli/gen/generator.go:253.3,255.36 3 1
github.com/sofq/jira-cli/gen/generator.go:255.36,263.4 2 1
github.com/sofq/jira-cli/gen/generator.go:265.3,266.30 2 1
github.com/sofq/jira-cli/gen/generator.go:266.30,268.4 1 1
github.com/sofq/jira-cli/gen/generator.go:270.3,283.5 1 1
github.com/sofq/jira-cli/gen/generator.go:286.2,293.16 3 1
github.com/sofq/jira-cli/gen/generator.go:293.16,295.3 1 1
github.com/sofq/jira-cli/gen/generator.go:297.2,298.42 2 1
github.com/sofq/jira-cli/gen/generator.go:302.97,304.37 2 1
github.com/sofq/jira-cli/gen/generator.go:304.37,307.26 3 1
github.com/sofq/jira-cli/gen/generator.go:307.26,310.36 3 1
github.com/sofq/jira-cli/gen/generator.go:310.36,318.5 1 1
github.com/sofq/jira-cli/gen/generator.go:319.4,319.37 1 1
github.com/sofq/jira-cli/gen/generator.go:319.37,327.5 1 1
github.com/sofq/jira-cli/gen/generator.go:328.4,328.18 1 1
github.com/sofq/jira-cli/gen/generator.go:328.18,336.5 1 1
github.com/sofq/jira-cli/gen/generator.go:337.4,345.6 1 1
github.com/sofq/jira-cli/gen/generator.go:349.2,355.16 3 1
github.com/sofq/jira-cli/gen/generator.go:355.16,357.3 1 1
github.com/sofq/jira-cli/gen/generator.go:359.2,360.42 2 1
github.com/sofq/jira-cli/gen/generator.go:364.60,366.30 2 1
github.com/sofq/jira-cli/gen/generator.go:366.30,370.3 1 1
github.com/sofq/jira-cli/gen/generator.go:372.2,375.16 3 1
github.com/sofq/jira-cli/gen/generator.go:375.16,377.3 1 1
github.com/sofq/jira-cli/gen/generator.go:379.2,380.42 2 1
github.com/sofq/jira-cli/gen/grouper.go:9.62,11.25 2 1
github.com/sofq/jira-cli/gen/grouper.go:11.25,14.3 2 1
github.com/sofq/jira-cli/gen/grouper.go:15.2,15.15 1 1
github.com/sofq/jira-cli/gen/grouper.go:22.42,26.73 2 1
github.com/sofq/jira-cli/gen/grouper.go:26.73,28.3 1 1
github.com/sofq/jira-cli/gen/grouper.go:31.2,31.49 1 1
github.com/sofq/jira-cli/gen/grouper.go:31.49,33.3 1 1
github.com/sofq/jira-cli/gen/grouper.go:36.2,36.29 1 1
github.com/sofq/jira-cli/gen/grouper.go:36.29,37.14 1 1
github.com/sofq/jira-cli/gen/grouper.go:37.14,39.4 1 1
github.com/sofq/jira-cli/gen/grouper.go:42.2,42.13 1 1
github.com/sofq/jira-cli/gen/grouper.go:46.68,48.21 2 1
github.com/sofq/jira-cli/gen/grouper.go:48.21,50.3 1 1
github.com/sofq/jira-cli/gen/grouper.go:52.2,55.20 3 1
github.com/sofq/jira-cli/gen/grouper.go:55.20,57.3 1 1
github.com/sofq/jira-cli/gen/grouper.go:61.2,62.25 2 1
github.com/sofq/jira-cli/gen/grouper.go:62.25,64.3 1 1
github.com/sofq/jira-cli/gen/grouper.go:67.2,72.30 4 1
github.com/sofq/jira-cli/gen/grouper.go:72.30,74.3 1 1
github.com/sofq/jira-cli/gen/grouper.go:77.2,77.94 1 1
github.com/sofq/jira-cli/gen/grouper.go:77.94,79.3 1 1
github.com/sofq/jira-cli/gen/grouper.go:85.2,85.132 1 1
github.com/sofq/jira-cli/gen/grouper.go:85.132,88.3 2 1
github.com/sofq/jira-cli/gen/grouper.go:93.2,93.74 1 1
github.com/sofq/jira-cli/gen/grouper.go:93.74,96.3 1 1
github.com/sofq/jira-cli/gen/grouper.go:99.2,99.50 1 1
github.com/sofq/jira-cli/gen/grouper.go:115.35,116.45 1 1
github.com/sofq/jira-cli/gen/grouper.go:116.45,118.3 1 1
github.com/sofq/jira-cli/gen/grouper.go:119.2,119.34 1 1
github.com/sofq/jira-cli/gen/grouper.go:119.34,121.3 1 1
github.com/sofq/jira-cli/gen/grouper.go:122.2,122.47 1 1
github.com/sofq/jira-cli/gen/grouper.go:122.47,124.3 1 1
github.com/sofq/jira-cli/gen/grouper.go:125.2,125.107 1 1
github.com/sofq/jira-cli/gen/grouper.go:125.107,127.3 1 1
github.com/sofq/jira-cli/gen/grouper.go:128.2,128.10 1 1
github.com/sofq/jira-cli/gen/grouper.go:133.40,134.13 1 1
github.com/sofq/jira-cli/gen/grouper.go:134.13,136.3 1 1
github.com/sofq/jira-cli/gen/grouper.go:138.2,142.26 4 1
github.com/sofq/jira-cli/gen/grouper.go:142.26,143.13 1 1
github.com/sofq/jira-cli/gen/grouper.go:143.13,145.12 2 1
github.com/sofq/jira-cli/gen/grouper.go:147.3,147.25 1 1
github.com/sofq/jira-cli/gen/grouper.go:147.25,151.54 2 1
github.com/sofq/jira-cli/gen/grouper.go:151.54,154.5 2 1
github.com/sofq/jira-cli/gen/grouper.go:154.10,154.62 1 1
github.com/sofq/jira-cli/gen/grouper.go:154.62,156.26 1 1
github.com/sofq/jira-cli/gen/grouper.go:156.26,159.6 2 1
github.com/sofq/jira-cli/gen/grouper.go:162.3,162.23 1 1
github.com/sofq/jira-cli/gen/grouper.go:164.2,164.23 1 1
github.com/sofq/jira-cli/gen/grouper.go:164.23,166.3 1 1
github.com/sofq/jira-cli/gen/grouper.go:168.2,168.14 1 1
github.com/sofq/jira-cli/gen/main.go:12.41,16.16 3 1
github.com/sofq/jira-cli/gen/main.go:16.16,18.3 1 1
github.com/sofq/jira-cli/gen/main.go:19.2,26.24 4 1
github.com/sofq/jira-cli/gen/main.go:26.24,28.3 1 1
github.com/sofq/jira-cli/gen/main.go:29.2,34.45 4 1
github.com/sofq/jira-cli/gen/main.go:34.45,36.3 1 1
github.com/sofq/jira-cli/gen/main.go:37.2,37.51 1 1
github.com/sofq/jira-cli/gen/main.go:37.51,39.3 1 1
github.com/sofq/jira-cli/gen/main.go:42.2,43.37 2 1
github.com/sofq/jira-cli/gen/main.go:43.37,44.78 1 1
github.com/sofq/jira-cli/gen/main.go:44.78,46.4 1 1
github.com/sofq/jira-cli/gen/main.go:47.3,47.63 1 1
github.com/sofq/jira-cli/gen/main.go:51.2,52.70 2 1
github.com/sofq/jira-cli/gen/main.go:52.70,54.3 1 1
github.com/sofq/jira-cli/gen/main.go:57.2,58.56 2 1
github.com/sofq/jira-cli/gen/main.go:58.56,60.3 1 1
github.com/sofq/jira-cli/gen/main.go:63.2,65.12 2 1
github.com/sofq/jira-cli/gen/main.go:71.13,74.46 3 1
github.com/sofq/jira-cli/gen/main.go:74.46,77.3 2 1
github.com/sofq/jira-cli/gen/parser.go:34.50,36.16 2 1
github.com/sofq/jira-cli/gen/parser.go:36.16,38.3 1 1
github.com/sofq/jira-cli/gen/parser.go:40.2,41.16 2 1
github.com/sofq/jira-cli/gen/parser.go:41.16,43.3 1 1
github.com/sofq/jira-cli/gen/parser.go:45.2,46.17 2 1
github.com/sofq/jira-cli/gen/parser.go:46.17,48.3 1 1
github.com/sofq/jira-cli/gen/parser.go:50.2,50.30 1 1
github.com/sofq/jira-cli/gen/parser.go:50.30,52.3 1 1
github.com/sofq/jira-cli/gen/parser.go:54.2,56.83 2 1
github.com/sofq/jira-cli/gen/parser.go:56.83,62.33 4 1
github.com/sofq/jira-cli/gen/parser.go:62.33,64.4 1 1
github.com/sofq/jira-cli/gen/parser.go:66.3,79.30 3 1
github.com/sofq/jira-cli/gen/parser.go:79.30,80.20 1 1
github.com/sofq/jira-cli/gen/parser.go:80.20,81.13 1 1
github.com/sofq/jira-cli/gen/parser.go:84.4,96.31 4 1
github.com/sofq/jira-cli/gen/parser.go:96.31,98.5 1 1
github.com/sofq/jira-cli/gen/parser.go:100.4,100.32 1 1
github.com/sofq/jira-cli/gen/parser.go:100.32,107.23 2 1
github.com/sofq/jira-cli/gen/parser.go:107.23,109.6 1 1
github.com/sofq/jira-cli/gen/parser.go:109.11,109.33 1 1
github.com/sofq/jira-cli/gen/parser.go:109.33,111.6 1 1
github.com/sofq/jira-cli/gen/parser.go:113.5,113.17 1 1
github.com/sofq/jira-cli/gen/parser.go:114.17,115.50 1 1
github.com/sofq/jira-cli/gen/parser.go:116.18,117.52 1 1
github.com/sofq/jira-cli/gen/parser.go:121.4,121.25 1 1
github.com/sofq/jira-cli/gen/parser.go:125.2,125.17 1 1
github.com/sofq/jira-cli/gen/parser.go:130.50,131.19 1 1
github.com/sofq/jira-cli/gen/parser.go:131.19,133.3 1 1
github.com/sofq/jira-cli/gen/parser.go:134.2,134.55 1 1
github.com/sofq/jira-cli/gen/parser.go:134.55,136.3 1 1
github.com/sofq/jira-cli/gen/parser.go:137.2,137.17 1 1
github.com/sofq/jira-cli/internal/duration/duration.go:27.35,29.13 2 1
github.com/sofq/jira-cli/internal/duration/duration.go:29.13,31.3 1 1
github.com/sofq/jira-cli/internal/duration/duration.go:33.2,33.33 1 1
github.com/sofq/jira-cli/internal/duration/duration.go:33.33,35.3 1 1
github.com/sofq/jira-cli/internal/duration/duration.go:37.2,40.28 3 1
github.com/sofq/jira-cli/internal/duration/duration.go:40.28,42.15 2 1
github.com/sofq/jira-cli/internal/duration/duration.go:43.12,44.25 1 1
github.com/sofq/jira-cli/internal/duration/duration.go:45.12,46.24 1 1
github.com/sofq/jira-cli/internal/duration/duration.go:47.12,48.25 1 1
github.com/sofq/jira-cli/internal/duration/duration.go:49.12,50.27 1 1
github.com/sofq/jira-cli/internal/duration/duration.go:54.2,54.19 1 1
github.com/sofq/jira-cli/internal/errors/errors.go:33.46,33.80 1 1
github.com/sofq/jira-cli/internal/errors/errors.go:53.35,54.18 1 1
github.com/sofq/jira-cli/internal/errors/errors.go:54.18,56.3 1 1
[...]
github.com/sofq/jira-cli/internal/avatar/build_local.go:79.10,80.16 1 0
github.com/sofq/jira-cli/internal/avatar/build_local.go:85.72,87.49 2 1
github.com/sofq/jira-cli/internal/avatar/build_local.go:87.49,89.3 1 0
github.com/sofq/jira-cli/internal/avatar/build_local.go:90.2,90.26 1 1
github.com/sofq/jira-cli/internal/avatar/build_local.go:94.81,99.43 4 1
github.com/sofq/jira-cli/internal/avatar/build_local.go:99.43,101.3 1 1
github.com/sofq/jira-cli/internal/avatar/build_local.go:103.2,104.37 2 1
github.com/sofq/jira-cli/internal/avatar/build_local.go:104.37,106.3 1 1
github.com/sofq/jira-cli/internal/avatar/build_local.go:108.2,119.42 2 1
github.com/sofq/jira-cli/internal/avatar/build_local.go:123.62,129.26 3 1
github.com/sofq/jira-cli/internal/avatar/build_local.go:129.26,131.3 1 1
github.com/sofq/jira-cli/internal/avatar/build_local.go:132.2,132.41 1 1
github.com/sofq/jira-cli/internal/avatar/build_local.go:132.41,134.3 1 1
github.com/sofq/jira-cli/internal/avatar/build_local.go:135.2,136.44 2 1
github.com/sofq/jira-cli/internal/avatar/build_local.go:136.44,138.3 1 1
github.com/sofq/jira-cli/internal/avatar/build_local.go:139.2,139.15 1 1
github.com/sofq/jira-cli/internal/avatar/build_local.go:143.84,147.28 3 1
github.com/sofq/jira-cli/internal/avatar/build_local.go:147.28,149.3 1 1
github.com/sofq/jira-cli/internal/avatar/build_local.go:151.2,152.30 2 1
github.com/sofq/jira-cli/internal/avatar/build_local.go:152.30,154.3 1 1
github.com/sofq/jira-cli/internal/avatar/build_local.go:156.2,157.52 2 1
github.com/sofq/jira-cli/internal/avatar/build_local.go:157.52,159.3 1 1
github.com/sofq/jira-cli/internal/avatar/build_local.go:161.2,173.43 4 1
github.com/sofq/jira-cli/internal/avatar/build_local.go:177.90,181.36 3 1
github.com/sofq/jira-cli/internal/avatar/build_local.go:181.36,183.3 1 1
github.com/sofq/jira-cli/internal/avatar/build_local.go:183.8,183.40 1 1
github.com/sofq/jira-cli/internal/avatar/build_local.go:183.40,185.3 1 1
github.com/sofq/jira-cli/internal/avatar/build_local.go:188.2,189.50 2 1
github.com/sofq/jira-cli/internal/avatar/build_local.go:189.50,191.3 1 1
github.com/sofq/jira-cli/internal/avatar/build_local.go:193.2,195.36 3 1
github.com/sofq/jira-cli/internal/avatar/build_local.go:195.36,197.24 2 1
github.com/sofq/jira-cli/internal/avatar/build_local.go:197.24,199.4 1 1
github.com/sofq/jira-cli/internal/avatar/build_local.go:202.2,203.48 2 1
github.com/sofq/jira-cli/internal/avatar/build_local.go:203.48,205.3 1 1
github.com/sofq/jira-cli/internal/avatar/build_local.go:207.2,216.46 2 1
github.com/sofq/jira-cli/internal/avatar/build_local.go:220.59,221.25 1 1
github.com/sofq/jira-cli/internal/avatar/build_local.go:221.25,223.3 1 1
github.com/sofq/jira-cli/internal/avatar/build_local.go:224.2,225.30 2 1
github.com/sofq/jira-cli/internal/avatar/build_local.go:225.30,227.22 2 1
github.com/sofq/jira-cli/internal/avatar/build_local.go:227.22,229.4 1 1
github.com/sofq/jira-cli/internal/avatar/build_local.go:231.2,231.17 1 1
github.com/sofq/jira-cli/internal/avatar/build_local.go:231.17,233.3 1 0
github.com/sofq/jira-cli/internal/avatar/build_local.go:234.2,234.10 1 1
github.com/sofq/jira-cli/internal/avatar/build_local.go:238.79,240.23 2 1
github.com/sofq/jira-cli/internal/avatar/build_local.go:240.23,242.3 1 0
github.com/sofq/jira-cli/internal/avatar/build_local.go:244.2,245.16 2 1
github.com/sofq/jira-cli/internal/avatar/build_local.go:245.16,247.3 1 0
github.com/sofq/jira-cli/internal/avatar/build_local.go:249.2,250.16 2 1
github.com/sofq/jira-cli/internal/avatar/build_local.go:250.16,252.3 1 0
github.com/sofq/jira-cli/internal/avatar/build_local.go:254.2,255.16 2 1
github.com/sofq/jira-cli/internal/avatar/build_local.go:255.16,257.3 1 0
github.com/sofq/jira-cli/internal/avatar/build_local.go:260.2,261.50 2 1
github.com/sofq/jira-cli/internal/avatar/build_local.go:261.50,267.3 1 1
github.com/sofq/jira-cli/internal/avatar/build_local.go:269.2,292.21 3 1
github.com/sofq/jira-cli/internal/avatar/extract.go:30.48,36.2 1 1
github.com/sofq/jira-cli/internal/avatar/extract.go:43.45,49.2 1 1
github.com/sofq/jira-cli/internal/avatar/extract.go:69.74,70.14 1 1
github.com/sofq/jira-cli/internal/avatar/extract.go:70.14,72.3 1 1
github.com/sofq/jira-cli/internal/avatar/extract.go:75.2,76.16 2 1
github.com/sofq/jira-cli/internal/avatar/extract.go:76.16,78.3 1 0
github.com/sofq/jira-cli/internal/avatar/extract.go:80.2,81.16 2 1
github.com/sofq/jira-cli/internal/avatar/extract.go:81.16,83.3 1 0
github.com/sofq/jira-cli/internal/avatar/extract.go:86.2,95.6 3 1
github.com/sofq/jira-cli/internal/avatar/extract.go:95.6,96.25 1 1
github.com/sofq/jira-cli/internal/avatar/extract.go:96.25,98.4 1 0
github.com/sofq/jira-cli/internal/avatar/extract.go:99.3,109.17 6 1
github.com/sofq/jira-cli/internal/avatar/extract.go:109.17,111.4 1 0
github.com/sofq/jira-cli/internal/avatar/extract.go:113.3,114.17 2 1
github.com/sofq/jira-cli/internal/avatar/extract.go:114.17,116.4 1 0
github.com/sofq/jira-cli/internal/avatar/extract.go:118.3,119.17 2 1
github.com/sofq/jira-cli/internal/avatar/extract.go:119.17,121.4 1 0
github.com/sofq/jira-cli/internal/avatar/extract.go:124.3,124.84 1 1
github.com/sofq/jira-cli/internal/avatar/extract.go:124.84,125.9 1 1
github.com/sofq/jira-cli/internal/avatar/extract.go:129.3,129.26 1 0
github.com/sofq/jira-cli/internal/avatar/extract.go:129.26,130.9 1 0
github.com/sofq/jira-cli/internal/avatar/extract.go:134.3,134.14 1 0
github.com/sofq/jira-cli/internal/avatar/extract.go:138.2,147.77 3 1
github.com/sofq/jira-cli/internal/avatar/extract.go:147.77,149.3 1 0
github.com/sofq/jira-cli/internal/avatar/extract.go:156.2,157.32 2 1
github.com/sofq/jira-cli/internal/avatar/extract.go:157.32,159.3 1 1
github.com/sofq/jira-cli/internal/avatar/extract.go:161.2,162.38 2 1
github.com/sofq/jira-cli/internal/avatar/extract.go:162.38,164.3 1 1
github.com/sofq/jira-cli/internal/avatar/extract.go:167.2,173.33 3 1
github.com/sofq/jira-cli/internal/avatar/extract.go:173.33,180.3 1 1
github.com/sofq/jira-cli/internal/avatar/extract.go:183.2,184.33 2 1
github.com/sofq/jira-cli/internal/avatar/extract.go:184.33,185.20 1 1
github.com/sofq/jira-cli/internal/avatar/extract.go:185.20,187.4 1 1
github.com/sofq/jira-cli/internal/avatar/extract.go:189.2,189.31 1 1
github.com/sofq/jira-cli/internal/avatar/extract.go:189.31,190.25 1 1
github.com/sofq/jira-cli/internal/avatar/extract.go:190.25,192.4 1 1
github.com/sofq/jira-cli/internal/avatar/extract.go:196.2,245.24 12 1
github.com/sofq/jira-cli/internal/avatar/extract.go:255.59,256.13 1 1
github.com/sofq/jira-cli/internal/avatar/extract.go:256.13,258.3 1 1
github.com/sofq/jira-cli/internal/avatar/extract.go:260.2,260.16 1 1
github.com/sofq/jira-cli/internal/avatar/extract.go:260.16,262.3 1 0
github.com/sofq/jira-cli/internal/avatar/extract.go:264.2,268.26 4 1
github.com/sofq/jira-cli/internal/avatar/extract.go:268.26,270.3 1 1
github.com/sofq/jira-cli/internal/avatar/extract.go:272.2,272.14 1 1
github.com/sofq/jira-cli/internal/avatar/extract.go:273.11,274.52 1 1
github.com/sofq/jira-cli/internal/avatar/extract.go:275.11,276.53 1 1
github.com/sofq/jira-cli/internal/avatar/extract.go:277.10,278.98 1 1
github.com/sofq/jira-cli/internal/avatar/fetch.go:22.72,23.20 1 1
github.com/sofq/jira-cli/internal/avatar/fetch.go:23.20,25.20 2 1
github.com/sofq/jira-cli/internal/avatar/fetch.go:25.20,27.4 1 0
github.com/sofq/jira-cli/internal/avatar/fetch.go:28.3,29.53 2 1
github.com/sofq/jira-cli/internal/avatar/fetch.go:29.53,31.4 1 0
github.com/sofq/jira-cli/internal/avatar/fetch.go:32.3,32.20 1 1
github.com/sofq/jira-cli/internal/avatar/fetch.go:35.2,37.19 3 1
github.com/sofq/jira-cli/internal/avatar/fetch.go:37.19,39.3 1 0
github.com/sofq/jira-cli/internal/avatar/fetch.go:40.2,41.53 2 1
github.com/sofq/jira-cli/internal/avatar/fetch.go:41.53,43.3 1 0
github.com/sofq/jira-cli/internal/avatar/fetch.go:44.2,44.21 1 1
github.com/sofq/jira-cli/internal/avatar/fetch.go:44.21,46.3 1 1
github.com/sofq/jira-cli/internal/avatar/fetch.go:47.2,47.23 1 1
github.com/sofq/jira-cli/internal/avatar/fetch.go:52.39,56.2 3 1
github.com/sofq/jira-cli/internal/avatar/fetch.go:60.92,70.19 5 1
github.com/sofq/jira-cli/internal/avatar/fetch.go:70.19,72.3 1 0
github.com/sofq/jira-cli/internal/avatar/fetch.go:75.2,91.58 2 1
github.com/sofq/jira-cli/internal/avatar/fetch.go:91.58,93.3 1 0
github.com/sofq/jira-cli/internal/avatar/fetch.go:95.2,96.42 2 1
github.com/sofq/jira-cli/internal/avatar/fetch.go:96.42,97.51 1 1
github.com/sofq/jira-cli/internal/avatar/fetch.go:97.51,98.39 1 1
github.com/sofq/jira-cli/internal/avatar/fetch.go:98.39,99.13 1 1
github.com/sofq/jira-cli/internal/avatar/fetch.go:101.4,107.6 2 1
github.com/sofq/jira-cli/internal/avatar/fetch.go:110.2,110.21 1 1
github.com/sofq/jira-cli/internal/avatar/fetch.go:114.92,123.19 5 1
github.com/sofq/jira-cli/internal/avatar/fetch.go:123.19,125.3 1 0
github.com/sofq/jira-cli/internal/avatar/fetch.go:127.2,139.58 2 1
github.com/sofq/jira-cli/internal/avatar/fetch.go:139.58,141.3 1 0
github.com/sofq/jira-cli/internal/avatar/fetch.go:143.2,144.42 2 1
github.com/sofq/jira-cli/internal/avatar/fetch.go:144.42,152.3 2 1
github.com/sofq/jira-cli/internal/avatar/fetch.go:153.2,153.21 1 1
github.com/sofq/jira-cli/internal/avatar/fetch.go:158.97,169.19 5 1
github.com/sofq/jira-cli/internal/avatar/fetch.go:169.19,171.3 1 0
github.com/sofq/jira-cli/internal/avatar/fetch.go:173.2,191.58 2 1
github.com/sofq/jira-cli/internal/avatar/fetch.go:191.58,193.3 1 0
github.com/sofq/jira-cli/internal/avatar/fetch.go:195.2,196.42 2 1
github.com/sofq/jira-cli/internal/avatar/fetch.go:196.42,197.53 1 1
github.com/sofq/jira-cli/internal/avatar/fetch.go:197.53,198.45 1 1
github.com/sofq/jira-cli/internal/avatar/fetch.go:198.45,199.13 1 0
github.com/sofq/jira-cli/internal/avatar/fetch.go:201.4,201.39 1 1
github.com/sofq/jira-cli/internal/avatar/fetch.go:201.39,210.5 1 1
github.com/sofq/jira-cli/internal/avatar/fetch.go:213.2,213.21 1 1
github.com/sofq/jira-cli/internal/avatar/fetch.go:219.53,220.44 1 1
github.com/sofq/jira-cli/internal/avatar/fetch.go:220.44,222.3 1 1
github.com/sofq/jira-cli/internal/avatar/fetch.go:224.2,228.50 2 1
github.com/sofq/jira-cli/internal/avatar/fetch.go:228.50,230.3 1 1
github.com/sofq/jira-cli/internal/avatar/fetch.go:232.2,233.36 2 1
github.com/sofq/jira-cli/internal/avatar/fetch.go:233.36,235.17 2 1
github.com/sofq/jira-cli/internal/avatar/fetch.go:235.17,237.4 1 1
github.com/sofq/jira-cli/internal/avatar/fetch.go:239.2,239.26 1 1
github.com/sofq/jira-cli/internal/avatar/fetch.go:239.26,241.3 1 0
github.com/sofq/jira-cli/internal/avatar/fetch.go:242.2,242.39 1 1
github.com/sofq/jira-cli/internal/avatar/fetch.go:246.50,252.51 2 1
github.com/sofq/jira-cli/internal/avatar/fetch.go:252.51,254.3 1 0
github.com/sofq/jira-cli/internal/avatar/fetch.go:255.2,255.25 1 1
github.com/sofq/jira-cli/internal/avatar/fetch.go:255.25,257.3 1 1
github.com/sofq/jira-cli/internal/avatar/fetch.go:258.2,259.37 2 1
github.com/sofq/jira-cli/internal/avatar/fetch.go:259.37,260.43 1 1
github.com/sofq/jira-cli/internal/avatar/fetch.go:260.43,262.4 1 1
github.com/sofq/jira-cli/internal/avatar/fetch.go:264.2,264.32 1 1
github.com/sofq/jira-cli/internal/avatar/fetch.go:268.38,271.2 2 1
github.com/sofq/jira-cli/internal/avatar/prompt.go:23.58,25.18 2 1
github.com/sofq/jira-cli/internal/avatar/prompt.go:25.18,27.3 1 0
github.com/sofq/jira-cli/internal/avatar/prompt.go:29.2,29.16 1 1
github.com/sofq/jira-cli/internal/avatar/prompt.go:30.14,32.45 2 1
github.com/sofq/jira-cli/internal/avatar/prompt.go:33.14,37.44 4 1
github.com/sofq/jira-cli/internal/avatar/prompt.go:38.10,39.65 1 1
github.com/sofq/jira-cli/internal/avatar/prompt.go:45.59,46.24 1 1
github.com/sofq/jira-cli/internal/avatar/prompt.go:46.24,48.3 1 1
github.com/sofq/jira-cli/internal/avatar/prompt.go:49.2,49.29 1 1
github.com/sofq/jira-cli/internal/avatar/prompt.go:49.29,50.16 1 1
github.com/sofq/jira-cli/internal/avatar/prompt.go:50.16,52.4 1 1
github.com/sofq/jira-cli/internal/avatar/prompt.go:54.2,54.14 1 1
github.com/sofq/jira-cli/internal/avatar/prompt.go:58.56,63.72 3 1
github.com/sofq/jira-cli/internal/avatar/prompt.go:63.72,65.3 1 1
github.com/sofq/jira-cli/internal/avatar/prompt.go:66.2,66.74 1 1
github.com/sofq/jira-cli/internal/avatar/prompt.go:66.74,68.3 1 1
github.com/sofq/jira-cli/internal/avatar/prompt.go:69.2,69.80 1 1
github.com/sofq/jira-cli/internal/avatar/prompt.go:69.80,71.3 1 1
github.com/sofq/jira-cli/internal/avatar/prompt.go:73.2,73.26 1 1
github.com/sofq/jira-cli/internal/avatar/prompt.go:73.26,75.33 2 1
github.com/sofq/jira-cli/internal/avatar/prompt.go:75.33,77.4 1 1
github.com/sofq/jira-cli/internal/avatar/prompt.go:80.2,80.25 1 1
github.com/sofq/jira-cli/internal/avatar/prompt.go:80.25,82.33 2 1
github.com/sofq/jira-cli/internal/avatar/prompt.go:82.33,84.4 1 1
github.com/sofq/jira-cli/internal/avatar/prompt.go:87.2,87.55 1 1
github.com/sofq/jira-cli/internal/avatar/prompt.go:92.48,93.13 1 1
github.com/sofq/jira-cli/internal/avatar/prompt.go:93.13,95.3 1 1
github.com/sofq/jira-cli/internal/avatar/prompt.go:96.2,98.10 3 1
github.com/sofq/jira-cli/internal/avatar/select_examples.go:10.42,17.41 2 1
github.com/sofq/jira-cli/internal/avatar/select_examples.go:17.41,19.3 1 1
github.com/sofq/jira-cli/internal/avatar/select_examples.go:22.2,26.37 1 1
github.com/sofq/jira-cli/internal/avatar/select_examples.go:26.37,28.3 1 1
github.com/sofq/jira-cli/internal/avatar/select_examples.go:31.2,32.37 2 1
github.com/sofq/jira-cli/internal/avatar/select_examples.go:32.37,34.3 1 1
github.com/sofq/jira-cli/internal/avatar/select_examples.go:35.2,37.45 3 1
github.com/sofq/jira-cli/internal/avatar/select_examples.go:37.45,39.60 1 0
github.com/sofq/jira-cli/internal/avatar/select_examples.go:39.60,41.4 1 0
github.com/sofq/jira-cli/internal/avatar/select_examples.go:44.2,44.24 1 1
github.com/sofq/jira-cli/internal/avatar/select_examples.go:48.42,49.21 1 1
github.com/sofq/jira-cli/internal/avatar/select_examples.go:49.21,51.3 1 0
github.com/sofq/jira-cli/internal/avatar/select_examples.go:52.2,53.26 2 1
github.com/sofq/jira-cli/internal/avatar/select_examples.go:53.26,55.3 1 1
github.com/sofq/jira-cli/internal/avatar/select_examples.go:56.2,58.35 3 1
github.com/sofq/jira-cli/internal/avatar/select_examples.go:58.35,60.3 1 1
github.com/sofq/jira-cli/internal/avatar/select_examples.go:61.2,61.20 1 1
github.com/sofq/jira-cli/internal/avatar/select_examples.go:65.24,66.11 1 1
github.com/sofq/jira-cli/internal/avatar/select_examples.go:66.11,68.3 1 1
github.com/sofq/jira-cli/internal/avatar/select_examples.go:69.2,69.10 1 1
github.com/sofq/jira-cli/internal/avatar/select_examples.go:76.85,77.24 1 1
github.com/sofq/jira-cli/internal/avatar/select_examples.go:77.24,79.3 1 1
github.com/sofq/jira-cli/internal/avatar/select_examples.go:82.2,83.29 2 1
github.com/sofq/jira-cli/internal/avatar/select_examples.go:83.29,86.3 2 1
github.com/sofq/jira-cli/internal/avatar/select_examples.go:89.2,96.31 3 1
github.com/sofq/jira-cli/internal/avatar/select_examples.go:96.31,98.25 2 1
github.com/sofq/jira-cli/internal/avatar/select_examples.go:98.25,100.4 1 1
github.com/sofq/jira-cli/internal/avatar/select_examples.go:101.3,105.29 4 1
github.com/sofq/jira-cli/internal/avatar/select_examples.go:105.29,107.20 2 1
github.com/sofq/jira-cli/internal/avatar/select_examples.go:107.20,110.5 2 1
github.com/sofq/jira-cli/internal/avatar/select_examples.go:113.3,117.5 1 1
github.com/sofq/jira-cli/internal/avatar/select_examples.go:121.2,121.42 1 1
github.com/sofq/jira-cli/internal/avatar/select_examples.go:121.42,122.51 1 1
github.com/sofq/jira-cli/internal/avatar/select_examples.go:122.51,124.4 1 1
github.com/sofq/jira-cli/internal/avatar/select_examples.go:125.3,125.49 1 1
github.com/sofq/jira-cli/internal/avatar/select_examples.go:129.2,130.28 2 1
github.com/sofq/jira-cli/internal/avatar/select_examples.go:130.28,131.33 1 1
github.com/sofq/jira-cli/internal/avatar/select_examples.go:131.33,132.9 1 0
github.com/sofq/jira-cli/internal/avatar/select_examples.go:134.3,140.5 2 1
github.com/sofq/jira-cli/internal/avatar/select_examples.go:143.2,143.15 1 1
github.com/sofq/jira-cli/internal/avatar/select_examples.go:149.99,150.28 1 1
github.com/sofq/jira-cli/internal/avatar/select_examples.go:150.28,152.3 1 0
github.com/sofq/jira-cli/internal/avatar/select_examples.go:155.2,156.33 2 1
github.com/sofq/jira-cli/internal/avatar/select_examples.go:156.33,158.3 1 1
github.com/sofq/jira-cli/internal/avatar/select_examples.go:160.2,167.31 3 1
github.com/sofq/jira-cli/internal/avatar/select_examples.go:167.31,169.25 2 1
github.com/sofq/jira-cli/internal/avatar/select_examples.go:169.25,171.4 1 1
github.com/sofq/jira-cli/internal/avatar/select_examples.go:172.3,176.29 4 1
github.com/sofq/jira-cli/internal/avatar/select_examples.go:176.29,178.23 2 1
github.com/sofq/jira-cli/internal/avatar/select_examples.go:178.23,181.5 2 1
github.com/sofq/jira-cli/internal/avatar/select_examples.go:184.3,188.5 1 1
github.com/sofq/jira-cli/internal/avatar/select_examples.go:192.2,192.42 1 1
github.com/sofq/jira-cli/internal/avatar/select_examples.go:192.42,193.51 1 1
github.com/sofq/jira-cli/internal/avatar/select_examples.go:193.51,195.4 1 1
github.com/sofq/jira-cli/internal/avatar/select_examples.go:196.3,196.53 1 1
github.com/sofq/jira-cli/internal/avatar/select_examples.go:199.2,200.28 2 1
github.com/sofq/jira-cli/internal/avatar/select_examples.go:200.28,201.33 1 1
github.com/sofq/jira-cli/internal/avatar/select_examples.go:201.33,202.9 1 0
github.com/sofq/jira-cli/internal/avatar/select_examples.go:204.3,209.5 2 1
github.com/sofq/jira-cli/internal/avatar/select_examples.go:212.2,212.15 1 1
github.com/sofq/jira-cli/internal/avatar/storage.go:22.36,24.16 2 1
github.com/sofq/jira-cli/internal/avatar/storage.go:24.16,27.3 2 0
github.com/sofq/jira-cli/internal/avatar/storage.go:28.2,28.44 1 1
github.com/sofq/jira-cli/internal/avatar/storage.go:32.40,34.2 1 1
github.com/sofq/jira-cli/internal/avatar/storage.go:37.40,40.2 2 1
github.com/sofq/jira-cli/internal/avatar/storage.go:43.54,45.16 2 1
github.com/sofq/jira-cli/internal/avatar/storage.go:45.16,47.3 1 0
github.com/sofq/jira-cli/internal/avatar/storage.go:48.2,49.56 2 1
github.com/sofq/jira-cli/internal/avatar/storage.go:49.56,51.3 1 0
github.com/sofq/jira-cli/internal/avatar/storage.go:52.2,52.12 1 1
github.com/sofq/jira-cli/internal/avatar/storage.go:56.54,59.16 3 1
github.com/sofq/jira-cli/internal/avatar/storage.go:59.16,61.3 1 1
github.com/sofq/jira-cli/internal/avatar/storage.go:62.2,63.49 2 1
github.com/sofq/jira-cli/internal/avatar/storage.go:63.49,65.3 1 0
github.com/sofq/jira-cli/internal/avatar/storage.go:66.2,66.16 1 1
github.com/sofq/jira-cli/internal/avatar/storage.go:70.48,72.16 2 1
github.com/sofq/jira-cli/internal/avatar/storage.go:72.16,74.3 1 0
github.com/sofq/jira-cli/internal/avatar/storage.go:75.2,76.56 2 1
github.com/sofq/jira-cli/internal/avatar/storage.go:76.56,78.3 1 0
github.com/sofq/jira-cli/internal/avatar/storage.go:79.2,79.12 1 1
github.com/sofq/jira-cli/internal/avatar/storage.go:83.48,86.16 3 1
github.com/sofq/jira-cli/internal/avatar/storage.go:86.16,88.3 1 0
github.com/sofq/jira-cli/internal/avatar/storage.go:89.2,90.49 2 1
github.com/sofq/jira-cli/internal/avatar/storage.go:90.49,92.3 1 0
github.com/sofq/jira-cli/internal/avatar/storage.go:93.2,93.16 1 1
github.com/sofq/jira-cli/internal/avatar/storage.go:97.37,100.2 2 1
github.com/sofq/jira-cli/internal/avatar/storage.go:103.40,106.2 2 1
github.com/sofq/jira-cli/internal/avatar/storage.go:109.46,111.16 2 1
github.com/sofq/jira-cli/internal/avatar/storage.go:111.16,113.3 1 0
github.com/sofq/jira-cli/internal/avatar/storage.go:114.2,115.16 2 1
github.com/sofq/jira-cli/internal/avatar/storage.go:115.16,117.3 1 0
github.com/sofq/jira-cli/internal/avatar/storage.go:118.2,119.17 2 1
github.com/sofq/jira-cli/internal/avatar/storage.go:123.40,125.2 1 1
github.com/sofq/jira-cli/main.go:9.13,12.2 2 0
